<?xml version="1.0" encoding="UTF-8"?>
<testsuite xmlns:xsi="http://www.w3.org/2001/XMLSchema-instance" xsi:noNamespaceSchemaLocation="https://maven.apache.org/surefire/maven-surefire-plugin/xsd/surefire-test-report-3.0.xsd" version="3.0" name="examples.TestLoyalty" time="45.423" tests="1" errors="0" skipped="0" failures="0">
  <properties>
[...]
</properties>
  <testcase name="testParallel" classname="examples.TestLoyalty" time="45.211">
    <system-out><![CDATA[09:30:19.430 [main] DEBUG com.intuit.karate.Suite - [config] classpath:karate-config.js
09:30:19.464 [main] DEBUG com.intuit.karate.Suite - waiting for 15 features to complete
09:30:23.633 [pool-2-thread-4] INFO  com.intuit.karate - karate.env: dev 
09:30:23.633 [pool-2-thread-5] INFO  com.intuit.karate - karate.env: dev 
09:30:23.633 [pool-2-thread-1] INFO  com.intuit.karate - karate.env: dev 
09:30:23.633 [pool-2-thread-2] INFO  com.intuit.karate - karate.env: dev 
09:30:23.633 [pool-2-thread-3] INFO  com.intuit.karate - karate.env: dev 
09:30:24.877 [pool-2-thread-1] DEBUG com.intuit.karate - request:
1 > POST http://localhost:8081/api/v1/auth/login
1 > Content-Type: application/json; charset=UTF-8
1 > Content-Length: 42
1 > Host: localhost:8081
1 > Connection: Keep-Alive
1 > User-Agent: Apache-HttpClient/4.5.14 (Java/21.0.9)
1 > Accept-Encoding: gzip,deflate
{"username":"admin","password":"admin123"}

09:30:24.877 [pool-2-thread-5] DEBUG com.intuit.karate - request:
1 > POST http://localhost:8081/api/v1/auth/login
1 > Content-Type: application/json; charset=UTF-8
1 > Content-Length: 42
1 > Host: localhost:8081
1 > Connection: Keep-Alive
1 > User-Agent: Apache-HttpClient/4.5.14 (Java/21.0.9)
1 > Accept-Encoding: gzip,deflate
{"username":"admin","password":"admin123"}

09:30:24.877 [pool-2-thread-3] DEBUG com.intuit.karate - request:
1 > POST http://localhost:8081/api/v1/auth/login
1 > Content-Type: application/json; charset=UTF-8
1 > Content-Length: 37
1 > Host: localhost:8081
1 > Connection: Keep-Alive
1 > User-Agent: Apache-HttpClient/4.5.14 (Java/21.0.9)
1 > Accept-Encoding: gzip,deflate
{"username":"","password":"admin123"}

09:30:24.877 [pool-2-thread-4] DEBUG com.intuit.karate - request:
1 > POST http://localhost:8081/api/v1/auth/login
1 > Content-Type: application/json; charset=UTF-8
1 > Content-Length: 29
1 > Host: localhost:8081
1 > Connection: Keep-Alive
1 > User-Agent: Apache-HttpClient/4.5.14 (Java/21.0.9)
1 > Accept-Encoding: gzip,deflate
{"username":"","password":""}

09:30:24.877 [pool-2-thread-2] DEBUG com.intuit.karate - request:
1 > POST http://localhost:8081/api/v1/auth/login
1 > Content-Type: application/json; charset=UTF-8
1 > Content-Length: 43
1 > Host: localhost:8081
1 > Connection: Keep-Alive
1 > User-Agent: Apache-HttpClient/4.5.14 (Java/21.0.9)
1 > Accept-Encoding: gzip,deflate
{"username":"admin","password":"wrongPass"}

09:30:45.049 [pool-2-thread-4] DEBUG com.intuit.karate - response time in milliseconds: 20162
1 < 400
1 < Vary: Origin
1 < Vary: Access-Control-Request-Method
1 < Vary: Access-Control-Request-Headers
1 < X-Correlation-Id: 056271c5-7b2e-4d4d-9a7d-69d5c3bb3821
1 < X-Content-Type-Options: nosniff
1 < X-XSS-Protection: 0
1 < Cache-Control: no-cache, no-store, max-age=0, must-revalidate
1 < Pragma: no-cache
1 < Expires: 0
1 < X-Frame-Options: DENY
1 < Content-Type: application/json
1 < Transfer-Encoding: chunked
1 < Date: Thu, 09 Apr 2026 12:30:45 GMT
1 < Connection: close
{"timestamp":"2026-04-09T12:30:45.016245665Z","status":400,"error":"Bad Request","code":"VALIDATION_ERROR","message":"Validation failed: password: password es obligatorio, username: username es obligatorio","path":"/api/v1/auth/login"}

09:30:45.049 [pool-2-thread-3] DEBUG com.intuit.karate - response time in milliseconds: 20162
1 < 400
1 < Vary: Origin
1 < Vary: Access-Control-Request-Method
1 < Vary: Access-Control-Request-Headers
1 < X-Correlation-Id: 8f21700c-35ec-466a-8f0e-9c437b0458ee
1 < X-Content-Type-Options: nosniff
1 < X-XSS-Protection: 0
1 < Cache-Control: no-cache, no-store, max-age=0, must-revalidate
1 < Pragma: no-cache
1 < Expires: 0
1 < X-Frame-Options: DENY
1 < Content-Type: application/json
1 < Transfer-Encoding: chunked
1 < Date: Thu, 09 Apr 2026 12:30:45 GMT
1 < Connection: close
{"timestamp":"2026-04-09T12:30:45.021697197Z","status":400,"error":"Bad Request","code":"VALIDATION_ERROR","message":"Validation failed: username: username es obligatorio","path":"/api/v1/auth/login"}

09:30:45.171 [pool-2-thread-1] DEBUG com.intuit.karate - response time in milliseconds: 20289
1 < 200
1 < Vary: Origin
1 < Vary: Access-Control-Request-Method
1 < Vary: Access-Control-Request-Headers
1 < X-Correlation-Id: d9ea6214-a181-4b6f-8f45-05ec54335069
1 < X-Content-Type-Options: nosniff
1 < X-XSS-Protection: 0
1 < Cache-Control: no-cache, no-store, max-age=0, must-revalidate
1 < Pragma: no-cache
1 < Expires: 0
1 < X-Frame-Options: DENY
1 < Content-Type: application/json
1 < Transfer-Encoding: chunked
1 < Date: Thu, 09 Apr 2026 12:30:45 GMT
1 < Keep-Alive: timeout=60
1 < Connection: keep-alive
{"token":"eyJhbGciOiJIUzM4NCJ9.eyJzdWIiOiJhZG1pbiIsInVzZXJJZCI6ImE5MzU3ODczLTdlNjMtNDUzYy1hNzVmLTJiNzQzZTlhNzdiZiIsInJvbGUiOiJTVVBFUl9BRE1JTiIsImlhdCI6MTc3NTczNzg0NSwiZXhwIjoxNzc1ODI0MjQ1fQ.R_jSpvnv77TIDsluXsZ3auPX257uNl0UTCo676XQtqve0PaP0U9D_mIjcV7SnRpM","tipo":"Bearer","username":"admin","role":"SUPER_ADMIN"}

09:30:45.175 [pool-2-thread-2] DEBUG com.intuit.karate - response time in milliseconds: 20292
1 < 401
1 < Vary: Origin
1 < Vary: Access-Control-Request-Method
1 < Vary: Access-Control-Request-Headers
1 < X-Correlation-Id: b160c038-18ae-4a95-9008-325a69c9667e
1 < X-Content-Type-Options: nosniff
1 < X-XSS-Protection: 0
1 < Cache-Control: no-cache, no-store, max-age=0, must-revalidate
1 < Pragma: no-cache
1 < Expires: 0
1 < X-Frame-Options: DENY
1 < Content-Type: application/json
1 < Transfer-Encoding: chunked
1 < Date: Thu, 09 Apr 2026 12:30:45 GMT
1 < Keep-Alive: timeout=60
1 < Connection: keep-alive
{"timestamp":"2026-04-09T12:30:45.163974060Z","status":401,"error":"Unauthorized","code":"UNAUTHORIZED","message":"Credenciales inválidas","path":"/api/v1/auth/login"}

09:30:45.177 [pool-2-thread-5] DEBUG com.intuit.karate - response time in milliseconds: 20294
1 < 200
1 < Vary: Origin
1 < Vary: Access-Control-Request-Method
1 < Vary: Access-Control-Request-Headers
1 < X-Correlation-Id: 20a359a9-0bdb-4f48-beb6-d92263fc29b0
1 < X-Content-Type-Options: nosniff
1 < X-XSS-Protection: 0
1 < Cache-Control: no-cache, no-store, max-age=0, must-revalidate
1 < Pragma: no-cache
1 < Expires: 0
1 < X-Frame-Options: DENY
1 < Content-Type: application/json
1 < Transfer-Encoding: chunked
1 < Date: Thu, 09 Apr 2026 12:30:45 GMT
1 < Keep-Alive: timeout=60
1 < Connection: keep-alive
{"token":"eyJhbGciOiJIUzM4NCJ9.eyJzdWIiOiJhZG1pbiIsInVzZXJJZCI6ImE5MzU3ODczLTdlNjMtNDUzYy1hNzVmLTJiNzQzZTlhNzdiZiIsInJvbGUiOiJTVVBFUl9BRE1JTiIsImlhdCI6MTc3NTczNzg0NSwiZXhwIjoxNzc1ODI0MjQ1fQ.R_jSpvnv77TIDsluXsZ3auPX257uNl0UTCo676XQtqve0PaP0U9D_mIjcV7SnRpM","tipo":"Bearer","username":"admin","role":"SUPER_ADMIN"}

09:30:45.216 [pool-2-thread-1] INFO  com.intuit.karate - karate.env: dev 
09:30:45.216 [pool-2-thread-3] INFO  com.intuit.karate - karate.env: dev 
09:30:45.225 [pool-2-thread-2] INFO  com.intuit.karate - karate.env: dev 
09:30:45.228 [pool-2-thread-4] INFO  com.intuit.karate - karate.env: dev 
09:30:45.237 [pool-2-thread-1] INFO  com.intuit.karate - >> lock acquired, begin callonce: read('classpath:common/login.feature') adminCredentials
09:30:45.259 [pool-2-thread-1] DEBUG com.intuit.karate - request:
1 > POST http://localhost:8081/api/v1/auth/login
1 > Content-Type: application/json; charset=UTF-8
1 > Content-Length: 42
1 > Host: localhost:8081
1 > Connection: Keep-Alive
1 > User-Agent: Apache-HttpClient/4.5.14 (Java/21.0.9)
1 > Accept-Encoding: gzip,deflate
{"username":"admin","password":"admin123"}

09:30:45.285 [pool-2-thread-5] DEBUG com.intuit.karate - request:
1 > POST http://localhost:8081/api/v1/auth/logout
1 > Authorization: Bearer eyJhbGciOiJIUzM4NCJ9.eyJzdWIiOiJhZG1pbiIsInVzZXJJZCI6ImE5MzU3ODczLTdlNjMtNDUzYy1hNzVmLTJiNzQzZTlhNzdiZiIsInJvbGUiOiJTVVBFUl9BRE1JTiIsImlhdCI6MTc3NTczNzg0NSwiZXhwIjoxNzc1ODI0MjQ1fQ.R_jSpvnv77TIDsluXsZ3auPX257uNl0UTCo676XQtqve0PaP0U9D_mIjcV7SnRpM
1 > Host: localhost:8081
1 > Connection: Keep-Alive
1 > User-Agent: Apache-HttpClient/4.5.14 (Java/21.0.9)
1 > Accept-Encoding: gzip,deflate


09:30:45.312 [pool-2-thread-5] DEBUG com.intuit.karate - response time in milliseconds: 24
1 < 204
1 < Vary: Origin
1 < Vary: Access-Control-Request-Method
1 < Vary: Access-Control-Request-Headers
1 < X-Correlation-Id: 67320d9a-d1f6-47ff-b3b1-c1dadad22f74
1 < X-Content-Type-Options: nosniff
1 < X-XSS-Protection: 0
1 < Cache-Control: no-cache, no-store, max-age=0, must-revalidate
1 < Pragma: no-cache
1 < Expires: 0
1 < X-Frame-Options: DENY
1 < Date: Thu, 09 Apr 2026 12:30:45 GMT
1 < Keep-Alive: timeout=60
1 < Connection: keep-alive


09:30:45.331 [pool-2-thread-5] INFO  com.intuit.karate - karate.env: dev 
09:30:45.348 [pool-2-thread-5] INFO  com.intuit.karate - >> lock acquired, begin callonce: read('classpath:common/common-utils.feature')
09:30:45.450 [pool-2-thread-5] INFO  com.intuit.karate - << lock released, cached callonce: read('classpath:common/common-utils.feature')
09:30:45.456 [pool-2-thread-5] INFO  com.intuit.karate - >> lock acquired, begin callonce: read('classpath:common/login.feature') adminCredentials
09:30:45.471 [pool-2-thread-5] DEBUG com.intuit.karate - request:
1 > POST http://localhost:8081/api/v1/auth/login
1 > Content-Type: application/json; charset=UTF-8
1 > Content-Length: 42
1 > Host: localhost:8081
1 > Connection: Keep-Alive
1 > User-Agent: Apache-HttpClient/4.5.14 (Java/21.0.9)
1 > Accept-Encoding: gzip,deflate
{"username":"admin","password":"admin123"}

09:30:45.574 [pool-2-thread-1] DEBUG com.intuit.karate - response time in milliseconds: 311
1 < 200
1 < Vary: Origin
1 < Vary: Access-Control-Request-Method
1 < Vary: Access-Control-Request-Headers
1 < X-Correlation-Id: 2259c184-22de-483a-a04a-7ee7f8fd73f1
1 < X-Content-Type-Options: nosniff
1 < X-XSS-Protection: 0
1 < Cache-Control: no-cache, no-store, max-age=0, must-revalidate
1 < Pragma: no-cache
1 < Expires: 0
1 < X-Frame-Options: DENY
1 < Content-Type: application/json
1 < Transfer-Encoding: chunked
1 < Date: Thu, 09 Apr 2026 12:30:45 GMT
1 < Keep-Alive: timeout=60
1 < Connection: keep-alive
{"token":"eyJhbGciOiJIUzM4NCJ9.eyJzdWIiOiJhZG1pbiIsInVzZXJJZCI6ImE5MzU3ODczLTdlNjMtNDUzYy1hNzVmLTJiNzQzZTlhNzdiZiIsInJvbGUiOiJTVVBFUl9BRE1JTiIsImlhdCI6MTc3NTczNzg0NSwiZXhwIjoxNzc1ODI0MjQ1fQ.R_jSpvnv77TIDsluXsZ3auPX257uNl0UTCo676XQtqve0PaP0U9D_mIjcV7SnRpM","tipo":"Bearer","username":"admin","role":"SUPER_ADMIN"}

09:30:45.581 [pool-2-thread-1] INFO  com.intuit.karate - << lock released, cached callonce: read('classpath:common/login.feature') adminCredentials
09:30:45.581 [pool-2-thread-4] WARN  com.intuit.karate - this thread waited 333 milliseconds for callonce lock: read('classpath:common/login.feature') adminCredentials
09:30:45.582 [pool-2-thread-3] WARN  com.intuit.karate - this thread waited 338 milliseconds for callonce lock: read('classpath:common/login.feature') adminCredentials
09:30:45.583 [pool-2-thread-2] WARN  com.intuit.karate - this thread waited 339 milliseconds for callonce lock: read('classpath:common/login.feature') adminCredentials
09:30:45.596 [pool-2-thread-4] DEBUG com.intuit.karate - request:
1 > POST http://localhost:8081/api/v1/discount-config
1 > Authorization: Bearer eyJhbGciOiJIUzM4NCJ9.eyJzdWIiOiJhZG1pbiIsInVzZXJJZCI6ImE5MzU3ODczLTdlNjMtNDUzYy1hNzVmLTJiNzQzZTlhNzdiZiIsInJvbGUiOiJTVVBFUl9BRE1JTiIsImlhdCI6MTc3NTczNzg0NSwiZXhwIjoxNzc1ODI0MjQ1fQ.R_jSpvnv77TIDsluXsZ3auPX257uNl0UTCo676XQtqve0PaP0U9D_mIjcV7SnRpM
1 > Content-Type: application/json; charset=UTF-8
1 > Content-Length: 141
1 > Host: localhost:8081
1 > Connection: Keep-Alive
1 > User-Agent: Apache-HttpClient/4.5.14 (Java/21.0.9)
1 > Accept-Encoding: gzip,deflate
{"ecommerceId":"550e8400-e29b-41d4-a716-446655440001","maxDiscountCap":20,"currencyCode":"USD","allowStacking":true,"roundingRule":"HALF_UP"}

09:30:45.596 [pool-2-thread-1] DEBUG com.intuit.karate - request:
1 > POST http://localhost:8081/api/v1/discount-config
1 > Authorization: Bearer eyJhbGciOiJIUzM4NCJ9.eyJzdWIiOiJhZG1pbiIsInVzZXJJZCI6ImE5MzU3ODczLTdlNjMtNDUzYy1hNzVmLTJiNzQzZTlhNzdiZiIsInJvbGUiOiJTVVBFUl9BRE1JTiIsImlhdCI6MTc3NTczNzg0NSwiZXhwIjoxNzc1ODI0MjQ1fQ.R_jSpvnv77TIDsluXsZ3auPX257uNl0UTCo676XQtqve0PaP0U9D_mIjcV7SnRpM
1 > Content-Type: application/json; charset=UTF-8
1 > Content-Length: 141
1 > Host: localhost:8081
1 > Connection: Keep-Alive
1 > User-Agent: Apache-HttpClient/4.5.14 (Java/21.0.9)
1 > Accept-Encoding: gzip,deflate
{"ecommerceId":"550e8400-e29b-41d4-a716-446655440000","maxDiscountCap":-5,"currencyCode":"USD","allowStacking":true,"roundingRule":"HALF_UP"}

09:30:45.596 [pool-2-thread-2] DEBUG com.intuit.karate - request:
1 > POST http://localhost:8081/api/v1/discount-config
1 > Authorization: Bearer eyJhbGciOiJIUzM4NCJ9.eyJzdWIiOiJhZG1pbiIsInVzZXJJZCI6ImE5MzU3ODczLTdlNjMtNDUzYy1hNzVmLTJiNzQzZTlhNzdiZiIsInJvbGUiOiJTVVBFUl9BRE1JTiIsImlhdCI6MTc3NTczNzg0NSwiZXhwIjoxNzc1ODI0MjQ1fQ.R_jSpvnv77TIDsluXsZ3auPX257uNl0UTCo676XQtqve0PaP0U9D_mIjcV7SnRpM
1 > Content-Type: application/json; charset=UTF-8
1 > Content-Length: 140
1 > Host: localhost:8081
1 > Connection: Keep-Alive
1 > User-Agent: Apache-HttpClient/4.5.14 (Java/21.0.9)
1 > Accept-Encoding: gzip,deflate
{"ecommerceId":"550e8400-e29b-41d4-a716-446655440000","maxDiscountCap":0,"currencyCode":"USD","allowStacking":true,"roundingRule":"HALF_UP"}

09:30:45.599 [pool-2-thread-3] DEBUG com.intuit.karate - request:
1 > POST http://localhost:8081/api/v1/discount-config
1 > Authorization: Bearer eyJhbGciOiJIUzM4NCJ9.eyJzdWIiOiJhZG1pbiIsInVzZXJJZCI6ImE5MzU3ODczLTdlNjMtNDUzYy1hNzVmLTJiNzQzZTlhNzdiZiIsInJvbGUiOiJTVVBFUl9BRE1JTiIsImlhdCI6MTc3NTczNzg0NSwiZXhwIjoxNzc1ODI0MjQ1fQ.R_jSpvnv77TIDsluXsZ3auPX257uNl0UTCo676XQtqve0PaP0U9D_mIjcV7SnRpM
1 > Content-Type: application/json; charset=UTF-8
1 > Content-Length: 124
1 > Host: localhost:8081
1 > Connection: Keep-Alive
1 > User-Agent: Apache-HttpClient/4.5.14 (Java/21.0.9)
1 > Accept-Encoding: gzip,deflate
{"ecommerceId":"invalid-uuid-format","maxDiscountCap":20,"currencyCode":"USD","allowStacking":true,"roundingRule":"HALF_UP"}

09:30:45.652 [pool-2-thread-1] DEBUG com.intuit.karate - response time in milliseconds: 55
1 < 400
1 < Vary: Origin
1 < Vary: Access-Control-Request-Method
1 < Vary: Access-Control-Request-Headers
1 < X-Correlation-Id: 49192657-4a33-4bab-b0d6-8770e1040c05
1 < X-Content-Type-Options: nosniff
1 < X-XSS-Protection: 0
1 < Cache-Control: no-cache, no-store, max-age=0, must-revalidate
1 < Pragma: no-cache
1 < Expires: 0
1 < X-Frame-Options: DENY
1 < Content-Type: application/json
1 < Transfer-Encoding: chunked
1 < Date: Thu, 09 Apr 2026 12:30:45 GMT
1 < Connection: close
{"timestamp":"2026-04-09T12:30:45.647210087Z","status":400,"error":"Bad Request","code":"VALIDATION_ERROR","message":"Validation failed: maxDiscountCap: El maxDiscountCap debe ser mayor a 0","path":"/api/v1/discount-config"}

09:30:45.666 [pool-2-thread-1] INFO  com.intuit.karate - karate.env: dev 
09:30:45.693 [pool-2-thread-2] DEBUG com.intuit.karate - response time in milliseconds: 96
1 < 400
1 < Vary: Origin
1 < Vary: Access-Control-Request-Method
1 < Vary: Access-Control-Request-Headers
1 < X-Correlation-Id: 949328c6-042d-4f1c-9bd0-5311b2d0491d
1 < X-Content-Type-Options: nosniff
1 < X-XSS-Protection: 0
1 < Cache-Control: no-cache, no-store, max-age=0, must-revalidate
1 < Pragma: no-cache
1 < Expires: 0
1 < X-Frame-Options: DENY
1 < Content-Type: application/json
1 < Transfer-Encoding: chunked
1 < Date: Thu, 09 Apr 2026 12:30:45 GMT
1 < Connection: close
{"timestamp":"2026-04-09T12:30:45.686166785Z","status":400,"error":"Bad Request","code":"VALIDATION_ERROR","message":"Validation failed: maxDiscountCap: El maxDiscountCap debe ser mayor a 0","path":"/api/v1/discount-config"}

09:30:45.705 [pool-2-thread-3] DEBUG com.intuit.karate - response time in milliseconds: 105
1 < 500
1 < Vary: Origin
1 < Vary: Access-Control-Request-Method
1 < Vary: Access-Control-Request-Headers
1 < X-Correlation-Id: debad768-015d-40b2-afb1-83305b8d9db1
1 < X-Content-Type-Options: nosniff
1 < X-XSS-Protection: 0
1 < Cache-Control: no-cache, no-store, max-age=0, must-revalidate
1 < Pragma: no-cache
1 < Expires: 0
1 < X-Frame-Options: DENY
1 < Content-Type: application/json
1 < Transfer-Encoding: chunked
1 < Date: Thu, 09 Apr 2026 12:30:45 GMT
1 < Connection: close
{"timestamp":"2026-04-09T12:30:45.702296996Z","status":500,"error":"Internal Server Error","code":"INTERNAL_ERROR","message":"JSON parse error: Cannot deserialize value of type `java.util.UUID` from String \"invalid-uuid-format\": UUID has to be represented by standard 36-char representation","path":"/api/v1/discount-config"}

09:30:45.711 [pool-2-thread-2] INFO  com.intuit.karate - karate.env: dev 
09:30:45.718 [pool-2-thread-3] INFO  com.intuit.karate - karate.env: dev 
09:30:45.751 [pool-2-thread-4] DEBUG com.intuit.karate - response time in milliseconds: 154
1 < 500
1 < Vary: Origin
1 < Vary: Access-Control-Request-Method
1 < Vary: Access-Control-Request-Headers
1 < X-Correlation-Id: dfb2d40c-9190-4d68-89d7-5a5b33ded3a8
1 < X-Content-Type-Options: nosniff
1 < X-XSS-Protection: 0
1 < Cache-Control: no-cache, no-store, max-age=0, must-revalidate
1 < Pragma: no-cache
1 < Expires: 0
1 < X-Frame-Options: DENY
1 < Content-Type: application/json
1 < Transfer-Encoding: chunked
1 < Date: Thu, 09 Apr 2026 12:30:45 GMT
1 < Connection: close
{"timestamp":"2026-04-09T12:30:45.745613162Z","status":500,"error":"Internal Server Error","code":"INTERNAL_ERROR","message":"could not execute statement [ERROR: duplicate key value violates unique constraint \"idx_discount_settings_ecommerce_active\"\n  Detail: Key (ecommerce_id)=(550e8400-e29b-41d4-a716-446655440001) already exists.] [insert into discount_settings (allow_stacking,created_at,currency_code,ecommerce_id,is_active,max_discount_cap,rounding_rule,updated_at,version,id) values (?,?,?,?,?,?,?,?,?,?)]; SQL [insert into discount_settings (allow_stacking,created_at,currency_code,ecommerce_id,is_active,max_discount_cap,rounding_rule,updated_at,version,id) values (?,?,?,?,?,?,?,?,?,?)]; constraint [idx_discount_settings_ecommerce_active]","path":"/api/v1/discount-config"}

09:30:45.753 [pool-2-thread-5] DEBUG com.intuit.karate - response time in milliseconds: 279
1 < 200
1 < Vary: Origin
1 < Vary: Access-Control-Request-Method
1 < Vary: Access-Control-Request-Headers
1 < X-Correlation-Id: 157a030b-f8f5-43ae-870b-0522dc154fd9
1 < X-Content-Type-Options: nosniff
1 < X-XSS-Protection: 0
1 < Cache-Control: no-cache, no-store, max-age=0, must-revalidate
1 < Pragma: no-cache
1 < Expires: 0
1 < X-Frame-Options: DENY
1 < Content-Type: application/json
1 < Transfer-Encoding: chunked
1 < Date: Thu, 09 Apr 2026 12:30:45 GMT
1 < Keep-Alive: timeout=60
1 < Connection: keep-alive
{"token":"eyJhbGciOiJIUzM4NCJ9.eyJzdWIiOiJhZG1pbiIsInVzZXJJZCI6ImE5MzU3ODczLTdlNjMtNDUzYy1hNzVmLTJiNzQzZTlhNzdiZiIsInJvbGUiOiJTVVBFUl9BRE1JTiIsImlhdCI6MTc3NTczNzg0NSwiZXhwIjoxNzc1ODI0MjQ1fQ.R_jSpvnv77TIDsluXsZ3auPX257uNl0UTCo676XQtqve0PaP0U9D_mIjcV7SnRpM","tipo":"Bearer","username":"admin","role":"SUPER_ADMIN"}

09:30:45.759 [pool-2-thread-5] INFO  com.intuit.karate - << lock released, cached callonce: read('classpath:common/login.feature') adminCredentials
09:30:45.760 [pool-2-thread-3] WARN  com.intuit.karate - this thread waited 25 milliseconds for callonce lock: read('classpath:common/login.feature') adminCredentials
09:30:45.762 [pool-2-thread-2] WARN  com.intuit.karate - this thread waited 27 milliseconds for callonce lock: read('classpath:common/login.feature') adminCredentials
09:30:45.762 [pool-2-thread-1] WARN  com.intuit.karate - this thread waited 77 milliseconds for callonce lock: read('classpath:common/login.feature') adminCredentials
09:30:45.778 [pool-2-thread-2] DEBUG com.intuit.karate - request:
1 > POST http://localhost:8081/api/v1/ecommerces
1 > Authorization: Bearer eyJhbGciOiJIUzM4NCJ9.eyJzdWIiOiJhZG1pbiIsInVzZXJJZCI6ImE5MzU3ODczLTdlNjMtNDUzYy1hNzVmLTJiNzQzZTlhNzdiZiIsInJvbGUiOiJTVVBFUl9BRE1JTiIsImlhdCI6MTc3NTczNzg0NSwiZXhwIjoxNzc1ODI0MjQ1fQ.R_jSpvnv77TIDsluXsZ3auPX257uNl0UTCo676XQtqve0PaP0U9D_mIjcV7SnRpM
1 > Content-Type: application/json; charset=UTF-8
1 > Content-Length: 36
1 > Host: localhost:8081
1 > Connection: Keep-Alive
1 > User-Agent: Apache-HttpClient/4.5.14 (Java/21.0.9)
1 > Accept-Encoding: gzip,deflate
{"name":"Tienda Sin Slug","slug":""}

09:30:45.843 [pool-2-thread-2] DEBUG com.intuit.karate - response time in milliseconds: 63
1 < 400
1 < Vary: Origin
1 < Vary: Access-Control-Request-Method
1 < Vary: Access-Control-Request-Headers
1 < X-Correlation-Id: f3d1818e-f601-4682-8bb0-758c03da3bd8
1 < X-Content-Type-Options: nosniff
1 < X-XSS-Protection: 0
1 < Cache-Control: no-cache, no-store, max-age=0, must-revalidate
1 < Pragma: no-cache
1 < Expires: 0
1 < X-Frame-Options: DENY
1 < Content-Type: application/json
1 < Transfer-Encoding: chunked
1 < Date: Thu, 09 Apr 2026 12:30:45 GMT
1 < Connection: close
{"timestamp":"2026-04-09T12:30:45.832762795Z","status":400,"error":"Bad Request","code":"VALIDATION_ERROR","message":"Validation failed: slug: El campo 'slug' es obligatorio, slug: El slug debe tener entre 3 y 254 caracteres, slug: El slug debe contener solo minúsculas, números y guiones. Debe empezar y terminar con letra o número","path":"/api/v1/ecommerces"}

09:30:45.854 [pool-2-thread-2] INFO  com.intuit.karate - karate.env: dev 
09:30:45.866 [pool-2-thread-2] INFO  com.intuit.karate - >> lock acquired, begin callonce: read('classpath:common/engine-setup.feature')
09:30:45.868 [pool-2-thread-4] DEBUG com.intuit.karate - request:
2 > GET http://localhost:8081/api/v1/discount-config?ecommerceId=550e8400-e29b-41d4-a716-446655440001
2 > Authorization: Bearer eyJhbGciOiJIUzM4NCJ9.eyJzdWIiOiJhZG1pbiIsInVzZXJJZCI6ImE5MzU3ODczLTdlNjMtNDUzYy1hNzVmLTJiNzQzZTlhNzdiZiIsInJvbGUiOiJTVVBFUl9BRE1JTiIsImlhdCI6MTc3NTczNzg0NSwiZXhwIjoxNzc1ODI0MjQ1fQ.R_jSpvnv77TIDsluXsZ3auPX257uNl0UTCo676XQtqve0PaP0U9D_mIjcV7SnRpM
2 > Host: localhost:8081
2 > Connection: Keep-Alive
2 > User-Agent: Apache-HttpClient/4.5.14 (Java/21.0.9)
2 > Accept-Encoding: gzip,deflate


09:30:45.944 [pool-2-thread-4] DEBUG com.intuit.karate - response time in milliseconds: 74
2 < 200
2 < Vary: Origin
2 < Vary: Access-Control-Request-Method
2 < Vary: Access-Control-Request-Headers
2 < X-Correlation-Id: e33e4d85-0649-4137-a1bf-5c5e47877301
2 < X-Content-Type-Options: nosniff
2 < X-XSS-Protection: 0
2 < Cache-Control: no-cache, no-store, max-age=0, must-revalidate
2 < Pragma: no-cache
2 < Expires: 0
2 < X-Frame-Options: DENY
2 < Content-Type: application/json
2 < Transfer-Encoding: chunked
2 < Date: Thu, 09 Apr 2026 12:30:45 GMT
2 < Keep-Alive: timeout=60
2 < Connection: keep-alive
{"uid":"81ffee62-d77f-4096-8620-c358439b46af","ecommerceId":"550e8400-e29b-41d4-a716-446655440001","maxDiscountCap":20.0000,"currencyCode":"USD","allowStacking":true,"roundingRule":"HALF_UP","isActive":true,"version":1,"createdAt":"2026-04-09T11:39:50.081686Z","updatedAt":"2026-04-09T11:39:50.081687Z"}

09:30:45.968 [pool-2-thread-2] DEBUG com.intuit.karate - request:
1 > POST http://localhost:8081/api/v1/auth/login
1 > Content-Type: application/json; charset=UTF-8
1 > Content-Length: 42
1 > Host: localhost:8081
1 > Connection: Keep-Alive
1 > User-Agent: Apache-HttpClient/4.5.14 (Java/21.0.9)
1 > Accept-Encoding: gzip,deflate
{"username":"admin","password":"admin123"}

09:30:45.975 [pool-2-thread-4] INFO  com.intuit.karate - karate.env: dev 
09:30:45.993 [pool-2-thread-5] DEBUG com.intuit.karate - request:
1 > POST http://localhost:8081/api/v1/ecommerces
1 > Authorization: Bearer eyJhbGciOiJIUzM4NCJ9.eyJzdWIiOiJhZG1pbiIsInVzZXJJZCI6ImE5MzU3ODczLTdlNjMtNDUzYy1hNzVmLTJiNzQzZTlhNzdiZiIsInJvbGUiOiJTVVBFUl9BRE1JTiIsImlhdCI6MTc3NTczNzg0NSwiZXhwIjoxNzc1ODI0MjQ1fQ.R_jSpvnv77TIDsluXsZ3auPX257uNl0UTCo676XQtqve0PaP0U9D_mIjcV7SnRpM
1 > Content-Type: application/json; charset=UTF-8
1 > Content-Length: 51
1 > Host: localhost:8081
1 > Connection: Keep-Alive
1 > User-Agent: Apache-HttpClient/4.5.14 (Java/21.0.9)
1 > Accept-Encoding: gzip,deflate
{"name":"Tienda A","slug":"tienda-a-1775737845819"}

09:30:45.993 [pool-2-thread-1] DEBUG com.intuit.karate - request:
1 > POST http://localhost:8081/api/v1/ecommerces
1 > Authorization: Bearer eyJhbGciOiJIUzM4NCJ9.eyJzdWIiOiJhZG1pbiIsInVzZXJJZCI6ImE5MzU3ODczLTdlNjMtNDUzYy1hNzVmLTJiNzQzZTlhNzdiZiIsInJvbGUiOiJTVVBFUl9BRE1JTiIsImlhdCI6MTc3NTczNzg0NSwiZXhwIjoxNzc1ODI0MjQ1fQ.R_jSpvnv77TIDsluXsZ3auPX257uNl0UTCo676XQtqve0PaP0U9D_mIjcV7SnRpM
1 > Content-Type: application/json; charset=UTF-8
1 > Content-Length: 53
1 > Host: localhost:8081
1 > Connection: Keep-Alive
1 > User-Agent: Apache-HttpClient/4.5.14 (Java/21.0.9)
1 > Accept-Encoding: gzip,deflate
{"name":"Tienda Original","slug":"dup-1775737845819"}

09:30:46.002 [pool-2-thread-3] DEBUG com.intuit.karate - request:
1 > POST http://localhost:8081/api/v1/ecommerces
1 > Authorization: Bearer eyJhbGciOiJIUzM4NCJ9.eyJzdWIiOiJhZG1pbiIsInVzZXJJZCI6ImE5MzU3ODczLTdlNjMtNDUzYy1hNzVmLTJiNzQzZTlhNzdiZiIsInJvbGUiOiJTVVBFUl9BRE1JTiIsImlhdCI6MTc3NTczNzg0NSwiZXhwIjoxNzc1ODI0MjQ1fQ.R_jSpvnv77TIDsluXsZ3auPX257uNl0UTCo676XQtqve0PaP0U9D_mIjcV7SnRpM
1 > Content-Type: application/json; charset=UTF-8
1 > Content-Length: 65
1 > Host: localhost:8081
1 > Connection: Keep-Alive
1 > User-Agent: Apache-HttpClient/4.5.14 (Java/21.0.9)
1 > Accept-Encoding: gzip,deflate
{"name":"Ecommerce Desactivar","slug":"deactivate-1775737845822"}

09:30:46.086 [pool-2-thread-1] DEBUG com.intuit.karate - response time in milliseconds: 91
1 < 201
1 < Vary: Origin
1 < Vary: Access-Control-Request-Method
1 < Vary: Access-Control-Request-Headers
1 < X-Correlation-Id: c9c78d03-3a2b-4b37-8dbb-cd4e47c4240e
1 < X-Content-Type-Options: nosniff
1 < X-XSS-Protection: 0
1 < Cache-Control: no-cache, no-store, max-age=0, must-revalidate
1 < Pragma: no-cache
1 < Expires: 0
1 < X-Frame-Options: DENY
1 < Content-Type: application/json
1 < Transfer-Encoding: chunked
1 < Date: Thu, 09 Apr 2026 12:30:46 GMT
1 < Keep-Alive: timeout=60
1 < Connection: keep-alive
{"uid":"4b2e94a1-492a-49be-b204-83433ac3023d","name":"Tienda Original","slug":"dup-1775737845819","status":"ACTIVE","createdAt":"2026-04-09T12:30:46.067343034Z","updatedAt":"2026-04-09T12:30:46.067343650Z"}

09:30:46.090 [pool-2-thread-1] DEBUG c.intuit.karate.core.ScenarioEngine - over-writing existing variable 'ecommerceName' with new value: 'Tienda Duplicada'
09:30:46.100 [pool-2-thread-1] DEBUG com.intuit.karate - request:
2 > POST http://localhost:8081/api/v1/ecommerces
2 > Authorization: Bearer eyJhbGciOiJIUzM4NCJ9.eyJzdWIiOiJhZG1pbiIsInVzZXJJZCI6ImE5MzU3ODczLTdlNjMtNDUzYy1hNzVmLTJiNzQzZTlhNzdiZiIsInJvbGUiOiJTVVBFUl9BRE1JTiIsImlhdCI6MTc3NTczNzg0NSwiZXhwIjoxNzc1ODI0MjQ1fQ.R_jSpvnv77TIDsluXsZ3auPX257uNl0UTCo676XQtqve0PaP0U9D_mIjcV7SnRpM
2 > Content-Type: application/json; charset=UTF-8
2 > Content-Length: 54
2 > Host: localhost:8081
2 > Connection: Keep-Alive
2 > User-Agent: Apache-HttpClient/4.5.14 (Java/21.0.9)
2 > Accept-Encoding: gzip,deflate
{"name":"Tienda Duplicada","slug":"dup-1775737845819"}

09:30:46.123 [pool-2-thread-5] DEBUG com.intuit.karate - response time in milliseconds: 129
1 < 201
1 < Vary: Origin
1 < Vary: Access-Control-Request-Method
1 < Vary: Access-Control-Request-Headers
1 < X-Correlation-Id: a6eebcbb-d193-4723-8f14-1c27f93027f8
1 < X-Content-Type-Options: nosniff
1 < X-XSS-Protection: 0
1 < Cache-Control: no-cache, no-store, max-age=0, must-revalidate
1 < Pragma: no-cache
1 < Expires: 0
1 < X-Frame-Options: DENY
1 < Content-Type: application/json
1 < Transfer-Encoding: chunked
1 < Date: Thu, 09 Apr 2026 12:30:46 GMT
1 < Keep-Alive: timeout=60
1 < Connection: keep-alive
{"uid":"3b215cab-b4ac-4eb8-8cc1-f462fde8f781","name":"Tienda A","slug":"tienda-a-1775737845819","status":"ACTIVE","createdAt":"2026-04-09T12:30:46.096062920Z","updatedAt":"2026-04-09T12:30:46.096063939Z"}

09:30:46.271 [pool-2-thread-3] DEBUG com.intuit.karate - response time in milliseconds: 266
1 < 201
1 < Vary: Origin
1 < Vary: Access-Control-Request-Method
1 < Vary: Access-Control-Request-Headers
1 < X-Correlation-Id: f924e6ea-c434-4263-8d20-ae7fa8efd531
1 < X-Content-Type-Options: nosniff
1 < X-XSS-Protection: 0
1 < Cache-Control: no-cache, no-store, max-age=0, must-revalidate
1 < Pragma: no-cache
1 < Expires: 0
1 < X-Frame-Options: DENY
1 < Content-Type: application/json
1 < Transfer-Encoding: chunked
1 < Date: Thu, 09 Apr 2026 12:30:46 GMT
1 < Keep-Alive: timeout=60
1 < Connection: keep-alive
{"uid":"0595b86c-e29f-4315-b033-37920005aace","name":"Ecommerce Desactivar","slug":"deactivate-1775737845822","status":"ACTIVE","createdAt":"2026-04-09T12:30:46.252086101Z","updatedAt":"2026-04-09T12:30:46.252086461Z"}

09:30:46.314 [pool-2-thread-5] DEBUG com.intuit.karate - request:
2 > GET http://localhost:8081/api/v1/ecommerces/3b215cab-b4ac-4eb8-8cc1-f462fde8f781
2 > Authorization: Bearer eyJhbGciOiJIUzM4NCJ9.eyJzdWIiOiJhZG1pbiIsInVzZXJJZCI6ImE5MzU3ODczLTdlNjMtNDUzYy1hNzVmLTJiNzQzZTlhNzdiZiIsInJvbGUiOiJTVVBFUl9BRE1JTiIsImlhdCI6MTc3NTczNzg0NSwiZXhwIjoxNzc1ODI0MjQ1fQ.R_jSpvnv77TIDsluXsZ3auPX257uNl0UTCo676XQtqve0PaP0U9D_mIjcV7SnRpM
2 > Host: localhost:8081
2 > Connection: Keep-Alive
2 > User-Agent: Apache-HttpClient/4.5.14 (Java/21.0.9)
2 > Accept-Encoding: gzip,deflate


09:30:46.316 [pool-2-thread-2] DEBUG com.intuit.karate - response time in milliseconds: 347
1 < 200
1 < Vary: Origin
1 < Vary: Access-Control-Request-Method
1 < Vary: Access-Control-Request-Headers
1 < X-Correlation-Id: 7b42a460-7bc5-4cdf-a3b1-022982844b3c
1 < X-Content-Type-Options: nosniff
1 < X-XSS-Protection: 0
1 < Cache-Control: no-cache, no-store, max-age=0, must-revalidate
1 < Pragma: no-cache
1 < Expires: 0
1 < X-Frame-Options: DENY
1 < Content-Type: application/json
1 < Transfer-Encoding: chunked
1 < Date: Thu, 09 Apr 2026 12:30:46 GMT
1 < Keep-Alive: timeout=60
1 < Connection: keep-alive
{"token":"eyJhbGciOiJIUzM4NCJ9.eyJzdWIiOiJhZG1pbiIsInVzZXJJZCI6ImE5MzU3ODczLTdlNjMtNDUzYy1hNzVmLTJiNzQzZTlhNzdiZiIsInJvbGUiOiJTVVBFUl9BRE1JTiIsImlhdCI6MTc3NTczNzg0NiwiZXhwIjoxNzc1ODI0MjQ2fQ.uA79MBt7_GBP624n_2nIcI4NftGNmssidHY_0Al3pckGcsaIBNG-PVpJZ0n4DUC9","tipo":"Bearer","username":"admin","role":"SUPER_ADMIN"}

09:30:46.333 [pool-2-thread-2] DEBUG com.intuit.karate - request:
1 > POST http://localhost:8081/api/v1/discount-config
1 > Authorization: Bearer eyJhbGciOiJIUzM4NCJ9.eyJzdWIiOiJhZG1pbiIsInVzZXJJZCI6ImE5MzU3ODczLTdlNjMtNDUzYy1hNzVmLTJiNzQzZTlhNzdiZiIsInJvbGUiOiJTVVBFUl9BRE1JTiIsImlhdCI6MTc3NTczNzg0NiwiZXhwIjoxNzc1ODI0MjQ2fQ.uA79MBt7_GBP624n_2nIcI4NftGNmssidHY_0Al3pckGcsaIBNG-PVpJZ0n4DUC9
1 > Content-Type: application/json; charset=UTF-8
1 > Content-Length: 141
1 > Host: localhost:8081
1 > Connection: Keep-Alive
1 > User-Agent: Apache-HttpClient/4.5.14 (Java/21.0.9)
1 > Accept-Encoding: gzip,deflate
{"ecommerceId":"550e8400-e29b-41d4-a716-446655440000","maxDiscountCap":50,"currencyCode":"USD","allowStacking":true,"roundingRule":"HALF_UP"}

09:30:46.442 [pool-2-thread-2] DEBUG com.intuit.karate - response time in milliseconds: 106
1 < 500
1 < Vary: Origin
1 < Vary: Access-Control-Request-Method
1 < Vary: Access-Control-Request-Headers
1 < X-Correlation-Id: 43bf57e8-ecf9-4c46-aa10-520358ab0922
1 < X-Content-Type-Options: nosniff
1 < X-XSS-Protection: 0
1 < Cache-Control: no-cache, no-store, max-age=0, must-revalidate
1 < Pragma: no-cache
1 < Expires: 0
1 < X-Frame-Options: DENY
1 < Content-Type: application/json
1 < Transfer-Encoding: chunked
1 < Date: Thu, 09 Apr 2026 12:30:46 GMT
1 < Connection: close
{"timestamp":"2026-04-09T12:30:46.434441553Z","status":500,"error":"Internal Server Error","code":"INTERNAL_ERROR","message":"could not execute statement [ERROR: duplicate key value violates unique constraint \"idx_discount_settings_ecommerce_active\"\n  Detail: Key (ecommerce_id)=(550e8400-e29b-41d4-a716-446655440000) already exists.] [insert into discount_settings (allow_stacking,created_at,currency_code,ecommerce_id,is_active,max_discount_cap,rounding_rule,updated_at,version,id) values (?,?,?,?,?,?,?,?,?,?)]; SQL [insert into discount_settings (allow_stacking,created_at,currency_code,ecommerce_id,is_active,max_discount_cap,rounding_rule,updated_at,version,id) values (?,?,?,?,?,?,?,?,?,?)]; constraint [idx_discount_settings_ecommerce_active]","path":"/api/v1/discount-config"}

09:30:46.450 [pool-2-thread-1] DEBUG com.intuit.karate - response time in milliseconds: 348
2 < 409
2 < Vary: Origin
2 < Vary: Access-Control-Request-Method
2 < Vary: Access-Control-Request-Headers
2 < X-Correlation-Id: 01e4aee5-d43e-45db-a923-d3fe34ac2bbb
2 < X-Content-Type-Options: nosniff
2 < X-XSS-Protection: 0
2 < Cache-Control: no-cache, no-store, max-age=0, must-revalidate
2 < Pragma: no-cache
2 < Expires: 0
2 < X-Frame-Options: DENY
2 < Content-Type: application/json
2 < Transfer-Encoding: chunked
2 < Date: Thu, 09 Apr 2026 12:30:46 GMT
2 < Keep-Alive: timeout=60
2 < Connection: keep-alive
{"timestamp":"2026-04-09T12:30:46.446187163Z","status":409,"error":"Conflict","code":"CONFLICT","message":"El slug 'dup-1775737845819' ya está en uso. Elige uno diferente.","path":"/api/v1/ecommerces"}

09:30:46.466 [pool-2-thread-1] INFO  com.intuit.karate - karate.env: dev 
09:30:46.474 [pool-2-thread-5] DEBUG com.intuit.karate - response time in milliseconds: 159
2 < 200
2 < Vary: Origin
2 < Vary: Access-Control-Request-Method
2 < Vary: Access-Control-Request-Headers
2 < X-Correlation-Id: daa2c98b-d15c-4efd-9d65-a425365bd6c2
2 < X-Content-Type-Options: nosniff
2 < X-XSS-Protection: 0
2 < Cache-Control: no-cache, no-store, max-age=0, must-revalidate
2 < Pragma: no-cache
2 < Expires: 0
2 < X-Frame-Options: DENY
2 < Content-Type: application/json
2 < Transfer-Encoding: chunked
2 < Date: Thu, 09 Apr 2026 12:30:46 GMT
2 < Keep-Alive: timeout=60
2 < Connection: keep-alive
{"uid":"3b215cab-b4ac-4eb8-8cc1-f462fde8f781","name":"Tienda A","slug":"tienda-a-1775737845819","status":"ACTIVE","createdAt":"2026-04-09T12:30:46.096063Z","updatedAt":"2026-04-09T12:30:46.096064Z"}

09:30:46.478 [pool-2-thread-1] INFO  com.intuit.karate - >> lock acquired, begin callonce: read('classpath:common/engine-setup.feature')
09:30:46.481 [pool-2-thread-5] INFO  com.intuit.karate - karate.env: dev 
09:30:46.511 [pool-2-thread-2] DEBUG com.intuit.karate - request:
1 > POST http://localhost:8081/api/v1/auth/login
1 > Content-Type: application/json; charset=UTF-8
1 > Content-Length: 42
1 > Host: localhost:8081
1 > Connection: Keep-Alive
1 > User-Agent: Apache-HttpClient/4.5.14 (Java/21.0.9)
1 > Accept-Encoding: gzip,deflate
{"username":"admin","password":"admin123"}

09:30:46.543 [pool-2-thread-1] DEBUG com.intuit.karate - request:
1 > POST http://localhost:8081/api/v1/auth/login
1 > Content-Type: application/json; charset=UTF-8
1 > Content-Length: 42
1 > Host: localhost:8081
1 > Connection: Keep-Alive
1 > User-Agent: Apache-HttpClient/4.5.14 (Java/21.0.9)
1 > Accept-Encoding: gzip,deflate
{"username":"admin","password":"admin123"}

09:30:46.580 [pool-2-thread-3] DEBUG com.intuit.karate - request:
2 > POST http://localhost:8081/api/v1/users
2 > Authorization: Bearer eyJhbGciOiJIUzM4NCJ9.eyJzdWIiOiJhZG1pbiIsInVzZXJJZCI6ImE5MzU3ODczLTdlNjMtNDUzYy1hNzVmLTJiNzQzZTlhNzdiZiIsInJvbGUiOiJTVVBFUl9BRE1JTiIsImlhdCI6MTc3NTczNzg0NSwiZXhwIjoxNzc1ODI0MjQ1fQ.R_jSpvnv77TIDsluXsZ3auPX257uNl0UTCo676XQtqve0PaP0U9D_mIjcV7SnRpM
2 > Content-Type: application/json; charset=UTF-8
2 > Content-Length: 247
2 > Host: localhost:8081
2 > Connection: Keep-Alive
2 > User-Agent: Apache-HttpClient/4.5.14 (Java/21.0.9)
2 > Accept-Encoding: gzip,deflate
{"username":"tc061.3b81d7ea-5511-48b4-833e-d96227b406db","email":"tc061.3b81d7ea-5511-48b4-833e-d96227b406db@test.com","password":"Admin123456!@","roleId":"fa94e179-670c-484a-a8ae-5e55a400b724","ecommerceId":"0595b86c-e29f-4315-b033-37920005aace"}

09:30:46.786 [pool-2-thread-2] DEBUG com.intuit.karate - response time in milliseconds: 273
1 < 200
1 < Vary: Origin
1 < Vary: Access-Control-Request-Method
1 < Vary: Access-Control-Request-Headers
1 < X-Correlation-Id: 6263a10c-2055-4fe9-ad0c-4c16ef738351
1 < X-Content-Type-Options: nosniff
1 < X-XSS-Protection: 0
1 < Cache-Control: no-cache, no-store, max-age=0, must-revalidate
1 < Pragma: no-cache
1 < Expires: 0
1 < X-Frame-Options: DENY
1 < Content-Type: application/json
1 < Transfer-Encoding: chunked
1 < Date: Thu, 09 Apr 2026 12:30:46 GMT
1 < Keep-Alive: timeout=60
1 < Connection: keep-alive
{"token":"eyJhbGciOiJIUzM4NCJ9.eyJzdWIiOiJhZG1pbiIsInVzZXJJZCI6ImE5MzU3ODczLTdlNjMtNDUzYy1hNzVmLTJiNzQzZTlhNzdiZiIsInJvbGUiOiJTVVBFUl9BRE1JTiIsImlhdCI6MTc3NTczNzg0NiwiZXhwIjoxNzc1ODI0MjQ2fQ.uA79MBt7_GBP624n_2nIcI4NftGNmssidHY_0Al3pckGcsaIBNG-PVpJZ0n4DUC9","tipo":"Bearer","username":"admin","role":"SUPER_ADMIN"}

09:30:46.804 [pool-2-thread-2] DEBUG com.intuit.karate - request:
1 > POST http://localhost:8081/api/v1/ecommerces/550e8400-e29b-41d4-a716-446655440000/api-keys
1 > Authorization: Bearer eyJhbGciOiJIUzM4NCJ9.eyJzdWIiOiJhZG1pbiIsInVzZXJJZCI6ImE5MzU3ODczLTdlNjMtNDUzYy1hNzVmLTJiNzQzZTlhNzdiZiIsInJvbGUiOiJTVVBFUl9BRE1JTiIsImlhdCI6MTc3NTczNzg0NiwiZXhwIjoxNzc1ODI0MjQ2fQ.uA79MBt7_GBP624n_2nIcI4NftGNmssidHY_0Al3pckGcsaIBNG-PVpJZ0n4DUC9
1 > Content-Type: application/json; charset=UTF-8
1 > Content-Length: 2
1 > Host: localhost:8081
1 > Connection: Keep-Alive
1 > User-Agent: Apache-HttpClient/4.5.14 (Java/21.0.9)
1 > Accept-Encoding: gzip,deflate
{}

09:30:46.907 [pool-2-thread-2] DEBUG com.intuit.karate - response time in milliseconds: 102
1 < 201
1 < Vary: Origin
1 < Vary: Access-Control-Request-Method
1 < Vary: Access-Control-Request-Headers
1 < X-Correlation-Id: 36bb1d98-1a7a-4a13-b78e-ae406e4d8d4a
1 < X-Content-Type-Options: nosniff
1 < X-XSS-Protection: 0
1 < Cache-Control: no-cache, no-store, max-age=0, must-revalidate
1 < Pragma: no-cache
1 < Expires: 0
1 < X-Frame-Options: DENY
1 < Content-Type: application/json
1 < Transfer-Encoding: chunked
1 < Date: Thu, 09 Apr 2026 12:30:46 GMT
1 < Keep-Alive: timeout=60
1 < Connection: keep-alive
{"uid":"cadfd169-09b0-4997-a3db-921eea323f32","key":"a8a1bf65-de03-43ec-a639-fc4db733f05c","expiresAt":"2027-04-09T12:30:46.881332309Z","ecommerceId":"550e8400-e29b-41d4-a716-446655440000","createdAt":"2026-04-09T12:30:46.881767943Z","updatedAt":"2026-04-09T12:30:46.881768519Z"}

09:30:46.937 [pool-2-thread-1] DEBUG com.intuit.karate - response time in milliseconds: 393
1 < 200
1 < Vary: Origin
1 < Vary: Access-Control-Request-Method
1 < Vary: Access-Control-Request-Headers
1 < X-Correlation-Id: f7744c7d-e6ed-47f7-bec9-bc7d888cdcea
1 < X-Content-Type-Options: nosniff
1 < X-XSS-Protection: 0
1 < Cache-Control: no-cache, no-store, max-age=0, must-revalidate
1 < Pragma: no-cache
1 < Expires: 0
1 < X-Frame-Options: DENY
1 < Content-Type: application/json
1 < Transfer-Encoding: chunked
1 < Date: Thu, 09 Apr 2026 12:30:46 GMT
1 < Keep-Alive: timeout=60
1 < Connection: keep-alive
{"token":"eyJhbGciOiJIUzM4NCJ9.eyJzdWIiOiJhZG1pbiIsInVzZXJJZCI6ImE5MzU3ODczLTdlNjMtNDUzYy1hNzVmLTJiNzQzZTlhNzdiZiIsInJvbGUiOiJTVVBFUl9BRE1JTiIsImlhdCI6MTc3NTczNzg0NiwiZXhwIjoxNzc1ODI0MjQ2fQ.uA79MBt7_GBP624n_2nIcI4NftGNmssidHY_0Al3pckGcsaIBNG-PVpJZ0n4DUC9","tipo":"Bearer","username":"admin","role":"SUPER_ADMIN"}

09:30:46.944 [pool-2-thread-1] DEBUG com.intuit.karate - request:
1 > POST http://localhost:8081/api/v1/discount-config
1 > Authorization: Bearer eyJhbGciOiJIUzM4NCJ9.eyJzdWIiOiJhZG1pbiIsInVzZXJJZCI6ImE5MzU3ODczLTdlNjMtNDUzYy1hNzVmLTJiNzQzZTlhNzdiZiIsInJvbGUiOiJTVVBFUl9BRE1JTiIsImlhdCI6MTc3NTczNzg0NiwiZXhwIjoxNzc1ODI0MjQ2fQ.uA79MBt7_GBP624n_2nIcI4NftGNmssidHY_0Al3pckGcsaIBNG-PVpJZ0n4DUC9
1 > Content-Type: application/json; charset=UTF-8
1 > Content-Length: 141
1 > Host: localhost:8081
1 > Connection: Keep-Alive
1 > User-Agent: Apache-HttpClient/4.5.14 (Java/21.0.9)
1 > Accept-Encoding: gzip,deflate
{"ecommerceId":"550e8400-e29b-41d4-a716-446655440000","maxDiscountCap":50,"currencyCode":"USD","allowStacking":true,"roundingRule":"HALF_UP"}

09:30:46.974 [pool-2-thread-2] DEBUG com.intuit.karate - request:
2 > POST http://localhost:8082/api/v1/engine/calculate
2 > X-API-KEY: a8a1bf65-de03-43ec-a639-fc4db733f05c
2 > Content-Type: application/json; charset=UTF-8
2 > Content-Length: 288
2 > Host: localhost:8082
2 > Connection: Keep-Alive
2 > User-Agent: Apache-HttpClient/4.5.14 (Java/21.0.9)
2 > Accept-Encoding: gzip,deflate
{"ecommerceId":"550e8400-e29b-41d4-a716-446655440000","externalOrderId":"a110342d-d7ad-4e33-8113-9a25042a7f84","customerId":"test-customer-001","totalSpent":1500.0,"orderCount":25,"membershipDays":365,"items":[{"productId":"PROD-001","quantity":1,"unitPrice":100.0,"category":"GENERAL"}]}

09:30:47.111 [pool-2-thread-1] DEBUG com.intuit.karate - response time in milliseconds: 165
1 < 500
1 < Vary: Origin
1 < Vary: Access-Control-Request-Method
1 < Vary: Access-Control-Request-Headers
1 < X-Correlation-Id: 13f5c6b7-4dda-4b0d-b7c6-b54695a3f45e
1 < X-Content-Type-Options: nosniff
1 < X-XSS-Protection: 0
1 < Cache-Control: no-cache, no-store, max-age=0, must-revalidate
1 < Pragma: no-cache
1 < Expires: 0
1 < X-Frame-Options: DENY
1 < Content-Type: application/json
1 < Transfer-Encoding: chunked
1 < Date: Thu, 09 Apr 2026 12:30:47 GMT
1 < Connection: close
{"timestamp":"2026-04-09T12:30:47.107750706Z","status":500,"error":"Internal Server Error","code":"INTERNAL_ERROR","message":"could not execute statement [ERROR: duplicate key value violates unique constraint \"idx_discount_settings_ecommerce_active\"\n  Detail: Key (ecommerce_id)=(550e8400-e29b-41d4-a716-446655440000) already exists.] [insert into discount_settings (allow_stacking,created_at,currency_code,ecommerce_id,is_active,max_discount_cap,rounding_rule,updated_at,version,id) values (?,?,?,?,?,?,?,?,?,?)]; SQL [insert into discount_settings (allow_stacking,created_at,currency_code,ecommerce_id,is_active,max_discount_cap,rounding_rule,updated_at,version,id) values (?,?,?,?,?,?,?,?,?,?)]; constraint [idx_discount_settings_ecommerce_active]","path":"/api/v1/discount-config"}

09:30:47.119 [pool-2-thread-2] DEBUG com.intuit.karate - response time in milliseconds: 143
2 < 200
2 < Vary: Origin
2 < Vary: Access-Control-Request-Method
2 < Vary: Access-Control-Request-Headers
2 < X-Correlation-Id: dbede209-d65e-4f4e-b223-df491f3bfa58
2 < X-Content-Type-Options: nosniff
2 < X-XSS-Protection: 0
2 < Cache-Control: no-cache, no-store, max-age=0, must-revalidate
2 < Pragma: no-cache
2 < Expires: 0
2 < X-Frame-Options: DENY
2 < Content-Type: application/json
2 < Transfer-Encoding: chunked
2 < Date: Thu, 09 Apr 2026 12:30:47 GMT
2 < Keep-Alive: timeout=60
2 < Connection: keep-alive
{"subtotalAmount":100.0000,"discountCalculated":0.00,"discountApplied":0.00,"finalAmount":100.00,"customerTier":"UNCLASSIFIED","wasCapped":false,"capReason":null,"appliedRules":[],"transactionId":"dfbeb24d-f8a6-4ef0-921d-5b5e25934f66","calculatedAt":1775737847.044728331}

09:30:47.156 [pool-2-thread-1] DEBUG com.intuit.karate - request:
1 > POST http://localhost:8081/api/v1/auth/login
1 > Content-Type: application/json; charset=UTF-8
1 > Content-Length: 42
1 > Host: localhost:8081
1 > Connection: Keep-Alive
1 > User-Agent: Apache-HttpClient/4.5.14 (Java/21.0.9)
1 > Accept-Encoding: gzip,deflate
{"username":"admin","password":"admin123"}

09:30:47.176 [pool-2-thread-2] INFO  com.intuit.karate - << lock released, cached callonce: read('classpath:common/engine-setup.feature')
09:30:47.176 [pool-2-thread-4] WARN  com.intuit.karate - this thread waited 1189 milliseconds for callonce lock: read('classpath:common/engine-setup.feature')
09:30:47.188 [pool-2-thread-2] DEBUG com.intuit.karate - request:
1 > POST http://localhost:8082/api/v1/engine/calculate
1 > x-api-key: a8a1bf65-de03-43ec-a639-fc4db733f05c
1 > Content-Type: application/json; charset=UTF-8
1 > Content-Length: 288
1 > Host: localhost:8082
1 > Connection: Keep-Alive
1 > User-Agent: Apache-HttpClient/4.5.14 (Java/21.0.9)
1 > Accept-Encoding: gzip,deflate
{"ecommerceId":"550e8400-e29b-41d4-a716-446655440000","externalOrderId":"d7ac75c2-8210-423e-a1b3-4c0586f69c2e","customerId":"test-customer-001","totalSpent":1500.0,"orderCount":25,"membershipDays":365,"items":[{"productId":"PROD-001","quantity":1,"unitPrice":100.0,"category":"GENERAL"}]}

09:30:47.193 [pool-2-thread-4] DEBUG com.intuit.karate - request:
1 > POST http://localhost:8082/api/v1/engine/calculate
1 > x-api-key: INVALID-KEY-000
1 > Content-Type: application/json; charset=UTF-8
1 > Content-Length: 288
1 > Host: localhost:8082
1 > Connection: Keep-Alive
1 > User-Agent: Apache-HttpClient/4.5.14 (Java/21.0.9)
1 > Accept-Encoding: gzip,deflate
{"ecommerceId":"550e8400-e29b-41d4-a716-446655440000","externalOrderId":"570a9632-ce98-48b3-a6c3-12b20932ce3b","customerId":"test-customer-001","totalSpent":1500.0,"orderCount":25,"membershipDays":365,"items":[{"productId":"PROD-001","quantity":1,"unitPrice":100.0,"category":"GENERAL"}]}

09:30:47.344 [pool-2-thread-4] DEBUG com.intuit.karate - response time in milliseconds: 138
1 < 401
1 < Vary: Origin
1 < Vary: Access-Control-Request-Method
1 < Vary: Access-Control-Request-Headers
1 < X-Content-Type-Options: nosniff
1 < X-XSS-Protection: 0
1 < Cache-Control: no-cache, no-store, max-age=0, must-revalidate
1 < Pragma: no-cache
1 < Expires: 0
1 < X-Frame-Options: DENY
1 < Content-Type: application/json;charset=ISO-8859-1
1 < Content-Length: 40
1 < Date: Thu, 09 Apr 2026 12:30:47 GMT
1 < Keep-Alive: timeout=60
1 < Connection: keep-alive
{"error": "API Key inv�lida o expirada"}

09:30:47.355 [pool-2-thread-2] DEBUG com.intuit.karate - response time in milliseconds: 166
1 < 200
1 < Vary: Origin
1 < Vary: Access-Control-Request-Method
1 < Vary: Access-Control-Request-Headers
1 < X-Correlation-Id: 195de76d-722d-4851-98be-4f53ef580762
1 < X-Content-Type-Options: nosniff
1 < X-XSS-Protection: 0
1 < Cache-Control: no-cache, no-store, max-age=0, must-revalidate
1 < Pragma: no-cache
1 < Expires: 0
1 < X-Frame-Options: DENY
1 < Content-Type: application/json
1 < Transfer-Encoding: chunked
1 < Date: Thu, 09 Apr 2026 12:30:47 GMT
1 < Keep-Alive: timeout=60
1 < Connection: keep-alive
{"subtotalAmount":100.0000,"discountCalculated":0.00,"discountApplied":0.00,"finalAmount":100.00,"customerTier":"UNCLASSIFIED","wasCapped":false,"capReason":null,"appliedRules":[],"transactionId":"7df80256-4934-478d-a1f5-ee6aaa46de17","calculatedAt":1775737847.312658545}

09:30:47.374 [pool-2-thread-4] INFO  com.intuit.karate - karate.env: dev 
09:30:47.376 [pool-2-thread-2] INFO  com.intuit.karate - karate.env: dev 
09:30:47.408 [pool-2-thread-3] DEBUG com.intuit.karate - response time in milliseconds: 825
2 < 201
2 < Vary: Origin
2 < Vary: Access-Control-Request-Method
2 < Vary: Access-Control-Request-Headers
2 < X-Correlation-Id: 189f4540-1cb3-48b6-8fd9-b92afe1cfbcc
2 < X-Content-Type-Options: nosniff
2 < X-XSS-Protection: 0
2 < Cache-Control: no-cache, no-store, max-age=0, must-revalidate
2 < Pragma: no-cache
2 < Expires: 0
2 < X-Frame-Options: DENY
2 < Content-Type: application/json
2 < Transfer-Encoding: chunked
2 < Date: Thu, 09 Apr 2026 12:30:47 GMT
2 < Keep-Alive: timeout=60
2 < Connection: keep-alive
{"uid":"58d7a3b0-2efe-4075-9c31-c5d9e2290599","username":"tc061.3b81d7ea-5511-48b4-833e-d96227b406db","roleId":"fa94e179-670c-484a-a8ae-5e55a400b724","roleName":"STORE_ADMIN","email":"tc061.3b81d7ea-5511-48b4-833e-d96227b406db@test.com","ecommerceId":"0595b86c-e29f-4315-b033-37920005aace","isActive":true,"createdAt":"2026-04-09T12:30:47.321532111Z","updatedAt":"2026-04-09T12:30:47.321532384Z"}

09:30:47.416 [pool-2-thread-3] DEBUG com.intuit.karate - request:
3 > POST http://localhost:8081/api/v1/auth/login
3 > Content-Type: application/json; charset=UTF-8
3 > Content-Length: 84
3 > Host: localhost:8081
3 > Connection: Keep-Alive
3 > User-Agent: Apache-HttpClient/4.5.14 (Java/21.0.9)
3 > Accept-Encoding: gzip,deflate
{"username":"tc061.3b81d7ea-5511-48b4-833e-d96227b406db","password":"Admin123456!@"}

09:30:47.496 [pool-2-thread-1] DEBUG com.intuit.karate - response time in milliseconds: 340
1 < 200
1 < Vary: Origin
1 < Vary: Access-Control-Request-Method
1 < Vary: Access-Control-Request-Headers
1 < X-Correlation-Id: 3f2c501e-724b-45e3-a72b-1089268c8b30
1 < X-Content-Type-Options: nosniff
1 < X-XSS-Protection: 0
1 < Cache-Control: no-cache, no-store, max-age=0, must-revalidate
1 < Pragma: no-cache
1 < Expires: 0
1 < X-Frame-Options: DENY
1 < Content-Type: application/json
1 < Transfer-Encoding: chunked
1 < Date: Thu, 09 Apr 2026 12:30:47 GMT
1 < Keep-Alive: timeout=60
1 < Connection: keep-alive
{"token":"eyJhbGciOiJIUzM4NCJ9.eyJzdWIiOiJhZG1pbiIsInVzZXJJZCI6ImE5MzU3ODczLTdlNjMtNDUzYy1hNzVmLTJiNzQzZTlhNzdiZiIsInJvbGUiOiJTVVBFUl9BRE1JTiIsImlhdCI6MTc3NTczNzg0NywiZXhwIjoxNzc1ODI0MjQ3fQ.H2H7a_lThv9f0OOwS9XydRLTTNnhykWnBjDTKuaoCXMwq9BC4v8mtZWXsrTuEgPN","tipo":"Bearer","username":"admin","role":"SUPER_ADMIN"}

09:30:47.506 [pool-2-thread-1] DEBUG com.intuit.karate - request:
1 > POST http://localhost:8081/api/v1/ecommerces/550e8400-e29b-41d4-a716-446655440000/api-keys
1 > Authorization: Bearer eyJhbGciOiJIUzM4NCJ9.eyJzdWIiOiJhZG1pbiIsInVzZXJJZCI6ImE5MzU3ODczLTdlNjMtNDUzYy1hNzVmLTJiNzQzZTlhNzdiZiIsInJvbGUiOiJTVVBFUl9BRE1JTiIsImlhdCI6MTc3NTczNzg0NywiZXhwIjoxNzc1ODI0MjQ3fQ.H2H7a_lThv9f0OOwS9XydRLTTNnhykWnBjDTKuaoCXMwq9BC4v8mtZWXsrTuEgPN
1 > Content-Type: application/json; charset=UTF-8
1 > Content-Length: 2
1 > Host: localhost:8081
1 > Connection: Keep-Alive
1 > User-Agent: Apache-HttpClient/4.5.14 (Java/21.0.9)
1 > Accept-Encoding: gzip,deflate
{}

09:30:47.585 [pool-2-thread-1] DEBUG com.intuit.karate - response time in milliseconds: 77
1 < 201
1 < Vary: Origin
1 < Vary: Access-Control-Request-Method
1 < Vary: Access-Control-Request-Headers
1 < X-Correlation-Id: 9b8ea79e-a515-4e2e-b0db-1736b2717cb9
1 < X-Content-Type-Options: nosniff
1 < X-XSS-Protection: 0
1 < Cache-Control: no-cache, no-store, max-age=0, must-revalidate
1 < Pragma: no-cache
1 < Expires: 0
1 < X-Frame-Options: DENY
1 < Content-Type: application/json
1 < Transfer-Encoding: chunked
1 < Date: Thu, 09 Apr 2026 12:30:47 GMT
1 < Keep-Alive: timeout=60
1 < Connection: keep-alive
{"uid":"5dbc174d-e255-4bf2-9de2-0bb86c2280d8","key":"91bdbd1f-79ef-4d53-ba96-022eb96aa0d5","expiresAt":"2027-04-09T12:30:47.552543061Z","ecommerceId":"550e8400-e29b-41d4-a716-446655440000","createdAt":"2026-04-09T12:30:47.552945017Z","updatedAt":"2026-04-09T12:30:47.552945277Z"}

09:30:47.603 [pool-2-thread-1] DEBUG com.intuit.karate - request:
2 > POST http://localhost:8082/api/v1/engine/calculate
2 > X-API-KEY: 91bdbd1f-79ef-4d53-ba96-022eb96aa0d5
2 > Content-Type: application/json; charset=UTF-8
2 > Content-Length: 288
2 > Host: localhost:8082
2 > Connection: Keep-Alive
2 > User-Agent: Apache-HttpClient/4.5.14 (Java/21.0.9)
2 > Accept-Encoding: gzip,deflate
{"ecommerceId":"550e8400-e29b-41d4-a716-446655440000","externalOrderId":"daed0f53-c703-4509-b803-63c5980d18ea","customerId":"test-customer-001","totalSpent":1500.0,"orderCount":25,"membershipDays":365,"items":[{"productId":"PROD-001","quantity":1,"unitPrice":100.0,"category":"GENERAL"}]}

09:30:47.658 [pool-2-thread-1] DEBUG com.intuit.karate - response time in milliseconds: 51
2 < 200
2 < Vary: Origin
2 < Vary: Access-Control-Request-Method
2 < Vary: Access-Control-Request-Headers
2 < X-Correlation-Id: 85f53ee6-afb9-4472-b118-03eaa019bf25
2 < X-Content-Type-Options: nosniff
2 < X-XSS-Protection: 0
2 < Cache-Control: no-cache, no-store, max-age=0, must-revalidate
2 < Pragma: no-cache
2 < Expires: 0
2 < X-Frame-Options: DENY
2 < Content-Type: application/json
2 < Transfer-Encoding: chunked
2 < Date: Thu, 09 Apr 2026 12:30:47 GMT
2 < Keep-Alive: timeout=60
2 < Connection: keep-alive
{"subtotalAmount":100.0000,"discountCalculated":0.00,"discountApplied":0.00,"finalAmount":100.00,"customerTier":"UNCLASSIFIED","wasCapped":false,"capReason":null,"appliedRules":[],"transactionId":"f340ef6a-2433-48c1-837e-2e37a7b7c449","calculatedAt":1775737847.630190465}

09:30:47.669 [pool-2-thread-1] INFO  com.intuit.karate - << lock released, cached callonce: read('classpath:common/engine-setup.feature')
09:30:47.670 [pool-2-thread-2] WARN  com.intuit.karate - this thread waited 281 milliseconds for callonce lock: read('classpath:common/engine-setup.feature')
09:30:47.673 [pool-2-thread-4] WARN  com.intuit.karate - this thread waited 289 milliseconds for callonce lock: read('classpath:common/engine-setup.feature')
09:30:47.674 [pool-2-thread-5] WARN  com.intuit.karate - this thread waited 1180 milliseconds for callonce lock: read('classpath:common/engine-setup.feature')
09:30:47.677 [pool-2-thread-1] DEBUG com.intuit.karate - request:
1 > POST http://localhost:8082/api/v1/engine/calculate
1 > x-api-key: 91bdbd1f-79ef-4d53-ba96-022eb96aa0d5
1 > Content-Type: application/json; charset=UTF-8
1 > Content-Length: 54
1 > Host: localhost:8082
1 > Connection: Keep-Alive
1 > User-Agent: Apache-HttpClient/4.5.14 (Java/21.0.9)
1 > Accept-Encoding: gzip,deflate
{"ecommerceId":"550e8400-e29b-41d4-a716-446655440000"}

09:30:47.678 [pool-2-thread-4] DEBUG com.intuit.karate - request:
1 > POST http://localhost:8082/api/v1/engine/calculate
1 > x-api-key: 91bdbd1f-79ef-4d53-ba96-022eb96aa0d5
1 > Content-Type: application/json; charset=UTF-8
1 > Content-Length: 72
1 > Host: localhost:8082
1 > Connection: Keep-Alive
1 > User-Agent: Apache-HttpClient/4.5.14 (Java/21.0.9)
1 > Accept-Encoding: gzip,deflate
{"ecommerceId":"550e8400-e29b-41d4-a716-446655440000","orderCount":null}

09:30:47.678 [pool-2-thread-2] DEBUG com.intuit.karate - request:
1 > POST http://localhost:8082/api/v1/engine/calculate
1 > x-api-key: 91bdbd1f-79ef-4d53-ba96-022eb96aa0d5
1 > Content-Type: application/json; charset=UTF-8
1 > Content-Length: 2
1 > Host: localhost:8082
1 > Connection: Keep-Alive
1 > User-Agent: Apache-HttpClient/4.5.14 (Java/21.0.9)
1 > Accept-Encoding: gzip,deflate
{}

09:30:47.682 [pool-2-thread-5] DEBUG com.intuit.karate - request:
1 > POST http://localhost:8082/api/v1/engine/calculate
1 > x-api-key: 91bdbd1f-79ef-4d53-ba96-022eb96aa0d5
1 > Content-Type: application/json; charset=UTF-8
1 > Content-Length: 17
1 > Host: localhost:8082
1 > Connection: Keep-Alive
1 > User-Agent: Apache-HttpClient/4.5.14 (Java/21.0.9)
1 > Accept-Encoding: gzip,deflate
{"orderCount":10}

09:30:47.706 [pool-2-thread-1] DEBUG com.intuit.karate - response time in milliseconds: 28
1 < 400
1 < Vary: Origin
1 < Vary: Access-Control-Request-Method
1 < Vary: Access-Control-Request-Headers
1 < X-Correlation-Id: 6a1eb92d-e2ba-4760-bffb-834f94c0c270
1 < X-Content-Type-Options: nosniff
1 < X-XSS-Protection: 0
1 < Cache-Control: no-cache, no-store, max-age=0, must-revalidate
1 < Pragma: no-cache
1 < Expires: 0
1 < X-Frame-Options: DENY
1 < Content-Type: application/json
1 < Transfer-Encoding: chunked
1 < Date: Thu, 09 Apr 2026 12:30:47 GMT
1 < Connection: close
{"timestamp":1775737847.699814335,"status":400,"error":"Bad Request","code":"VALIDATION_ERROR","message":"Validation failed: orderCount: order_count is required, externalOrderId: external_order_id is required, membershipDays: membership_days is required, totalSpent: total_spent is required, items: items array is required (min 1), customerId: customer_id is required","path":"/api/v1/engine/calculate"}

09:30:47.752 [pool-2-thread-4] DEBUG com.intuit.karate - response time in milliseconds: 71
1 < 400
1 < Vary: Origin
1 < Vary: Access-Control-Request-Method
1 < Vary: Access-Control-Request-Headers
1 < X-Correlation-Id: aae9f907-ef7b-412c-9405-e762615613b8
1 < X-Content-Type-Options: nosniff
1 < X-XSS-Protection: 0
1 < Cache-Control: no-cache, no-store, max-age=0, must-revalidate
1 < Pragma: no-cache
1 < Expires: 0
1 < X-Frame-Options: DENY
1 < Content-Type: application/json
1 < Transfer-Encoding: chunked
1 < Date: Thu, 09 Apr 2026 12:30:47 GMT
1 < Connection: close
{"timestamp":1775737847.707121187,"status":400,"error":"Bad Request","code":"VALIDATION_ERROR","message":"Validation failed: orderCount: order_count is required, items: items array is required (min 1), customerId: customer_id is required, totalSpent: total_spent is required, externalOrderId: external_order_id is required, membershipDays: membership_days is required","path":"/api/v1/engine/calculate"}

09:30:47.754 [pool-2-thread-5] DEBUG com.intuit.karate - response time in milliseconds: 71
1 < 400
1 < Vary: Origin
1 < Vary: Access-Control-Request-Method
1 < Vary: Access-Control-Request-Headers
1 < X-Correlation-Id: 9706ba1c-49b4-4fb0-b5a1-1cd62e2ef433
1 < X-Content-Type-Options: nosniff
1 < X-XSS-Protection: 0
1 < Cache-Control: no-cache, no-store, max-age=0, must-revalidate
1 < Pragma: no-cache
1 < Expires: 0
1 < X-Frame-Options: DENY
1 < Content-Type: application/json
1 < Transfer-Encoding: chunked
1 < Date: Thu, 09 Apr 2026 12:30:47 GMT
1 < Connection: close
{"timestamp":1775737847.735149295,"status":400,"error":"Bad Request","code":"VALIDATION_ERROR","message":"Validation failed: ecommerceId: ecommerce_id is required, items: items array is required (min 1), customerId: customer_id is required, totalSpent: total_spent is required, membershipDays: membership_days is required, externalOrderId: external_order_id is required","path":"/api/v1/engine/calculate"}

09:30:47.760 [pool-2-thread-2] DEBUG com.intuit.karate - response time in milliseconds: 81
1 < 400
1 < Vary: Origin
1 < Vary: Access-Control-Request-Method
1 < Vary: Access-Control-Request-Headers
1 < X-Correlation-Id: 234d6aad-5f40-4e2c-9c29-3d3267b455a6
1 < X-Content-Type-Options: nosniff
1 < X-XSS-Protection: 0
1 < Cache-Control: no-cache, no-store, max-age=0, must-revalidate
1 < Pragma: no-cache
1 < Expires: 0
1 < X-Frame-Options: DENY
1 < Content-Type: application/json
1 < Transfer-Encoding: chunked
1 < Date: Thu, 09 Apr 2026 12:30:47 GMT
1 < Connection: close
{"timestamp":1775737847.707886400,"status":400,"error":"Bad Request","code":"VALIDATION_ERROR","message":"Validation failed: items: items array is required (min 1), totalSpent: total_spent is required, customerId: customer_id is required, externalOrderId: external_order_id is required, membershipDays: membership_days is required, orderCount: order_count is required, ecommerceId: ecommerce_id is required","path":"/api/v1/engine/calculate"}

09:30:47.764 [pool-2-thread-4] INFO  com.intuit.karate - karate.env: dev 
09:30:47.772 [pool-2-thread-5] INFO  com.intuit.karate - karate.env: dev 
09:30:47.781 [pool-2-thread-2] INFO  com.intuit.karate - karate.env: dev 
09:30:47.782 [pool-2-thread-4] INFO  com.intuit.karate - >> lock acquired, begin callonce: read('classpath:common/engine-setup.feature')
09:30:47.786 [pool-2-thread-1] INFO  com.intuit.karate - karate.env: dev 
09:30:47.791 [pool-2-thread-2] INFO  com.intuit.karate - >> lock acquired, begin callonce: read('classpath:common/engine-setup.feature')
09:30:47.805 [pool-2-thread-1] DEBUG com.intuit.karate - request:
1 > POST http://localhost:8082/api/v1/engine/calculate
1 > x-api-key: 91bdbd1f-79ef-4d53-ba96-022eb96aa0d5
1 > Content-Type: application/json; charset=UTF-8
1 > Content-Length: 70
1 > Host: localhost:8082
1 > Connection: Keep-Alive
1 > User-Agent: Apache-HttpClient/4.5.14 (Java/21.0.9)
1 > Accept-Encoding: gzip,deflate
{"ecommerceId":"550e8400-e29b-41d4-a716-446655440000","orderCount":-1}

09:30:47.842 [pool-2-thread-1] DEBUG com.intuit.karate - response time in milliseconds: 36
1 < 400
1 < Vary: Origin
1 < Vary: Access-Control-Request-Method
1 < Vary: Access-Control-Request-Headers
1 < X-Correlation-Id: 5cd3bd06-b69f-4366-a5b3-754bbbd87890
1 < X-Content-Type-Options: nosniff
1 < X-XSS-Protection: 0
1 < Cache-Control: no-cache, no-store, max-age=0, must-revalidate
1 < Pragma: no-cache
1 < Expires: 0
1 < X-Frame-Options: DENY
1 < Content-Type: application/json
1 < Transfer-Encoding: chunked
1 < Date: Thu, 09 Apr 2026 12:30:47 GMT
1 < Connection: close
{"timestamp":1775737847.835052486,"status":400,"error":"Bad Request","code":"VALIDATION_ERROR","message":"Validation failed: items: items array is required (min 1), orderCount: order_count must be >= 0, customerId: customer_id is required, membershipDays: membership_days is required, totalSpent: total_spent is required, externalOrderId: external_order_id is required","path":"/api/v1/engine/calculate"}

09:30:47.849 [pool-2-thread-1] INFO  com.intuit.karate - karate.env: dev 
09:30:47.862 [pool-2-thread-4] DEBUG com.intuit.karate - request:
1 > POST http://localhost:8081/api/v1/auth/login
1 > Content-Type: application/json; charset=UTF-8
1 > Content-Length: 42
1 > Host: localhost:8081
1 > Connection: Keep-Alive
1 > User-Agent: Apache-HttpClient/4.5.14 (Java/21.0.9)
1 > Accept-Encoding: gzip,deflate
{"username":"admin","password":"admin123"}

09:30:47.891 [pool-2-thread-2] DEBUG com.intuit.karate - request:
1 > POST http://localhost:8081/api/v1/auth/login
1 > Content-Type: application/json; charset=UTF-8
1 > Content-Length: 42
1 > Host: localhost:8081
1 > Connection: Keep-Alive
1 > User-Agent: Apache-HttpClient/4.5.14 (Java/21.0.9)
1 > Accept-Encoding: gzip,deflate
{"username":"admin","password":"admin123"}

09:30:47.894 [pool-2-thread-3] DEBUG com.intuit.karate - response time in milliseconds: 475
3 < 200
3 < Vary: Origin
3 < Vary: Access-Control-Request-Method
3 < Vary: Access-Control-Request-Headers
3 < X-Correlation-Id: 2129e23d-46fe-49a4-9699-525383ab6cb0
3 < X-Content-Type-Options: nosniff
3 < X-XSS-Protection: 0
3 < Cache-Control: no-cache, no-store, max-age=0, must-revalidate
3 < Pragma: no-cache
3 < Expires: 0
3 < X-Frame-Options: DENY
3 < Content-Type: application/json
3 < Transfer-Encoding: chunked
3 < Date: Thu, 09 Apr 2026 12:30:47 GMT
3 < Keep-Alive: timeout=60
3 < Connection: keep-alive
{"token":"eyJhbGciOiJIUzM4NCJ9.eyJzdWIiOiJ0YzA2MS4zYjgxZDdlYS01NTExLTQ4YjQtODMzZS1kOTYyMjdiNDA2ZGIiLCJ1c2VySWQiOiI1OGQ3YTNiMC0yZWZlLTQwNzUtOWMzMS1jNWQ5ZTIyOTA1OTkiLCJyb2xlIjoiU1RPUkVfQURNSU4iLCJpYXQiOjE3NzU3Mzc4NDcsImV4cCI6MTc3NTgyNDI0NywiZWNvbW1lcmNlX2lkIjoiMDU5NWI4NmMtZTI5Zi00MzE1LWIwMzMtMzc5MjAwMDVhYWNlIn0.ziJY0riE3dLAfUFFAl5vWxY5T-0F-7scA-WxqiytYVCq2UkG0Sm4pnG_BRILzaMJ","tipo":"Bearer","username":"tc061.3b81d7ea-5511-48b4-833e-d96227b406db","role":"STORE_ADMIN"}

09:30:47.902 [pool-2-thread-3] DEBUG com.intuit.karate - request:
4 > POST http://localhost:8081/api/v1/ecommerces/0595b86c-e29f-4315-b033-37920005aace/api-keys
4 > Authorization: Bearer eyJhbGciOiJIUzM4NCJ9.eyJzdWIiOiJhZG1pbiIsInVzZXJJZCI6ImE5MzU3ODczLTdlNjMtNDUzYy1hNzVmLTJiNzQzZTlhNzdiZiIsInJvbGUiOiJTVVBFUl9BRE1JTiIsImlhdCI6MTc3NTczNzg0NSwiZXhwIjoxNzc1ODI0MjQ1fQ.R_jSpvnv77TIDsluXsZ3auPX257uNl0UTCo676XQtqve0PaP0U9D_mIjcV7SnRpM
4 > Content-Type: application/json; charset=UTF-8
4 > Content-Length: 2
4 > Host: localhost:8081
4 > Connection: Keep-Alive
4 > User-Agent: Apache-HttpClient/4.5.14 (Java/21.0.9)
4 > Accept-Encoding: gzip,deflate
{}

09:30:48.007 [pool-2-thread-3] DEBUG com.intuit.karate - response time in milliseconds: 103
4 < 201
4 < Vary: Origin
4 < Vary: Access-Control-Request-Method
4 < Vary: Access-Control-Request-Headers
4 < X-Correlation-Id: 5af29276-8a09-41d3-bbef-e3c165ee8431
4 < X-Content-Type-Options: nosniff
4 < X-XSS-Protection: 0
4 < Cache-Control: no-cache, no-store, max-age=0, must-revalidate
4 < Pragma: no-cache
4 < Expires: 0
4 < X-Frame-Options: DENY
4 < Content-Type: application/json
4 < Transfer-Encoding: chunked
4 < Date: Thu, 09 Apr 2026 12:30:48 GMT
4 < Keep-Alive: timeout=60
4 < Connection: keep-alive
{"uid":"d0355fa9-7b6d-4c27-a9b7-d54a7c54f304","key":"0475c45a-7ca7-422c-901d-8ef6c000b5f2","expiresAt":"2027-04-09T12:30:47.980651922Z","ecommerceId":"0595b86c-e29f-4315-b033-37920005aace","createdAt":"2026-04-09T12:30:47.981059381Z","updatedAt":"2026-04-09T12:30:47.981059603Z"}

09:30:48.021 [pool-2-thread-3] DEBUG com.intuit.karate - request:
5 > PUT http://localhost:8081/api/v1/ecommerces/0595b86c-e29f-4315-b033-37920005aace/status
5 > Authorization: Bearer eyJhbGciOiJIUzM4NCJ9.eyJzdWIiOiJhZG1pbiIsInVzZXJJZCI6ImE5MzU3ODczLTdlNjMtNDUzYy1hNzVmLTJiNzQzZTlhNzdiZiIsInJvbGUiOiJTVVBFUl9BRE1JTiIsImlhdCI6MTc3NTczNzg0NSwiZXhwIjoxNzc1ODI0MjQ1fQ.R_jSpvnv77TIDsluXsZ3auPX257uNl0UTCo676XQtqve0PaP0U9D_mIjcV7SnRpM
5 > Content-Type: application/json; charset=UTF-8
5 > Content-Length: 21
5 > Host: localhost:8081
5 > Connection: Keep-Alive
5 > User-Agent: Apache-HttpClient/4.5.14 (Java/21.0.9)
5 > Accept-Encoding: gzip,deflate
{"status":"INACTIVE"}

09:30:48.148 [pool-2-thread-2] DEBUG com.intuit.karate - response time in milliseconds: 255
1 < 200
1 < Vary: Origin
1 < Vary: Access-Control-Request-Method
1 < Vary: Access-Control-Request-Headers
1 < X-Correlation-Id: 62481f76-0268-4cc2-a35d-e7cdab85d446
1 < X-Content-Type-Options: nosniff
1 < X-XSS-Protection: 0
1 < Cache-Control: no-cache, no-store, max-age=0, must-revalidate
1 < Pragma: no-cache
1 < Expires: 0
1 < X-Frame-Options: DENY
1 < Content-Type: application/json
1 < Transfer-Encoding: chunked
1 < Date: Thu, 09 Apr 2026 12:30:48 GMT
1 < Keep-Alive: timeout=60
1 < Connection: keep-alive
{"token":"eyJhbGciOiJIUzM4NCJ9.eyJzdWIiOiJhZG1pbiIsInVzZXJJZCI6ImE5MzU3ODczLTdlNjMtNDUzYy1hNzVmLTJiNzQzZTlhNzdiZiIsInJvbGUiOiJTVVBFUl9BRE1JTiIsImlhdCI6MTc3NTczNzg0OCwiZXhwIjoxNzc1ODI0MjQ4fQ.VPGGiEwPpnUOkomC0jlSiis5XZ1m8dDw1eZwdWX9ctrMYPP3iZObvZo7tsF4hMau","tipo":"Bearer","username":"admin","role":"SUPER_ADMIN"}

09:30:48.172 [pool-2-thread-4] DEBUG com.intuit.karate - response time in milliseconds: 310
1 < 200
1 < Vary: Origin
1 < Vary: Access-Control-Request-Method
1 < Vary: Access-Control-Request-Headers
1 < X-Correlation-Id: 2577e6eb-05fc-4f7d-8dd4-c326355c510c
1 < X-Content-Type-Options: nosniff
1 < X-XSS-Protection: 0
1 < Cache-Control: no-cache, no-store, max-age=0, must-revalidate
1 < Pragma: no-cache
1 < Expires: 0
1 < X-Frame-Options: DENY
1 < Content-Type: application/json
1 < Transfer-Encoding: chunked
1 < Date: Thu, 09 Apr 2026 12:30:48 GMT
1 < Keep-Alive: timeout=60
1 < Connection: keep-alive
{"token":"eyJhbGciOiJIUzM4NCJ9.eyJzdWIiOiJhZG1pbiIsInVzZXJJZCI6ImE5MzU3ODczLTdlNjMtNDUzYy1hNzVmLTJiNzQzZTlhNzdiZiIsInJvbGUiOiJTVVBFUl9BRE1JTiIsImlhdCI6MTc3NTczNzg0OCwiZXhwIjoxNzc1ODI0MjQ4fQ.VPGGiEwPpnUOkomC0jlSiis5XZ1m8dDw1eZwdWX9ctrMYPP3iZObvZo7tsF4hMau","tipo":"Bearer","username":"admin","role":"SUPER_ADMIN"}

09:30:48.175 [pool-2-thread-2] DEBUG com.intuit.karate - request:
1 > POST http://localhost:8081/api/v1/discount-config
1 > Authorization: Bearer eyJhbGciOiJIUzM4NCJ9.eyJzdWIiOiJhZG1pbiIsInVzZXJJZCI6ImE5MzU3ODczLTdlNjMtNDUzYy1hNzVmLTJiNzQzZTlhNzdiZiIsInJvbGUiOiJTVVBFUl9BRE1JTiIsImlhdCI6MTc3NTczNzg0OCwiZXhwIjoxNzc1ODI0MjQ4fQ.VPGGiEwPpnUOkomC0jlSiis5XZ1m8dDw1eZwdWX9ctrMYPP3iZObvZo7tsF4hMau
1 > Content-Type: application/json; charset=UTF-8
1 > Content-Length: 141
1 > Host: localhost:8081
1 > Connection: Keep-Alive
1 > User-Agent: Apache-HttpClient/4.5.14 (Java/21.0.9)
1 > Accept-Encoding: gzip,deflate
{"ecommerceId":"550e8400-e29b-41d4-a716-446655440000","maxDiscountCap":50,"currencyCode":"USD","allowStacking":true,"roundingRule":"HALF_UP"}

09:30:48.189 [pool-2-thread-4] DEBUG com.intuit.karate - request:
1 > POST http://localhost:8081/api/v1/discount-config
1 > Authorization: Bearer eyJhbGciOiJIUzM4NCJ9.eyJzdWIiOiJhZG1pbiIsInVzZXJJZCI6ImE5MzU3ODczLTdlNjMtNDUzYy1hNzVmLTJiNzQzZTlhNzdiZiIsInJvbGUiOiJTVVBFUl9BRE1JTiIsImlhdCI6MTc3NTczNzg0OCwiZXhwIjoxNzc1ODI0MjQ4fQ.VPGGiEwPpnUOkomC0jlSiis5XZ1m8dDw1eZwdWX9ctrMYPP3iZObvZo7tsF4hMau
1 > Content-Type: application/json; charset=UTF-8
1 > Content-Length: 141
1 > Host: localhost:8081
1 > Connection: Keep-Alive
1 > User-Agent: Apache-HttpClient/4.5.14 (Java/21.0.9)
1 > Accept-Encoding: gzip,deflate
{"ecommerceId":"550e8400-e29b-41d4-a716-446655440000","maxDiscountCap":50,"currencyCode":"USD","allowStacking":true,"roundingRule":"HALF_UP"}

09:30:48.255 [pool-2-thread-3] DEBUG com.intuit.karate - response time in milliseconds: 232
5 < 200
5 < Vary: Origin
5 < Vary: Access-Control-Request-Method
5 < Vary: Access-Control-Request-Headers
5 < X-Correlation-Id: 34046c5a-cdbe-4948-8135-cf8f35ca078d
5 < X-Content-Type-Options: nosniff
5 < X-XSS-Protection: 0
5 < Cache-Control: no-cache, no-store, max-age=0, must-revalidate
5 < Pragma: no-cache
5 < Expires: 0
5 < X-Frame-Options: DENY
5 < Content-Type: application/json
5 < Transfer-Encoding: chunked
5 < Date: Thu, 09 Apr 2026 12:30:48 GMT
5 < Keep-Alive: timeout=60
5 < Connection: keep-alive
{"uid":"0595b86c-e29f-4315-b033-37920005aace","name":"Ecommerce Desactivar","slug":"deactivate-1775737845822","status":"INACTIVE","createdAt":"2026-04-09T12:30:46.252086Z","updatedAt":"2026-04-09T12:30:48.201061692Z"}

09:30:48.267 [pool-2-thread-3] DEBUG com.intuit.karate - request:
6 > POST http://localhost:8081/api/v1/auth/login
6 > Content-Type: application/json; charset=UTF-8
6 > Content-Length: 84
6 > Host: localhost:8081
6 > Connection: Keep-Alive
6 > User-Agent: Apache-HttpClient/4.5.14 (Java/21.0.9)
6 > Accept-Encoding: gzip,deflate
{"username":"tc061.3b81d7ea-5511-48b4-833e-d96227b406db","password":"Admin123456!@"}

09:30:48.299 [pool-2-thread-2] DEBUG com.intuit.karate - response time in milliseconds: 123
1 < 500
1 < Vary: Origin
1 < Vary: Access-Control-Request-Method
1 < Vary: Access-Control-Request-Headers
1 < X-Correlation-Id: 7eae0a9c-6545-4cb8-ab31-dddd94a08b8d
1 < X-Content-Type-Options: nosniff
1 < X-XSS-Protection: 0
1 < Cache-Control: no-cache, no-store, max-age=0, must-revalidate
1 < Pragma: no-cache
1 < Expires: 0
1 < X-Frame-Options: DENY
1 < Content-Type: application/json
1 < Transfer-Encoding: chunked
1 < Date: Thu, 09 Apr 2026 12:30:48 GMT
1 < Connection: close
{"timestamp":"2026-04-09T12:30:48.295283913Z","status":500,"error":"Internal Server Error","code":"INTERNAL_ERROR","message":"could not execute statement [ERROR: duplicate key value violates unique constraint \"idx_discount_settings_ecommerce_active\"\n  Detail: Key (ecommerce_id)=(550e8400-e29b-41d4-a716-446655440000) already exists.] [insert into discount_settings (allow_stacking,created_at,currency_code,ecommerce_id,is_active,max_discount_cap,rounding_rule,updated_at,version,id) values (?,?,?,?,?,?,?,?,?,?)]; SQL [insert into discount_settings (allow_stacking,created_at,currency_code,ecommerce_id,is_active,max_discount_cap,rounding_rule,updated_at,version,id) values (?,?,?,?,?,?,?,?,?,?)]; constraint [idx_discount_settings_ecommerce_active]","path":"/api/v1/discount-config"}

09:30:48.330 [pool-2-thread-3] DEBUG com.intuit.karate - response time in milliseconds: 60
6 < 401
6 < Vary: Origin
6 < Vary: Access-Control-Request-Method
6 < Vary: Access-Control-Request-Headers
6 < X-Correlation-Id: 13324f73-9e61-4c13-a705-09091ce91856
6 < X-Content-Type-Options: nosniff
6 < X-XSS-Protection: 0
6 < Cache-Control: no-cache, no-store, max-age=0, must-revalidate
6 < Pragma: no-cache
6 < Expires: 0
6 < X-Frame-Options: DENY
6 < Content-Type: application/json
6 < Transfer-Encoding: chunked
6 < Date: Thu, 09 Apr 2026 12:30:48 GMT
6 < Keep-Alive: timeout=60
6 < Connection: keep-alive
{"timestamp":"2026-04-09T12:30:48.325776147Z","status":401,"error":"Unauthorized","code":"UNAUTHORIZED","message":"Credenciales inválidas","path":"/api/v1/auth/login"}

09:30:48.352 [pool-2-thread-3] DEBUG com.intuit.karate - request:
7 > POST http://localhost:8082/api/v1/engine/calculate
7 > x-api-key: 0475c45a-7ca7-422c-901d-8ef6c000b5f2
7 > Content-Type: application/json; charset=UTF-8
7 > Content-Length: 294
7 > Host: localhost:8082
7 > Connection: Keep-Alive
7 > User-Agent: Apache-HttpClient/4.5.14 (Java/21.0.9)
7 > Accept-Encoding: gzip,deflate
{"ecommerceId":"0595b86c-e29f-4315-b033-37920005aace","externalOrderId":"TC061-8782f705-a033-40f6-a075-24a140b06362","customerId":"test-customer-001","totalSpent":1500.0,"orderCount":25,"membershipDays":365,"items":[{"productId":"PROD-001","quantity":1,"unitPrice":100.0,"category":"GENERAL"}]}

09:30:48.352 [pool-2-thread-2] DEBUG com.intuit.karate - request:
1 > POST http://localhost:8081/api/v1/auth/login
1 > Content-Type: application/json; charset=UTF-8
1 > Content-Length: 42
1 > Host: localhost:8081
1 > Connection: Keep-Alive
1 > User-Agent: Apache-HttpClient/4.5.14 (Java/21.0.9)
1 > Accept-Encoding: gzip,deflate
{"username":"admin","password":"admin123"}

09:30:48.382 [pool-2-thread-4] DEBUG com.intuit.karate - response time in milliseconds: 192
1 < 500
1 < Vary: Origin
1 < Vary: Access-Control-Request-Method
1 < Vary: Access-Control-Request-Headers
1 < X-Correlation-Id: 4aa75564-d3ff-4c68-b0bb-4d8273963584
1 < X-Content-Type-Options: nosniff
1 < X-XSS-Protection: 0
1 < Cache-Control: no-cache, no-store, max-age=0, must-revalidate
1 < Pragma: no-cache
1 < Expires: 0
1 < X-Frame-Options: DENY
1 < Content-Type: application/json
1 < Transfer-Encoding: chunked
1 < Date: Thu, 09 Apr 2026 12:30:48 GMT
1 < Connection: close
{"timestamp":"2026-04-09T12:30:48.376177169Z","status":500,"error":"Internal Server Error","code":"INTERNAL_ERROR","message":"could not execute statement [ERROR: duplicate key value violates unique constraint \"idx_discount_settings_ecommerce_active\"\n  Detail: Key (ecommerce_id)=(550e8400-e29b-41d4-a716-446655440000) already exists.] [insert into discount_settings (allow_stacking,created_at,currency_code,ecommerce_id,is_active,max_discount_cap,rounding_rule,updated_at,version,id) values (?,?,?,?,?,?,?,?,?,?)]; SQL [insert into discount_settings (allow_stacking,created_at,currency_code,ecommerce_id,is_active,max_discount_cap,rounding_rule,updated_at,version,id) values (?,?,?,?,?,?,?,?,?,?)]; constraint [idx_discount_settings_ecommerce_active]","path":"/api/v1/discount-config"}

09:30:48.382 [pool-2-thread-3] DEBUG com.intuit.karate - response time in milliseconds: 28
7 < 401
7 < Vary: Origin
7 < Vary: Access-Control-Request-Method
7 < Vary: Access-Control-Request-Headers
7 < X-Content-Type-Options: nosniff
7 < X-XSS-Protection: 0
7 < Cache-Control: no-cache, no-store, max-age=0, must-revalidate
7 < Pragma: no-cache
7 < Expires: 0
7 < X-Frame-Options: DENY
7 < Content-Type: application/json;charset=ISO-8859-1
7 < Content-Length: 40
7 < Date: Thu, 09 Apr 2026 12:30:48 GMT
7 < Keep-Alive: timeout=60
7 < Connection: keep-alive
{"error": "API Key inv�lida o expirada"}

09:30:48.403 [pool-2-thread-3] INFO  com.intuit.karate - karate.env: dev 
09:30:48.418 [pool-2-thread-3] INFO  com.intuit.karate - >> lock acquired, begin callonce: read('classpath:common/engine-setup.feature')
09:30:48.428 [pool-2-thread-4] DEBUG com.intuit.karate - request:
1 > POST http://localhost:8081/api/v1/auth/login
1 > Content-Type: application/json; charset=UTF-8
1 > Content-Length: 42
1 > Host: localhost:8081
1 > Connection: Keep-Alive
1 > User-Agent: Apache-HttpClient/4.5.14 (Java/21.0.9)
1 > Accept-Encoding: gzip,deflate
{"username":"admin","password":"admin123"}

09:30:48.492 [pool-2-thread-3] DEBUG com.intuit.karate - request:
1 > POST http://localhost:8081/api/v1/auth/login
1 > Content-Type: application/json; charset=UTF-8
1 > Content-Length: 42
1 > Host: localhost:8081
1 > Connection: Keep-Alive
1 > User-Agent: Apache-HttpClient/4.5.14 (Java/21.0.9)
1 > Accept-Encoding: gzip,deflate
{"username":"admin","password":"admin123"}

09:30:48.623 [pool-2-thread-2] DEBUG com.intuit.karate - response time in milliseconds: 268
1 < 200
1 < Vary: Origin
1 < Vary: Access-Control-Request-Method
1 < Vary: Access-Control-Request-Headers
1 < X-Correlation-Id: 1afd4e55-c9f1-415f-9a29-807bf2428d55
1 < X-Content-Type-Options: nosniff
1 < X-XSS-Protection: 0
1 < Cache-Control: no-cache, no-store, max-age=0, must-revalidate
1 < Pragma: no-cache
1 < Expires: 0
1 < X-Frame-Options: DENY
1 < Content-Type: application/json
1 < Transfer-Encoding: chunked
1 < Date: Thu, 09 Apr 2026 12:30:48 GMT
1 < Keep-Alive: timeout=60
1 < Connection: keep-alive
{"token":"eyJhbGciOiJIUzM4NCJ9.eyJzdWIiOiJhZG1pbiIsInVzZXJJZCI6ImE5MzU3ODczLTdlNjMtNDUzYy1hNzVmLTJiNzQzZTlhNzdiZiIsInJvbGUiOiJTVVBFUl9BRE1JTiIsImlhdCI6MTc3NTczNzg0OCwiZXhwIjoxNzc1ODI0MjQ4fQ.VPGGiEwPpnUOkomC0jlSiis5XZ1m8dDw1eZwdWX9ctrMYPP3iZObvZo7tsF4hMau","tipo":"Bearer","username":"admin","role":"SUPER_ADMIN"}

09:30:48.637 [pool-2-thread-2] DEBUG com.intuit.karate - request:
1 > POST http://localhost:8081/api/v1/ecommerces/550e8400-e29b-41d4-a716-446655440000/api-keys
1 > Authorization: Bearer eyJhbGciOiJIUzM4NCJ9.eyJzdWIiOiJhZG1pbiIsInVzZXJJZCI6ImE5MzU3ODczLTdlNjMtNDUzYy1hNzVmLTJiNzQzZTlhNzdiZiIsInJvbGUiOiJTVVBFUl9BRE1JTiIsImlhdCI6MTc3NTczNzg0OCwiZXhwIjoxNzc1ODI0MjQ4fQ.VPGGiEwPpnUOkomC0jlSiis5XZ1m8dDw1eZwdWX9ctrMYPP3iZObvZo7tsF4hMau
1 > Content-Type: application/json; charset=UTF-8
1 > Content-Length: 2
1 > Host: localhost:8081
1 > Connection: Keep-Alive
1 > User-Agent: Apache-HttpClient/4.5.14 (Java/21.0.9)
1 > Accept-Encoding: gzip,deflate
{}

09:30:48.643 [pool-2-thread-4] DEBUG com.intuit.karate - response time in milliseconds: 215
1 < 200
1 < Vary: Origin
1 < Vary: Access-Control-Request-Method
1 < Vary: Access-Control-Request-Headers
1 < X-Correlation-Id: 679f4298-e9c6-4ba7-bb63-185a655832ed
1 < X-Content-Type-Options: nosniff
1 < X-XSS-Protection: 0
1 < Cache-Control: no-cache, no-store, max-age=0, must-revalidate
1 < Pragma: no-cache
1 < Expires: 0
1 < X-Frame-Options: DENY
1 < Content-Type: application/json
1 < Transfer-Encoding: chunked
1 < Date: Thu, 09 Apr 2026 12:30:48 GMT
1 < Keep-Alive: timeout=60
1 < Connection: keep-alive
{"token":"eyJhbGciOiJIUzM4NCJ9.eyJzdWIiOiJhZG1pbiIsInVzZXJJZCI6ImE5MzU3ODczLTdlNjMtNDUzYy1hNzVmLTJiNzQzZTlhNzdiZiIsInJvbGUiOiJTVVBFUl9BRE1JTiIsImlhdCI6MTc3NTczNzg0OCwiZXhwIjoxNzc1ODI0MjQ4fQ.VPGGiEwPpnUOkomC0jlSiis5XZ1m8dDw1eZwdWX9ctrMYPP3iZObvZo7tsF4hMau","tipo":"Bearer","username":"admin","role":"SUPER_ADMIN"}

09:30:48.653 [pool-2-thread-4] DEBUG com.intuit.karate - request:
1 > POST http://localhost:8081/api/v1/ecommerces/550e8400-e29b-41d4-a716-446655440000/api-keys
1 > Authorization: Bearer eyJhbGciOiJIUzM4NCJ9.eyJzdWIiOiJhZG1pbiIsInVzZXJJZCI6ImE5MzU3ODczLTdlNjMtNDUzYy1hNzVmLTJiNzQzZTlhNzdiZiIsInJvbGUiOiJTVVBFUl9BRE1JTiIsImlhdCI6MTc3NTczNzg0OCwiZXhwIjoxNzc1ODI0MjQ4fQ.VPGGiEwPpnUOkomC0jlSiis5XZ1m8dDw1eZwdWX9ctrMYPP3iZObvZo7tsF4hMau
1 > Content-Type: application/json; charset=UTF-8
1 > Content-Length: 2
1 > Host: localhost:8081
1 > Connection: Keep-Alive
1 > User-Agent: Apache-HttpClient/4.5.14 (Java/21.0.9)
1 > Accept-Encoding: gzip,deflate
{}

09:30:48.716 [pool-2-thread-3] DEBUG com.intuit.karate - response time in milliseconds: 223
1 < 200
1 < Vary: Origin
1 < Vary: Access-Control-Request-Method
1 < Vary: Access-Control-Request-Headers
1 < X-Correlation-Id: 4eb9ef15-fcbd-42fc-9055-4eb3d55f7808
1 < X-Content-Type-Options: nosniff
1 < X-XSS-Protection: 0
1 < Cache-Control: no-cache, no-store, max-age=0, must-revalidate
1 < Pragma: no-cache
1 < Expires: 0
1 < X-Frame-Options: DENY
1 < Content-Type: application/json
1 < Transfer-Encoding: chunked
1 < Date: Thu, 09 Apr 2026 12:30:48 GMT
1 < Keep-Alive: timeout=60
1 < Connection: keep-alive
{"token":"eyJhbGciOiJIUzM4NCJ9.eyJzdWIiOiJhZG1pbiIsInVzZXJJZCI6ImE5MzU3ODczLTdlNjMtNDUzYy1hNzVmLTJiNzQzZTlhNzdiZiIsInJvbGUiOiJTVVBFUl9BRE1JTiIsImlhdCI6MTc3NTczNzg0OCwiZXhwIjoxNzc1ODI0MjQ4fQ.VPGGiEwPpnUOkomC0jlSiis5XZ1m8dDw1eZwdWX9ctrMYPP3iZObvZo7tsF4hMau","tipo":"Bearer","username":"admin","role":"SUPER_ADMIN"}

09:30:48.732 [pool-2-thread-3] DEBUG com.intuit.karate - request:
1 > POST http://localhost:8081/api/v1/discount-config
1 > Authorization: Bearer eyJhbGciOiJIUzM4NCJ9.eyJzdWIiOiJhZG1pbiIsInVzZXJJZCI6ImE5MzU3ODczLTdlNjMtNDUzYy1hNzVmLTJiNzQzZTlhNzdiZiIsInJvbGUiOiJTVVBFUl9BRE1JTiIsImlhdCI6MTc3NTczNzg0OCwiZXhwIjoxNzc1ODI0MjQ4fQ.VPGGiEwPpnUOkomC0jlSiis5XZ1m8dDw1eZwdWX9ctrMYPP3iZObvZo7tsF4hMau
1 > Content-Type: application/json; charset=UTF-8
1 > Content-Length: 141
1 > Host: localhost:8081
1 > Connection: Keep-Alive
1 > User-Agent: Apache-HttpClient/4.5.14 (Java/21.0.9)
1 > Accept-Encoding: gzip,deflate
[...]
1 > Accept-Encoding: gzip,deflate
{"username":"tc028.650d5621-fe7d-4a35-8062-111ad8f0ebc9","email":"tc028.650d5621-fe7d-4a35-8062-111ad8f0ebc9@test.com","password":"Admin123456!@","roleId":"8c23eacb-dbbd-4f31-9613-af9cda1d4cce","ecommerceId":"00000000-0000-0000-0000-000000000099"}

09:30:57.464 [pool-2-thread-1] DEBUG com.intuit.karate - response time in milliseconds: 45
1 < 404
1 < Vary: Origin
1 < Vary: Access-Control-Request-Method
1 < Vary: Access-Control-Request-Headers
1 < X-Correlation-Id: 33e5de0d-f08d-4c79-a12d-b6329d7aeca5
1 < X-Content-Type-Options: nosniff
1 < X-XSS-Protection: 0
1 < Cache-Control: no-cache, no-store, max-age=0, must-revalidate
1 < Pragma: no-cache
1 < Expires: 0
1 < X-Frame-Options: DENY
1 < Content-Type: application/json
1 < Transfer-Encoding: chunked
1 < Date: Thu, 09 Apr 2026 12:30:57 GMT
1 < Keep-Alive: timeout=60
1 < Connection: keep-alive
{"timestamp":"2026-04-09T12:30:57.459983570Z","status":404,"error":"Not Found","code":"NOT_FOUND","message":"El ecommerce con uid '00000000-0000-0000-0000-000000000099' no existe.","path":"/api/v1/users"}

09:30:57.471 [pool-2-thread-1] INFO  com.intuit.karate - karate.env: dev 
09:30:57.637 [pool-2-thread-3] DEBUG com.intuit.karate - response time in milliseconds: 400
1 < 200
1 < Vary: Origin
1 < Vary: Access-Control-Request-Method
1 < Vary: Access-Control-Request-Headers
1 < X-Correlation-Id: 4cca7f80-55fa-4d7c-9fb5-9247b2fa9c5b
1 < X-Content-Type-Options: nosniff
1 < X-XSS-Protection: 0
1 < Cache-Control: no-cache, no-store, max-age=0, must-revalidate
1 < Pragma: no-cache
1 < Expires: 0
1 < X-Frame-Options: DENY
1 < Content-Type: application/json
1 < Transfer-Encoding: chunked
1 < Date: Thu, 09 Apr 2026 12:30:57 GMT
1 < Keep-Alive: timeout=60
1 < Connection: keep-alive
{"token":"eyJhbGciOiJIUzM4NCJ9.eyJzdWIiOiJhZG1pbiIsInVzZXJJZCI6ImE5MzU3ODczLTdlNjMtNDUzYy1hNzVmLTJiNzQzZTlhNzdiZiIsInJvbGUiOiJTVVBFUl9BRE1JTiIsImlhdCI6MTc3NTczNzg1NywiZXhwIjoxNzc1ODI0MjU3fQ.TQPQW7A9bFRGfo1BhtrM5ypGDuo2Ob26wG-WeghFmBgNmx2T5Bj_RGa0yYS9l6Fl","tipo":"Bearer","username":"admin","role":"SUPER_ADMIN"}

09:30:57.653 [pool-2-thread-3] DEBUG com.intuit.karate - request:
1 > POST http://localhost:8081/api/v1/users
1 > Authorization: Bearer eyJhbGciOiJIUzM4NCJ9.eyJzdWIiOiJhZG1pbiIsInVzZXJJZCI6ImE5MzU3ODczLTdlNjMtNDUzYy1hNzVmLTJiNzQzZTlhNzdiZiIsInJvbGUiOiJTVVBFUl9BRE1JTiIsImlhdCI6MTc3NTczNzg1NywiZXhwIjoxNzc1ODI0MjU3fQ.TQPQW7A9bFRGfo1BhtrM5ypGDuo2Ob26wG-WeghFmBgNmx2T5Bj_RGa0yYS9l6Fl
1 > Content-Type: application/json; charset=UTF-8
1 > Content-Length: 243
1 > Host: localhost:8081
1 > Connection: Keep-Alive
1 > User-Agent: Apache-HttpClient/4.5.14 (Java/21.0.9)
1 > Accept-Encoding: gzip,deflate
{"username":"std.83c33eba-4dcb-43f7-8fc2-91ada545b2c6","email":"std.83c33eba-4dcb-43f7-8fc2-91ada545b2c6@test.com","password":"Admin123456!@","roleId":"8c23eacb-dbbd-4f31-9613-af9cda1d4cce","ecommerceId":"550e8400-e29b-41d4-a716-446655440000"}

09:30:57.755 [pool-2-thread-2] DEBUG com.intuit.karate - response time in milliseconds: 595
1 < 201
1 < Vary: Origin
1 < Vary: Access-Control-Request-Method
1 < Vary: Access-Control-Request-Headers
1 < X-Correlation-Id: b232172b-cd9a-43a5-a68f-6215434fa96e
1 < X-Content-Type-Options: nosniff
1 < X-XSS-Protection: 0
1 < Cache-Control: no-cache, no-store, max-age=0, must-revalidate
1 < Pragma: no-cache
1 < Expires: 0
1 < X-Frame-Options: DENY
1 < Content-Type: application/json
1 < Transfer-Encoding: chunked
1 < Date: Thu, 09 Apr 2026 12:30:57 GMT
1 < Keep-Alive: timeout=60
1 < Connection: keep-alive
{"uid":"c782f62b-f390-4d8a-962e-024d884459bb","username":"tc028.11818fa1-283a-4fb1-9a66-34846a95b4d7","roleId":"8c23eacb-dbbd-4f31-9613-af9cda1d4cce","roleName":"STORE_USER","email":"tc028.11818fa1-283a-4fb1-9a66-34846a95b4d7@test.com","ecommerceId":"550e8400-e29b-41d4-a716-446655440000","isActive":true,"createdAt":"2026-04-09T12:30:57.727502148Z","updatedAt":"2026-04-09T12:30:57.727502512Z"}

09:30:57.854 [pool-2-thread-5] DEBUG com.intuit.karate - response time in milliseconds: 600
1 < 201
1 < Vary: Origin
1 < Vary: Access-Control-Request-Method
1 < Vary: Access-Control-Request-Headers
1 < X-Correlation-Id: 5d4f7a0b-c934-4160-85e8-f89abf96e173
1 < X-Content-Type-Options: nosniff
1 < X-XSS-Protection: 0
1 < Cache-Control: no-cache, no-store, max-age=0, must-revalidate
1 < Pragma: no-cache
1 < Expires: 0
1 < X-Frame-Options: DENY
1 < Content-Type: application/json
1 < Transfer-Encoding: chunked
1 < Date: Thu, 09 Apr 2026 12:30:57 GMT
1 < Keep-Alive: timeout=60
1 < Connection: keep-alive
{"uid":"a536fbdf-82d5-44e1-a70f-e303a2215437","username":"std.8a82eb29-4520-4f22-88d5-8e14ac861b5c","roleId":"8c23eacb-dbbd-4f31-9613-af9cda1d4cce","roleName":"STORE_USER","email":"std.8a82eb29-4520-4f22-88d5-8e14ac861b5c@test.com","ecommerceId":"550e8400-e29b-41d4-a716-446655440000","isActive":true,"createdAt":"2026-04-09T12:30:57.824200208Z","updatedAt":"2026-04-09T12:30:57.824200929Z"}

09:30:57.861 [pool-2-thread-5] DEBUG c.intuit.karate.core.ScenarioEngine - over-writing existing variable 'username' with new value: response.username
09:30:57.879 [pool-2-thread-5] DEBUG com.intuit.karate - request:
1 > POST http://localhost:8081/api/v1/auth/login
1 > Content-Type: application/json; charset=UTF-8
1 > Content-Length: 82
1 > Host: localhost:8081
1 > Connection: Keep-Alive
1 > User-Agent: Apache-HttpClient/4.5.14 (Java/21.0.9)
1 > Accept-Encoding: gzip,deflate
{"username":"std.8a82eb29-4520-4f22-88d5-8e14ac861b5c","password":"Admin123456!@"}

09:30:58.240 [pool-2-thread-3] DEBUG com.intuit.karate - response time in milliseconds: 580
1 < 201
1 < Vary: Origin
1 < Vary: Access-Control-Request-Method
1 < Vary: Access-Control-Request-Headers
1 < X-Correlation-Id: f99f57e6-ab47-4d69-a900-c8b5d403a36c
1 < X-Content-Type-Options: nosniff
1 < X-XSS-Protection: 0
1 < Cache-Control: no-cache, no-store, max-age=0, must-revalidate
1 < Pragma: no-cache
1 < Expires: 0
1 < X-Frame-Options: DENY
1 < Content-Type: application/json
1 < Transfer-Encoding: chunked
1 < Date: Thu, 09 Apr 2026 12:30:58 GMT
1 < Keep-Alive: timeout=60
1 < Connection: keep-alive
{"uid":"4e53fade-41ea-4e34-b6f0-37ad6a6178fe","username":"std.83c33eba-4dcb-43f7-8fc2-91ada545b2c6","roleId":"8c23eacb-dbbd-4f31-9613-af9cda1d4cce","roleName":"STORE_USER","email":"std.83c33eba-4dcb-43f7-8fc2-91ada545b2c6@test.com","ecommerceId":"550e8400-e29b-41d4-a716-446655440000","isActive":true,"createdAt":"2026-04-09T12:30:58.205170572Z","updatedAt":"2026-04-09T12:30:58.205171013Z"}

09:30:58.243 [pool-2-thread-3] DEBUG c.intuit.karate.core.ScenarioEngine - over-writing existing variable 'username' with new value: response.username
09:30:58.264 [pool-2-thread-3] DEBUG com.intuit.karate - request:
1 > POST http://localhost:8081/api/v1/auth/login
1 > Content-Type: application/json; charset=UTF-8
1 > Content-Length: 82
1 > Host: localhost:8081
1 > Connection: Keep-Alive
1 > User-Agent: Apache-HttpClient/4.5.14 (Java/21.0.9)
1 > Accept-Encoding: gzip,deflate
{"username":"std.83c33eba-4dcb-43f7-8fc2-91ada545b2c6","password":"Admin123456!@"}

09:30:58.532 [pool-2-thread-5] DEBUG com.intuit.karate - response time in milliseconds: 647
1 < 200
1 < Vary: Origin
1 < Vary: Access-Control-Request-Method
1 < Vary: Access-Control-Request-Headers
1 < X-Correlation-Id: b1cea204-0016-4c91-ae54-e19b63d687f0
1 < X-Content-Type-Options: nosniff
1 < X-XSS-Protection: 0
1 < Cache-Control: no-cache, no-store, max-age=0, must-revalidate
1 < Pragma: no-cache
1 < Expires: 0
1 < X-Frame-Options: DENY
1 < Content-Type: application/json
1 < Transfer-Encoding: chunked
1 < Date: Thu, 09 Apr 2026 12:30:58 GMT
1 < Keep-Alive: timeout=60
1 < Connection: keep-alive
{"token":"eyJhbGciOiJIUzM4NCJ9.eyJzdWIiOiJzdGQuOGE4MmViMjktNDUyMC00ZjIyLTg4ZDUtOGUxNGFjODYxYjVjIiwidXNlcklkIjoiYTUzNmZiZGYtODJkNS00NGUxLWE3MGYtZTMwM2EyMjE1NDM3Iiwicm9sZSI6IlNUT1JFX1VTRVIiLCJpYXQiOjE3NzU3Mzc4NTgsImV4cCI6MTc3NTgyNDI1OCwiZWNvbW1lcmNlX2lkIjoiNTUwZTg0MDAtZTI5Yi00MWQ0LWE3MTYtNDQ2NjU1NDQwMDAwIn0.Ro_WuSY0e42lO4AieQIpjwJ_gCpEhizWJAqu-yZB7-E9RzKoF8ruDUHTltSiZFlh","tipo":"Bearer","username":"std.8a82eb29-4520-4f22-88d5-8e14ac861b5c","role":"STORE_USER"}

09:30:58.552 [pool-2-thread-5] DEBUG com.intuit.karate - request:
1 > DELETE http://localhost:8081/api/v1/users/a536fbdf-82d5-44e1-a70f-e303a2215437
1 > Authorization: Bearer eyJhbGciOiJIUzM4NCJ9.eyJzdWIiOiJhZG1pbiIsInVzZXJJZCI6ImE5MzU3ODczLTdlNjMtNDUzYy1hNzVmLTJiNzQzZTlhNzdiZiIsInJvbGUiOiJTVVBFUl9BRE1JTiIsImlhdCI6MTc3NTczNzg1NCwiZXhwIjoxNzc1ODI0MjU0fQ.0uuJyNv0CYSVGUdDGrwgtA1NCGCQ9pBrXpK1M74JhXvyu-HSFIy871el1XeW7Vl8
1 > Host: localhost:8081
1 > Connection: Keep-Alive
1 > User-Agent: Apache-HttpClient/4.5.14 (Java/21.0.9)
1 > Accept-Encoding: gzip,deflate


09:30:58.651 [pool-2-thread-5] DEBUG com.intuit.karate - response time in milliseconds: 98
1 < 204
1 < Vary: Origin
1 < Vary: Access-Control-Request-Method
1 < Vary: Access-Control-Request-Headers
1 < X-Correlation-Id: 5551f74a-2206-4029-8962-910732973695
1 < X-Content-Type-Options: nosniff
1 < X-XSS-Protection: 0
1 < Cache-Control: no-cache, no-store, max-age=0, must-revalidate
1 < Pragma: no-cache
1 < Expires: 0
1 < X-Frame-Options: DENY
1 < Date: Thu, 09 Apr 2026 12:30:58 GMT
1 < Keep-Alive: timeout=60
1 < Connection: keep-alive


09:30:58.660 [pool-2-thread-5] DEBUG com.intuit.karate - request:
2 > POST http://localhost:8081/api/v1/auth/login
2 > Content-Type: application/json; charset=UTF-8
2 > Content-Length: 82
2 > Host: localhost:8081
2 > Connection: Keep-Alive
2 > User-Agent: Apache-HttpClient/4.5.14 (Java/21.0.9)
2 > Accept-Encoding: gzip,deflate
{"username":"std.8a82eb29-4520-4f22-88d5-8e14ac861b5c","password":"Admin123456!@"}

09:30:58.686 [pool-2-thread-5] DEBUG com.intuit.karate - response time in milliseconds: 25
2 < 401
2 < Vary: Origin
2 < Vary: Access-Control-Request-Method
2 < Vary: Access-Control-Request-Headers
2 < X-Correlation-Id: 6527c565-e92c-4494-9dcb-e60dd201f27a
2 < X-Content-Type-Options: nosniff
2 < X-XSS-Protection: 0
2 < Cache-Control: no-cache, no-store, max-age=0, must-revalidate
2 < Pragma: no-cache
2 < Expires: 0
2 < X-Frame-Options: DENY
2 < Content-Type: application/json
2 < Transfer-Encoding: chunked
2 < Date: Thu, 09 Apr 2026 12:30:58 GMT
2 < Keep-Alive: timeout=60
2 < Connection: keep-alive
{"timestamp":"2026-04-09T12:30:58.683536691Z","status":401,"error":"Unauthorized","code":"UNAUTHORIZED","message":"Credenciales inválidas","path":"/api/v1/auth/login"}

09:30:58.756 [pool-2-thread-3] DEBUG com.intuit.karate - response time in milliseconds: 487
1 < 200
1 < Vary: Origin
1 < Vary: Access-Control-Request-Method
1 < Vary: Access-Control-Request-Headers
1 < X-Correlation-Id: 9a2b011b-02f3-4312-97b9-c2f3f14460e6
1 < X-Content-Type-Options: nosniff
1 < X-XSS-Protection: 0
1 < Cache-Control: no-cache, no-store, max-age=0, must-revalidate
1 < Pragma: no-cache
1 < Expires: 0
1 < X-Frame-Options: DENY
1 < Content-Type: application/json
1 < Transfer-Encoding: chunked
1 < Date: Thu, 09 Apr 2026 12:30:58 GMT
1 < Keep-Alive: timeout=60
1 < Connection: keep-alive
{"token":"eyJhbGciOiJIUzM4NCJ9.eyJzdWIiOiJzdGQuODNjMzNlYmEtNGRjYi00M2Y3LThmYzItOTFhZGE1NDViMmM2IiwidXNlcklkIjoiNGU1M2ZhZGUtNDFlYS00ZTM0LWI2ZjAtMzdhZDZhNjE3OGZlIiwicm9sZSI6IlNUT1JFX1VTRVIiLCJpYXQiOjE3NzU3Mzc4NTgsImV4cCI6MTc3NTgyNDI1OCwiZWNvbW1lcmNlX2lkIjoiNTUwZTg0MDAtZTI5Yi00MWQ0LWE3MTYtNDQ2NjU1NDQwMDAwIn0.ODmjWVTZczEJzbiLUlZziK4WLmx2ZYq4DfKyMWDs7sXkYtkeqCLzTvsx8s8x9KLs","tipo":"Bearer","username":"std.83c33eba-4dcb-43f7-8fc2-91ada545b2c6","role":"STORE_USER"}

09:30:58.774 [pool-2-thread-3] INFO  com.intuit.karate - << lock released, cached callonce: read('classpath:common/create-store-user.feature')
09:30:58.774 [pool-2-thread-1] WARN  com.intuit.karate - this thread waited 1295 milliseconds for callonce lock: read('classpath:common/create-store-user.feature')
09:30:58.775 [pool-2-thread-4] WARN  com.intuit.karate - this thread waited 1550 milliseconds for callonce lock: read('classpath:common/create-store-user.feature')
09:30:58.777 [pool-2-thread-3] DEBUG com.intuit.karate - request:
1 > GET http://localhost:8081/api/v1/auth/me
1 > Authorization: Bearer eyJhbGciOiJIUzM4NCJ9.eyJzdWIiOiJzdGQuODNjMzNlYmEtNGRjYi00M2Y3LThmYzItOTFhZGE1NDViMmM2IiwidXNlcklkIjoiNGU1M2ZhZGUtNDFlYS00ZTM0LWI2ZjAtMzdhZDZhNjE3OGZlIiwicm9sZSI6IlNUT1JFX1VTRVIiLCJpYXQiOjE3NzU3Mzc4NTgsImV4cCI6MTc3NTgyNDI1OCwiZWNvbW1lcmNlX2lkIjoiNTUwZTg0MDAtZTI5Yi00MWQ0LWE3MTYtNDQ2NjU1NDQwMDAwIn0.ODmjWVTZczEJzbiLUlZziK4WLmx2ZYq4DfKyMWDs7sXkYtkeqCLzTvsx8s8x9KLs
1 > Host: localhost:8081
1 > Connection: Keep-Alive
1 > User-Agent: Apache-HttpClient/4.5.14 (Java/21.0.9)
1 > Accept-Encoding: gzip,deflate


09:30:58.781 [pool-2-thread-4] DEBUG com.intuit.karate - request:
1 > POST http://localhost:8081/api/v1/users
1 > Authorization: Bearer eyJhbGciOiJIUzM4NCJ9.eyJzdWIiOiJzdGQuODNjMzNlYmEtNGRjYi00M2Y3LThmYzItOTFhZGE1NDViMmM2IiwidXNlcklkIjoiNGU1M2ZhZGUtNDFlYS00ZTM0LWI2ZjAtMzdhZDZhNjE3OGZlIiwicm9sZSI6IlNUT1JFX1VTRVIiLCJpYXQiOjE3NzU3Mzc4NTgsImV4cCI6MTc3NTgyNDI1OCwiZWNvbW1lcmNlX2lkIjoiNTUwZTg0MDAtZTI5Yi00MWQ0LWE3MTYtNDQ2NjU1NDQwMDAwIn0.ODmjWVTZczEJzbiLUlZziK4WLmx2ZYq4DfKyMWDs7sXkYtkeqCLzTvsx8s8x9KLs
1 > Content-Type: application/json; charset=UTF-8
1 > Content-Length: 168
1 > Host: localhost:8081
1 > Connection: Keep-Alive
1 > User-Agent: Apache-HttpClient/4.5.14 (Java/21.0.9)
1 > Accept-Encoding: gzip,deflate
{"username":"hack","email":"hack@x.com","password":"Admin123456!@","roleId":"8c23eacb-dbbd-4f31-9613-af9cda1d4cce","ecommerceId":"550e8400-e29b-41d4-a716-446655440000"}

09:30:58.781 [pool-2-thread-1] DEBUG com.intuit.karate - request:
1 > PUT http://localhost:8081/api/v1/users/me
1 > Authorization: Bearer eyJhbGciOiJIUzM4NCJ9.eyJzdWIiOiJzdGQuODNjMzNlYmEtNGRjYi00M2Y3LThmYzItOTFhZGE1NDViMmM2IiwidXNlcklkIjoiNGU1M2ZhZGUtNDFlYS00ZTM0LWI2ZjAtMzdhZDZhNjE3OGZlIiwicm9sZSI6IlNUT1JFX1VTRVIiLCJpYXQiOjE3NzU3Mzc4NTgsImV4cCI6MTc3NTgyNDI1OCwiZWNvbW1lcmNlX2lkIjoiNTUwZTg0MDAtZTI5Yi00MWQ0LWE3MTYtNDQ2NjU1NDQwMDAwIn0.ODmjWVTZczEJzbiLUlZziK4WLmx2ZYq4DfKyMWDs7sXkYtkeqCLzTvsx8s8x9KLs
1 > Content-Type: application/json; charset=UTF-8
1 > Content-Length: 63
1 > Host: localhost:8081
1 > Connection: Keep-Alive
1 > User-Agent: Apache-HttpClient/4.5.14 (Java/21.0.9)
1 > Accept-Encoding: gzip,deflate
{"email":"tc034.f7faa1de-8848-442d-b1d4-296f5ba6aaf5@test.com"}

09:30:58.844 [pool-2-thread-3] DEBUG com.intuit.karate - response time in milliseconds: 65
1 < 200
1 < Vary: Origin
1 < Vary: Access-Control-Request-Method
1 < Vary: Access-Control-Request-Headers
1 < X-Correlation-Id: 735e0225-f42a-4d0e-a14b-5faadd2c817d
1 < X-Content-Type-Options: nosniff
1 < X-XSS-Protection: 0
1 < Cache-Control: no-cache, no-store, max-age=0, must-revalidate
1 < Pragma: no-cache
1 < Expires: 0
1 < X-Frame-Options: DENY
1 < Content-Type: application/json
1 < Transfer-Encoding: chunked
1 < Date: Thu, 09 Apr 2026 12:30:58 GMT
1 < Keep-Alive: timeout=60
1 < Connection: keep-alive
{"uid":"4e53fade-41ea-4e34-b6f0-37ad6a6178fe","username":"std.83c33eba-4dcb-43f7-8fc2-91ada545b2c6","roleId":"8c23eacb-dbbd-4f31-9613-af9cda1d4cce","roleName":"STORE_USER","email":"std.83c33eba-4dcb-43f7-8fc2-91ada545b2c6@test.com","ecommerceId":"550e8400-e29b-41d4-a716-446655440000","isActive":true,"createdAt":"2026-04-09T12:30:58.205171Z","updatedAt":"2026-04-09T12:30:58.205171Z"}

09:30:58.871 [pool-2-thread-4] DEBUG com.intuit.karate - response time in milliseconds: 90
1 < 403
1 < Vary: Origin
1 < Vary: Access-Control-Request-Method
1 < Vary: Access-Control-Request-Headers
1 < X-Correlation-Id: 75b1d095-d1db-4acb-a719-d9fa0c141e6b
1 < X-Content-Type-Options: nosniff
1 < X-XSS-Protection: 0
1 < Cache-Control: no-cache, no-store, max-age=0, must-revalidate
1 < Pragma: no-cache
1 < Expires: 0
1 < X-Frame-Options: DENY
1 < Content-Type: application/json
1 < Transfer-Encoding: chunked
1 < Date: Thu, 09 Apr 2026 12:30:58 GMT
1 < Keep-Alive: timeout=60
1 < Connection: keep-alive
{"timestamp":"2026-04-09T12:30:58.868569222Z","status":403,"error":"Forbidden","code":"FORBIDDEN","message":"Solo SUPER_ADMIN o STORE_ADMIN pueden crear usuarios","path":"/api/v1/users"}

09:30:58.960 [pool-2-thread-1] DEBUG com.intuit.karate - response time in milliseconds: 179
1 < 200
1 < Vary: Origin
1 < Vary: Access-Control-Request-Method
1 < Vary: Access-Control-Request-Headers
1 < X-Correlation-Id: 579e14c7-e913-41e7-92b4-db2cddeb597c
1 < X-Content-Type-Options: nosniff
1 < X-XSS-Protection: 0
1 < Cache-Control: no-cache, no-store, max-age=0, must-revalidate
1 < Pragma: no-cache
1 < Expires: 0
1 < X-Frame-Options: DENY
1 < Content-Type: application/json
1 < Transfer-Encoding: chunked
1 < Date: Thu, 09 Apr 2026 12:30:58 GMT
1 < Keep-Alive: timeout=60
1 < Connection: keep-alive
{"uid":"4e53fade-41ea-4e34-b6f0-37ad6a6178fe","username":"std.83c33eba-4dcb-43f7-8fc2-91ada545b2c6","roleId":"8c23eacb-dbbd-4f31-9613-af9cda1d4cce","roleName":"STORE_USER","email":"tc034.f7faa1de-8848-442d-b1d4-296f5ba6aaf5@test.com","ecommerceId":"550e8400-e29b-41d4-a716-446655440000","isActive":true,"createdAt":"2026-04-09T12:30:58.205171Z","updatedAt":"2026-04-09T12:30:58.205171Z"}

09:30:58.964 [pool-2-thread-1] DEBUG com.intuit.karate - request:
2 > GET http://localhost:8081/api/v1/auth/me
2 > Authorization: Bearer eyJhbGciOiJIUzM4NCJ9.eyJzdWIiOiJzdGQuODNjMzNlYmEtNGRjYi00M2Y3LThmYzItOTFhZGE1NDViMmM2IiwidXNlcklkIjoiNGU1M2ZhZGUtNDFlYS00ZTM0LWI2ZjAtMzdhZDZhNjE3OGZlIiwicm9sZSI6IlNUT1JFX1VTRVIiLCJpYXQiOjE3NzU3Mzc4NTgsImV4cCI6MTc3NTgyNDI1OCwiZWNvbW1lcmNlX2lkIjoiNTUwZTg0MDAtZTI5Yi00MWQ0LWE3MTYtNDQ2NjU1NDQwMDAwIn0.ODmjWVTZczEJzbiLUlZziK4WLmx2ZYq4DfKyMWDs7sXkYtkeqCLzTvsx8s8x9KLs
2 > Host: localhost:8081
2 > Connection: Keep-Alive
2 > User-Agent: Apache-HttpClient/4.5.14 (Java/21.0.9)
2 > Accept-Encoding: gzip,deflate


09:30:59.060 [pool-2-thread-1] DEBUG com.intuit.karate - response time in milliseconds: 95
2 < 200
2 < Vary: Origin
2 < Vary: Access-Control-Request-Method
2 < Vary: Access-Control-Request-Headers
2 < X-Correlation-Id: 1c3e1d0c-3448-40b3-b8b4-810ceb7e0b46
2 < X-Content-Type-Options: nosniff
2 < X-XSS-Protection: 0
2 < Cache-Control: no-cache, no-store, max-age=0, must-revalidate
2 < Pragma: no-cache
2 < Expires: 0
2 < X-Frame-Options: DENY
2 < Content-Type: application/json
2 < Transfer-Encoding: chunked
2 < Date: Thu, 09 Apr 2026 12:30:59 GMT
2 < Keep-Alive: timeout=60
2 < Connection: keep-alive
{"uid":"4e53fade-41ea-4e34-b6f0-37ad6a6178fe","username":"std.83c33eba-4dcb-43f7-8fc2-91ada545b2c6","roleId":"8c23eacb-dbbd-4f31-9613-af9cda1d4cce","roleName":"STORE_USER","email":"tc034.f7faa1de-8848-442d-b1d4-296f5ba6aaf5@test.com","ecommerceId":"550e8400-e29b-41d4-a716-446655440000","isActive":true,"createdAt":"2026-04-09T12:30:58.205171Z","updatedAt":"2026-04-09T12:30:58.872132Z"}

---------------------------------------------------------
feature: classpath:features/users/users.feature
scenarios:  8 | passed:  8 | failed:  0 | time: 12,0630
---------------------------------------------------------

09:30:59.556 [pool-3-thread-1] INFO  com.intuit.karate.Suite - <<pass>> feature 14 of 15 (1 remaining) classpath:features/users/users.feature
---------------------------------------------------------
feature: classpath:features/user_profile/user-profile.feature
scenarios:  3 | passed:  3 | failed:  0 | time: 4,9337
---------------------------------------------------------

09:30:59.860 [pool-3-thread-1] INFO  com.intuit.karate.Suite - <<pass>> feature 15 of 15 (0 remaining) classpath:features/user_profile/user-profile.feature
Karate version: 1.5.0
======================================================
elapsed:  42,83 | threads:    5 | thread time: 172,80 
features:    14 | skipped:    1 | efficiency: 0,81
scenarios:   53 | passed:    53 | failed: 0
======================================================

HTML report: (paste into browser to view) | Karate version: 1.5.0
file:///C:/Users/matia/Desktop/Nueva%20carpeta%20(3)/KarateLoyalty/target/karate-reports/karate-summary.html
===================================================================

]]></system-out>
  </testcase>
</testsuite>