<?xml version="1.0" encoding="UTF-8"?>
<testsuite xmlns:xsi="http://www.w3.org/2001/XMLSchema-instance" xsi:noNamespaceSchemaLocation="https://maven.apache.org/surefire/maven-surefire-plugin/xsd/surefire-test-report-3.0.xsd" version="3.0" name="examples.ExamplesTest" time="12.585" tests="1" errors="0" skipped="0" failures="0">
  <properties>
[...]
</properties>
  <testcase name="testParallel" classname="examples.ExamplesTest" time="12.544">
    <system-out><![CDATA[19:26:34.325 [main] DEBUG com.intuit.karate.Suite - [config] classpath:karate-config.js
19:26:34.369 [main] DEBUG com.intuit.karate.Suite - waiting for 9 features to complete
19:26:36.942 [pool-2-thread-5] INFO  com.intuit.karate - karate.env: dev 
19:26:36.942 [pool-2-thread-1] INFO  com.intuit.karate - karate.env: dev 
19:26:36.941 [pool-2-thread-4] INFO  com.intuit.karate - karate.env: dev 
19:26:36.942 [pool-2-thread-2] INFO  com.intuit.karate - karate.env: dev 
19:26:36.942 [pool-2-thread-3] INFO  com.intuit.karate - karate.env: dev 
19:26:37.884 [pool-2-thread-5] DEBUG com.intuit.karate - request:
1 > POST http://localhost:8081/api/v1/auth/login
1 > Content-Type: application/json; charset=UTF-8
1 > Content-Length: 42
1 > Host: localhost:8081
1 > Connection: Keep-Alive
1 > User-Agent: Apache-HttpClient/4.5.14 (Java/17.0.17)
1 > Accept-Encoding: gzip,deflate
{"username":"admin","password":"admin123"}

19:26:37.885 [pool-2-thread-2] DEBUG com.intuit.karate - request:
1 > POST http://localhost:8081/api/v1/auth/login
1 > Content-Type: application/json; charset=UTF-8
1 > Content-Length: 43
1 > Host: localhost:8081
1 > Connection: Keep-Alive
1 > User-Agent: Apache-HttpClient/4.5.14 (Java/17.0.17)
1 > Accept-Encoding: gzip,deflate
{"username":"admin","password":"wrongPass"}

19:26:37.886 [pool-2-thread-4] DEBUG com.intuit.karate - request:
1 > POST http://localhost:8081/api/v1/auth/login
1 > Content-Type: application/json; charset=UTF-8
1 > Content-Length: 29
1 > Host: localhost:8081
1 > Connection: Keep-Alive
1 > User-Agent: Apache-HttpClient/4.5.14 (Java/17.0.17)
1 > Accept-Encoding: gzip,deflate
{"username":"","password":""}

19:26:37.886 [pool-2-thread-3] DEBUG com.intuit.karate - request:
1 > POST http://localhost:8081/api/v1/auth/login
1 > Content-Type: application/json; charset=UTF-8
1 > Content-Length: 37
1 > Host: localhost:8081
1 > Connection: Keep-Alive
1 > User-Agent: Apache-HttpClient/4.5.14 (Java/17.0.17)
1 > Accept-Encoding: gzip,deflate
{"username":"","password":"admin123"}

19:26:37.886 [pool-2-thread-1] DEBUG com.intuit.karate - request:
1 > POST http://localhost:8081/api/v1/auth/login
1 > Content-Type: application/json; charset=UTF-8
1 > Content-Length: 42
1 > Host: localhost:8081
1 > Connection: Keep-Alive
1 > User-Agent: Apache-HttpClient/4.5.14 (Java/17.0.17)
1 > Accept-Encoding: gzip,deflate
{"username":"admin","password":"admin123"}

19:26:38.004 [pool-2-thread-4] DEBUG com.intuit.karate - response time in milliseconds: 115
1 < 400
1 < X-Correlation-Id: 58f7e931-6937-41b0-9827-fe1f52b0fe4c
1 < X-Content-Type-Options: nosniff
1 < X-XSS-Protection: 0
1 < Cache-Control: no-cache, no-store, max-age=0, must-revalidate
1 < Pragma: no-cache
1 < Expires: 0
1 < X-Frame-Options: DENY
1 < Content-Type: application/json
1 < Transfer-Encoding: chunked
1 < Date: Sat, 04 Apr 2026 22:26:37 GMT
1 < Connection: close
{"timestamp":"2026-04-04T22:26:37.983094200Z","status":400,"error":"Bad Request","code":"VALIDATION_ERROR","message":"Validation failed: username: username es obligatorio, password: password es obligatorio","path":"/api/v1/auth/login"}

19:26:38.004 [pool-2-thread-3] DEBUG com.intuit.karate - response time in milliseconds: 115
1 < 400
1 < X-Correlation-Id: 2ae39b09-d2e4-4440-bc17-83a950f2d0ec
1 < X-Content-Type-Options: nosniff
1 < X-XSS-Protection: 0
1 < Cache-Control: no-cache, no-store, max-age=0, must-revalidate
1 < Pragma: no-cache
1 < Expires: 0
1 < X-Frame-Options: DENY
1 < Content-Type: application/json
1 < Transfer-Encoding: chunked
1 < Date: Sat, 04 Apr 2026 22:26:37 GMT
1 < Connection: close
{"timestamp":"2026-04-04T22:26:37.980100200Z","status":400,"error":"Bad Request","code":"VALIDATION_ERROR","message":"Validation failed: username: username es obligatorio","path":"/api/v1/auth/login"}

19:26:38.075 [pool-2-thread-4] INFO  com.intuit.karate - karate.env: dev 
19:26:38.075 [pool-2-thread-3] INFO  com.intuit.karate - karate.env: dev 
19:26:38.085 [pool-2-thread-3] INFO  com.intuit.karate - >> lock acquired, begin callonce: read('classpath:common/login.feature') adminCredentials
19:26:38.097 [pool-2-thread-3] DEBUG com.intuit.karate - request:
1 > POST http://localhost:8081/api/v1/auth/login
1 > Content-Type: application/json; charset=UTF-8
1 > Content-Length: 42
1 > Host: localhost:8081
1 > Connection: Keep-Alive
1 > User-Agent: Apache-HttpClient/4.5.14 (Java/17.0.17)
1 > Accept-Encoding: gzip,deflate
{"username":"admin","password":"admin123"}

19:26:38.212 [pool-2-thread-5] DEBUG com.intuit.karate - response time in milliseconds: 325
1 < 200
1 < X-Correlation-Id: 4339c4d0-fa3e-48ac-8161-4b9608bffaa9
1 < X-Content-Type-Options: nosniff
1 < X-XSS-Protection: 0
1 < Cache-Control: no-cache, no-store, max-age=0, must-revalidate
1 < Pragma: no-cache
1 < Expires: 0
1 < X-Frame-Options: DENY
1 < Content-Type: application/json
1 < Transfer-Encoding: chunked
1 < Date: Sat, 04 Apr 2026 22:26:38 GMT
1 < Keep-Alive: timeout=60
1 < Connection: keep-alive
{"token":"eyJhbGciOiJIUzM4NCJ9.eyJzdWIiOiJhZG1pbiIsInVzZXJJZCI6IjNjYzljMmM3LWU1YTAtNDljOC1iOTU1LTZjMTY0MDdkMDczZCIsInJvbGUiOiJTVVBFUl9BRE1JTiIsImlhdCI6MTc3NTM0MTU5OCwiZXhwIjoxNzc1NDI3OTk4fQ.HE8GtTSC3nblU-XwvysQTg5h3T6CLX2fQix8Ok3t5In_o6VFuYOo5kC5BebxQSTm","tipo":"Bearer","username":"admin","role":"SUPER_ADMIN"}

19:26:38.218 [pool-2-thread-1] DEBUG com.intuit.karate - response time in milliseconds: 330
1 < 200
1 < X-Correlation-Id: 0f15ded9-f8d9-4706-9112-07301abfb8e5
1 < X-Content-Type-Options: nosniff
1 < X-XSS-Protection: 0
1 < Cache-Control: no-cache, no-store, max-age=0, must-revalidate
1 < Pragma: no-cache
1 < Expires: 0
1 < X-Frame-Options: DENY
1 < Content-Type: application/json
1 < Transfer-Encoding: chunked
1 < Date: Sat, 04 Apr 2026 22:26:38 GMT
1 < Keep-Alive: timeout=60
1 < Connection: keep-alive
{"token":"eyJhbGciOiJIUzM4NCJ9.eyJzdWIiOiJhZG1pbiIsInVzZXJJZCI6IjNjYzljMmM3LWU1YTAtNDljOC1iOTU1LTZjMTY0MDdkMDczZCIsInJvbGUiOiJTVVBFUl9BRE1JTiIsImlhdCI6MTc3NTM0MTU5OCwiZXhwIjoxNzc1NDI3OTk4fQ.HE8GtTSC3nblU-XwvysQTg5h3T6CLX2fQix8Ok3t5In_o6VFuYOo5kC5BebxQSTm","tipo":"Bearer","username":"admin","role":"SUPER_ADMIN"}

19:26:38.224 [pool-2-thread-2] DEBUG com.intuit.karate - response time in milliseconds: 337
1 < 401
1 < X-Correlation-Id: b2d84ea5-8509-4b2a-bf67-f953f1e23576
1 < X-Content-Type-Options: nosniff
1 < X-XSS-Protection: 0
1 < Cache-Control: no-cache, no-store, max-age=0, must-revalidate
1 < Pragma: no-cache
1 < Expires: 0
1 < X-Frame-Options: DENY
1 < Content-Type: application/json
1 < Transfer-Encoding: chunked
1 < Date: Sat, 04 Apr 2026 22:26:38 GMT
1 < Keep-Alive: timeout=60
1 < Connection: keep-alive
{"timestamp":"2026-04-04T22:26:38.221916800Z","status":401,"error":"Unauthorized","code":"UNAUTHORIZED","message":"Credenciales inválidas","path":"/api/v1/auth/login"}

19:26:38.234 [pool-2-thread-2] INFO  com.intuit.karate - karate.env: dev 
19:26:38.241 [pool-2-thread-1] INFO  com.intuit.karate - karate.env: dev 
19:26:38.292 [pool-2-thread-5] DEBUG com.intuit.karate - request:
1 > POST http://localhost:8081/api/v1/auth/logout
1 > Authorization: Bearer eyJhbGciOiJIUzM4NCJ9.eyJzdWIiOiJhZG1pbiIsInVzZXJJZCI6IjNjYzljMmM3LWU1YTAtNDljOC1iOTU1LTZjMTY0MDdkMDczZCIsInJvbGUiOiJTVVBFUl9BRE1JTiIsImlhdCI6MTc3NTM0MTU5OCwiZXhwIjoxNzc1NDI3OTk4fQ.HE8GtTSC3nblU-XwvysQTg5h3T6CLX2fQix8Ok3t5In_o6VFuYOo5kC5BebxQSTm
1 > Host: localhost:8081
1 > Connection: Keep-Alive
1 > User-Agent: Apache-HttpClient/4.5.14 (Java/17.0.17)
1 > Accept-Encoding: gzip,deflate


19:26:38.297 [pool-2-thread-3] DEBUG com.intuit.karate - response time in milliseconds: 198
1 < 200
1 < X-Correlation-Id: 4f8c7556-6b58-4247-a5b8-d8146fa36021
1 < X-Content-Type-Options: nosniff
1 < X-XSS-Protection: 0
1 < Cache-Control: no-cache, no-store, max-age=0, must-revalidate
1 < Pragma: no-cache
1 < Expires: 0
1 < X-Frame-Options: DENY
1 < Content-Type: application/json
1 < Transfer-Encoding: chunked
1 < Date: Sat, 04 Apr 2026 22:26:38 GMT
1 < Keep-Alive: timeout=60
1 < Connection: keep-alive
{"token":"eyJhbGciOiJIUzM4NCJ9.eyJzdWIiOiJhZG1pbiIsInVzZXJJZCI6IjNjYzljMmM3LWU1YTAtNDljOC1iOTU1LTZjMTY0MDdkMDczZCIsInJvbGUiOiJTVVBFUl9BRE1JTiIsImlhdCI6MTc3NTM0MTU5OCwiZXhwIjoxNzc1NDI3OTk4fQ.HE8GtTSC3nblU-XwvysQTg5h3T6CLX2fQix8Ok3t5In_o6VFuYOo5kC5BebxQSTm","tipo":"Bearer","username":"admin","role":"SUPER_ADMIN"}

19:26:38.303 [pool-2-thread-3] INFO  com.intuit.karate - << lock released, cached callonce: read('classpath:common/login.feature') adminCredentials
19:26:38.303 [pool-2-thread-1] WARN  com.intuit.karate - this thread waited 57 milliseconds for callonce lock: read('classpath:common/login.feature') adminCredentials
19:26:38.304 [pool-2-thread-2] WARN  com.intuit.karate - this thread waited 62 milliseconds for callonce lock: read('classpath:common/login.feature') adminCredentials
19:26:38.304 [pool-2-thread-4] WARN  com.intuit.karate - this thread waited 219 milliseconds for callonce lock: read('classpath:common/login.feature') adminCredentials
19:26:38.310 [pool-2-thread-5] DEBUG com.intuit.karate - response time in milliseconds: 18
1 < 204
1 < X-Correlation-Id: ebf6fd0e-a01c-4a83-8d7e-e841a90df1aa
1 < X-Content-Type-Options: nosniff
1 < X-XSS-Protection: 0
1 < Cache-Control: no-cache, no-store, max-age=0, must-revalidate
1 < Pragma: no-cache
1 < Expires: 0
1 < X-Frame-Options: DENY
1 < Date: Sat, 04 Apr 2026 22:26:38 GMT
1 < Keep-Alive: timeout=60
1 < Connection: keep-alive


19:26:38.315 [pool-2-thread-1] DEBUG com.intuit.karate - request:
1 > POST http://localhost:8081/api/v1/discount-config
1 > Authorization: Bearer eyJhbGciOiJIUzM4NCJ9.eyJzdWIiOiJhZG1pbiIsInVzZXJJZCI6IjNjYzljMmM3LWU1YTAtNDljOC1iOTU1LTZjMTY0MDdkMDczZCIsInJvbGUiOiJTVVBFUl9BRE1JTiIsImlhdCI6MTc3NTM0MTU5OCwiZXhwIjoxNzc1NDI3OTk4fQ.HE8GtTSC3nblU-XwvysQTg5h3T6CLX2fQix8Ok3t5In_o6VFuYOo5kC5BebxQSTm
1 > Content-Type: application/json; charset=UTF-8
1 > Content-Length: 203
1 > Host: localhost:8081
1 > Connection: Keep-Alive
1 > User-Agent: Apache-HttpClient/4.5.14 (Java/17.0.17)
1 > Accept-Encoding: gzip,deflate
{"ecommerceId":"550e8400-e29b-41d4-a716-446655440000","maxDiscountLimit":-5,"currencyCode":"USD","allowStacking":true,"roundingRule":"HALF_UP","capType":"PERCENTAGE","capValue":50,"capAppliesTo":"ORDER"}

19:26:38.315 [pool-2-thread-3] DEBUG com.intuit.karate - request:
1 > POST http://localhost:8081/api/v1/discount-config
1 > Authorization: Bearer eyJhbGciOiJIUzM4NCJ9.eyJzdWIiOiJhZG1pbiIsInVzZXJJZCI6IjNjYzljMmM3LWU1YTAtNDljOC1iOTU1LTZjMTY0MDdkMDczZCIsInJvbGUiOiJTVVBFUl9BRE1JTiIsImlhdCI6MTc3NTM0MTU5OCwiZXhwIjoxNzc1NDI3OTk4fQ.HE8GtTSC3nblU-XwvysQTg5h3T6CLX2fQix8Ok3t5In_o6VFuYOo5kC5BebxQSTm
1 > Content-Type: application/json; charset=UTF-8
1 > Content-Length: 202
1 > Host: localhost:8081
1 > Connection: Keep-Alive
1 > User-Agent: Apache-HttpClient/4.5.14 (Java/17.0.17)
1 > Accept-Encoding: gzip,deflate
{"ecommerceId":"550e8400-e29b-41d4-a716-446655440000","maxDiscountLimit":0,"currencyCode":"USD","allowStacking":true,"roundingRule":"HALF_UP","capType":"PERCENTAGE","capValue":50,"capAppliesTo":"ORDER"}

19:26:38.315 [pool-2-thread-2] DEBUG com.intuit.karate - request:
1 > POST http://localhost:8081/api/v1/discount-config
1 > Authorization: Bearer eyJhbGciOiJIUzM4NCJ9.eyJzdWIiOiJhZG1pbiIsInVzZXJJZCI6IjNjYzljMmM3LWU1YTAtNDljOC1iOTU1LTZjMTY0MDdkMDczZCIsInJvbGUiOiJTVVBFUl9BRE1JTiIsImlhdCI6MTc3NTM0MTU5OCwiZXhwIjoxNzc1NDI3OTk4fQ.HE8GtTSC3nblU-XwvysQTg5h3T6CLX2fQix8Ok3t5In_o6VFuYOo5kC5BebxQSTm
1 > Content-Type: application/json; charset=UTF-8
1 > Content-Length: 186
1 > Host: localhost:8081
1 > Connection: Keep-Alive
1 > User-Agent: Apache-HttpClient/4.5.14 (Java/17.0.17)
1 > Accept-Encoding: gzip,deflate
{"ecommerceId":"invalid-uuid-format","maxDiscountLimit":20,"currencyCode":"USD","allowStacking":true,"roundingRule":"HALF_UP","capType":"PERCENTAGE","capValue":50,"capAppliesTo":"ORDER"}

19:26:38.315 [pool-2-thread-4] DEBUG com.intuit.karate - request:
1 > POST http://localhost:8081/api/v1/discount-config
1 > Authorization: Bearer eyJhbGciOiJIUzM4NCJ9.eyJzdWIiOiJhZG1pbiIsInVzZXJJZCI6IjNjYzljMmM3LWU1YTAtNDljOC1iOTU1LTZjMTY0MDdkMDczZCIsInJvbGUiOiJTVVBFUl9BRE1JTiIsImlhdCI6MTc3NTM0MTU5OCwiZXhwIjoxNzc1NDI3OTk4fQ.HE8GtTSC3nblU-XwvysQTg5h3T6CLX2fQix8Ok3t5In_o6VFuYOo5kC5BebxQSTm
1 > Content-Type: application/json; charset=UTF-8
1 > Content-Length: 203
1 > Host: localhost:8081
1 > Connection: Keep-Alive
1 > User-Agent: Apache-HttpClient/4.5.14 (Java/17.0.17)
1 > Accept-Encoding: gzip,deflate
{"ecommerceId":"550e8400-e29b-41d4-a716-446655440001","maxDiscountLimit":20,"currencyCode":"USD","allowStacking":true,"roundingRule":"HALF_UP","capType":"PERCENTAGE","capValue":50,"capAppliesTo":"ORDER"}

19:26:38.316 [pool-2-thread-5] INFO  com.intuit.karate - karate.env: dev 
19:26:38.323 [pool-2-thread-5] INFO  com.intuit.karate - >> lock acquired, begin callonce: read('classpath:common/create-api-key.feature')
19:26:38.337 [pool-2-thread-5] DEBUG com.intuit.karate - request:
1 > POST http://localhost:8081/api/v1/auth/login
1 > Content-Type: application/json; charset=UTF-8
1 > Content-Length: 42
1 > Host: localhost:8081
1 > Connection: Keep-Alive
1 > User-Agent: Apache-HttpClient/4.5.14 (Java/17.0.17)
1 > Accept-Encoding: gzip,deflate
{"username":"admin","password":"admin123"}

19:26:38.369 [pool-2-thread-3] DEBUG com.intuit.karate - response time in milliseconds: 54
1 < 400
1 < X-Correlation-Id: 26e2c114-208e-40e6-ac21-0ea373cb98a0
1 < X-Content-Type-Options: nosniff
1 < X-XSS-Protection: 0
1 < Cache-Control: no-cache, no-store, max-age=0, must-revalidate
1 < Pragma: no-cache
1 < Expires: 0
1 < X-Frame-Options: DENY
1 < Content-Type: application/json
1 < Transfer-Encoding: chunked
1 < Date: Sat, 04 Apr 2026 22:26:38 GMT
1 < Connection: close
{"timestamp":"2026-04-04T22:26:38.364263500Z","status":400,"error":"Bad Request","code":"BAD_REQUEST","message":"maxDiscountLimit debe ser un valor positivo mayor a cero","path":"/api/v1/discount-config"}

19:26:38.377 [pool-2-thread-3] INFO  com.intuit.karate - karate.env: dev 
19:26:38.382 [pool-2-thread-2] DEBUG com.intuit.karate - response time in milliseconds: 67
1 < 500
1 < X-Correlation-Id: f21fa1ce-5024-4a19-b744-cc6371837362
1 < X-Content-Type-Options: nosniff
1 < X-XSS-Protection: 0
1 < Cache-Control: no-cache, no-store, max-age=0, must-revalidate
1 < Pragma: no-cache
1 < Expires: 0
1 < X-Frame-Options: DENY
1 < Content-Type: application/json
1 < Transfer-Encoding: chunked
1 < Date: Sat, 04 Apr 2026 22:26:38 GMT
1 < Connection: close
{"timestamp":"2026-04-04T22:26:38.375262Z","status":500,"error":"Internal Server Error","code":"INTERNAL_ERROR","message":"JSON parse error: Cannot deserialize value of type `java.util.UUID` from String \"invalid-uuid-format\": UUID has to be represented by standard 36-char representation","path":"/api/v1/discount-config"}

19:26:38.388 [pool-2-thread-2] INFO  com.intuit.karate - karate.env: dev 
19:26:38.394 [pool-2-thread-1] DEBUG com.intuit.karate - response time in milliseconds: 79
1 < 400
1 < X-Correlation-Id: 0527e46f-843f-450a-90bc-78291e4648ee
1 < X-Content-Type-Options: nosniff
1 < X-XSS-Protection: 0
1 < Cache-Control: no-cache, no-store, max-age=0, must-revalidate
1 < Pragma: no-cache
1 < Expires: 0
1 < X-Frame-Options: DENY
1 < Content-Type: application/json
1 < Transfer-Encoding: chunked
1 < Date: Sat, 04 Apr 2026 22:26:38 GMT
1 < Connection: close
{"timestamp":"2026-04-04T22:26:38.387462200Z","status":400,"error":"Bad Request","code":"BAD_REQUEST","message":"maxDiscountLimit debe ser un valor positivo mayor a cero","path":"/api/v1/discount-config"}

19:26:38.396 [pool-2-thread-2] INFO  com.intuit.karate - >> lock acquired, begin callonce: read('classpath:common/create-api-key.feature')
19:26:38.402 [pool-2-thread-1] INFO  com.intuit.karate - karate.env: dev 
19:26:38.417 [pool-2-thread-2] DEBUG com.intuit.karate - request:
1 > POST http://localhost:8081/api/v1/auth/login
1 > Content-Type: application/json; charset=UTF-8
1 > Content-Length: 42
1 > Host: localhost:8081
1 > Connection: Keep-Alive
1 > User-Agent: Apache-HttpClient/4.5.14 (Java/17.0.17)
1 > Accept-Encoding: gzip,deflate
{"username":"admin","password":"admin123"}

19:26:38.418 [pool-2-thread-4] DEBUG com.intuit.karate - response time in milliseconds: 101
1 < 500
1 < X-Correlation-Id: 7416021c-c4a7-4608-b275-d514b45613a8
1 < X-Content-Type-Options: nosniff
1 < X-XSS-Protection: 0
1 < Cache-Control: no-cache, no-store, max-age=0, must-revalidate
1 < Pragma: no-cache
1 < Expires: 0
1 < X-Frame-Options: DENY
1 < Content-Type: application/json
1 < Transfer-Encoding: chunked
1 < Date: Sat, 04 Apr 2026 22:26:38 GMT
1 < Connection: close
{"timestamp":"2026-04-04T22:26:38.413755100Z","status":500,"error":"Internal Server Error","code":"INTERNAL_ERROR","message":"could not execute statement [ERROR: duplicate key value violates unique constraint \"idx_discount_settings_ecommerce_active\"\n  Detail: Key (ecommerce_id)=(550e8400-e29b-41d4-a716-446655440001) already exists.] [insert into discount_settings (allow_stacking,created_at,currency_code,ecommerce_id,is_active,max_discount_cap,rounding_rule,updated_at,version,id) values (?,?,?,?,?,?,?,?,?,?)]; SQL [insert into discount_settings (allow_stacking,created_at,currency_code,ecommerce_id,is_active,max_discount_cap,rounding_rule,updated_at,version,id) values (?,?,?,?,?,?,?,?,?,?)]; constraint [idx_discount_settings_ecommerce_active]","path":"/api/v1/discount-config"}

19:26:38.470 [pool-2-thread-4] DEBUG com.intuit.karate - request:
2 > GET http://localhost:8081/api/v1/discount-config?ecommerceId=550e8400-e29b-41d4-a716-446655440001
2 > Authorization: Bearer eyJhbGciOiJIUzM4NCJ9.eyJzdWIiOiJhZG1pbiIsInVzZXJJZCI6IjNjYzljMmM3LWU1YTAtNDljOC1iOTU1LTZjMTY0MDdkMDczZCIsInJvbGUiOiJTVVBFUl9BRE1JTiIsImlhdCI6MTc3NTM0MTU5OCwiZXhwIjoxNzc1NDI3OTk4fQ.HE8GtTSC3nblU-XwvysQTg5h3T6CLX2fQix8Ok3t5In_o6VFuYOo5kC5BebxQSTm
2 > Host: localhost:8081
2 > Connection: Keep-Alive
2 > User-Agent: Apache-HttpClient/4.5.14 (Java/17.0.17)
2 > Accept-Encoding: gzip,deflate


19:26:38.526 [pool-2-thread-4] DEBUG com.intuit.karate - response time in milliseconds: 54
2 < 200
2 < X-Correlation-Id: 7761eb50-779f-428f-9e88-06468ee760ba
2 < X-Content-Type-Options: nosniff
2 < X-XSS-Protection: 0
2 < Cache-Control: no-cache, no-store, max-age=0, must-revalidate
2 < Pragma: no-cache
2 < Expires: 0
2 < X-Frame-Options: DENY
2 < Content-Type: application/json
2 < Transfer-Encoding: chunked
2 < Date: Sat, 04 Apr 2026 22:26:38 GMT
2 < Keep-Alive: timeout=60
2 < Connection: keep-alive
{"uid":"371affea-e1ae-4585-b01b-199c8efbd2a9","ecommerceId":"550e8400-e29b-41d4-a716-446655440001","maxDiscountLimit":"20.0000","currencyCode":"USD","isActive":true,"createdAt":"2026-04-04T21:44:57.487135Z","updatedAt":"2026-04-04T21:44:57.487135Z"}

19:26:38.540 [pool-2-thread-4] INFO  com.intuit.karate - karate.env: dev 
19:26:38.564 [pool-2-thread-5] DEBUG com.intuit.karate - response time in milliseconds: 226
1 < 200
1 < X-Correlation-Id: 20c9bce1-c461-43d5-a74e-b3363e2b384c
1 < X-Content-Type-Options: nosniff
1 < X-XSS-Protection: 0
1 < Cache-Control: no-cache, no-store, max-age=0, must-revalidate
1 < Pragma: no-cache
1 < Expires: 0
1 < X-Frame-Options: DENY
1 < Content-Type: application/json
1 < Transfer-Encoding: chunked
1 < Date: Sat, 04 Apr 2026 22:26:38 GMT
1 < Keep-Alive: timeout=60
1 < Connection: keep-alive
{"token":"eyJhbGciOiJIUzM4NCJ9.eyJzdWIiOiJhZG1pbiIsInVzZXJJZCI6IjNjYzljMmM3LWU1YTAtNDljOC1iOTU1LTZjMTY0MDdkMDczZCIsInJvbGUiOiJTVVBFUl9BRE1JTiIsImlhdCI6MTc3NTM0MTU5OCwiZXhwIjoxNzc1NDI3OTk4fQ.HE8GtTSC3nblU-XwvysQTg5h3T6CLX2fQix8Ok3t5In_o6VFuYOo5kC5BebxQSTm","tipo":"Bearer","username":"admin","role":"SUPER_ADMIN"}

19:26:38.576 [pool-2-thread-5] DEBUG com.intuit.karate - request:
1 > POST http://localhost:8081/api/v1/ecommerces/550e8400-e29b-41d4-a716-446655440000/api-keys
1 > Authorization: Bearer eyJhbGciOiJIUzM4NCJ9.eyJzdWIiOiJhZG1pbiIsInVzZXJJZCI6IjNjYzljMmM3LWU1YTAtNDljOC1iOTU1LTZjMTY0MDdkMDczZCIsInJvbGUiOiJTVVBFUl9BRE1JTiIsImlhdCI6MTc3NTM0MTU5OCwiZXhwIjoxNzc1NDI3OTk4fQ.HE8GtTSC3nblU-XwvysQTg5h3T6CLX2fQix8Ok3t5In_o6VFuYOo5kC5BebxQSTm
1 > Content-Type: application/json; charset=UTF-8
1 > Content-Length: 2
1 > Host: localhost:8081
1 > Connection: Keep-Alive
1 > User-Agent: Apache-HttpClient/4.5.14 (Java/17.0.17)
1 > Accept-Encoding: gzip,deflate
{}

19:26:38.603 [pool-2-thread-2] DEBUG com.intuit.karate - response time in milliseconds: 185
1 < 200
1 < X-Correlation-Id: 2232b8c8-e492-4213-b011-4a0f51a8e853
1 < X-Content-Type-Options: nosniff
1 < X-XSS-Protection: 0
1 < Cache-Control: no-cache, no-store, max-age=0, must-revalidate
1 < Pragma: no-cache
1 < Expires: 0
1 < X-Frame-Options: DENY
1 < Content-Type: application/json
1 < Transfer-Encoding: chunked
1 < Date: Sat, 04 Apr 2026 22:26:38 GMT
1 < Keep-Alive: timeout=60
1 < Connection: keep-alive
{"token":"eyJhbGciOiJIUzM4NCJ9.eyJzdWIiOiJhZG1pbiIsInVzZXJJZCI6IjNjYzljMmM3LWU1YTAtNDljOC1iOTU1LTZjMTY0MDdkMDczZCIsInJvbGUiOiJTVVBFUl9BRE1JTiIsImlhdCI6MTc3NTM0MTU5OCwiZXhwIjoxNzc1NDI3OTk4fQ.HE8GtTSC3nblU-XwvysQTg5h3T6CLX2fQix8Ok3t5In_o6VFuYOo5kC5BebxQSTm","tipo":"Bearer","username":"admin","role":"SUPER_ADMIN"}

19:26:38.614 [pool-2-thread-2] DEBUG com.intuit.karate - request:
1 > POST http://localhost:8081/api/v1/ecommerces/550e8400-e29b-41d4-a716-446655440000/api-keys
1 > Authorization: Bearer eyJhbGciOiJIUzM4NCJ9.eyJzdWIiOiJhZG1pbiIsInVzZXJJZCI6IjNjYzljMmM3LWU1YTAtNDljOC1iOTU1LTZjMTY0MDdkMDczZCIsInJvbGUiOiJTVVBFUl9BRE1JTiIsImlhdCI6MTc3NTM0MTU5OCwiZXhwIjoxNzc1NDI3OTk4fQ.HE8GtTSC3nblU-XwvysQTg5h3T6CLX2fQix8Ok3t5In_o6VFuYOo5kC5BebxQSTm
1 > Content-Type: application/json; charset=UTF-8
1 > Content-Length: 2
1 > Host: localhost:8081
1 > Connection: Keep-Alive
1 > User-Agent: Apache-HttpClient/4.5.14 (Java/17.0.17)
1 > Accept-Encoding: gzip,deflate
{}

19:26:38.646 [pool-2-thread-5] DEBUG com.intuit.karate - response time in milliseconds: 69
1 < 201
1 < X-Correlation-Id: 911810bd-9be6-49eb-8462-4cb656d9372e
1 < X-Content-Type-Options: nosniff
1 < X-XSS-Protection: 0
1 < Cache-Control: no-cache, no-store, max-age=0, must-revalidate
1 < Pragma: no-cache
1 < Expires: 0
1 < X-Frame-Options: DENY
1 < Content-Type: application/json
1 < Transfer-Encoding: chunked
1 < Date: Sat, 04 Apr 2026 22:26:38 GMT
1 < Keep-Alive: timeout=60
1 < Connection: keep-alive
{"uid":"fd141b96-59e8-4dd1-9dad-da018be23c96","key":"e2a78582-1bde-4f08-87f0-9909cdea153d","expiresAt":"2027-04-04T22:26:38.614679400Z","ecommerceId":"550e8400-e29b-41d4-a716-446655440000","createdAt":"2026-04-04T22:26:38.614679400Z","updatedAt":"2026-04-04T22:26:38.614679400Z"}

19:26:38.649 [pool-2-thread-5] INFO  com.intuit.karate - << lock released, cached callonce: read('classpath:common/create-api-key.feature')
19:26:38.651 [pool-2-thread-3] WARN  com.intuit.karate - this thread waited 264 milliseconds for callonce lock: read('classpath:common/create-api-key.feature')
19:26:38.658 [pool-2-thread-5] DEBUG com.intuit.karate - request:
1 > POST http://localhost:8082/api/v1/discounts/calculate
1 > x-api-key: e2a78582-1bde-4f08-87f0-9909cdea153d
1 > Content-Type: application/json; charset=UTF-8
1 > Content-Length: 261
1 > Host: localhost:8082
1 > Connection: Keep-Alive
1 > User-Agent: Apache-HttpClient/4.5.14 (Java/17.0.17)
1 > Accept-Encoding: gzip,deflate
{"ecommerceId":"550e8400-e29b-41d4-a716-446655440000","subtotal":1500.0,"total":1650.0,"beforeTax":1500.0,"afterTax":1650.0,"totalSpent":1500.0,"orderCount":25,"loyaltyPoints":0,"discounts":[{"type":"LOYALTY","amount":150.0},{"type":"SEASONAL","amount":100.0}]}

19:26:38.664 [pool-2-thread-3] DEBUG com.intuit.karate - request:
1 > POST http://localhost:8082/api/v1/discounts/calculate
1 > x-api-key: INVALID-KEY-000
1 > Content-Type: application/json; charset=UTF-8
1 > Content-Length: 261
1 > Host: localhost:8082
1 > Connection: Keep-Alive
1 > User-Agent: Apache-HttpClient/4.5.14 (Java/17.0.17)
1 > Accept-Encoding: gzip,deflate
{"ecommerceId":"550e8400-e29b-41d4-a716-446655440000","subtotal":1500.0,"total":1650.0,"beforeTax":1500.0,"afterTax":1650.0,"totalSpent":1500.0,"orderCount":25,"loyaltyPoints":0,"discounts":[{"type":"LOYALTY","amount":150.0},{"type":"SEASONAL","amount":100.0}]}

19:26:38.674 [pool-2-thread-3] DEBUG com.intuit.karate - response time in milliseconds: 8
1 < 401
1 < X-Content-Type-Options: nosniff
1 < X-XSS-Protection: 0
1 < Cache-Control: no-cache, no-store, max-age=0, must-revalidate
1 < Pragma: no-cache
1 < Expires: 0
1 < X-Frame-Options: DENY
1 < Content-Type: application/json;charset=ISO-8859-1
1 < Content-Length: 40
1 < Date: Sat, 04 Apr 2026 22:26:38 GMT
1 < Keep-Alive: timeout=60
1 < Connection: keep-alive
{"error": "API Key inv�lida o expirada"}

19:26:38.683 [pool-2-thread-5] DEBUG com.intuit.karate - response time in milliseconds: 23
1 < 200
1 < X-Correlation-Id: 3169d4ce-2f14-4901-8686-c161fb9afc92
1 < X-Content-Type-Options: nosniff
1 < X-XSS-Protection: 0
1 < Cache-Control: no-cache, no-store, max-age=0, must-revalidate
1 < Pragma: no-cache
1 < Expires: 0
1 < X-Frame-Options: DENY
1 < Content-Type: application/json
1 < Transfer-Encoding: chunked
1 < Date: Sat, 04 Apr 2026 22:26:38 GMT
1 < Keep-Alive: timeout=60
1 < Connection: keep-alive
{"ecommerceId":"550e8400-e29b-41d4-a716-446655440000","currency":"COP","roundingRule":"HALF_UP","totalRequested":0.00,"capAmount":null,"totalApplied":0.00,"capped":false,"appliedDiscounts":[],"classification":{"tierUid":"550e8400-e29b-41d4-a716-446655440003","tierName":"Gold","tierLevel":3,"classificationReason":"Qualified for Gold"},"calculatedAt":1775341598.677739500}

19:26:38.686 [pool-2-thread-2] DEBUG com.intuit.karate - response time in milliseconds: 72
1 < 201
1 < X-Correlation-Id: 52085466-d83d-4859-acee-a49998e93f51
1 < X-Content-Type-Options: nosniff
1 < X-XSS-Protection: 0
1 < Cache-Control: no-cache, no-store, max-age=0, must-revalidate
1 < Pragma: no-cache
1 < Expires: 0
1 < X-Frame-Options: DENY
1 < Content-Type: application/json
1 < Transfer-Encoding: chunked
1 < Date: Sat, 04 Apr 2026 22:26:38 GMT
1 < Keep-Alive: timeout=60
1 < Connection: keep-alive
{"uid":"ea9e44e2-a0a0-426b-b770-b409e1fe3372","key":"a863e03b-702c-4b38-a1d3-16438f6d3115","expiresAt":"2027-04-04T22:26:38.666805500Z","ecommerceId":"550e8400-e29b-41d4-a716-446655440000","createdAt":"2026-04-04T22:26:38.666805500Z","updatedAt":"2026-04-04T22:26:38.666805500Z"}

19:26:38.689 [pool-2-thread-2] INFO  com.intuit.karate - << lock released, cached callonce: read('classpath:common/create-api-key.feature')
19:26:38.689 [pool-2-thread-4] WARN  com.intuit.karate - this thread waited 144 milliseconds for callonce lock: read('classpath:common/create-api-key.feature')
19:26:38.690 [pool-2-thread-1] WARN  com.intuit.karate - this thread waited 278 milliseconds for callonce lock: read('classpath:common/create-api-key.feature')
19:26:38.690 [pool-2-thread-5] INFO  com.intuit.karate - karate.env: dev 
19:26:38.690 [pool-2-thread-3] INFO  com.intuit.karate - karate.env: dev 
19:26:38.725 [pool-2-thread-2] DEBUG com.intuit.karate - request:
1 > POST http://localhost:8082/api/v1/discounts/calculate
1 > x-api-key: a863e03b-702c-4b38-a1d3-16438f6d3115
1 > Content-Type: application/json; charset=UTF-8
1 > Content-Length: 256
1 > Host: localhost:8082
1 > Connection: Keep-Alive
1 > User-Agent: Apache-HttpClient/4.5.14 (Java/17.0.17)
1 > Accept-Encoding: gzip,deflate
{"ecommerceId":"550e8400-e29b-41d4-a716-446655440000","subtotal":1500.0,"total":1650.0,"beforeTax":1500.0,"afterTax":1650.0,"totalSpent":50,"orderCount":2,"loyaltyPoints":0,"discounts":[{"type":"LOYALTY","amount":150.0},{"type":"SEASONAL","amount":100.0}]}

19:26:38.725 [pool-2-thread-3] DEBUG com.intuit.karate - request:
1 > POST http://localhost:8082/api/v1/discounts/calculate
1 > x-api-key: a863e03b-702c-4b38-a1d3-16438f6d3115
1 > Content-Type: application/json; charset=UTF-8
1 > Content-Length: 257
1 > Host: localhost:8082
1 > Connection: Keep-Alive
1 > User-Agent: Apache-HttpClient/4.5.14 (Java/17.0.17)
1 > Accept-Encoding: gzip,deflate
{"ecommerceId":"550e8400-e29b-41d4-a716-446655440000","subtotal":1500.0,"total":1650.0,"beforeTax":1500.0,"afterTax":1650.0,"totalSpent":400,"orderCount":5,"loyaltyPoints":0,"discounts":[{"type":"LOYALTY","amount":150.0},{"type":"SEASONAL","amount":100.0}]}

19:26:38.725 [pool-2-thread-5] DEBUG com.intuit.karate - request:
1 > POST http://localhost:8082/api/v1/discounts/calculate
1 > x-api-key: a863e03b-702c-4b38-a1d3-16438f6d3115
1 > Content-Type: application/json; charset=UTF-8
1 > Content-Length: 259
1 > Host: localhost:8082
1 > Connection: Keep-Alive
1 > User-Agent: Apache-HttpClient/4.5.14 (Java/17.0.17)
1 > Accept-Encoding: gzip,deflate
{"ecommerceId":"550e8400-e29b-41d4-a716-446655440000","subtotal":1500.0,"total":1650.0,"beforeTax":1500.0,"afterTax":1650.0,"totalSpent":1500,"orderCount":25,"loyaltyPoints":0,"discounts":[{"type":"LOYALTY","amount":150.0},{"type":"SEASONAL","amount":100.0}]}

19:26:38.726 [pool-2-thread-4] DEBUG com.intuit.karate - request:
1 > POST http://localhost:8082/api/v1/discounts/calculate
1 > x-api-key: a863e03b-702c-4b38-a1d3-16438f6d3115
1 > Content-Type: application/json; charset=UTF-8
1 > Content-Length: 258
1 > Host: localhost:8082
1 > Connection: Keep-Alive
1 > User-Agent: Apache-HttpClient/4.5.14 (Java/17.0.17)
1 > Accept-Encoding: gzip,deflate
{"ecommerceId":"550e8400-e29b-41d4-a716-446655440000","subtotal":1500.0,"total":1650.0,"beforeTax":1500.0,"afterTax":1650.0,"totalSpent":300,"orderCount":10,"loyaltyPoints":0,"discounts":[{"type":"LOYALTY","amount":150.0},{"type":"SEASONAL","amount":100.0}]}

19:26:38.726 [pool-2-thread-1] DEBUG com.intuit.karate - request:
1 > POST http://localhost:8082/api/v1/discounts/calculate
1 > x-api-key: a863e03b-702c-4b38-a1d3-16438f6d3115
1 > Content-Type: application/json; charset=UTF-8
1 > Content-Length: 256
1 > Host: localhost:8082
1 > Connection: Keep-Alive
1 > User-Agent: Apache-HttpClient/4.5.14 (Java/17.0.17)
1 > Accept-Encoding: gzip,deflate
{"ecommerceId":"550e8400-e29b-41d4-a716-446655440000","subtotal":1500.0,"total":1650.0,"beforeTax":1500.0,"afterTax":1650.0,"totalSpent":99,"orderCount":0,"loyaltyPoints":0,"discounts":[{"type":"LOYALTY","amount":150.0},{"type":"SEASONAL","amount":100.0}]}

19:26:38.748 [pool-2-thread-5] DEBUG com.intuit.karate - response time in milliseconds: 23
1 < 200
1 < X-Correlation-Id: f3e61f3e-377c-44c9-ae16-97c8c18579e5
1 < X-Content-Type-Options: nosniff
1 < X-XSS-Protection: 0
1 < Cache-Control: no-cache, no-store, max-age=0, must-revalidate
1 < Pragma: no-cache
1 < Expires: 0
1 < X-Frame-Options: DENY
1 < Content-Type: application/json
1 < Transfer-Encoding: chunked
1 < Date: Sat, 04 Apr 2026 22:26:38 GMT
1 < Keep-Alive: timeout=60
1 < Connection: keep-alive
{"ecommerceId":"550e8400-e29b-41d4-a716-446655440000","currency":"COP","roundingRule":"HALF_UP","totalRequested":0.00,"capAmount":null,"totalApplied":0.00,"capped":false,"appliedDiscounts":[],"classification":{"tierUid":"550e8400-e29b-41d4-a716-446655440003","tierName":"Gold","tierLevel":3,"classificationReason":"Qualified for Gold"},"calculatedAt":1775341598.742712700}

19:26:38.748 [pool-2-thread-1] DEBUG com.intuit.karate - response time in milliseconds: 22
1 < 200
1 < X-Correlation-Id: 047eb789-9833-4950-9bc0-789775dbdc58
1 < X-Content-Type-Options: nosniff
1 < X-XSS-Protection: 0
1 < Cache-Control: no-cache, no-store, max-age=0, must-revalidate
1 < Pragma: no-cache
1 < Expires: 0
1 < X-Frame-Options: DENY
1 < Content-Type: application/json
1 < Transfer-Encoding: chunked
1 < Date: Sat, 04 Apr 2026 22:26:38 GMT
1 < Keep-Alive: timeout=60
1 < Connection: keep-alive
{"ecommerceId":"550e8400-e29b-41d4-a716-446655440000","currency":"COP","roundingRule":"HALF_UP","totalRequested":0.00,"capAmount":null,"totalApplied":0.00,"capped":false,"appliedDiscounts":[],"classification":{"tierUid":"550e8400-e29b-41d4-a716-446655440001","tierName":"Bronze","tierLevel":1,"classificationReason":"Qualified for Bronze"},"calculatedAt":1775341598.741589100}

19:26:38.748 [pool-2-thread-2] DEBUG com.intuit.karate - response time in milliseconds: 23
1 < 200
1 < X-Correlation-Id: 85ecabc9-fe96-4cad-aa01-fd7dbbeeb756
1 < X-Content-Type-Options: nosniff
1 < X-XSS-Protection: 0
1 < Cache-Control: no-cache, no-store, max-age=0, must-revalidate
1 < Pragma: no-cache
1 < Expires: 0
1 < X-Frame-Options: DENY
1 < Content-Type: application/json
1 < Transfer-Encoding: chunked
1 < Date: Sat, 04 Apr 2026 22:26:38 GMT
1 < Keep-Alive: timeout=60
1 < Connection: keep-alive
{"ecommerceId":"550e8400-e29b-41d4-a716-446655440000","currency":"COP","roundingRule":"HALF_UP","totalRequested":0.00,"capAmount":null,"totalApplied":0.00,"capped":false,"appliedDiscounts":[],"classification":{"tierUid":"550e8400-e29b-41d4-a716-446655440001","tierName":"Bronze","tierLevel":1,"classificationReason":"Qualified for Bronze"},"calculatedAt":1775341598.744725600}

19:26:38.748 [pool-2-thread-4] DEBUG com.intuit.karate - response time in milliseconds: 21
1 < 200
1 < X-Correlation-Id: a691901a-31a3-437b-8686-c954039cf677
1 < X-Content-Type-Options: nosniff
1 < X-XSS-Protection: 0
1 < Cache-Control: no-cache, no-store, max-age=0, must-revalidate
1 < Pragma: no-cache
1 < Expires: 0
1 < X-Frame-Options: DENY
1 < Content-Type: application/json
1 < Transfer-Encoding: chunked
1 < Date: Sat, 04 Apr 2026 22:26:38 GMT
1 < Keep-Alive: timeout=60
1 < Connection: keep-alive
{"ecommerceId":"550e8400-e29b-41d4-a716-446655440000","currency":"COP","roundingRule":"HALF_UP","totalRequested":0.00,"capAmount":null,"totalApplied":0.00,"capped":false,"appliedDiscounts":[],"classification":{"tierUid":"550e8400-e29b-41d4-a716-446655440002","tierName":"Silver","tierLevel":2,"classificationReason":"Qualified for Silver"},"calculatedAt":1775341598.744725600}

19:26:38.749 [pool-2-thread-3] DEBUG com.intuit.karate - response time in milliseconds: 23
1 < 200
1 < X-Correlation-Id: 0874fb17-8ad7-46a5-acf3-da1a25b93663
1 < X-Content-Type-Options: nosniff
1 < X-XSS-Protection: 0
1 < Cache-Control: no-cache, no-store, max-age=0, must-revalidate
1 < Pragma: no-cache
1 < Expires: 0
1 < X-Frame-Options: DENY
1 < Content-Type: application/json
1 < Transfer-Encoding: chunked
1 < Date: Sat, 04 Apr 2026 22:26:38 GMT
1 < Keep-Alive: timeout=60
1 < Connection: keep-alive
{"ecommerceId":"550e8400-e29b-41d4-a716-446655440000","currency":"COP","roundingRule":"HALF_UP","totalRequested":0.00,"capAmount":null,"totalApplied":0.00,"capped":false,"appliedDiscounts":[],"classification":{"tierUid":"550e8400-e29b-41d4-a716-446655440002","tierName":"Silver","tierLevel":2,"classificationReason":"Qualified for Silver"},"calculatedAt":1775341598.746151800}

19:26:38.756 [pool-2-thread-1] INFO  com.intuit.karate - karate.env: dev 
19:26:38.756 [pool-2-thread-5] INFO  com.intuit.karate - karate.env: dev 
19:26:38.756 [pool-2-thread-2] INFO  com.intuit.karate - karate.env: dev 
19:26:38.756 [pool-2-thread-3] INFO  com.intuit.karate - karate.env: dev 
19:26:38.759 [pool-2-thread-4] INFO  com.intuit.karate - karate.env: dev 
19:26:38.769 [pool-2-thread-4] DEBUG com.intuit.karate - request:
1 > POST http://localhost:8082/api/v1/discounts/calculate
1 > x-api-key: a863e03b-702c-4b38-a1d3-16438f6d3115
1 > Content-Type: application/json; charset=UTF-8
1 > Content-Length: 17
1 > Host: localhost:8082
1 > Connection: Keep-Alive
1 > User-Agent: Apache-HttpClient/4.5.14 (Java/17.0.17)
1 > Accept-Encoding: gzip,deflate
{"orderCount":10}

19:26:38.769 [pool-2-thread-3] DEBUG com.intuit.karate - request:
1 > POST http://localhost:8082/api/v1/discounts/calculate
1 > x-api-key: a863e03b-702c-4b38-a1d3-16438f6d3115
1 > Content-Type: application/json; charset=UTF-8
1 > Content-Length: 259
1 > Host: localhost:8082
1 > Connection: Keep-Alive
1 > User-Agent: Apache-HttpClient/4.5.14 (Java/17.0.17)
1 > Accept-Encoding: gzip,deflate
{"ecommerceId":"550e8400-e29b-41d4-a716-446655440000","subtotal":1500.0,"total":1650.0,"beforeTax":1500.0,"afterTax":1650.0,"totalSpent":1000,"orderCount":50,"loyaltyPoints":0,"discounts":[{"type":"LOYALTY","amount":150.0},{"type":"SEASONAL","amount":100.0}]}

19:26:38.771 [pool-2-thread-2] DEBUG com.intuit.karate - request:
1 > POST http://localhost:8082/api/v1/discounts/calculate
1 > x-api-key: a863e03b-702c-4b38-a1d3-16438f6d3115
1 > Content-Type: application/json; charset=UTF-8
1 > Content-Length: 54
1 > Host: localhost:8082
1 > Connection: Keep-Alive
1 > User-Agent: Apache-HttpClient/4.5.14 (Java/17.0.17)
1 > Accept-Encoding: gzip,deflate
{"ecommerceId":"550e8400-e29b-41d4-a716-446655440000"}

19:26:38.771 [pool-2-thread-5] DEBUG com.intuit.karate - request:
1 > POST http://localhost:8082/api/v1/discounts/calculate
1 > x-api-key: a863e03b-702c-4b38-a1d3-16438f6d3115
1 > Content-Type: application/json; charset=UTF-8
1 > Content-Length: 259
1 > Host: localhost:8082
1 > Connection: Keep-Alive
1 > User-Agent: Apache-HttpClient/4.5.14 (Java/17.0.17)
1 > Accept-Encoding: gzip,deflate
{"ecommerceId":"550e8400-e29b-41d4-a716-446655440000","subtotal":1500.0,"total":1650.0,"beforeTax":1500.0,"afterTax":1650.0,"totalSpent":3000,"orderCount":60,"loyaltyPoints":0,"discounts":[{"type":"LOYALTY","amount":150.0},{"type":"SEASONAL","amount":100.0}]}

19:26:38.774 [pool-2-thread-1] DEBUG com.intuit.karate - request:
1 > POST http://localhost:8082/api/v1/discounts/calculate
1 > x-api-key: a863e03b-702c-4b38-a1d3-16438f6d3115
1 > Content-Type: application/json; charset=UTF-8
1 > Content-Length: 260
1 > Host: localhost:8082
1 > Connection: Keep-Alive
1 > User-Agent: Apache-HttpClient/4.5.14 (Java/17.0.17)
1 > Accept-Encoding: gzip,deflate
{"ecommerceId":"550e8400-e29b-41d4-a716-446655440000","subtotal":1500.0,"total":1650.0,"beforeTax":1500.0,"afterTax":1650.0,"totalSpent":5000,"orderCount":100,"loyaltyPoints":0,"discounts":[{"type":"LOYALTY","amount":150.0},{"type":"SEASONAL","amount":100.0}]}

19:26:38.792 [pool-2-thread-3] DEBUG com.intuit.karate - response time in milliseconds: 22
1 < 200
1 < X-Correlation-Id: 1e8c12d1-2ac0-45c3-96d2-eec866155606
1 < X-Content-Type-Options: nosniff
1 < X-XSS-Protection: 0
1 < Cache-Control: no-cache, no-store, max-age=0, must-revalidate
1 < Pragma: no-cache
1 < Expires: 0
1 < X-Frame-Options: DENY
1 < Content-Type: application/json
1 < Transfer-Encoding: chunked
1 < Date: Sat, 04 Apr 2026 22:26:38 GMT
1 < Keep-Alive: timeout=60
1 < Connection: keep-alive
{"ecommerceId":"550e8400-e29b-41d4-a716-446655440000","currency":"COP","roundingRule":"HALF_UP","totalRequested":0.00,"capAmount":null,"totalApplied":0.00,"capped":false,"appliedDiscounts":[],"classification":{"tierUid":"550e8400-e29b-41d4-a716-446655440003","tierName":"Gold","tierLevel":3,"classificationReason":"Qualified for Gold"},"calculatedAt":1775341598.786873900}

19:26:38.796 [pool-2-thread-4] DEBUG com.intuit.karate - response time in milliseconds: 26
1 < 400
1 < X-Correlation-Id: 24c428aa-61e0-4fa9-84fe-c7746bc0a511
1 < X-Content-Type-Options: nosniff
1 < X-XSS-Protection: 0
1 < Cache-Control: no-cache, no-store, max-age=0, must-revalidate
1 < Pragma: no-cache
1 < Expires: 0
1 < X-Frame-Options: DENY
1 < Content-Type: application/json
1 < Transfer-Encoding: chunked
1 < Date: Sat, 04 Apr 2026 22:26:38 GMT
1 < Connection: close
{"timestamp":1775341598.784996500,"status":400,"error":"Bad Request","code":"VALIDATION_ERROR","message":"Validation failed: discounts: no debe ser nulo, totalSpent: no debe ser nulo, subtotal: no debe ser nulo, beforeTax: no debe ser nulo, afterTax: no debe ser nulo, total: no debe ser nulo, ecommerceId: no debe ser nulo","path":"/api/v1/discounts/calculate"}

19:26:38.796 [pool-2-thread-2] DEBUG com.intuit.karate - response time in milliseconds: 25
1 < 400
1 < X-Correlation-Id: d9ceb505-e8e4-4393-bd7f-4dad56a36adf
1 < X-Content-Type-Options: nosniff
1 < X-XSS-Protection: 0
1 < Cache-Control: no-cache, no-store, max-age=0, must-revalidate
1 < Pragma: no-cache
1 < Expires: 0
1 < X-Frame-Options: DENY
1 < Content-Type: application/json
1 < Transfer-Encoding: chunked
1 < Date: Sat, 04 Apr 2026 22:26:38 GMT
1 < Connection: close
{"timestamp":1775341598.789682800,"status":400,"error":"Bad Request","code":"VALIDATION_ERROR","message":"Validation failed: discounts: no debe ser nulo, totalSpent: no debe ser nulo, subtotal: no debe ser nulo, beforeTax: no debe ser nulo, afterTax: no debe ser nulo, orderCount: no debe ser nulo, total: no debe ser nulo","path":"/api/v1/discounts/calculate"}

19:26:38.799 [pool-2-thread-1] DEBUG com.intuit.karate - response time in milliseconds: 25
1 < 200
1 < X-Correlation-Id: 8d7982dd-3c42-4247-8273-8530a8b907fa
1 < X-Content-Type-Options: nosniff
1 < X-XSS-Protection: 0
1 < Cache-Control: no-cache, no-store, max-age=0, must-revalidate
1 < Pragma: no-cache
1 < Expires: 0
1 < X-Frame-Options: DENY
1 < Content-Type: application/json
1 < Transfer-Encoding: chunked
1 < Date: Sat, 04 Apr 2026 22:26:38 GMT
1 < Keep-Alive: timeout=60
1 < Connection: keep-alive
{"ecommerceId":"550e8400-e29b-41d4-a716-446655440000","currency":"COP","roundingRule":"HALF_UP","totalRequested":0.00,"capAmount":null,"totalApplied":0.00,"capped":false,"appliedDiscounts":[],"classification":{"tierUid":"550e8400-e29b-41d4-a716-446655440004","tierName":"Platinum","tierLevel":4,"classificationReason":"Qualified for Platinum"},"calculatedAt":1775341598.795623700}

19:26:38.799 [pool-2-thread-5] DEBUG com.intuit.karate - response time in milliseconds: 27
1 < 200
1 < X-Correlation-Id: 81cf8d55-70dd-4cd3-9428-67cdfeb70152
1 < X-Content-Type-Options: nosniff
1 < X-XSS-Protection: 0
1 < Cache-Control: no-cache, no-store, max-age=0, must-revalidate
1 < Pragma: no-cache
1 < Expires: 0
1 < X-Frame-Options: DENY
1 < Content-Type: application/json
1 < Transfer-Encoding: chunked
1 < Date: Sat, 04 Apr 2026 22:26:38 GMT
1 < Keep-Alive: timeout=60
1 < Connection: keep-alive
{"ecommerceId":"550e8400-e29b-41d4-a716-446655440000","currency":"COP","roundingRule":"HALF_UP","totalRequested":0.00,"capAmount":null,"totalApplied":0.00,"capped":false,"appliedDiscounts":[],"classification":{"tierUid":"550e8400-e29b-41d4-a716-446655440004","tierName":"Platinum","tierLevel":4,"classificationReason":"Qualified for Platinum"},"calculatedAt":1775341598.795623700}

19:26:38.800 [pool-2-thread-4] INFO  com.intuit.karate - karate.env: dev 
19:26:38.800 [pool-2-thread-3] INFO  com.intuit.karate - karate.env: dev 
19:26:38.801 [pool-2-thread-2] INFO  com.intuit.karate - karate.env: dev 
19:26:38.804 [pool-2-thread-1] INFO  com.intuit.karate - karate.env: dev 
19:26:38.805 [pool-2-thread-3] DEBUG com.intuit.karate - request:
1 > POST http://localhost:8082/api/v1/discounts/calculate
1 > x-api-key: a863e03b-702c-4b38-a1d3-16438f6d3115
1 > Content-Type: application/json; charset=UTF-8
1 > Content-Length: 2
1 > Host: localhost:8082
1 > Connection: Keep-Alive
1 > User-Agent: Apache-HttpClient/4.5.14 (Java/17.0.17)
1 > Accept-Encoding: gzip,deflate
{}

19:26:38.805 [pool-2-thread-4] DEBUG com.intuit.karate - request:
1 > POST http://localhost:8082/api/v1/discounts/calculate
1 > x-api-key: a863e03b-702c-4b38-a1d3-16438f6d3115
1 > Content-Type: application/json; charset=UTF-8
1 > Content-Length: 72
1 > Host: localhost:8082
1 > Connection: Keep-Alive
1 > User-Agent: Apache-HttpClient/4.5.14 (Java/17.0.17)
1 > Accept-Encoding: gzip,deflate
{"ecommerceId":"550e8400-e29b-41d4-a716-446655440000","orderCount":null}

19:26:38.805 [pool-2-thread-2] DEBUG com.intuit.karate - request:
1 > POST http://localhost:8082/api/v1/discounts/calculate
1 > x-api-key: a863e03b-702c-4b38-a1d3-16438f6d3115
1 > Content-Type: application/json; charset=UTF-8
1 > Content-Length: 70
1 > Host: localhost:8082
1 > Connection: Keep-Alive
1 > User-Agent: Apache-HttpClient/4.5.14 (Java/17.0.17)
1 > Accept-Encoding: gzip,deflate
{"ecommerceId":"550e8400-e29b-41d4-a716-446655440000","orderCount":-1}

19:26:38.810 [pool-2-thread-5] INFO  com.intuit.karate - karate.env: dev 
19:26:38.810 [pool-2-thread-1] DEBUG com.intuit.karate - request:
1 > POST http://localhost:8082/api/v1/discounts/calculate
1 > x-api-key: a863e03b-702c-4b38-a1d3-16438f6d3115
1 > Content-Type: application/json; charset=UTF-8
1 > Content-Length: 261
1 > Host: localhost:8082
1 > Connection: Keep-Alive
1 > User-Agent: Apache-HttpClient/4.5.14 (Java/17.0.17)
1 > Accept-Encoding: gzip,deflate
{"ecommerceId":"550e8400-e29b-41d4-a716-446655440000","subtotal":1500.0,"total":1650.0,"beforeTax":1500.0,"afterTax":1650.0,"totalSpent":1500.0,"orderCount":25,"loyaltyPoints":0,"discounts":[{"type":"LOYALTY","amount":150.0},{"type":"SEASONAL","amount":100.0}]}

19:26:38.821 [pool-2-thread-3] DEBUG com.intuit.karate - response time in milliseconds: 16
1 < 400
1 < X-Correlation-Id: 16397ed8-697e-4f49-9d87-27fe34f89ded
1 < X-Content-Type-Options: nosniff
1 < X-XSS-Protection: 0
1 < Cache-Control: no-cache, no-store, max-age=0, must-revalidate
1 < Pragma: no-cache
1 < Expires: 0
1 < X-Frame-Options: DENY
1 < Content-Type: application/json
1 < Transfer-Encoding: chunked
1 < Date: Sat, 04 Apr 2026 22:26:38 GMT
1 < Connection: close
{"timestamp":1775341598.814808300,"status":400,"error":"Bad Request","code":"VALIDATION_ERROR","message":"Validation failed: total: no debe ser nulo, afterTax: no debe ser nulo, ecommerceId: no debe ser nulo, discounts: no debe ser nulo, totalSpent: no debe ser nulo, orderCount: no debe ser nulo, subtotal: no debe ser nulo, beforeTax: no debe ser nulo","path":"/api/v1/discounts/calculate"}

19:26:38.822 [pool-2-thread-4] DEBUG com.intuit.karate - response time in milliseconds: 17
1 < 400
1 < X-Correlation-Id: 8635ffff-8909-422d-87eb-8f2df89ed0e2
1 < X-Content-Type-Options: nosniff
1 < X-XSS-Protection: 0
1 < Cache-Control: no-cache, no-store, max-age=0, must-revalidate
1 < Pragma: no-cache
1 < Expires: 0
1 < X-Frame-Options: DENY
1 < Content-Type: application/json
1 < Transfer-Encoding: chunked
1 < Date: Sat, 04 Apr 2026 22:26:38 GMT
1 < Connection: close
{"timestamp":1775341598.816054900,"status":400,"error":"Bad Request","code":"VALIDATION_ERROR","message":"Validation failed: total: no debe ser nulo, afterTax: no debe ser nulo, discounts: no debe ser nulo, totalSpent: no debe ser nulo, orderCount: no debe ser nulo, subtotal: no debe ser nulo, beforeTax: no debe ser nulo","path":"/api/v1/discounts/calculate"}

19:26:38.823 [pool-2-thread-2] DEBUG com.intuit.karate - response time in milliseconds: 18
1 < 400
1 < X-Correlation-Id: 517fb973-c9fa-4f6e-aad6-326f91f154d7
1 < X-Content-Type-Options: nosniff
1 < X-XSS-Protection: 0
1 < Cache-Control: no-cache, no-store, max-age=0, must-revalidate
1 < Pragma: no-cache
1 < Expires: 0
1 < X-Frame-Options: DENY
1 < Content-Type: application/json
1 < Transfer-Encoding: chunked
1 < Date: Sat, 04 Apr 2026 22:26:38 GMT
1 < Connection: close
{"timestamp":1775341598.814808300,"status":400,"error":"Bad Request","code":"VALIDATION_ERROR","message":"Validation failed: afterTax: no debe ser nulo, total: no debe ser nulo, discounts: no debe ser nulo, totalSpent: no debe ser nulo, subtotal: no debe ser nulo, orderCount: debe ser mayor que o igual a 0, beforeTax: no debe ser nulo","path":"/api/v1/discounts/calculate"}

19:26:38.826 [pool-2-thread-3] INFO  com.intuit.karate - karate.env: dev 
19:26:38.826 [pool-2-thread-4] INFO  com.intuit.karate - karate.env: dev 
19:26:38.828 [pool-2-thread-2] INFO  com.intuit.karate - karate.env: dev 
19:26:38.830 [pool-2-thread-1] DEBUG com.intuit.karate - response time in milliseconds: 18
1 < 200
1 < X-Correlation-Id: 3902cec7-3ac6-428f-8897-21618b11407b
1 < X-Content-Type-Options: nosniff
1 < X-XSS-Protection: 0
1 < Cache-Control: no-cache, no-store, max-age=0, must-revalidate
1 < Pragma: no-cache
1 < Expires: 0
1 < X-Frame-Options: DENY
1 < Content-Type: application/json
1 < Transfer-Encoding: chunked
1 < Date: Sat, 04 Apr 2026 22:26:38 GMT
1 < Keep-Alive: timeout=60
1 < Connection: keep-alive
{"ecommerceId":"550e8400-e29b-41d4-a716-446655440000","currency":"COP","roundingRule":"HALF_UP","totalRequested":0.00,"capAmount":null,"totalApplied":0.00,"capped":false,"appliedDiscounts":[],"classification":{"tierUid":"550e8400-e29b-41d4-a716-446655440003","tierName":"Gold","tierLevel":3,"classificationReason":"Qualified for Gold"},"calculatedAt":1775341598.824750100}

19:26:38.834 [pool-2-thread-2] INFO  com.intuit.karate - >> lock acquired, begin callonce: read('classpath:common/create-loyalty-user.feature')
19:26:38.835 [pool-2-thread-1] DEBUG com.intuit.karate - request:
2 > POST http://localhost:8082/api/v1/discounts/calculate
2 > x-api-key: a863e03b-702c-4b38-a1d3-16438f6d3115
2 > Content-Type: application/json; charset=UTF-8
2 > Content-Length: 261
2 > Host: localhost:8082
2 > Connection: Keep-Alive
2 > User-Agent: Apache-HttpClient/4.5.14 (Java/17.0.17)
2 > Accept-Encoding: gzip,deflate
{"ecommerceId":"550e8400-e29b-41d4-a716-446655440000","subtotal":1500.0,"total":1650.0,"beforeTax":1500.0,"afterTax":1650.0,"totalSpent":1500.0,"orderCount":25,"loyaltyPoints":0,"discounts":[{"type":"LOYALTY","amount":150.0},{"type":"SEASONAL","amount":100.0}]}

19:26:38.850 [pool-2-thread-1] DEBUG com.intuit.karate - response time in milliseconds: 14
2 < 200
2 < X-Correlation-Id: 014cacfb-9acd-4640-b8b8-42e8dd8dafa3
2 < X-Content-Type-Options: nosniff
2 < X-XSS-Protection: 0
2 < Cache-Control: no-cache, no-store, max-age=0, must-revalidate
2 < Pragma: no-cache
2 < Expires: 0
2 < X-Frame-Options: DENY
2 < Content-Type: application/json
2 < Transfer-Encoding: chunked
2 < Date: Sat, 04 Apr 2026 22:26:38 GMT
2 < Keep-Alive: timeout=60
2 < Connection: keep-alive
{"ecommerceId":"550e8400-e29b-41d4-a716-446655440000","currency":"COP","roundingRule":"HALF_UP","totalRequested":0.00,"capAmount":null,"totalApplied":0.00,"capped":false,"appliedDiscounts":[],"classification":{"tierUid":"550e8400-e29b-41d4-a716-446655440003","tierName":"Gold","tierLevel":3,"classificationReason":"Qualified for Gold"},"calculatedAt":1775341598.846458300}

19:26:38.860 [pool-2-thread-1] INFO  com.intuit.karate - karate.env: dev 
19:26:38.860 [pool-2-thread-2] DEBUG com.intuit.karate - request:
1 > POST http://localhost:8081/api/v1/auth/login
1 > Content-Type: application/json; charset=UTF-8
1 > Content-Length: 42
1 > Host: localhost:8081
1 > Connection: Keep-Alive
1 > User-Agent: Apache-HttpClient/4.5.14 (Java/17.0.17)
1 > Accept-Encoding: gzip,deflate
{"username":"admin","password":"admin123"}

19:26:38.869 [pool-2-thread-3] INFO  com.intuit.karate - >> lock acquired, begin callonce: read('classpath:common/create-loyalty-user.feature')
19:26:38.892 [pool-2-thread-3] DEBUG com.intuit.karate - request:
1 > POST http://localhost:8081/api/v1/auth/login
1 > Content-Type: application/json; charset=UTF-8
1 > Content-Length: 42
1 > Host: localhost:8081
1 > Connection: Keep-Alive
1 > User-Agent: Apache-HttpClient/4.5.14 (Java/17.0.17)
1 > Accept-Encoding: gzip,deflate
{"username":"admin","password":"admin123"}

19:26:39.041 [pool-2-thread-2] DEBUG com.intuit.karate - response time in milliseconds: 181
1 < 200
1 < X-Correlation-Id: 8c46776c-8840-47ea-8914-3c5be2f2ef7c
1 < X-Content-Type-Options: nosniff
1 < X-XSS-Protection: 0
1 < Cache-Control: no-cache, no-store, max-age=0, must-revalidate
1 < Pragma: no-cache
1 < Expires: 0
1 < X-Frame-Options: DENY
1 < Content-Type: application/json
1 < Transfer-Encoding: chunked
1 < Date: Sat, 04 Apr 2026 22:26:39 GMT
1 < Keep-Alive: timeout=60
1 < Connection: keep-alive
{"token":"eyJhbGciOiJIUzM4NCJ9.eyJzdWIiOiJhZG1pbiIsInVzZXJJZCI6IjNjYzljMmM3LWU1YTAtNDljOC1iOTU1LTZjMTY0MDdkMDczZCIsInJvbGUiOiJTVVBFUl9BRE1JTiIsImlhdCI6MTc3NTM0MTU5OSwiZXhwIjoxNzc1NDI3OTk5fQ.vf5Qwb-EJq9pvnJEI3hAMZ6WTUmxetHZdEZfjRhkoa6Z7DkWTy_7J_NfLye8KMui","tipo":"Bearer","username":"admin","role":"SUPER_ADMIN"}

19:26:39.044 [pool-2-thread-2] DEBUG c.intuit.karate.core.ScenarioEngine - over-writing existing variable 'prefix' with new value: typeof prefix != 'undefined' ? prefix : 'sa'
19:26:39.076 [pool-2-thread-3] DEBUG com.intuit.karate - response time in milliseconds: 182
1 < 200
1 < X-Correlation-Id: f55f1753-3036-4a42-9c7e-cccd80d342e2
1 < X-Content-Type-Options: nosniff
1 < X-XSS-Protection: 0
1 < Cache-Control: no-cache, no-store, max-age=0, must-revalidate
1 < Pragma: no-cache
1 < Expires: 0
1 < X-Frame-Options: DENY
1 < Content-Type: application/json
1 < Transfer-Encoding: chunked
1 < Date: Sat, 04 Apr 2026 22:26:39 GMT
1 < Keep-Alive: timeout=60
1 < Connection: keep-alive
{"token":"eyJhbGciOiJIUzM4NCJ9.eyJzdWIiOiJhZG1pbiIsInVzZXJJZCI6IjNjYzljMmM3LWU1YTAtNDljOC1iOTU1LTZjMTY0MDdkMDczZCIsInJvbGUiOiJTVVBFUl9BRE1JTiIsImlhdCI6MTc3NTM0MTU5OSwiZXhwIjoxNzc1NDI3OTk5fQ.vf5Qwb-EJq9pvnJEI3hAMZ6WTUmxetHZdEZfjRhkoa6Z7DkWTy_7J_NfLye8KMui","tipo":"Bearer","username":"admin","role":"SUPER_ADMIN"}

19:26:39.078 [pool-2-thread-3] DEBUG c.intuit.karate.core.ScenarioEngine - over-writing existing variable 'prefix' with new value: typeof prefix != 'undefined' ? prefix : 'sa'
19:26:39.297 [pool-2-thread-3] DEBUG com.intuit.karate - request:
1 > POST http://localhost:8081/api/v1/users
1 > Authorization: Bearer eyJhbGciOiJIUzM4NCJ9.eyJzdWIiOiJhZG1pbiIsInVzZXJJZCI6IjNjYzljMmM3LWU1YTAtNDljOC1iOTU1LTZjMTY0MDdkMDczZCIsInJvbGUiOiJTVVBFUl9BRE1JTiIsImlhdCI6MTc3NTM0MTU5OSwiZXhwIjoxNzc1NDI3OTk5fQ.vf5Qwb-EJq9pvnJEI3hAMZ6WTUmxetHZdEZfjRhkoa6Z7DkWTy_7J_NfLye8KMui
1 > Content-Type: application/json; charset=UTF-8
1 > Content-Length: 251
1 > Host: localhost:8081
1 > Connection: Keep-Alive
1 > User-Agent: Apache-HttpClient/4.5.14 (Java/17.0.17)
1 > Accept-Encoding: gzip,deflate
{"username":"loyalty.ca68f696-b3d8-4334-8211-2404cbdc5234","email":"loyalty.ca68f696-b3d8-4334-8211-2404cbdc5234@test.com","password":"Admin123456!@","roleId":"fa94e179-670c-484a-a8ae-5e55a400b724","ecommerceId":"550e8400-e29b-41d4-a716-446655440000"}

19:26:39.297 [pool-2-thread-2] DEBUG com.intuit.karate - request:
1 > POST http://localhost:8081/api/v1/users
1 > Authorization: Bearer eyJhbGciOiJIUzM4NCJ9.eyJzdWIiOiJhZG1pbiIsInVzZXJJZCI6IjNjYzljMmM3LWU1YTAtNDljOC1iOTU1LTZjMTY0MDdkMDczZCIsInJvbGUiOiJTVVBFUl9BRE1JTiIsImlhdCI6MTc3NTM0MTU5OSwiZXhwIjoxNzc1NDI3OTk5fQ.vf5Qwb-EJq9pvnJEI3hAMZ6WTUmxetHZdEZfjRhkoa6Z7DkWTy_7J_NfLye8KMui
1 > Content-Type: application/json; charset=UTF-8
1 > Content-Length: 251
1 > Host: localhost:8081
1 > Connection: Keep-Alive
1 > User-Agent: Apache-HttpClient/4.5.14 (Java/17.0.17)
1 > Accept-Encoding: gzip,deflate
{"username":"loyalty.dc0da4c8-b722-4843-901e-f776449651f2","email":"loyalty.dc0da4c8-b722-4843-901e-f776449651f2@test.com","password":"Admin123456!@","roleId":"fa94e179-670c-484a-a8ae-5e55a400b724","ecommerceId":"550e8400-e29b-41d4-a716-446655440000"}

19:26:39.805 [pool-2-thread-3] DEBUG com.intuit.karate - response time in milliseconds: 507
1 < 201
1 < X-Correlation-Id: 5e86f108-7f81-411e-9dbe-0fc6659c5a04
1 < X-Content-Type-Options: nosniff
1 < X-XSS-Protection: 0
1 < Cache-Control: no-cache, no-store, max-age=0, must-revalidate
1 < Pragma: no-cache
1 < Expires: 0
1 < X-Frame-Options: DENY
1 < Content-Type: application/json
1 < Transfer-Encoding: chunked
1 < Date: Sat, 04 Apr 2026 22:26:39 GMT
1 < Keep-Alive: timeout=60
1 < Connection: keep-alive
{"uid":"ccef18a1-58d9-43de-91f1-ffdc79442883","username":"loyalty.ca68f696-b3d8-4334-8211-2404cbdc5234","roleId":"fa94e179-670c-484a-a8ae-5e55a400b724","roleName":"STORE_ADMIN","email":"loyalty.ca68f696-b3d8-4334-8211-2404cbdc5234@test.com","ecommerceId":"550e8400-e29b-41d4-a716-446655440000","isActive":true,"createdAt":"2026-04-04T22:26:39.787864Z","updatedAt":"2026-04-04T22:26:39.787864Z"}

19:26:39.808 [pool-2-thread-3] DEBUG c.intuit.karate.core.ScenarioEngine - over-writing existing variable 'username' with new value: response.username
19:26:39.828 [pool-2-thread-3] DEBUG com.intuit.karate - request:
1 > POST http://localhost:8081/api/v1/auth/login
1 > Content-Type: application/json; charset=UTF-8
1 > Content-Length: 86
1 > Host: localhost:8081
1 > Connection: Keep-Alive
1 > User-Agent: Apache-HttpClient/4.5.14 (Java/17.0.17)
1 > Accept-Encoding: gzip,deflate
{"username":"loyalty.ca68f696-b3d8-4334-8211-2404cbdc5234","password":"Admin123456!@"}

19:26:39.884 [pool-2-thread-2] DEBUG com.intuit.karate - response time in milliseconds: 586
1 < 201
1 < X-Correlation-Id: 3f1040f0-f99f-4cb8-aa6f-767e392a0786
1 < X-Content-Type-Options: nosniff
1 < X-XSS-Protection: 0
1 < Cache-Control: no-cache, no-store, max-age=0, must-revalidate
1 < Pragma: no-cache
1 < Expires: 0
1 < X-Frame-Options: DENY
1 < Content-Type: application/json
1 < Transfer-Encoding: chunked
1 < Date: Sat, 04 Apr 2026 22:26:39 GMT
1 < Keep-Alive: timeout=60
1 < Connection: keep-alive
{"uid":"dc227634-6f57-4c69-9888-48e4179e92f9","username":"loyalty.dc0da4c8-b722-4843-901e-f776449651f2","roleId":"fa94e179-670c-484a-a8ae-5e55a400b724","roleName":"STORE_ADMIN","email":"loyalty.dc0da4c8-b722-4843-901e-f776449651f2@test.com","ecommerceId":"550e8400-e29b-41d4-a716-446655440000","isActive":true,"createdAt":"2026-04-04T22:26:39.850130500Z","updatedAt":"2026-04-04T22:26:39.850130500Z"}

19:26:39.886 [pool-2-thread-2] DEBUG c.intuit.karate.core.ScenarioEngine - over-writing existing variable 'username' with new value: response.username
19:26:39.905 [pool-2-thread-2] DEBUG com.intuit.karate - request:
1 > POST http://localhost:8081/api/v1/auth/login
1 > Content-Type: application/json; charset=UTF-8
1 > Content-Length: 86
1 > Host: localhost:8081
1 > Connection: Keep-Alive
1 > User-Agent: Apache-HttpClient/4.5.14 (Java/17.0.17)
1 > Accept-Encoding: gzip,deflate
{"username":"loyalty.dc0da4c8-b722-4843-901e-f776449651f2","password":"Admin123456!@"}

19:26:40.177 [pool-2-thread-3] DEBUG com.intuit.karate - response time in milliseconds: 348
1 < 200
1 < X-Correlation-Id: 5fe5f1d8-72ba-4f6c-a0d3-3ed633700f7b
1 < X-Content-Type-Options: nosniff
1 < X-XSS-Protection: 0
1 < Cache-Control: no-cache, no-store, max-age=0, must-revalidate
1 < Pragma: no-cache
1 < Expires: 0
1 < X-Frame-Options: DENY
1 < Content-Type: application/json
1 < Transfer-Encoding: chunked
1 < Date: Sat, 04 Apr 2026 22:26:40 GMT
1 < Keep-Alive: timeout=60
1 < Connection: keep-alive
{"token":"eyJhbGciOiJIUzM4NCJ9.eyJzdWIiOiJsb3lhbHR5LmNhNjhmNjk2LWIzZDgtNDMzNC04MjExLTI0MDRjYmRjNTIzNCIsInVzZXJJZCI6ImNjZWYxOGExLTU4ZDktNDNkZS05MWYxLWZmZGM3OTQ0Mjg4MyIsInJvbGUiOiJTVE9SRV9BRE1JTiIsImlhdCI6MTc3NTM0MTYwMCwiZXhwIjoxNzc1NDI4MDAwLCJlY29tbWVyY2VfaWQiOiI1NTBlODQwMC1lMjliLTQxZDQtYTcxNi00NDY2NTU0NDAwMDAifQ.3b3UYlJTZPRvd23FozwW_Zsrk8tbZvYtmVJ6RegRw6EJoq-_7RYbqV3kT0IzDH1n","tipo":"Bearer","username":"loyalty.ca68f696-b3d8-4334-8211-2404cbdc5234","role":"STORE_ADMIN"}

19:26:40.182 [pool-2-thread-3] INFO  com.intuit.karate - << lock released, cached callonce: read('classpath:common/create-loyalty-user.feature')
19:26:40.182 [pool-2-thread-5] WARN  com.intuit.karate - this thread waited 1313 milliseconds for callonce lock: read('classpath:common/create-loyalty-user.feature')
19:26:40.182 [pool-2-thread-4] WARN  com.intuit.karate - this thread waited 1313 milliseconds for callonce lock: read('classpath:common/create-loyalty-user.feature')
19:26:40.210 [pool-2-thread-5] INFO  c.intuit.karate.core.FeatureRuntime - classpath:common/create-rule.feature - call by tag at line 5: create_rule
19:26:40.210 [pool-2-thread-4] INFO  c.intuit.karate.core.FeatureRuntime - classpath:common/create-rule.feature - call by tag at line 5: create_rule
19:26:40.210 [pool-2-thread-3] INFO  c.intuit.karate.core.FeatureRuntime - classpath:common/create-rule.feature - call by tag at line 5: create_rule
19:26:40.217 [pool-2-thread-5] DEBUG com.intuit.karate - request:
1 > POST http://localhost:8081/api/v1/rules
1 > Authorization: Bearer eyJhbGciOiJIUzM4NCJ9.eyJzdWIiOiJsb3lhbHR5LmNhNjhmNjk2LWIzZDgtNDMzNC04MjExLTI0MDRjYmRjNTIzNCIsInVzZXJJZCI6ImNjZWYxOGExLTU4ZDktNDNkZS05MWYxLWZmZGM3OTQ0Mjg4MyIsInJvbGUiOiJTVE9SRV9BRE1JTiIsImlhdCI6MTc3NTM0MTYwMCwiZXhwIjoxNzc1NDI4MDAwLCJlY29tbWVyY2VfaWQiOiI1NTBlODQwMC1lMjliLTQxZDQtYTcxNi00NDY2NTU0NDAwMDAifQ.3b3UYlJTZPRvd23FozwW_Zsrk8tbZvYtmVJ6RegRw6EJoq-_7RYbqV3kT0IzDH1n
1 > Content-Type: application/json; charset=UTF-8
1 > Content-Length: 259
1 > Host: localhost:8081
1 > Connection: Keep-Alive
1 > User-Agent: Apache-HttpClient/4.5.14 (Java/17.0.17)
1 > Accept-Encoding: gzip,deflate
{"name":"Product Rule - TIPO-7162223c-254a-4a3f-a5a4-3bd23c7f02fa","description":"Regla de producto","discountPercentage":10,"discountPriorityId":"550e8400-e29b-41d4-a716-446655440112","attributes":{"product_type":"TIPO-7162223c-254a-4a3f-a5a4-3bd23c7f02fa"}}

19:26:40.217 [pool-2-thread-4] DEBUG com.intuit.karate - request:
1 > POST http://localhost:8081/api/v1/rules
1 > Authorization: Bearer eyJhbGciOiJIUzM4NCJ9.eyJzdWIiOiJsb3lhbHR5LmNhNjhmNjk2LWIzZDgtNDMzNC04MjExLTI0MDRjYmRjNTIzNCIsInVzZXJJZCI6ImNjZWYxOGExLTU4ZDktNDNkZS05MWYxLWZmZGM3OTQ0Mjg4MyIsInJvbGUiOiJTVE9SRV9BRE1JTiIsImlhdCI6MTc3NTM0MTYwMCwiZXhwIjoxNzc1NDI4MDAwLCJlY29tbWVyY2VfaWQiOiI1NTBlODQwMC1lMjliLTQxZDQtYTcxNi00NDY2NTU0NDAwMDAifQ.3b3UYlJTZPRvd23FozwW_Zsrk8tbZvYtmVJ6RegRw6EJoq-_7RYbqV3kT0IzDH1n
1 > Content-Type: application/json; charset=UTF-8
1 > Content-Length: 259
1 > Host: localhost:8081
1 > Connection: Keep-Alive
1 > User-Agent: Apache-HttpClient/4.5.14 (Java/17.0.17)
1 > Accept-Encoding: gzip,deflate
{"name":"Product Rule - TIPO-346e3914-81ff-4e66-a780-5b9f76d5e787","description":"Regla de producto","discountPercentage":30,"discountPriorityId":"550e8400-e29b-41d4-a716-446655440112","attributes":{"product_type":"TIPO-346e3914-81ff-4e66-a780-5b9f76d5e787"}}

19:26:40.217 [pool-2-thread-3] DEBUG com.intuit.karate - request:
1 > POST http://localhost:8081/api/v1/rules
1 > Authorization: Bearer eyJhbGciOiJIUzM4NCJ9.eyJzdWIiOiJsb3lhbHR5LmNhNjhmNjk2LWIzZDgtNDMzNC04MjExLTI0MDRjYmRjNTIzNCIsInVzZXJJZCI6ImNjZWYxOGExLTU4ZDktNDNkZS05MWYxLWZmZGM3OTQ0Mjg4MyIsInJvbGUiOiJTVE9SRV9BRE1JTiIsImlhdCI6MTc3NTM0MTYwMCwiZXhwIjoxNzc1NDI4MDAwLCJlY29tbWVyY2VfaWQiOiI1NTBlODQwMC1lMjliLTQxZDQtYTcxNi00NDY2NTU0NDAwMDAifQ.3b3UYlJTZPRvd23FozwW_Zsrk8tbZvYtmVJ6RegRw6EJoq-_7RYbqV3kT0IzDH1n
1 > Content-Type: application/json; charset=UTF-8
1 > Content-Length: 259
1 > Host: localhost:8081
1 > Connection: Keep-Alive
1 > User-Agent: Apache-HttpClient/4.5.14 (Java/17.0.17)
1 > Accept-Encoding: gzip,deflate
{"name":"Product Rule - TIPO-bed79745-a7e6-425e-a6f8-f2eb28f8c30f","description":"Regla de producto","discountPercentage":10,"discountPriorityId":"550e8400-e29b-41d4-a716-446655440112","attributes":{"product_type":"TIPO-bed79745-a7e6-425e-a6f8-f2eb28f8c30f"}}

19:26:40.241 [pool-2-thread-2] DEBUG com.intuit.karate - response time in milliseconds: 335
1 < 200
1 < X-Correlation-Id: 893f85de-f563-49c3-afaa-decec449aeae
1 < X-Content-Type-Options: nosniff
1 < X-XSS-Protection: 0
1 < Cache-Control: no-cache, no-store, max-age=0, must-revalidate
1 < Pragma: no-cache
1 < Expires: 0
1 < X-Frame-Options: DENY
1 < Content-Type: application/json
1 < Transfer-Encoding: chunked
1 < Date: Sat, 04 Apr 2026 22:26:40 GMT
1 < Keep-Alive: timeout=60
1 < Connection: keep-alive
{"token":"eyJhbGciOiJIUzM4NCJ9.eyJzdWIiOiJsb3lhbHR5LmRjMGRhNGM4LWI3MjItNDg0My05MDFlLWY3NzY0NDk2NTFmMiIsInVzZXJJZCI6ImRjMjI3NjM0LTZmNTctNGM2OS05ODg4LTQ4ZTQxNzllOTJmOSIsInJvbGUiOiJTVE9SRV9BRE1JTiIsImlhdCI6MTc3NTM0MTYwMCwiZXhwIjoxNzc1NDI4MDAwLCJlY29tbWVyY2VfaWQiOiI1NTBlODQwMC1lMjliLTQxZDQtYTcxNi00NDY2NTU0NDAwMDAifQ.6bHnUyNtl77YNEVoryi-oiavmH6PE79kaLqXJncrs9lKbXM_xYZztiftKV6eHlJ9","tipo":"Bearer","username":"loyalty.dc0da4c8-b722-4843-901e-f776449651f2","role":"STORE_ADMIN"}

19:26:40.247 [pool-2-thread-2] INFO  com.intuit.karate - << lock released, cached callonce: read('classpath:common/create-loyalty-user.feature')
19:26:40.247 [pool-2-thread-1] WARN  com.intuit.karate - this thread waited 1380 milliseconds for callonce lock: read('classpath:common/create-loyalty-user.feature')
19:26:40.253 [pool-2-thread-2] DEBUG com.intuit.karate - request:
1 > POST http://localhost:8081/api/v1/rules
1 > Authorization: Bearer eyJhbGciOiJIUzM4NCJ9.eyJzdWIiOiJsb3lhbHR5LmRjMGRhNGM4LWI3MjItNDg0My05MDFlLWY3NzY0NDk2NTFmMiIsInVzZXJJZCI6ImRjMjI3NjM0LTZmNTctNGM2OS05ODg4LTQ4ZTQxNzllOTJmOSIsInJvbGUiOiJTVE9SRV9BRE1JTiIsImlhdCI6MTc3NTM0MTYwMCwiZXhwIjoxNzc1NDI4MDAwLCJlY29tbWVyY2VfaWQiOiI1NTBlODQwMC1lMjliLTQxZDQtYTcxNi00NDY2NTU0NDAwMDAifQ.6bHnUyNtl77YNEVoryi-oiavmH6PE79kaLqXJncrs9lKbXM_xYZztiftKV6eHlJ9
1 > Content-Type: application/json; charset=UTF-8
1 > Content-Length: 216
1 > Host: localhost:8081
1 > Connection: Keep-Alive
1 > User-Agent: Apache-HttpClient/4.5.14 (Java/17.0.17)
1 > Accept-Encoding: gzip,deflate
{"name":"Black Friday 2026","description":"Descuento Black Friday","discountPercentage":20,"discountPriorityId":"550e8400-e29b-41d4-a716-446655440111","attributes":{"start_date":"2026-11-27","end_date":"2026-11-30"}}

19:26:40.257 [pool-2-thread-1] INFO  c.intuit.karate.core.FeatureRuntime - classpath:common/create-rule.feature - call by tag at line 5: create_rule
19:26:40.267 [pool-2-thread-1] DEBUG com.intuit.karate - request:
1 > POST http://localhost:8081/api/v1/rules
1 > Authorization: Bearer eyJhbGciOiJIUzM4NCJ9.eyJzdWIiOiJsb3lhbHR5LmRjMGRhNGM4LWI3MjItNDg0My05MDFlLWY3NzY0NDk2NTFmMiIsInVzZXJJZCI6ImRjMjI3NjM0LTZmNTctNGM2OS05ODg4LTQ4ZTQxNzllOTJmOSIsInJvbGUiOiJTVE9SRV9BRE1JTiIsImlhdCI6MTc3NTM0MTYwMCwiZXhwIjoxNzc1NDI4MDAwLCJlY29tbWVyY2VfaWQiOiI1NTBlODQwMC1lMjliLTQxZDQtYTcxNi00NDY2NTU0NDAwMDAifQ.6bHnUyNtl77YNEVoryi-oiavmH6PE79kaLqXJncrs9lKbXM_xYZztiftKV6eHlJ9
1 > Content-Type: application/json; charset=UTF-8
1 > Content-Length: 235
1 > Host: localhost:8081
1 > Connection: Keep-Alive
1 > User-Agent: Apache-HttpClient/4.5.14 (Java/17.0.17)
1 > Accept-Encoding: gzip,deflate
{"name":"Regla a actualizar TC-038","description":"Regla inicial para actualización","discountPercentage":10,"discountPriorityId":"550e8400-e29b-41d4-a716-446655440111","attributes":{"start_date":"2026-01-01","end_date":"2026-01-31"}}

19:26:40.288 [pool-2-thread-5] DEBUG com.intuit.karate - response time in milliseconds: 70
1 < 201
1 < X-Correlation-Id: c6fca7db-391b-4b06-acf4-c87d7aca8d76
1 < X-Content-Type-Options: nosniff
1 < X-XSS-Protection: 0
1 < Cache-Control: no-cache, no-store, max-age=0, must-revalidate
1 < Pragma: no-cache
1 < Expires: 0
1 < X-Frame-Options: DENY
1 < Content-Type: application/json
1 < Transfer-Encoding: chunked
1 < Date: Sat, 04 Apr 2026 22:26:40 GMT
1 < Keep-Alive: timeout=60
1 < Connection: keep-alive
{"id":"bbd3321d-1a5c-4c68-b122-7793cfd88244","ecommerceId":"550e8400-e29b-41d4-a716-446655440000","discountPriorityId":"550e8400-e29b-41d4-a716-446655440112","name":"Product Rule - TIPO-7162223c-254a-4a3f-a5a4-3bd23c7f02fa","description":"Regla de producto","discountPercentage":10,"isActive":true,"attributes":[{"attributeId":"550e8400-e29b-41d4-a716-446655440310","attributeName":"product_type","value":"TIPO-7162223c-254a-4a3f-a5a4-3bd23c7f02fa"}],"createdAt":"2026-04-04T22:26:40.261143400Z","updatedAt":"2026-04-04T22:26:40.261143400Z"}

19:26:40.289 [pool-2-thread-4] DEBUG com.intuit.karate - response time in milliseconds: 71
1 < 201
1 < X-Correlation-Id: 56e725ea-7ca6-4de5-97f3-f00496aa8d5d
1 < X-Content-Type-Options: nosniff
1 < X-XSS-Protection: 0
1 < Cache-Control: no-cache, no-store, max-age=0, must-revalidate
1 < Pragma: no-cache
1 < Expires: 0
1 < X-Frame-Options: DENY
1 < Content-Type: application/json
1 < Transfer-Encoding: chunked
1 < Date: Sat, 04 Apr 2026 22:26:40 GMT
1 < Keep-Alive: timeout=60
1 < Connection: keep-alive
{"id":"3928ae7d-25f9-46cb-a387-d485dceb787e","ecommerceId":"550e8400-e29b-41d4-a716-446655440000","discountPriorityId":"550e8400-e29b-41d4-a716-446655440112","name":"Product Rule - TIPO-346e3914-81ff-4e66-a780-5b9f76d5e787","description":"Regla de producto","discountPercentage":30,"isActive":true,"attributes":[{"attributeId":"550e8400-e29b-41d4-a716-446655440310","attributeName":"product_type","value":"TIPO-346e3914-81ff-4e66-a780-5b9f76d5e787"}],"createdAt":"2026-04-04T22:26:40.262142500Z","updatedAt":"2026-04-04T22:26:40.262142500Z"}

19:26:40.290 [pool-2-thread-3] DEBUG com.intuit.karate - response time in milliseconds: 71
1 < 201
1 < X-Correlation-Id: cde04574-cc33-4b19-95e7-f61a6f3008fd
1 < X-Content-Type-Options: nosniff
1 < X-XSS-Protection: 0
1 < Cache-Control: no-cache, no-store, max-age=0, must-revalidate
1 < Pragma: no-cache
1 < Expires: 0
1 < X-Frame-Options: DENY
1 < Content-Type: application/json
1 < Transfer-Encoding: chunked
1 < Date: Sat, 04 Apr 2026 22:26:40 GMT
1 < Keep-Alive: timeout=60
1 < Connection: keep-alive
{"id":"97adc9ec-9d42-4d54-9f61-b02dc1815324","ecommerceId":"550e8400-e29b-41d4-a716-446655440000","discountPriorityId":"550e8400-e29b-41d4-a716-446655440112","name":"Product Rule - TIPO-bed79745-a7e6-425e-a6f8-f2eb28f8c30f","description":"Regla de producto","discountPercentage":10,"isActive":true,"attributes":[{"attributeId":"550e8400-e29b-41d4-a716-446655440310","attributeName":"product_type","value":"TIPO-bed79745-a7e6-425e-a6f8-f2eb28f8c30f"}],"createdAt":"2026-04-04T22:26:40.260142800Z","updatedAt":"2026-04-04T22:26:40.260142800Z"}

19:26:40.333 [pool-2-thread-2] DEBUG com.intuit.karate - response time in milliseconds: 80
1 < 201
1 < X-Correlation-Id: ececaeab-f993-45f0-91c8-a358a3fb341b
1 < X-Content-Type-Options: nosniff
1 < X-XSS-Protection: 0
1 < Cache-Control: no-cache, no-store, max-age=0, must-revalidate
1 < Pragma: no-cache
1 < Expires: 0
1 < X-Frame-Options: DENY
1 < Content-Type: application/json
1 < Transfer-Encoding: chunked
1 < Date: Sat, 04 Apr 2026 22:26:40 GMT
1 < Keep-Alive: timeout=60
1 < Connection: keep-alive
{"id":"a8fb34d4-7506-41c0-9819-ba4026d75ae4","ecommerceId":"550e8400-e29b-41d4-a716-446655440000","discountPriorityId":"550e8400-e29b-41d4-a716-446655440111","name":"Black Friday 2026","description":"Descuento Black Friday","discountPercentage":20,"isActive":true,"attributes":[{"attributeId":"550e8400-e29b-41d4-a716-446655440300","attributeName":"start_date","value":"2026-11-27"},{"attributeId":"550e8400-e29b-41d4-a716-446655440301","attributeName":"end_date","value":"2026-11-30"}],"createdAt":"2026-04-04T22:26:40.303921700Z","updatedAt":"2026-04-04T22:26:40.303921700Z"}

19:26:40.336 [pool-2-thread-1] DEBUG com.intuit.karate - response time in milliseconds: 69
1 < 201
1 < X-Correlation-Id: 82e8bfe9-0187-49ae-8455-0af158daefbf
1 < X-Content-Type-Options: nosniff
1 < X-XSS-Protection: 0
1 < Cache-Control: no-cache, no-store, max-age=0, must-revalidate
1 < Pragma: no-cache
1 < Expires: 0
1 < X-Frame-Options: DENY
1 < Content-Type: application/json
1 < Transfer-Encoding: chunked
1 < Date: Sat, 04 Apr 2026 22:26:40 GMT
1 < Keep-Alive: timeout=60
1 < Connection: keep-alive
{"id":"dfee0361-3928-4d75-b46b-dd9f80cf0705","ecommerceId":"550e8400-e29b-41d4-a716-446655440000","discountPriorityId":"550e8400-e29b-41d4-a716-446655440111","name":"Regla a actualizar TC-038","description":"Regla inicial para actualización","discountPercentage":10,"isActive":true,"attributes":[{"attributeId":"550e8400-e29b-41d4-a716-446655440300","attributeName":"start_date","value":"2026-01-01"},{"attributeId":"550e8400-e29b-41d4-a716-446655440301","attributeName":"end_date","value":"2026-01-31"}],"createdAt":"2026-04-04T22:26:40.305997400Z","updatedAt":"2026-04-04T22:26:40.305997400Z"}

19:26:40.340 [pool-2-thread-2] DEBUG com.intuit.karate - request:
2 > GET http://localhost:8081/api/v1/rules
2 > Authorization: Bearer eyJhbGciOiJIUzM4NCJ9.eyJzdWIiOiJsb3lhbHR5LmRjMGRhNGM4LWI3MjItNDg0My05MDFlLWY3NzY0NDk2NTFmMiIsInVzZXJJZCI6ImRjMjI3NjM0LTZmNTctNGM2OS05ODg4LTQ4ZTQxNzllOTJmOSIsInJvbGUiOiJTVE9SRV9BRE1JTiIsImlhdCI6MTc3NTM0MTYwMCwiZXhwIjoxNzc1NDI4MDAwLCJlY29tbWVyY2VfaWQiOiI1NTBlODQwMC1lMjliLTQxZDQtYTcxNi00NDY2NTU0NDAwMDAifQ.6bHnUyNtl77YNEVoryi-oiavmH6PE79kaLqXJncrs9lKbXM_xYZztiftKV6eHlJ9
2 > Host: localhost:8081
2 > Connection: Keep-Alive
2 > User-Agent: Apache-HttpClient/4.5.14 (Java/17.0.17)
2 > Accept-Encoding: gzip,deflate


19:26:40.349 [pool-2-thread-4] DEBUG com.intuit.karate - request:
1 > DELETE http://localhost:8081/api/v1/rules/3928ae7d-25f9-46cb-a387-d485dceb787e
1 > Authorization: Bearer eyJhbGciOiJIUzM4NCJ9.eyJzdWIiOiJsb3lhbHR5LmNhNjhmNjk2LWIzZDgtNDMzNC04MjExLTI0MDRjYmRjNTIzNCIsInVzZXJJZCI6ImNjZWYxOGExLTU4ZDktNDNkZS05MWYxLWZmZGM3OTQ0Mjg4MyIsInJvbGUiOiJTVE9SRV9BRE1JTiIsImlhdCI6MTc3NTM0MTYwMCwiZXhwIjoxNzc1NDI4MDAwLCJlY29tbWVyY2VfaWQiOiI1NTBlODQwMC1lMjliLTQxZDQtYTcxNi00NDY2NTU0NDAwMDAifQ.3b3UYlJTZPRvd23FozwW_Zsrk8tbZvYtmVJ6RegRw6EJoq-_7RYbqV3kT0IzDH1n
1 > Host: localhost:8081
1 > Connection: Keep-Alive
1 > User-Agent: Apache-HttpClient/4.5.14 (Java/17.0.17)
1 > Accept-Encoding: gzip,deflate


19:26:40.349 [pool-2-thread-5] DEBUG com.intuit.karate - request:
1 > GET http://localhost:8081/api/v1/rules/bbd3321d-1a5c-4c68-b122-7793cfd88244
1 > Authorization: Bearer eyJhbGciOiJIUzM4NCJ9.eyJzdWIiOiJsb3lhbHR5LmNhNjhmNjk2LWIzZDgtNDMzNC04MjExLTI0MDRjYmRjNTIzNCIsInVzZXJJZCI6ImNjZWYxOGExLTU4ZDktNDNkZS05MWYxLWZmZGM3OTQ0Mjg4MyIsInJvbGUiOiJTVE9SRV9BRE1JTiIsImlhdCI6MTc3NTM0MTYwMCwiZXhwIjoxNzc1NDI4MDAwLCJlY29tbWVyY2VfaWQiOiI1NTBlODQwMC1lMjliLTQxZDQtYTcxNi00NDY2NTU0NDAwMDAifQ.3b3UYlJTZPRvd23FozwW_Zsrk8tbZvYtmVJ6RegRw6EJoq-_7RYbqV3kT0IzDH1n
1 > Host: localhost:8081
1 > Connection: Keep-Alive
1 > User-Agent: Apache-HttpClient/4.5.14 (Java/17.0.17)
1 > Accept-Encoding: gzip,deflate


19:26:40.349 [pool-2-thread-3] DEBUG com.intuit.karate - request:
1 > PUT http://localhost:8081/api/v1/rules/97adc9ec-9d42-4d54-9f61-b02dc1815324
1 > Authorization: Bearer eyJhbGciOiJIUzM4NCJ9.eyJzdWIiOiJsb3lhbHR5LmNhNjhmNjk2LWIzZDgtNDMzNC04MjExLTI0MDRjYmRjNTIzNCIsInVzZXJJZCI6ImNjZWYxOGExLTU4ZDktNDNkZS05MWYxLWZmZGM3OTQ0Mjg4MyIsInJvbGUiOiJTVE9SRV9BRE1JTiIsImlhdCI6MTc3NTM0MTYwMCwiZXhwIjoxNzc1NDI4MDAwLCJlY29tbWVyY2VfaWQiOiI1NTBlODQwMC1lMjliLTQxZDQtYTcxNi00NDY2NTU0NDAwMDAifQ.3b3UYlJTZPRvd23FozwW_Zsrk8tbZvYtmVJ6RegRw6EJoq-_7RYbqV3kT0IzDH1n
1 > Content-Type: application/json; charset=UTF-8
1 > Content-Length: 209
1 > Host: localhost:8081
1 > Connection: Keep-Alive
1 > User-Agent: Apache-HttpClient/4.5.14 (Java/17.0.17)
1 > Accept-Encoding: gzip,deflate
{"name":"Updated Rule","description":"Updated","discountPercentage":100.01,"discountPriorityId":"550e8400-e29b-41d4-a716-446655440112","attributes":{"product_type":"TIPO-bed79745-a7e6-425e-a6f8-f2eb28f8c30f"}}

19:26:40.349 [pool-2-thread-1] DEBUG com.intuit.karate - request:
1 > PUT http://localhost:8081/api/v1/rules/dfee0361-3928-4d75-b46b-dd9f80cf0705
1 > Authorization: Bearer eyJhbGciOiJIUzM4NCJ9.eyJzdWIiOiJsb3lhbHR5LmRjMGRhNGM4LWI3MjItNDg0My05MDFlLWY3NzY0NDk2NTFmMiIsInVzZXJJZCI6ImRjMjI3NjM0LTZmNTctNGM2OS05ODg4LTQ4ZTQxNzllOTJmOSIsInJvbGUiOiJTVE9SRV9BRE1JTiIsImlhdCI6MTc3NTM0MTYwMCwiZXhwIjoxNzc1NDI4MDAwLCJlY29tbWVyY2VfaWQiOiI1NTBlODQwMC1lMjliLTQxZDQtYTcxNi00NDY2NTU0NDAwMDAifQ.6bHnUyNtl77YNEVoryi-oiavmH6PE79kaLqXJncrs9lKbXM_xYZztiftKV6eHlJ9
1 > Content-Type: application/json; charset=UTF-8
1 > Content-Length: 226
1 > Host: localhost:8081
1 > Connection: Keep-Alive
1 > User-Agent: Apache-HttpClient/4.5.14 (Java/17.0.17)
1 > Accept-Encoding: gzip,deflate
{"name":"Regla actualizada TC-038","description":"Regla actualizada a junio","discountPercentage":25,"discountPriorityId":"550e8400-e29b-41d4-a716-446655440111","attributes":{"start_date":"2026-06-01","end_date":"2026-06-30"}}

19:26:40.402 [pool-2-thread-3] DEBUG com.intuit.karate - response time in milliseconds: 53
1 < 400
1 < X-Correlation-Id: 7a85eaf4-82c2-4ad9-9697-6af212fe6eee
1 < X-Content-Type-Options: nosniff
1 < X-XSS-Protection: 0
1 < Cache-Control: no-cache, no-store, max-age=0, must-revalidate
1 < Pragma: no-cache
1 < Expires: 0
1 < X-Frame-Options: DENY
1 < Content-Type: application/json
1 < Transfer-Encoding: chunked
1 < Date: Sat, 04 Apr 2026 22:26:40 GMT
1 < Connection: close
{"timestamp":"2026-04-04T22:26:40.393973300Z","status":400,"error":"Bad Request","code":"VALIDATION_ERROR","message":"Validation failed: discountPercentage: discountPercentage must be <= 100","path":"/api/v1/rules/97adc9ec-9d42-4d54-9f61-b02dc1815324"}

19:26:40.406 [pool-2-thread-3] DEBUG com.intuit.karate - request:
2 > GET http://localhost:8081/api/v1/rules/97adc9ec-9d42-4d54-9f61-b02dc1815324
2 > Authorization: Bearer eyJhbGciOiJIUzM4NCJ9.eyJzdWIiOiJsb3lhbHR5LmNhNjhmNjk2LWIzZDgtNDMzNC04MjExLTI0MDRjYmRjNTIzNCIsInVzZXJJZCI6ImNjZWYxOGExLTU4ZDktNDNkZS05MWYxLWZmZGM3OTQ0Mjg4MyIsInJvbGUiOiJTVE9SRV9BRE1JTiIsImlhdCI6MTc3NTM0MTYwMCwiZXhwIjoxNzc1NDI4MDAwLCJlY29tbWVyY2VfaWQiOiI1NTBlODQwMC1lMjliLTQxZDQtYTcxNi00NDY2NTU0NDAwMDAifQ.3b3UYlJTZPRvd23FozwW_Zsrk8tbZvYtmVJ6RegRw6EJoq-_7RYbqV3kT0IzDH1n
2 > Host: localhost:8081
2 > Connection: Keep-Alive
2 > User-Agent: Apache-HttpClient/4.5.14 (Java/17.0.17)
2 > Accept-Encoding: gzip,deflate


19:26:40.407 [pool-2-thread-4] DEBUG com.intuit.karate - response time in milliseconds: 57
1 < 204
1 < X-Correlation-Id: b185895e-cf6a-4cd6-b023-fdfda20d4044
1 < X-Content-Type-Options: nosniff
1 < X-XSS-Protection: 0
1 < Cache-Control: no-cache, no-store, max-age=0, must-revalidate
1 < Pragma: no-cache
1 < Expires: 0
1 < X-Frame-Options: DENY
1 < Date: Sat, 04 Apr 2026 22:26:40 GMT
1 < Keep-Alive: timeout=60
1 < Connection: keep-alive


19:26:40.409 [pool-2-thread-4] DEBUG com.intuit.karate - request:
2 > GET http://localhost:8081/api/v1/rules/3928ae7d-25f9-46cb-a387-d485dceb787e
2 > Authorization: Bearer eyJhbGciOiJIUzM4NCJ9.eyJzdWIiOiJsb3lhbHR5LmNhNjhmNjk2LWIzZDgtNDMzNC04MjExLTI0MDRjYmRjNTIzNCIsInVzZXJJZCI6ImNjZWYxOGExLTU4ZDktNDNkZS05MWYxLWZmZGM3OTQ0Mjg4MyIsInJvbGUiOiJTVE9SRV9BRE1JTiIsImlhdCI6MTc3NTM0MTYwMCwiZXhwIjoxNzc1NDI4MDAwLCJlY29tbWVyY2VfaWQiOiI1NTBlODQwMC1lMjliLTQxZDQtYTcxNi00NDY2NTU0NDAwMDAifQ.3b3UYlJTZPRvd23FozwW_Zsrk8tbZvYtmVJ6RegRw6EJoq-_7RYbqV3kT0IzDH1n
2 > Host: localhost:8081
2 > Connection: Keep-Alive
2 > User-Agent: Apache-HttpClient/4.5.14 (Java/17.0.17)
2 > Accept-Encoding: gzip,deflate


19:26:40.414 [pool-2-thread-5] DEBUG com.intuit.karate - response time in milliseconds: 65
1 < 200
1 < X-Correlation-Id: 35169ac1-37a9-4de0-acd9-ff1e93631d97
1 < X-Content-Type-Options: nosniff
1 < X-XSS-Protection: 0
1 < Cache-Control: no-cache, no-store, max-age=0, must-revalidate
1 < Pragma: no-cache
1 < Expires: 0
1 < X-Frame-Options: DENY
1 < Content-Type: application/json
1 < Transfer-Encoding: chunked
1 < Date: Sat, 04 Apr 2026 22:26:40 GMT
1 < Keep-Alive: timeout=60
1 < Connection: keep-alive
{"id":"bbd3321d-1a5c-4c68-b122-7793cfd88244","ecommerceId":"550e8400-e29b-41d4-a716-446655440000","discountPriorityId":"550e8400-e29b-41d4-a716-446655440112","name":"Product Rule - TIPO-7162223c-254a-4a3f-a5a4-3bd23c7f02fa","description":"Regla de producto","discountPercentage":10.00,"isActive":true,"attributes":[{"attributeId":"550e8400-e29b-41d4-a716-446655440310","attributeName":"product_type","value":"TIPO-7162223c-254a-4a3f-a5a4-3bd23c7f02fa"}],"assignedTiers":[],"createdAt":"2026-04-04T22:26:40.261143Z","updatedAt":"2026-04-04T22:26:40.261143Z"}

19:26:40.422 [pool-2-thread-5] INFO  com.intuit.karate - karate.env: dev 
19:26:40.439 [pool-2-thread-1] DEBUG com.intuit.karate - response time in milliseconds: 89
1 < 200
1 < X-Correlation-Id: 3a97559e-e36b-4f8e-bc46-596f06803807
1 < X-Content-Type-Options: nosniff
1 < X-XSS-Protection: 0
1 < Cache-Control: no-cache, no-store, max-age=0, must-revalidate
1 < Pragma: no-cache
1 < Expires: 0
1 < X-Frame-Options: DENY
1 < Content-Type: application/json
1 < Transfer-Encoding: chunked
1 < Date: Sat, 04 Apr 2026 22:26:40 GMT
1 < Keep-Alive: timeout=60
1 < Connection: keep-alive
[...]
1 < 200
1 < X-Correlation-Id: 1e10bb34-efd1-41ba-96a7-5f6aee3db5b0
1 < X-Content-Type-Options: nosniff
1 < X-XSS-Protection: 0
1 < Cache-Control: no-cache, no-store, max-age=0, must-revalidate
1 < Pragma: no-cache
1 < Expires: 0
1 < X-Frame-Options: DENY
1 < Content-Type: application/json
1 < Transfer-Encoding: chunked
1 < Date: Sat, 04 Apr 2026 22:26:43 GMT
1 < Keep-Alive: timeout=60
1 < Connection: keep-alive
{"token":"eyJhbGciOiJIUzM4NCJ9.eyJzdWIiOiJhZG1pbiIsInVzZXJJZCI6IjNjYzljMmM3LWU1YTAtNDljOC1iOTU1LTZjMTY0MDdkMDczZCIsInJvbGUiOiJTVVBFUl9BRE1JTiIsImlhdCI6MTc3NTM0MTYwMywiZXhwIjoxNzc1NDI4MDAzfQ.9yB6LhMjb8KoYdZfCo_gcFdyhMh2VEq3Wxybo_z4UidNy-hty_WfSPOVoaATj2o6","tipo":"Bearer","username":"admin","role":"SUPER_ADMIN"}

19:26:43.633 [pool-2-thread-3] DEBUG com.intuit.karate - request:
1 > POST http://localhost:8081/api/v1/users
1 > Authorization: Bearer eyJhbGciOiJIUzM4NCJ9.eyJzdWIiOiJhZG1pbiIsInVzZXJJZCI6IjNjYzljMmM3LWU1YTAtNDljOC1iOTU1LTZjMTY0MDdkMDczZCIsInJvbGUiOiJTVVBFUl9BRE1JTiIsImlhdCI6MTc3NTM0MTYwMywiZXhwIjoxNzc1NDI4MDAzfQ.9yB6LhMjb8KoYdZfCo_gcFdyhMh2VEq3Wxybo_z4UidNy-hty_WfSPOVoaATj2o6
1 > Content-Type: application/json; charset=UTF-8
1 > Content-Length: 247
1 > Host: localhost:8081
1 > Connection: Keep-Alive
1 > User-Agent: Apache-HttpClient/4.5.14 (Java/17.0.17)
1 > Accept-Encoding: gzip,deflate
{"username":"tc028.09e9a2fe-39e6-40a7-903f-f3fc82e9d355","email":"tc028.09e9a2fe-39e6-40a7-903f-f3fc82e9d355@test.com","password":"Admin123456!@","roleId":"8c23eacb-dbbd-4f31-9613-af9cda1d4cce","ecommerceId":"00000000-0000-0000-0000-000000000099"}

19:26:43.652 [pool-2-thread-5] DEBUG com.intuit.karate - response time in milliseconds: 166
1 < 200
1 < X-Correlation-Id: 7b83f6db-99a2-4e34-9131-89f647b6d2c7
1 < X-Content-Type-Options: nosniff
1 < X-XSS-Protection: 0
1 < Cache-Control: no-cache, no-store, max-age=0, must-revalidate
1 < Pragma: no-cache
1 < Expires: 0
1 < X-Frame-Options: DENY
1 < Content-Type: application/json
1 < Transfer-Encoding: chunked
1 < Date: Sat, 04 Apr 2026 22:26:43 GMT
1 < Keep-Alive: timeout=60
1 < Connection: keep-alive
{"token":"eyJhbGciOiJIUzM4NCJ9.eyJzdWIiOiJhZG1pbiIsInVzZXJJZCI6IjNjYzljMmM3LWU1YTAtNDljOC1iOTU1LTZjMTY0MDdkMDczZCIsInJvbGUiOiJTVVBFUl9BRE1JTiIsImlhdCI6MTc3NTM0MTYwMywiZXhwIjoxNzc1NDI4MDAzfQ.9yB6LhMjb8KoYdZfCo_gcFdyhMh2VEq3Wxybo_z4UidNy-hty_WfSPOVoaATj2o6","tipo":"Bearer","username":"admin","role":"SUPER_ADMIN"}

19:26:43.659 [pool-2-thread-5] DEBUG com.intuit.karate - request:
1 > POST http://localhost:8081/api/v1/users
1 > Authorization: Bearer eyJhbGciOiJIUzM4NCJ9.eyJzdWIiOiJhZG1pbiIsInVzZXJJZCI6IjNjYzljMmM3LWU1YTAtNDljOC1iOTU1LTZjMTY0MDdkMDczZCIsInJvbGUiOiJTVVBFUl9BRE1JTiIsImlhdCI6MTc3NTM0MTYwMywiZXhwIjoxNzc1NDI4MDAzfQ.9yB6LhMjb8KoYdZfCo_gcFdyhMh2VEq3Wxybo_z4UidNy-hty_WfSPOVoaATj2o6
1 > Content-Type: application/json; charset=UTF-8
1 > Content-Length: 243
1 > Host: localhost:8081
1 > Connection: Keep-Alive
1 > User-Agent: Apache-HttpClient/4.5.14 (Java/17.0.17)
1 > Accept-Encoding: gzip,deflate
{"username":"std.becd3fc4-4a1f-4cef-b74e-4e806d0abeef","email":"std.becd3fc4-4a1f-4cef-b74e-4e806d0abeef@test.com","password":"Admin123456!@","roleId":"8c23eacb-dbbd-4f31-9613-af9cda1d4cce","ecommerceId":"550e8400-e29b-41d4-a716-446655440000"}

19:26:43.682 [pool-2-thread-3] DEBUG com.intuit.karate - response time in milliseconds: 48
1 < 404
1 < X-Correlation-Id: f909df77-b65e-41a5-9dc9-f89f9868ff46
1 < X-Content-Type-Options: nosniff
1 < X-XSS-Protection: 0
1 < Cache-Control: no-cache, no-store, max-age=0, must-revalidate
1 < Pragma: no-cache
1 < Expires: 0
1 < X-Frame-Options: DENY
1 < Content-Type: application/json
1 < Transfer-Encoding: chunked
1 < Date: Sat, 04 Apr 2026 22:26:43 GMT
1 < Keep-Alive: timeout=60
1 < Connection: keep-alive
{"timestamp":"2026-04-04T22:26:43.679288600Z","status":404,"error":"Not Found","code":"NOT_FOUND","message":"El ecommerce con uid '00000000-0000-0000-0000-000000000099' no existe.","path":"/api/v1/users"}

19:26:43.686 [pool-2-thread-3] INFO  com.intuit.karate - karate.env: dev 
19:26:44.009 [pool-2-thread-2] DEBUG com.intuit.karate - response time in milliseconds: 429
1 < 201
1 < X-Correlation-Id: 5e5a1515-121a-490c-bf91-b5b717ac0372
1 < X-Content-Type-Options: nosniff
1 < X-XSS-Protection: 0
1 < Cache-Control: no-cache, no-store, max-age=0, must-revalidate
1 < Pragma: no-cache
1 < Expires: 0
1 < X-Frame-Options: DENY
1 < Content-Type: application/json
1 < Transfer-Encoding: chunked
1 < Date: Sat, 04 Apr 2026 22:26:44 GMT
1 < Keep-Alive: timeout=60
1 < Connection: keep-alive
{"uid":"7a1865dc-5f0b-4bc1-b03d-f65cf0bee147","username":"std.9862ccd0-2ef4-4d85-b41d-5b94544a30a8","roleId":"8c23eacb-dbbd-4f31-9613-af9cda1d4cce","roleName":"STORE_USER","email":"std.9862ccd0-2ef4-4d85-b41d-5b94544a30a8@test.com","ecommerceId":"550e8400-e29b-41d4-a716-446655440000","isActive":true,"createdAt":"2026-04-04T22:26:43.981586700Z","updatedAt":"2026-04-04T22:26:43.981586700Z"}

19:26:44.012 [pool-2-thread-2] DEBUG c.intuit.karate.core.ScenarioEngine - over-writing existing variable 'username' with new value: response.username
19:26:44.013 [pool-2-thread-1] DEBUG com.intuit.karate - response time in milliseconds: 423
1 < 201
1 < X-Correlation-Id: 3407f13f-dd52-4169-aab9-5c3e50ba603c
1 < X-Content-Type-Options: nosniff
1 < X-XSS-Protection: 0
1 < Cache-Control: no-cache, no-store, max-age=0, must-revalidate
1 < Pragma: no-cache
1 < Expires: 0
1 < X-Frame-Options: DENY
1 < Content-Type: application/json
1 < Transfer-Encoding: chunked
1 < Date: Sat, 04 Apr 2026 22:26:44 GMT
1 < Keep-Alive: timeout=60
1 < Connection: keep-alive
{"uid":"487e094d-508f-4113-ac55-5d9b7dc66012","username":"tc028.abfa0f53-0e99-43a1-b9dc-362c6c335184","roleId":"8c23eacb-dbbd-4f31-9613-af9cda1d4cce","roleName":"STORE_USER","email":"tc028.abfa0f53-0e99-43a1-b9dc-362c6c335184@test.com","ecommerceId":"550e8400-e29b-41d4-a716-446655440000","isActive":true,"createdAt":"2026-04-04T22:26:43.991555700Z","updatedAt":"2026-04-04T22:26:43.991555700Z"}

19:26:44.020 [pool-2-thread-2] DEBUG com.intuit.karate - request:
1 > POST http://localhost:8081/api/v1/auth/login
1 > Content-Type: application/json; charset=UTF-8
1 > Content-Length: 82
1 > Host: localhost:8081
1 > Connection: Keep-Alive
1 > User-Agent: Apache-HttpClient/4.5.14 (Java/17.0.17)
1 > Accept-Encoding: gzip,deflate
{"username":"std.9862ccd0-2ef4-4d85-b41d-5b94544a30a8","password":"Admin123456!@"}

19:26:44.062 [pool-2-thread-5] DEBUG com.intuit.karate - response time in milliseconds: 402
1 < 201
1 < X-Correlation-Id: 80a79e07-cce7-49f7-bf22-2a0bef333735
1 < X-Content-Type-Options: nosniff
1 < X-XSS-Protection: 0
1 < Cache-Control: no-cache, no-store, max-age=0, must-revalidate
1 < Pragma: no-cache
1 < Expires: 0
1 < X-Frame-Options: DENY
1 < Content-Type: application/json
1 < Transfer-Encoding: chunked
1 < Date: Sat, 04 Apr 2026 22:26:44 GMT
1 < Keep-Alive: timeout=60
1 < Connection: keep-alive
{"uid":"aba41deb-af8e-4674-9172-bb10f5bdceef","username":"std.becd3fc4-4a1f-4cef-b74e-4e806d0abeef","roleId":"8c23eacb-dbbd-4f31-9613-af9cda1d4cce","roleName":"STORE_USER","email":"std.becd3fc4-4a1f-4cef-b74e-4e806d0abeef@test.com","ecommerceId":"550e8400-e29b-41d4-a716-446655440000","isActive":true,"createdAt":"2026-04-04T22:26:44.046363Z","updatedAt":"2026-04-04T22:26:44.046363Z"}

19:26:44.063 [pool-2-thread-5] DEBUG c.intuit.karate.core.ScenarioEngine - over-writing existing variable 'username' with new value: response.username
19:26:44.072 [pool-2-thread-5] DEBUG com.intuit.karate - request:
1 > POST http://localhost:8081/api/v1/auth/login
1 > Content-Type: application/json; charset=UTF-8
1 > Content-Length: 82
1 > Host: localhost:8081
1 > Connection: Keep-Alive
1 > User-Agent: Apache-HttpClient/4.5.14 (Java/17.0.17)
1 > Accept-Encoding: gzip,deflate
{"username":"std.becd3fc4-4a1f-4cef-b74e-4e806d0abeef","password":"Admin123456!@"}

19:26:44.416 [pool-2-thread-2] DEBUG com.intuit.karate - response time in milliseconds: 395
1 < 200
1 < X-Correlation-Id: 60ad204f-2822-4cff-afa2-c4b850e02b67
1 < X-Content-Type-Options: nosniff
1 < X-XSS-Protection: 0
1 < Cache-Control: no-cache, no-store, max-age=0, must-revalidate
1 < Pragma: no-cache
1 < Expires: 0
1 < X-Frame-Options: DENY
1 < Content-Type: application/json
1 < Transfer-Encoding: chunked
1 < Date: Sat, 04 Apr 2026 22:26:44 GMT
1 < Keep-Alive: timeout=60
1 < Connection: keep-alive
{"token":"eyJhbGciOiJIUzM4NCJ9.eyJzdWIiOiJzdGQuOTg2MmNjZDAtMmVmNC00ZDg1LWI0MWQtNWI5NDU0NGEzMGE4IiwidXNlcklkIjoiN2ExODY1ZGMtNWYwYi00YmMxLWIwM2QtZjY1Y2YwYmVlMTQ3Iiwicm9sZSI6IlNUT1JFX1VTRVIiLCJpYXQiOjE3NzUzNDE2MDQsImV4cCI6MTc3NTQyODAwNCwiZWNvbW1lcmNlX2lkIjoiNTUwZTg0MDAtZTI5Yi00MWQ0LWE3MTYtNDQ2NjU1NDQwMDAwIn0.53JsYz9Z_rhbbEycgoz-wUxKmoofL8JArBW5uMyBGu1VkOcASFNsTCZE_yRIM2cm","tipo":"Bearer","username":"std.9862ccd0-2ef4-4d85-b41d-5b94544a30a8","role":"STORE_USER"}

19:26:44.419 [pool-2-thread-2] DEBUG com.intuit.karate - request:
1 > DELETE http://localhost:8081/api/v1/users/7a1865dc-5f0b-4bc1-b03d-f65cf0bee147
1 > Authorization: Bearer eyJhbGciOiJIUzM4NCJ9.eyJzdWIiOiJhZG1pbiIsInVzZXJJZCI6IjNjYzljMmM3LWU1YTAtNDljOC1iOTU1LTZjMTY0MDdkMDczZCIsInJvbGUiOiJTVVBFUl9BRE1JTiIsImlhdCI6MTc3NTM0MTYwMiwiZXhwIjoxNzc1NDI4MDAyfQ.6YK1r45K8T1xlbBZvI6isPCtMM7TEjCFQCaBkrrCdvtD-F16S6Y8G3XuPNXI7_sR
1 > Host: localhost:8081
1 > Connection: Keep-Alive
1 > User-Agent: Apache-HttpClient/4.5.14 (Java/17.0.17)
1 > Accept-Encoding: gzip,deflate


19:26:44.454 [pool-2-thread-5] DEBUG com.intuit.karate - response time in milliseconds: 381
1 < 200
1 < X-Correlation-Id: b3d83568-f8c5-43da-96a9-27583082c4e4
1 < X-Content-Type-Options: nosniff
1 < X-XSS-Protection: 0
1 < Cache-Control: no-cache, no-store, max-age=0, must-revalidate
1 < Pragma: no-cache
1 < Expires: 0
1 < X-Frame-Options: DENY
1 < Content-Type: application/json
1 < Transfer-Encoding: chunked
1 < Date: Sat, 04 Apr 2026 22:26:44 GMT
1 < Keep-Alive: timeout=60
1 < Connection: keep-alive
{"token":"eyJhbGciOiJIUzM4NCJ9.eyJzdWIiOiJzdGQuYmVjZDNmYzQtNGExZi00Y2VmLWI3NGUtNGU4MDZkMGFiZWVmIiwidXNlcklkIjoiYWJhNDFkZWItYWY4ZS00Njc0LTkxNzItYmIxMGY1YmRjZWVmIiwicm9sZSI6IlNUT1JFX1VTRVIiLCJpYXQiOjE3NzUzNDE2MDQsImV4cCI6MTc3NTQyODAwNCwiZWNvbW1lcmNlX2lkIjoiNTUwZTg0MDAtZTI5Yi00MWQ0LWE3MTYtNDQ2NjU1NDQwMDAwIn0.UEGGRJVRl6zNaCGcqm-IgkylSw7hoD8dn7482lm2oszBzoBCVcqEOaLq5CIbmWej","tipo":"Bearer","username":"std.becd3fc4-4a1f-4cef-b74e-4e806d0abeef","role":"STORE_USER"}

19:26:44.455 [pool-2-thread-5] INFO  com.intuit.karate - << lock released, cached callonce: read('classpath:common/create-store-user.feature')
19:26:44.455 [pool-2-thread-3] WARN  com.intuit.karate - this thread waited 762 milliseconds for callonce lock: read('classpath:common/create-store-user.feature')
19:26:44.456 [pool-2-thread-4] WARN  com.intuit.karate - this thread waited 924 milliseconds for callonce lock: read('classpath:common/create-store-user.feature')
19:26:44.458 [pool-2-thread-5] DEBUG com.intuit.karate - request:
1 > GET http://localhost:8081/api/v1/auth/me
1 > Authorization: Bearer eyJhbGciOiJIUzM4NCJ9.eyJzdWIiOiJzdGQuYmVjZDNmYzQtNGExZi00Y2VmLWI3NGUtNGU4MDZkMGFiZWVmIiwidXNlcklkIjoiYWJhNDFkZWItYWY4ZS00Njc0LTkxNzItYmIxMGY1YmRjZWVmIiwicm9sZSI6IlNUT1JFX1VTRVIiLCJpYXQiOjE3NzUzNDE2MDQsImV4cCI6MTc3NTQyODAwNCwiZWNvbW1lcmNlX2lkIjoiNTUwZTg0MDAtZTI5Yi00MWQ0LWE3MTYtNDQ2NjU1NDQwMDAwIn0.UEGGRJVRl6zNaCGcqm-IgkylSw7hoD8dn7482lm2oszBzoBCVcqEOaLq5CIbmWej
1 > Host: localhost:8081
1 > Connection: Keep-Alive
1 > User-Agent: Apache-HttpClient/4.5.14 (Java/17.0.17)
1 > Accept-Encoding: gzip,deflate


19:26:44.461 [pool-2-thread-4] DEBUG com.intuit.karate - request:
1 > POST http://localhost:8081/api/v1/users
1 > Authorization: Bearer eyJhbGciOiJIUzM4NCJ9.eyJzdWIiOiJzdGQuYmVjZDNmYzQtNGExZi00Y2VmLWI3NGUtNGU4MDZkMGFiZWVmIiwidXNlcklkIjoiYWJhNDFkZWItYWY4ZS00Njc0LTkxNzItYmIxMGY1YmRjZWVmIiwicm9sZSI6IlNUT1JFX1VTRVIiLCJpYXQiOjE3NzUzNDE2MDQsImV4cCI6MTc3NTQyODAwNCwiZWNvbW1lcmNlX2lkIjoiNTUwZTg0MDAtZTI5Yi00MWQ0LWE3MTYtNDQ2NjU1NDQwMDAwIn0.UEGGRJVRl6zNaCGcqm-IgkylSw7hoD8dn7482lm2oszBzoBCVcqEOaLq5CIbmWej
1 > Content-Type: application/json; charset=UTF-8
1 > Content-Length: 168
1 > Host: localhost:8081
1 > Connection: Keep-Alive
1 > User-Agent: Apache-HttpClient/4.5.14 (Java/17.0.17)
1 > Accept-Encoding: gzip,deflate
{"username":"hack","email":"hack@x.com","password":"Admin123456!@","roleId":"8c23eacb-dbbd-4f31-9613-af9cda1d4cce","ecommerceId":"550e8400-e29b-41d4-a716-446655440000"}

19:26:44.461 [pool-2-thread-3] DEBUG com.intuit.karate - request:
1 > PUT http://localhost:8081/api/v1/users/me
1 > Authorization: Bearer eyJhbGciOiJIUzM4NCJ9.eyJzdWIiOiJzdGQuYmVjZDNmYzQtNGExZi00Y2VmLWI3NGUtNGU4MDZkMGFiZWVmIiwidXNlcklkIjoiYWJhNDFkZWItYWY4ZS00Njc0LTkxNzItYmIxMGY1YmRjZWVmIiwicm9sZSI6IlNUT1JFX1VTRVIiLCJpYXQiOjE3NzUzNDE2MDQsImV4cCI6MTc3NTQyODAwNCwiZWNvbW1lcmNlX2lkIjoiNTUwZTg0MDAtZTI5Yi00MWQ0LWE3MTYtNDQ2NjU1NDQwMDAwIn0.UEGGRJVRl6zNaCGcqm-IgkylSw7hoD8dn7482lm2oszBzoBCVcqEOaLq5CIbmWej
1 > Content-Type: application/json; charset=UTF-8
1 > Content-Length: 63
1 > Host: localhost:8081
1 > Connection: Keep-Alive
1 > User-Agent: Apache-HttpClient/4.5.14 (Java/17.0.17)
1 > Accept-Encoding: gzip,deflate
{"email":"tc034.2dfc323d-6a28-4a61-96ae-4e5c03882442@test.com"}

19:26:44.485 [pool-2-thread-2] DEBUG com.intuit.karate - response time in milliseconds: 66
1 < 204
1 < X-Correlation-Id: d74422da-7aee-4eb5-bf3c-8860024f724a
1 < X-Content-Type-Options: nosniff
1 < X-XSS-Protection: 0
1 < Cache-Control: no-cache, no-store, max-age=0, must-revalidate
1 < Pragma: no-cache
1 < Expires: 0
1 < X-Frame-Options: DENY
1 < Date: Sat, 04 Apr 2026 22:26:44 GMT
1 < Keep-Alive: timeout=60
1 < Connection: keep-alive


19:26:44.488 [pool-2-thread-2] DEBUG com.intuit.karate - request:
2 > POST http://localhost:8081/api/v1/auth/login
2 > Content-Type: application/json; charset=UTF-8
2 > Content-Length: 82
2 > Host: localhost:8081
2 > Connection: Keep-Alive
2 > User-Agent: Apache-HttpClient/4.5.14 (Java/17.0.17)
2 > Accept-Encoding: gzip,deflate
{"username":"std.9862ccd0-2ef4-4d85-b41d-5b94544a30a8","password":"Admin123456!@"}

19:26:44.502 [pool-2-thread-2] DEBUG com.intuit.karate - response time in milliseconds: 14
2 < 401
2 < X-Correlation-Id: f2d937dd-0c2f-4d57-9a94-50ea3e6e80c8
2 < X-Content-Type-Options: nosniff
2 < X-XSS-Protection: 0
2 < Cache-Control: no-cache, no-store, max-age=0, must-revalidate
2 < Pragma: no-cache
2 < Expires: 0
2 < X-Frame-Options: DENY
2 < Content-Type: application/json
2 < Transfer-Encoding: chunked
2 < Date: Sat, 04 Apr 2026 22:26:44 GMT
2 < Keep-Alive: timeout=60
2 < Connection: keep-alive
{"timestamp":"2026-04-04T22:26:44.499861300Z","status":401,"error":"Unauthorized","code":"UNAUTHORIZED","message":"Credenciales inválidas","path":"/api/v1/auth/login"}

19:26:44.506 [pool-2-thread-4] DEBUG com.intuit.karate - response time in milliseconds: 44
1 < 403
1 < X-Correlation-Id: e579bd3a-63f5-4a33-87d7-5e382b6890a8
1 < X-Content-Type-Options: nosniff
1 < X-XSS-Protection: 0
1 < Cache-Control: no-cache, no-store, max-age=0, must-revalidate
1 < Pragma: no-cache
1 < Expires: 0
1 < X-Frame-Options: DENY
1 < Content-Type: application/json
1 < Transfer-Encoding: chunked
1 < Date: Sat, 04 Apr 2026 22:26:44 GMT
1 < Keep-Alive: timeout=60
1 < Connection: keep-alive
{"timestamp":"2026-04-04T22:26:44.502837900Z","status":403,"error":"Forbidden","code":"FORBIDDEN","message":"Solo SUPER_ADMIN o STORE_ADMIN pueden crear usuarios","path":"/api/v1/users"}

19:26:44.520 [pool-2-thread-5] DEBUG com.intuit.karate - response time in milliseconds: 62
1 < 200
1 < X-Correlation-Id: 45b472d3-6c6d-4483-84f0-721fcefe3375
1 < X-Content-Type-Options: nosniff
1 < X-XSS-Protection: 0
1 < Cache-Control: no-cache, no-store, max-age=0, must-revalidate
1 < Pragma: no-cache
1 < Expires: 0
1 < X-Frame-Options: DENY
1 < Content-Type: application/json
1 < Transfer-Encoding: chunked
1 < Date: Sat, 04 Apr 2026 22:26:44 GMT
1 < Keep-Alive: timeout=60
1 < Connection: keep-alive
{"uid":"aba41deb-af8e-4674-9172-bb10f5bdceef","username":"std.becd3fc4-4a1f-4cef-b74e-4e806d0abeef","roleId":"8c23eacb-dbbd-4f31-9613-af9cda1d4cce","roleName":"STORE_USER","email":"std.becd3fc4-4a1f-4cef-b74e-4e806d0abeef@test.com","ecommerceId":"550e8400-e29b-41d4-a716-446655440000","isActive":true,"createdAt":"2026-04-04T22:26:44.046363Z","updatedAt":"2026-04-04T22:26:44.046363Z"}

19:26:44.528 [pool-2-thread-3] DEBUG com.intuit.karate - response time in milliseconds: 67
1 < 200
1 < X-Correlation-Id: a4454e60-6c13-48d7-a281-53c447f13691
1 < X-Content-Type-Options: nosniff
1 < X-XSS-Protection: 0
1 < Cache-Control: no-cache, no-store, max-age=0, must-revalidate
1 < Pragma: no-cache
1 < Expires: 0
1 < X-Frame-Options: DENY
1 < Content-Type: application/json
1 < Transfer-Encoding: chunked
1 < Date: Sat, 04 Apr 2026 22:26:44 GMT
1 < Keep-Alive: timeout=60
1 < Connection: keep-alive
{"uid":"aba41deb-af8e-4674-9172-bb10f5bdceef","username":"std.becd3fc4-4a1f-4cef-b74e-4e806d0abeef","roleId":"8c23eacb-dbbd-4f31-9613-af9cda1d4cce","roleName":"STORE_USER","email":"tc034.2dfc323d-6a28-4a61-96ae-4e5c03882442@test.com","ecommerceId":"550e8400-e29b-41d4-a716-446655440000","isActive":true,"createdAt":"2026-04-04T22:26:44.046363Z","updatedAt":"2026-04-04T22:26:44.046363Z"}

19:26:44.531 [pool-2-thread-3] DEBUG com.intuit.karate - request:
2 > GET http://localhost:8081/api/v1/auth/me
2 > Authorization: Bearer eyJhbGciOiJIUzM4NCJ9.eyJzdWIiOiJzdGQuYmVjZDNmYzQtNGExZi00Y2VmLWI3NGUtNGU4MDZkMGFiZWVmIiwidXNlcklkIjoiYWJhNDFkZWItYWY4ZS00Njc0LTkxNzItYmIxMGY1YmRjZWVmIiwicm9sZSI6IlNUT1JFX1VTRVIiLCJpYXQiOjE3NzUzNDE2MDQsImV4cCI6MTc3NTQyODAwNCwiZWNvbW1lcmNlX2lkIjoiNTUwZTg0MDAtZTI5Yi00MWQ0LWE3MTYtNDQ2NjU1NDQwMDAwIn0.UEGGRJVRl6zNaCGcqm-IgkylSw7hoD8dn7482lm2oszBzoBCVcqEOaLq5CIbmWej
2 > Host: localhost:8081
2 > Connection: Keep-Alive
2 > User-Agent: Apache-HttpClient/4.5.14 (Java/17.0.17)
2 > Accept-Encoding: gzip,deflate


19:26:44.575 [pool-2-thread-3] DEBUG com.intuit.karate - response time in milliseconds: 43
2 < 200
2 < X-Correlation-Id: 2c22ce4a-a7b5-4eae-9fb0-a79a7487df88
2 < X-Content-Type-Options: nosniff
2 < X-XSS-Protection: 0
2 < Cache-Control: no-cache, no-store, max-age=0, must-revalidate
2 < Pragma: no-cache
2 < Expires: 0
2 < X-Frame-Options: DENY
2 < Content-Type: application/json
2 < Transfer-Encoding: chunked
2 < Date: Sat, 04 Apr 2026 22:26:44 GMT
2 < Keep-Alive: timeout=60
2 < Connection: keep-alive
{"uid":"aba41deb-af8e-4674-9172-bb10f5bdceef","username":"std.becd3fc4-4a1f-4cef-b74e-4e806d0abeef","roleId":"8c23eacb-dbbd-4f31-9613-af9cda1d4cce","roleName":"STORE_USER","email":"tc034.2dfc323d-6a28-4a61-96ae-4e5c03882442@test.com","ecommerceId":"550e8400-e29b-41d4-a716-446655440000","isActive":true,"createdAt":"2026-04-04T22:26:44.046363Z","updatedAt":"2026-04-04T22:26:44.509447Z"}

---------------------------------------------------------
feature: classpath:features/users/users.feature
scenarios:  8 | passed:  8 | failed:  0 | time: 7,6299
---------------------------------------------------------

19:26:44.831 [pool-3-thread-1] INFO  com.intuit.karate.Suite - <<pass>> feature 8 of 9 (1 remaining) classpath:features/users/users.feature
---------------------------------------------------------
feature: classpath:features/user_profile/user-profile.feature
scenarios:  3 | passed:  3 | failed:  0 | time: 2,9206
---------------------------------------------------------

19:26:44.922 [pool-3-thread-1] INFO  com.intuit.karate.Suite - <<pass>> feature 9 of 9 (0 remaining) classpath:features/user_profile/user-profile.feature
Karate version: 1.5.0
======================================================
elapsed:  11,68 | threads:    5 | thread time: 36,16 
features:     9 | skipped:    0 | efficiency: 0,62
scenarios:   50 | passed:    50 | failed: 0
======================================================

HTML report: (paste into browser to view) | Karate version: 1.5.0
file:///C:/Users/matia/Desktop/KarateLoyalty/target/karate-reports/karate-summary.html
===================================================================

]]></system-out>
  </testcase>
</testsuite>