<?xml version="1.0" encoding="UTF-8"?>
<testsuite xmlns:xsi="http://www.w3.org/2001/XMLSchema-instance" xsi:noNamespaceSchemaLocation="https://maven.apache.org/surefire/maven-surefire-plugin/xsd/surefire-test-report-3.0.xsd" version="3.0" name="examples.ExamplesTest" time="13.882" tests="1" errors="0" skipped="0" failures="0">
  <properties>
[...]
</properties>
  <testcase name="testParallel" classname="examples.ExamplesTest" time="13.831">
    <system-out><![CDATA[23:31:34.479 [main] DEBUG com.intuit.karate.Suite - [config] classpath:karate-config.js
23:31:34.515 [main] DEBUG com.intuit.karate.Suite - waiting for 9 features to complete
23:31:36.661 [pool-2-thread-5] INFO  com.intuit.karate - karate.env: dev 
23:31:36.660 [pool-2-thread-3] INFO  com.intuit.karate - karate.env: dev 
23:31:36.660 [pool-2-thread-2] INFO  com.intuit.karate - karate.env: dev 
23:31:36.660 [pool-2-thread-4] INFO  com.intuit.karate - karate.env: dev 
23:31:36.660 [pool-2-thread-1] INFO  com.intuit.karate - karate.env: dev 
23:31:37.327 [pool-2-thread-2] DEBUG com.intuit.karate - request:
1 > POST http://localhost:8081/api/v1/auth/login
1 > Content-Type: application/json; charset=UTF-8
1 > Content-Length: 43
1 > Host: localhost:8081
1 > Connection: Keep-Alive
1 > User-Agent: Apache-HttpClient/4.5.14 (Java/21.0.9)
1 > Accept-Encoding: gzip,deflate
{"username":"admin","password":"wrongPass"}

23:31:37.327 [pool-2-thread-1] DEBUG com.intuit.karate - request:
1 > POST http://localhost:8081/api/v1/auth/login
1 > Content-Type: application/json; charset=UTF-8
1 > Content-Length: 42
1 > Host: localhost:8081
1 > Connection: Keep-Alive
1 > User-Agent: Apache-HttpClient/4.5.14 (Java/21.0.9)
1 > Accept-Encoding: gzip,deflate
{"username":"admin","password":"admin123"}

23:31:37.327 [pool-2-thread-5] DEBUG com.intuit.karate - request:
1 > POST http://localhost:8081/api/v1/auth/login
1 > Content-Type: application/json; charset=UTF-8
1 > Content-Length: 42
1 > Host: localhost:8081
1 > Connection: Keep-Alive
1 > User-Agent: Apache-HttpClient/4.5.14 (Java/21.0.9)
1 > Accept-Encoding: gzip,deflate
{"username":"admin","password":"admin123"}

23:31:37.327 [pool-2-thread-4] DEBUG com.intuit.karate - request:
1 > POST http://localhost:8081/api/v1/auth/login
1 > Content-Type: application/json; charset=UTF-8
1 > Content-Length: 29
1 > Host: localhost:8081
1 > Connection: Keep-Alive
1 > User-Agent: Apache-HttpClient/4.5.14 (Java/21.0.9)
1 > Accept-Encoding: gzip,deflate
{"username":"","password":""}

23:31:37.327 [pool-2-thread-3] DEBUG com.intuit.karate - request:
1 > POST http://localhost:8081/api/v1/auth/login
1 > Content-Type: application/json; charset=UTF-8
1 > Content-Length: 37
1 > Host: localhost:8081
1 > Connection: Keep-Alive
1 > User-Agent: Apache-HttpClient/4.5.14 (Java/21.0.9)
1 > Accept-Encoding: gzip,deflate
{"username":"","password":"admin123"}

23:31:37.926 [pool-2-thread-4] DEBUG com.intuit.karate - response time in milliseconds: 594
1 < 400
1 < X-Correlation-Id: 32defa40-dcd1-4c27-a5a0-2befdfc765cf
1 < X-Content-Type-Options: nosniff
1 < X-XSS-Protection: 0
1 < Cache-Control: no-cache, no-store, max-age=0, must-revalidate
1 < Pragma: no-cache
1 < Expires: 0
1 < X-Frame-Options: DENY
1 < Content-Type: application/json
1 < Transfer-Encoding: chunked
1 < Date: Tue, 07 Apr 2026 02:31:37 GMT
1 < Connection: close
{"timestamp":"2026-04-07T02:31:37.904185600Z","status":400,"error":"Bad Request","code":"VALIDATION_ERROR","message":"Validation failed: username: username es obligatorio, password: password es obligatorio","path":"/api/v1/auth/login"}

23:31:37.926 [pool-2-thread-3] DEBUG com.intuit.karate - response time in milliseconds: 594
1 < 400
1 < X-Correlation-Id: 315744ab-131f-42e4-a8c2-04abf83b7c55
1 < X-Content-Type-Options: nosniff
1 < X-XSS-Protection: 0
1 < Cache-Control: no-cache, no-store, max-age=0, must-revalidate
1 < Pragma: no-cache
1 < Expires: 0
1 < X-Frame-Options: DENY
1 < Content-Type: application/json
1 < Transfer-Encoding: chunked
1 < Date: Tue, 07 Apr 2026 02:31:37 GMT
1 < Connection: close
{"timestamp":"2026-04-07T02:31:37.904185600Z","status":400,"error":"Bad Request","code":"VALIDATION_ERROR","message":"Validation failed: username: username es obligatorio","path":"/api/v1/auth/login"}

23:31:37.989 [pool-2-thread-3] INFO  com.intuit.karate - karate.env: dev 
23:31:37.989 [pool-2-thread-4] INFO  com.intuit.karate - karate.env: dev 
23:31:38.000 [pool-2-thread-3] INFO  com.intuit.karate - >> lock acquired, begin callonce: read('classpath:common/login.feature') adminCredentials
23:31:38.009 [pool-2-thread-3] DEBUG com.intuit.karate - request:
1 > POST http://localhost:8081/api/v1/auth/login
1 > Content-Type: application/json; charset=UTF-8
1 > Content-Length: 42
1 > Host: localhost:8081
1 > Connection: Keep-Alive
1 > User-Agent: Apache-HttpClient/4.5.14 (Java/21.0.9)
1 > Accept-Encoding: gzip,deflate
{"username":"admin","password":"admin123"}

23:31:38.072 [pool-2-thread-5] DEBUG com.intuit.karate - response time in milliseconds: 744
1 < 200
1 < X-Correlation-Id: 51e872e8-03b3-4058-820f-340acf86e447
1 < X-Content-Type-Options: nosniff
1 < X-XSS-Protection: 0
1 < Cache-Control: no-cache, no-store, max-age=0, must-revalidate
1 < Pragma: no-cache
1 < Expires: 0
1 < X-Frame-Options: DENY
1 < Content-Type: application/json
1 < Transfer-Encoding: chunked
1 < Date: Tue, 07 Apr 2026 02:31:38 GMT
1 < Keep-Alive: timeout=60
1 < Connection: keep-alive
{"token":"eyJhbGciOiJIUzM4NCJ9.eyJzdWIiOiJhZG1pbiIsInVzZXJJZCI6ImEyYTNkMTM4LThhMTYtNGRjYi04NTJhLTNlYTY0NjRhZWU4NSIsInJvbGUiOiJTVVBFUl9BRE1JTiIsImlhdCI6MTc3NTUyOTA5OCwiZXhwIjoxNzc1NjE1NDk4fQ.9udWsPFBXsA0vV1uCrzxnJG8-ibIzlbg6tZBPKG4JzwDvln3E1fVsE7O4NHXA1o9","tipo":"Bearer","username":"admin","role":"SUPER_ADMIN"}

23:31:38.076 [pool-2-thread-2] DEBUG com.intuit.karate - response time in milliseconds: 748
1 < 401
1 < X-Correlation-Id: 8936fa7b-3fdb-46c9-9376-8e720d54e876
1 < X-Content-Type-Options: nosniff
1 < X-XSS-Protection: 0
1 < Cache-Control: no-cache, no-store, max-age=0, must-revalidate
1 < Pragma: no-cache
1 < Expires: 0
1 < X-Frame-Options: DENY
1 < Content-Type: application/json
1 < Transfer-Encoding: chunked
1 < Date: Tue, 07 Apr 2026 02:31:38 GMT
1 < Keep-Alive: timeout=60
1 < Connection: keep-alive
{"timestamp":"2026-04-07T02:31:38.072484100Z","status":401,"error":"Unauthorized","code":"UNAUTHORIZED","message":"Credenciales inválidas","path":"/api/v1/auth/login"}

23:31:38.078 [pool-2-thread-1] DEBUG com.intuit.karate - response time in milliseconds: 751
1 < 200
1 < X-Correlation-Id: 9c1acaf9-5d1a-43f1-86e9-5b1eb9011242
1 < X-Content-Type-Options: nosniff
1 < X-XSS-Protection: 0
1 < Cache-Control: no-cache, no-store, max-age=0, must-revalidate
1 < Pragma: no-cache
1 < Expires: 0
1 < X-Frame-Options: DENY
1 < Content-Type: application/json
1 < Transfer-Encoding: chunked
1 < Date: Tue, 07 Apr 2026 02:31:38 GMT
1 < Keep-Alive: timeout=60
1 < Connection: keep-alive
{"token":"eyJhbGciOiJIUzM4NCJ9.eyJzdWIiOiJhZG1pbiIsInVzZXJJZCI6ImEyYTNkMTM4LThhMTYtNGRjYi04NTJhLTNlYTY0NjRhZWU4NSIsInJvbGUiOiJTVVBFUl9BRE1JTiIsImlhdCI6MTc3NTUyOTA5OCwiZXhwIjoxNzc1NjE1NDk4fQ.9udWsPFBXsA0vV1uCrzxnJG8-ibIzlbg6tZBPKG4JzwDvln3E1fVsE7O4NHXA1o9","tipo":"Bearer","username":"admin","role":"SUPER_ADMIN"}

23:31:38.086 [pool-2-thread-2] INFO  com.intuit.karate - karate.env: dev 
23:31:38.098 [pool-2-thread-1] INFO  com.intuit.karate - karate.env: dev 
23:31:38.125 [pool-2-thread-5] DEBUG com.intuit.karate - request:
1 > POST http://localhost:8081/api/v1/auth/logout
1 > Authorization: Bearer eyJhbGciOiJIUzM4NCJ9.eyJzdWIiOiJhZG1pbiIsInVzZXJJZCI6ImEyYTNkMTM4LThhMTYtNGRjYi04NTJhLTNlYTY0NjRhZWU4NSIsInJvbGUiOiJTVVBFUl9BRE1JTiIsImlhdCI6MTc3NTUyOTA5OCwiZXhwIjoxNzc1NjE1NDk4fQ.9udWsPFBXsA0vV1uCrzxnJG8-ibIzlbg6tZBPKG4JzwDvln3E1fVsE7O4NHXA1o9
1 > Host: localhost:8081
1 > Connection: Keep-Alive
1 > User-Agent: Apache-HttpClient/4.5.14 (Java/21.0.9)
1 > Accept-Encoding: gzip,deflate


23:31:38.137 [pool-2-thread-5] DEBUG com.intuit.karate - response time in milliseconds: 10
1 < 204
1 < X-Correlation-Id: a83287ac-7ff7-4146-a8c5-6aacf4934a9d
1 < X-Content-Type-Options: nosniff
1 < X-XSS-Protection: 0
1 < Cache-Control: no-cache, no-store, max-age=0, must-revalidate
1 < Pragma: no-cache
1 < Expires: 0
1 < X-Frame-Options: DENY
1 < Date: Tue, 07 Apr 2026 02:31:38 GMT
1 < Keep-Alive: timeout=60
1 < Connection: keep-alive


23:31:38.144 [pool-2-thread-5] INFO  com.intuit.karate - karate.env: dev 
23:31:38.150 [pool-2-thread-5] INFO  com.intuit.karate - >> lock acquired, begin callonce: read('classpath:common/create-api-key.feature')
23:31:38.163 [pool-2-thread-3] DEBUG com.intuit.karate - response time in milliseconds: 154
1 < 200
1 < X-Correlation-Id: 71b0ac83-bc54-4d1c-8b32-1e08fd51a70b
1 < X-Content-Type-Options: nosniff
1 < X-XSS-Protection: 0
1 < Cache-Control: no-cache, no-store, max-age=0, must-revalidate
1 < Pragma: no-cache
1 < Expires: 0
1 < X-Frame-Options: DENY
1 < Content-Type: application/json
1 < Transfer-Encoding: chunked
1 < Date: Tue, 07 Apr 2026 02:31:38 GMT
1 < Keep-Alive: timeout=60
1 < Connection: keep-alive
{"token":"eyJhbGciOiJIUzM4NCJ9.eyJzdWIiOiJhZG1pbiIsInVzZXJJZCI6ImEyYTNkMTM4LThhMTYtNGRjYi04NTJhLTNlYTY0NjRhZWU4NSIsInJvbGUiOiJTVVBFUl9BRE1JTiIsImlhdCI6MTc3NTUyOTA5OCwiZXhwIjoxNzc1NjE1NDk4fQ.9udWsPFBXsA0vV1uCrzxnJG8-ibIzlbg6tZBPKG4JzwDvln3E1fVsE7O4NHXA1o9","tipo":"Bearer","username":"admin","role":"SUPER_ADMIN"}

23:31:38.164 [pool-2-thread-5] DEBUG com.intuit.karate - request:
1 > POST http://localhost:8081/api/v1/auth/login
1 > Content-Type: application/json; charset=UTF-8
1 > Content-Length: 42
1 > Host: localhost:8081
1 > Connection: Keep-Alive
1 > User-Agent: Apache-HttpClient/4.5.14 (Java/21.0.9)
1 > Accept-Encoding: gzip,deflate
{"username":"admin","password":"admin123"}

23:31:38.168 [pool-2-thread-3] INFO  com.intuit.karate - << lock released, cached callonce: read('classpath:common/login.feature') adminCredentials
23:31:38.168 [pool-2-thread-1] WARN  com.intuit.karate - this thread waited 65 milliseconds for callonce lock: read('classpath:common/login.feature') adminCredentials
23:31:38.169 [pool-2-thread-2] WARN  com.intuit.karate - this thread waited 73 milliseconds for callonce lock: read('classpath:common/login.feature') adminCredentials
23:31:38.169 [pool-2-thread-4] WARN  com.intuit.karate - this thread waited 169 milliseconds for callonce lock: read('classpath:common/login.feature') adminCredentials
23:31:38.178 [pool-2-thread-2] DEBUG com.intuit.karate - request:
1 > POST http://localhost:8081/api/v1/discount-config
1 > Authorization: Bearer eyJhbGciOiJIUzM4NCJ9.eyJzdWIiOiJhZG1pbiIsInVzZXJJZCI6ImEyYTNkMTM4LThhMTYtNGRjYi04NTJhLTNlYTY0NjRhZWU4NSIsInJvbGUiOiJTVVBFUl9BRE1JTiIsImlhdCI6MTc3NTUyOTA5OCwiZXhwIjoxNzc1NjE1NDk4fQ.9udWsPFBXsA0vV1uCrzxnJG8-ibIzlbg6tZBPKG4JzwDvln3E1fVsE7O4NHXA1o9
1 > Content-Type: application/json; charset=UTF-8
1 > Content-Length: 124
1 > Host: localhost:8081
1 > Connection: Keep-Alive
1 > User-Agent: Apache-HttpClient/4.5.14 (Java/21.0.9)
1 > Accept-Encoding: gzip,deflate
{"ecommerceId":"invalid-uuid-format","maxDiscountCap":20,"currencyCode":"USD","allowStacking":true,"roundingRule":"HALF_UP"}

23:31:38.178 [pool-2-thread-1] DEBUG com.intuit.karate - request:
1 > POST http://localhost:8081/api/v1/discount-config
1 > Authorization: Bearer eyJhbGciOiJIUzM4NCJ9.eyJzdWIiOiJhZG1pbiIsInVzZXJJZCI6ImEyYTNkMTM4LThhMTYtNGRjYi04NTJhLTNlYTY0NjRhZWU4NSIsInJvbGUiOiJTVVBFUl9BRE1JTiIsImlhdCI6MTc3NTUyOTA5OCwiZXhwIjoxNzc1NjE1NDk4fQ.9udWsPFBXsA0vV1uCrzxnJG8-ibIzlbg6tZBPKG4JzwDvln3E1fVsE7O4NHXA1o9
1 > Content-Type: application/json; charset=UTF-8
1 > Content-Length: 141
1 > Host: localhost:8081
1 > Connection: Keep-Alive
1 > User-Agent: Apache-HttpClient/4.5.14 (Java/21.0.9)
1 > Accept-Encoding: gzip,deflate
{"ecommerceId":"550e8400-e29b-41d4-a716-446655440000","maxDiscountCap":-5,"currencyCode":"USD","allowStacking":true,"roundingRule":"HALF_UP"}

23:31:38.178 [pool-2-thread-4] DEBUG com.intuit.karate - request:
1 > POST http://localhost:8081/api/v1/discount-config
1 > Authorization: Bearer eyJhbGciOiJIUzM4NCJ9.eyJzdWIiOiJhZG1pbiIsInVzZXJJZCI6ImEyYTNkMTM4LThhMTYtNGRjYi04NTJhLTNlYTY0NjRhZWU4NSIsInJvbGUiOiJTVVBFUl9BRE1JTiIsImlhdCI6MTc3NTUyOTA5OCwiZXhwIjoxNzc1NjE1NDk4fQ.9udWsPFBXsA0vV1uCrzxnJG8-ibIzlbg6tZBPKG4JzwDvln3E1fVsE7O4NHXA1o9
1 > Content-Type: application/json; charset=UTF-8
1 > Content-Length: 141
1 > Host: localhost:8081
1 > Connection: Keep-Alive
1 > User-Agent: Apache-HttpClient/4.5.14 (Java/21.0.9)
1 > Accept-Encoding: gzip,deflate
{"ecommerceId":"550e8400-e29b-41d4-a716-446655440001","maxDiscountCap":20,"currencyCode":"USD","allowStacking":true,"roundingRule":"HALF_UP"}

23:31:38.178 [pool-2-thread-3] DEBUG com.intuit.karate - request:
1 > POST http://localhost:8081/api/v1/discount-config
1 > Authorization: Bearer eyJhbGciOiJIUzM4NCJ9.eyJzdWIiOiJhZG1pbiIsInVzZXJJZCI6ImEyYTNkMTM4LThhMTYtNGRjYi04NTJhLTNlYTY0NjRhZWU4NSIsInJvbGUiOiJTVVBFUl9BRE1JTiIsImlhdCI6MTc3NTUyOTA5OCwiZXhwIjoxNzc1NjE1NDk4fQ.9udWsPFBXsA0vV1uCrzxnJG8-ibIzlbg6tZBPKG4JzwDvln3E1fVsE7O4NHXA1o9
1 > Content-Type: application/json; charset=UTF-8
1 > Content-Length: 140
1 > Host: localhost:8081
1 > Connection: Keep-Alive
1 > User-Agent: Apache-HttpClient/4.5.14 (Java/21.0.9)
1 > Accept-Encoding: gzip,deflate
{"ecommerceId":"550e8400-e29b-41d4-a716-446655440000","maxDiscountCap":0,"currencyCode":"USD","allowStacking":true,"roundingRule":"HALF_UP"}

23:31:38.222 [pool-2-thread-2] DEBUG com.intuit.karate - response time in milliseconds: 44
1 < 500
1 < X-Correlation-Id: 13b6f66a-c90c-489c-b798-c5a33e61856e
1 < X-Content-Type-Options: nosniff
1 < X-XSS-Protection: 0
1 < Cache-Control: no-cache, no-store, max-age=0, must-revalidate
1 < Pragma: no-cache
1 < Expires: 0
1 < X-Frame-Options: DENY
1 < Content-Type: application/json
1 < Transfer-Encoding: chunked
1 < Date: Tue, 07 Apr 2026 02:31:38 GMT
1 < Connection: close
{"timestamp":"2026-04-07T02:31:38.216377500Z","status":500,"error":"Internal Server Error","code":"INTERNAL_ERROR","message":"JSON parse error: Cannot deserialize value of type `java.util.UUID` from String \"invalid-uuid-format\": UUID has to be represented by standard 36-char representation","path":"/api/v1/discount-config"}

23:31:38.227 [pool-2-thread-1] DEBUG com.intuit.karate - response time in milliseconds: 48
1 < 400
1 < X-Correlation-Id: 64ac3b69-9cde-4267-9c05-b2954f87a872
1 < X-Content-Type-Options: nosniff
1 < X-XSS-Protection: 0
1 < Cache-Control: no-cache, no-store, max-age=0, must-revalidate
1 < Pragma: no-cache
1 < Expires: 0
1 < X-Frame-Options: DENY
1 < Content-Type: application/json
1 < Transfer-Encoding: chunked
1 < Date: Tue, 07 Apr 2026 02:31:38 GMT
1 < Connection: close
{"timestamp":"2026-04-07T02:31:38.219396300Z","status":400,"error":"Bad Request","code":"VALIDATION_ERROR","message":"Validation failed: maxDiscountCap: El maxDiscountCap debe ser mayor a 0","path":"/api/v1/discount-config"}

23:31:38.227 [pool-2-thread-3] DEBUG com.intuit.karate - response time in milliseconds: 48
1 < 400
1 < X-Correlation-Id: 28f796f8-1c40-4ff1-ac3a-6020ee98c74a
1 < X-Content-Type-Options: nosniff
1 < X-XSS-Protection: 0
1 < Cache-Control: no-cache, no-store, max-age=0, must-revalidate
1 < Pragma: no-cache
1 < Expires: 0
1 < X-Frame-Options: DENY
1 < Content-Type: application/json
1 < Transfer-Encoding: chunked
1 < Date: Tue, 07 Apr 2026 02:31:38 GMT
1 < Connection: close
{"timestamp":"2026-04-07T02:31:38.220396300Z","status":400,"error":"Bad Request","code":"VALIDATION_ERROR","message":"Validation failed: maxDiscountCap: El maxDiscountCap debe ser mayor a 0","path":"/api/v1/discount-config"}

23:31:38.228 [pool-2-thread-2] INFO  com.intuit.karate - karate.env: dev 
23:31:38.228 [pool-2-thread-3] INFO  com.intuit.karate - karate.env: dev 
23:31:38.228 [pool-2-thread-1] INFO  com.intuit.karate - karate.env: dev 
23:31:38.240 [pool-2-thread-1] INFO  com.intuit.karate - >> lock acquired, begin callonce: read('classpath:common/setup-engine-config.feature')
23:31:38.244 [pool-2-thread-4] DEBUG com.intuit.karate - response time in milliseconds: 65
1 < 500
1 < X-Correlation-Id: dcc9fd83-b2e8-4aff-856e-89869f340073
1 < X-Content-Type-Options: nosniff
1 < X-XSS-Protection: 0
1 < Cache-Control: no-cache, no-store, max-age=0, must-revalidate
1 < Pragma: no-cache
1 < Expires: 0
1 < X-Frame-Options: DENY
1 < Content-Type: application/json
1 < Transfer-Encoding: chunked
1 < Date: Tue, 07 Apr 2026 02:31:38 GMT
1 < Connection: close
{"timestamp":"2026-04-07T02:31:38.238559200Z","status":500,"error":"Internal Server Error","code":"INTERNAL_ERROR","message":"could not execute statement [ERROR: duplicate key value violates unique constraint \"idx_discount_settings_ecommerce_active\"\n  Detail: Key (ecommerce_id)=(550e8400-e29b-41d4-a716-446655440001) already exists.] [insert into discount_settings (allow_stacking,created_at,currency_code,ecommerce_id,is_active,max_discount_cap,rounding_rule,updated_at,version,id) values (?,?,?,?,?,?,?,?,?,?)]; SQL [insert into discount_settings (allow_stacking,created_at,currency_code,ecommerce_id,is_active,max_discount_cap,rounding_rule,updated_at,version,id) values (?,?,?,?,?,?,?,?,?,?)]; constraint [idx_discount_settings_ecommerce_active]","path":"/api/v1/discount-config"}

23:31:38.254 [pool-2-thread-1] DEBUG com.intuit.karate - request:
1 > POST http://localhost:8081/api/v1/auth/login
1 > Content-Type: application/json; charset=UTF-8
1 > Content-Length: 42
1 > Host: localhost:8081
1 > Connection: Keep-Alive
1 > User-Agent: Apache-HttpClient/4.5.14 (Java/21.0.9)
1 > Accept-Encoding: gzip,deflate
{"username":"admin","password":"admin123"}

23:31:38.293 [pool-2-thread-4] DEBUG com.intuit.karate - request:
2 > GET http://localhost:8081/api/v1/discount-config?ecommerceId=550e8400-e29b-41d4-a716-446655440001
2 > Authorization: Bearer eyJhbGciOiJIUzM4NCJ9.eyJzdWIiOiJhZG1pbiIsInVzZXJJZCI6ImEyYTNkMTM4LThhMTYtNGRjYi04NTJhLTNlYTY0NjRhZWU4NSIsInJvbGUiOiJTVVBFUl9BRE1JTiIsImlhdCI6MTc3NTUyOTA5OCwiZXhwIjoxNzc1NjE1NDk4fQ.9udWsPFBXsA0vV1uCrzxnJG8-ibIzlbg6tZBPKG4JzwDvln3E1fVsE7O4NHXA1o9
2 > Host: localhost:8081
2 > Connection: Keep-Alive
2 > User-Agent: Apache-HttpClient/4.5.14 (Java/21.0.9)
2 > Accept-Encoding: gzip,deflate


23:31:38.326 [pool-2-thread-4] DEBUG com.intuit.karate - response time in milliseconds: 32
2 < 200
2 < X-Correlation-Id: 42bb57a4-bee3-480e-a0ba-227dadeed7b4
2 < X-Content-Type-Options: nosniff
2 < X-XSS-Protection: 0
2 < Cache-Control: no-cache, no-store, max-age=0, must-revalidate
2 < Pragma: no-cache
2 < Expires: 0
2 < X-Frame-Options: DENY
2 < Content-Type: application/json
2 < Transfer-Encoding: chunked
2 < Date: Tue, 07 Apr 2026 02:31:38 GMT
2 < Keep-Alive: timeout=60
2 < Connection: keep-alive
{"uid":"84bd345a-90e1-497f-8964-9e046c061dfe","ecommerceId":"550e8400-e29b-41d4-a716-446655440001","maxDiscountCap":20.0000,"currencyCode":"USD","allowStacking":true,"roundingRule":"HALF_UP","isActive":true,"version":1,"createdAt":"2026-04-07T00:33:54.090311Z","updatedAt":"2026-04-07T00:33:54.090311Z"}

23:31:38.335 [pool-2-thread-5] DEBUG com.intuit.karate - response time in milliseconds: 171
1 < 200
1 < X-Correlation-Id: 0dd5694c-9533-44bf-8325-8332664314ae
1 < X-Content-Type-Options: nosniff
1 < X-XSS-Protection: 0
1 < Cache-Control: no-cache, no-store, max-age=0, must-revalidate
1 < Pragma: no-cache
1 < Expires: 0
1 < X-Frame-Options: DENY
1 < Content-Type: application/json
1 < Transfer-Encoding: chunked
1 < Date: Tue, 07 Apr 2026 02:31:38 GMT
1 < Keep-Alive: timeout=60
1 < Connection: keep-alive
{"token":"eyJhbGciOiJIUzM4NCJ9.eyJzdWIiOiJhZG1pbiIsInVzZXJJZCI6ImEyYTNkMTM4LThhMTYtNGRjYi04NTJhLTNlYTY0NjRhZWU4NSIsInJvbGUiOiJTVVBFUl9BRE1JTiIsImlhdCI6MTc3NTUyOTA5OCwiZXhwIjoxNzc1NjE1NDk4fQ.9udWsPFBXsA0vV1uCrzxnJG8-ibIzlbg6tZBPKG4JzwDvln3E1fVsE7O4NHXA1o9","tipo":"Bearer","username":"admin","role":"SUPER_ADMIN"}

23:31:38.342 [pool-2-thread-4] INFO  com.intuit.karate - karate.env: dev 
23:31:38.344 [pool-2-thread-5] DEBUG com.intuit.karate - request:
1 > POST http://localhost:8081/api/v1/ecommerces/550e8400-e29b-41d4-a716-446655440000/api-keys
1 > Authorization: Bearer eyJhbGciOiJIUzM4NCJ9.eyJzdWIiOiJhZG1pbiIsInVzZXJJZCI6ImEyYTNkMTM4LThhMTYtNGRjYi04NTJhLTNlYTY0NjRhZWU4NSIsInJvbGUiOiJTVVBFUl9BRE1JTiIsImlhdCI6MTc3NTUyOTA5OCwiZXhwIjoxNzc1NjE1NDk4fQ.9udWsPFBXsA0vV1uCrzxnJG8-ibIzlbg6tZBPKG4JzwDvln3E1fVsE7O4NHXA1o9
1 > Content-Type: application/json; charset=UTF-8
1 > Content-Length: 2
1 > Host: localhost:8081
1 > Connection: Keep-Alive
1 > User-Agent: Apache-HttpClient/4.5.14 (Java/21.0.9)
1 > Accept-Encoding: gzip,deflate
{}

23:31:38.383 [pool-2-thread-5] DEBUG com.intuit.karate - response time in milliseconds: 38
1 < 201
1 < X-Correlation-Id: 574a8c47-8472-4459-8fb8-3ffaed1d737b
1 < X-Content-Type-Options: nosniff
1 < X-XSS-Protection: 0
1 < Cache-Control: no-cache, no-store, max-age=0, must-revalidate
1 < Pragma: no-cache
1 < Expires: 0
1 < X-Frame-Options: DENY
1 < Content-Type: application/json
1 < Transfer-Encoding: chunked
1 < Date: Tue, 07 Apr 2026 02:31:38 GMT
1 < Keep-Alive: timeout=60
1 < Connection: keep-alive
{"uid":"30463062-d5c7-4271-9cdf-b0faad5263ab","key":"d97f50fb-1778-4199-84f7-4ea2fef8749f","expiresAt":"2027-04-07T02:31:38.369997Z","ecommerceId":"550e8400-e29b-41d4-a716-446655440000","createdAt":"2026-04-07T02:31:38.369997Z","updatedAt":"2026-04-07T02:31:38.369997Z"}

23:31:38.413 [pool-2-thread-1] DEBUG com.intuit.karate - response time in milliseconds: 158
1 < 200
1 < X-Correlation-Id: d4e53eab-0109-42e2-8cd7-376fd0b7e4b5
1 < X-Content-Type-Options: nosniff
1 < X-XSS-Protection: 0
1 < Cache-Control: no-cache, no-store, max-age=0, must-revalidate
1 < Pragma: no-cache
1 < Expires: 0
1 < X-Frame-Options: DENY
1 < Content-Type: application/json
1 < Transfer-Encoding: chunked
1 < Date: Tue, 07 Apr 2026 02:31:38 GMT
1 < Keep-Alive: timeout=60
1 < Connection: keep-alive
{"token":"eyJhbGciOiJIUzM4NCJ9.eyJzdWIiOiJhZG1pbiIsInVzZXJJZCI6ImEyYTNkMTM4LThhMTYtNGRjYi04NTJhLTNlYTY0NjRhZWU4NSIsInJvbGUiOiJTVVBFUl9BRE1JTiIsImlhdCI6MTc3NTUyOTA5OCwiZXhwIjoxNzc1NjE1NDk4fQ.9udWsPFBXsA0vV1uCrzxnJG8-ibIzlbg6tZBPKG4JzwDvln3E1fVsE7O4NHXA1o9","tipo":"Bearer","username":"admin","role":"SUPER_ADMIN"}

23:31:38.418 [pool-2-thread-1] DEBUG com.intuit.karate - request:
1 > POST http://localhost:8081/api/v1/discount-config
1 > Authorization: Bearer eyJhbGciOiJIUzM4NCJ9.eyJzdWIiOiJhZG1pbiIsInVzZXJJZCI6ImEyYTNkMTM4LThhMTYtNGRjYi04NTJhLTNlYTY0NjRhZWU4NSIsInJvbGUiOiJTVVBFUl9BRE1JTiIsImlhdCI6MTc3NTUyOTA5OCwiZXhwIjoxNzc1NjE1NDk4fQ.9udWsPFBXsA0vV1uCrzxnJG8-ibIzlbg6tZBPKG4JzwDvln3E1fVsE7O4NHXA1o9
1 > Content-Type: application/json; charset=UTF-8
1 > Content-Length: 141
1 > Host: localhost:8081
1 > Connection: Keep-Alive
1 > User-Agent: Apache-HttpClient/4.5.14 (Java/21.0.9)
1 > Accept-Encoding: gzip,deflate
{"ecommerceId":"550e8400-e29b-41d4-a716-446655440000","maxDiscountCap":50,"currencyCode":"USD","allowStacking":true,"roundingRule":"HALF_UP"}

23:31:38.460 [pool-2-thread-1] DEBUG com.intuit.karate - response time in milliseconds: 41
1 < 500
1 < X-Correlation-Id: 9ffc3b35-4b2e-4756-afa5-3f682a7cc447
1 < X-Content-Type-Options: nosniff
1 < X-XSS-Protection: 0
1 < Cache-Control: no-cache, no-store, max-age=0, must-revalidate
1 < Pragma: no-cache
1 < Expires: 0
1 < X-Frame-Options: DENY
1 < Content-Type: application/json
1 < Transfer-Encoding: chunked
1 < Date: Tue, 07 Apr 2026 02:31:38 GMT
1 < Connection: close
{"timestamp":"2026-04-07T02:31:38.457673Z","status":500,"error":"Internal Server Error","code":"INTERNAL_ERROR","message":"could not execute statement [ERROR: duplicate key value violates unique constraint \"idx_discount_settings_ecommerce_active\"\n  Detail: Key (ecommerce_id)=(550e8400-e29b-41d4-a716-446655440000) already exists.] [insert into discount_settings (allow_stacking,created_at,currency_code,ecommerce_id,is_active,max_discount_cap,rounding_rule,updated_at,version,id) values (?,?,?,?,?,?,?,?,?,?)]; SQL [insert into discount_settings (allow_stacking,created_at,currency_code,ecommerce_id,is_active,max_discount_cap,rounding_rule,updated_at,version,id) values (?,?,?,?,?,?,?,?,?,?)]; constraint [idx_discount_settings_ecommerce_active]","path":"/api/v1/discount-config"}

23:31:38.463 [pool-2-thread-1] INFO  com.intuit.karate - << lock released, cached callonce: read('classpath:common/setup-engine-config.feature')
23:31:38.463 [pool-2-thread-4] WARN  com.intuit.karate - this thread waited 117 milliseconds for callonce lock: read('classpath:common/setup-engine-config.feature')
23:31:38.464 [pool-2-thread-3] WARN  com.intuit.karate - this thread waited 223 milliseconds for callonce lock: read('classpath:common/setup-engine-config.feature')
23:31:38.468 [pool-2-thread-1] INFO  com.intuit.karate - >> lock acquired, begin callonce: read('classpath:common/create-api-key.feature')
23:31:38.480 [pool-2-thread-1] DEBUG com.intuit.karate - request:
1 > POST http://localhost:8081/api/v1/auth/login
1 > Content-Type: application/json; charset=UTF-8
1 > Content-Length: 42
1 > Host: localhost:8081
1 > Connection: Keep-Alive
1 > User-Agent: Apache-HttpClient/4.5.14 (Java/21.0.9)
1 > Accept-Encoding: gzip,deflate
{"username":"admin","password":"admin123"}

23:31:38.525 [pool-2-thread-5] DEBUG com.intuit.karate - request:
2 > POST http://localhost:8082/api/v1/engine/calculate
2 > X-API-KEY: d97f50fb-1778-4199-84f7-4ea2fef8749f
2 > Content-Type: application/json; charset=UTF-8
2 > Content-Length: 288
2 > Host: localhost:8082
2 > Connection: Keep-Alive
2 > User-Agent: Apache-HttpClient/4.5.14 (Java/21.0.9)
2 > Accept-Encoding: gzip,deflate
{"ecommerceId":"550e8400-e29b-41d4-a716-446655440000","externalOrderId":"3fd30c16-1a1a-4f62-8b13-8ba438d00e51","customerId":"test-customer-001","totalSpent":1500.0,"orderCount":25,"membershipDays":365,"items":[{"productId":"PROD-001","quantity":1,"unitPrice":100.0,"category":"GENERAL"}]}

23:31:38.560 [pool-2-thread-5] DEBUG com.intuit.karate - response time in milliseconds: 33
2 < 200
2 < X-Correlation-Id: e6c2478b-64cb-4408-ac80-98adf04b39d6
2 < X-Content-Type-Options: nosniff
2 < X-XSS-Protection: 0
2 < Cache-Control: no-cache, no-store, max-age=0, must-revalidate
2 < Pragma: no-cache
2 < Expires: 0
2 < X-Frame-Options: DENY
2 < Content-Type: application/json
2 < Transfer-Encoding: chunked
2 < Date: Tue, 07 Apr 2026 02:31:38 GMT
2 < Keep-Alive: timeout=60
2 < Connection: keep-alive
{"subtotalAmount":100.0000,"discountCalculated":0.00,"discountApplied":0.00,"finalAmount":100.00,"customerTier":"UNCLASSIFIED","wasCapped":false,"capReason":null,"appliedRules":[],"transactionId":"974999a2-e080-438e-8a78-654f59dbe0b7","calculatedAt":1775529098.539175100}

23:31:38.575 [pool-2-thread-5] INFO  com.intuit.karate - << lock released, cached callonce: read('classpath:common/create-api-key.feature')
23:31:38.575 [pool-2-thread-2] WARN  com.intuit.karate - this thread waited 336 milliseconds for callonce lock: read('classpath:common/create-api-key.feature')
23:31:38.584 [pool-2-thread-5] DEBUG com.intuit.karate - request:
1 > POST http://localhost:8082/api/v1/engine/calculate
1 > x-api-key: d97f50fb-1778-4199-84f7-4ea2fef8749f
1 > Content-Type: application/json; charset=UTF-8
1 > Content-Length: 288
1 > Host: localhost:8082
1 > Connection: Keep-Alive
1 > User-Agent: Apache-HttpClient/4.5.14 (Java/21.0.9)
1 > Accept-Encoding: gzip,deflate
{"ecommerceId":"550e8400-e29b-41d4-a716-446655440000","externalOrderId":"88bc2a09-2be2-497a-8de6-5d58acba9514","customerId":"test-customer-001","totalSpent":1500.0,"orderCount":25,"membershipDays":365,"items":[{"productId":"PROD-001","quantity":1,"unitPrice":100.0,"category":"GENERAL"}]}

23:31:38.584 [pool-2-thread-2] DEBUG com.intuit.karate - request:
1 > POST http://localhost:8082/api/v1/engine/calculate
1 > x-api-key: INVALID-KEY-000
1 > Content-Type: application/json; charset=UTF-8
1 > Content-Length: 288
1 > Host: localhost:8082
1 > Connection: Keep-Alive
1 > User-Agent: Apache-HttpClient/4.5.14 (Java/21.0.9)
1 > Accept-Encoding: gzip,deflate
{"ecommerceId":"550e8400-e29b-41d4-a716-446655440000","externalOrderId":"94326a12-a26c-4ae3-9ec3-2ba8ab8e0e84","customerId":"test-customer-001","totalSpent":1500.0,"orderCount":25,"membershipDays":365,"items":[{"productId":"PROD-001","quantity":1,"unitPrice":100.0,"category":"GENERAL"}]}

23:31:38.592 [pool-2-thread-2] DEBUG com.intuit.karate - response time in milliseconds: 6
1 < 401
1 < X-Content-Type-Options: nosniff
1 < X-XSS-Protection: 0
1 < Cache-Control: no-cache, no-store, max-age=0, must-revalidate
1 < Pragma: no-cache
1 < Expires: 0
1 < X-Frame-Options: DENY
1 < Content-Type: application/json;charset=ISO-8859-1
1 < Content-Length: 40
1 < Date: Tue, 07 Apr 2026 02:31:38 GMT
1 < Keep-Alive: timeout=60
1 < Connection: keep-alive
{"error": "API Key inv�lida o expirada"}

23:31:38.608 [pool-2-thread-2] INFO  com.intuit.karate - karate.env: dev 
23:31:38.622 [pool-2-thread-5] DEBUG com.intuit.karate - response time in milliseconds: 38
1 < 200
1 < X-Correlation-Id: 9ac3bd66-978e-4d64-b766-d39de7606909
1 < X-Content-Type-Options: nosniff
1 < X-XSS-Protection: 0
1 < Cache-Control: no-cache, no-store, max-age=0, must-revalidate
1 < Pragma: no-cache
1 < Expires: 0
1 < X-Frame-Options: DENY
1 < Content-Type: application/json
1 < Transfer-Encoding: chunked
1 < Date: Tue, 07 Apr 2026 02:31:38 GMT
1 < Keep-Alive: timeout=60
1 < Connection: keep-alive
{"subtotalAmount":100.0000,"discountCalculated":0.00,"discountApplied":0.00,"finalAmount":100.00,"customerTier":"UNCLASSIFIED","wasCapped":false,"capReason":null,"appliedRules":[],"transactionId":"973e8fa8-8976-4d73-8945-5d7dbe3b84b8","calculatedAt":1775529098.599156900}

23:31:38.629 [pool-2-thread-5] INFO  com.intuit.karate - karate.env: dev 
23:31:38.647 [pool-2-thread-1] DEBUG com.intuit.karate - response time in milliseconds: 165
1 < 200
1 < X-Correlation-Id: 39c1bb29-180e-4c5c-91b4-79e463e97697
1 < X-Content-Type-Options: nosniff
1 < X-XSS-Protection: 0
1 < Cache-Control: no-cache, no-store, max-age=0, must-revalidate
1 < Pragma: no-cache
1 < Expires: 0
1 < X-Frame-Options: DENY
1 < Content-Type: application/json
1 < Transfer-Encoding: chunked
1 < Date: Tue, 07 Apr 2026 02:31:38 GMT
1 < Keep-Alive: timeout=60
1 < Connection: keep-alive
{"token":"eyJhbGciOiJIUzM4NCJ9.eyJzdWIiOiJhZG1pbiIsInVzZXJJZCI6ImEyYTNkMTM4LThhMTYtNGRjYi04NTJhLTNlYTY0NjRhZWU4NSIsInJvbGUiOiJTVVBFUl9BRE1JTiIsImlhdCI6MTc3NTUyOTA5OCwiZXhwIjoxNzc1NjE1NDk4fQ.9udWsPFBXsA0vV1uCrzxnJG8-ibIzlbg6tZBPKG4JzwDvln3E1fVsE7O4NHXA1o9","tipo":"Bearer","username":"admin","role":"SUPER_ADMIN"}

23:31:38.652 [pool-2-thread-1] DEBUG com.intuit.karate - request:
1 > POST http://localhost:8081/api/v1/ecommerces/550e8400-e29b-41d4-a716-446655440000/api-keys
1 > Authorization: Bearer eyJhbGciOiJIUzM4NCJ9.eyJzdWIiOiJhZG1pbiIsInVzZXJJZCI6ImEyYTNkMTM4LThhMTYtNGRjYi04NTJhLTNlYTY0NjRhZWU4NSIsInJvbGUiOiJTVVBFUl9BRE1JTiIsImlhdCI6MTc3NTUyOTA5OCwiZXhwIjoxNzc1NjE1NDk4fQ.9udWsPFBXsA0vV1uCrzxnJG8-ibIzlbg6tZBPKG4JzwDvln3E1fVsE7O4NHXA1o9
1 > Content-Type: application/json; charset=UTF-8
1 > Content-Length: 2
1 > Host: localhost:8081
1 > Connection: Keep-Alive
1 > User-Agent: Apache-HttpClient/4.5.14 (Java/21.0.9)
1 > Accept-Encoding: gzip,deflate
{}

23:31:38.694 [pool-2-thread-1] DEBUG com.intuit.karate - response time in milliseconds: 41
1 < 201
1 < X-Correlation-Id: 7c98f31f-e5d4-4d61-84c6-914fc07501ff
1 < X-Content-Type-Options: nosniff
1 < X-XSS-Protection: 0
1 < Cache-Control: no-cache, no-store, max-age=0, must-revalidate
1 < Pragma: no-cache
1 < Expires: 0
1 < X-Frame-Options: DENY
1 < Content-Type: application/json
1 < Transfer-Encoding: chunked
1 < Date: Tue, 07 Apr 2026 02:31:38 GMT
1 < Keep-Alive: timeout=60
1 < Connection: keep-alive
{"uid":"872bd99a-3b8a-4927-96f1-6de0af19e8e1","key":"ae6c5f3a-4d3f-4d4c-a54f-7fab15c1fe4b","expiresAt":"2027-04-07T02:31:38.681634Z","ecommerceId":"550e8400-e29b-41d4-a716-446655440000","createdAt":"2026-04-07T02:31:38.681634Z","updatedAt":"2026-04-07T02:31:38.681634Z"}

23:31:38.708 [pool-2-thread-1] DEBUG com.intuit.karate - request:
2 > POST http://localhost:8082/api/v1/engine/calculate
2 > X-API-KEY: ae6c5f3a-4d3f-4d4c-a54f-7fab15c1fe4b
2 > Content-Type: application/json; charset=UTF-8
2 > Content-Length: 288
2 > Host: localhost:8082
2 > Connection: Keep-Alive
2 > User-Agent: Apache-HttpClient/4.5.14 (Java/21.0.9)
2 > Accept-Encoding: gzip,deflate
{"ecommerceId":"550e8400-e29b-41d4-a716-446655440000","externalOrderId":"8b55206f-2dae-4544-8752-3d5c37a98dbf","customerId":"test-customer-001","totalSpent":1500.0,"orderCount":25,"membershipDays":365,"items":[{"productId":"PROD-001","quantity":1,"unitPrice":100.0,"category":"GENERAL"}]}

23:31:38.745 [pool-2-thread-1] DEBUG com.intuit.karate - response time in milliseconds: 36
2 < 200
2 < X-Correlation-Id: f5355766-3588-405e-a6d5-f37f5d66a36f
2 < X-Content-Type-Options: nosniff
2 < X-XSS-Protection: 0
2 < Cache-Control: no-cache, no-store, max-age=0, must-revalidate
2 < Pragma: no-cache
2 < Expires: 0
2 < X-Frame-Options: DENY
2 < Content-Type: application/json
2 < Transfer-Encoding: chunked
2 < Date: Tue, 07 Apr 2026 02:31:38 GMT
2 < Keep-Alive: timeout=60
2 < Connection: keep-alive
{"subtotalAmount":100.0000,"discountCalculated":0.00,"discountApplied":0.00,"finalAmount":100.00,"customerTier":"UNCLASSIFIED","wasCapped":false,"capReason":null,"appliedRules":[],"transactionId":"2dc4a5e1-c130-4d09-ac9c-caec6222346a","calculatedAt":1775529098.724625200}

23:31:38.748 [pool-2-thread-1] INFO  com.intuit.karate - << lock released, cached callonce: read('classpath:common/create-api-key.feature')
23:31:38.748 [pool-2-thread-5] WARN  com.intuit.karate - this thread waited 113 milliseconds for callonce lock: read('classpath:common/create-api-key.feature')
23:31:38.749 [pool-2-thread-2] WARN  com.intuit.karate - this thread waited 129 milliseconds for callonce lock: read('classpath:common/create-api-key.feature')
23:31:38.749 [pool-2-thread-4] WARN  com.intuit.karate - this thread waited 281 milliseconds for callonce lock: read('classpath:common/create-api-key.feature')
23:31:38.749 [pool-2-thread-3] WARN  com.intuit.karate - this thread waited 281 milliseconds for callonce lock: read('classpath:common/create-api-key.feature')
23:31:38.752 [pool-2-thread-1] DEBUG com.intuit.karate - request:
1 > POST http://localhost:8082/api/v1/engine/calculate
1 > x-api-key: ae6c5f3a-4d3f-4d4c-a54f-7fab15c1fe4b
1 > Content-Type: application/json; charset=UTF-8
1 > Content-Length: 54
1 > Host: localhost:8082
1 > Connection: Keep-Alive
1 > User-Agent: Apache-HttpClient/4.5.14 (Java/21.0.9)
1 > Accept-Encoding: gzip,deflate
{"ecommerceId":"550e8400-e29b-41d4-a716-446655440000"}

23:31:38.752 [pool-2-thread-2] DEBUG com.intuit.karate - request:
1 > POST http://localhost:8082/api/v1/engine/calculate
1 > x-api-key: ae6c5f3a-4d3f-4d4c-a54f-7fab15c1fe4b
1 > Content-Type: application/json; charset=UTF-8
1 > Content-Length: 72
1 > Host: localhost:8082
1 > Connection: Keep-Alive
1 > User-Agent: Apache-HttpClient/4.5.14 (Java/21.0.9)
1 > Accept-Encoding: gzip,deflate
{"ecommerceId":"550e8400-e29b-41d4-a716-446655440000","orderCount":null}

23:31:38.753 [pool-2-thread-3] DEBUG com.intuit.karate - request:
1 > POST http://localhost:8082/api/v1/engine/calculate
1 > x-api-key: ae6c5f3a-4d3f-4d4c-a54f-7fab15c1fe4b
1 > Content-Type: application/json; charset=UTF-8
1 > Content-Length: 17
1 > Host: localhost:8082
1 > Connection: Keep-Alive
1 > User-Agent: Apache-HttpClient/4.5.14 (Java/21.0.9)
1 > Accept-Encoding: gzip,deflate
{"orderCount":10}

23:31:38.753 [pool-2-thread-5] DEBUG com.intuit.karate - request:
1 > POST http://localhost:8082/api/v1/engine/calculate
1 > x-api-key: ae6c5f3a-4d3f-4d4c-a54f-7fab15c1fe4b
1 > Content-Type: application/json; charset=UTF-8
1 > Content-Length: 70
1 > Host: localhost:8082
1 > Connection: Keep-Alive
1 > User-Agent: Apache-HttpClient/4.5.14 (Java/21.0.9)
1 > Accept-Encoding: gzip,deflate
{"ecommerceId":"550e8400-e29b-41d4-a716-446655440000","orderCount":-1}

23:31:38.753 [pool-2-thread-4] DEBUG com.intuit.karate - request:
1 > POST http://localhost:8082/api/v1/engine/calculate
1 > x-api-key: ae6c5f3a-4d3f-4d4c-a54f-7fab15c1fe4b
1 > Content-Type: application/json; charset=UTF-8
1 > Content-Length: 2
1 > Host: localhost:8082
1 > Connection: Keep-Alive
1 > User-Agent: Apache-HttpClient/4.5.14 (Java/21.0.9)
1 > Accept-Encoding: gzip,deflate
{}

23:31:38.775 [pool-2-thread-3] DEBUG com.intuit.karate - response time in milliseconds: 22
1 < 400
1 < X-Correlation-Id: d3f9afbe-0760-47cf-912d-fa6d7c5a6757
1 < X-Content-Type-Options: nosniff
1 < X-XSS-Protection: 0
1 < Cache-Control: no-cache, no-store, max-age=0, must-revalidate
1 < Pragma: no-cache
1 < Expires: 0
1 < X-Frame-Options: DENY
1 < Content-Type: application/json
1 < Transfer-Encoding: chunked
1 < Date: Tue, 07 Apr 2026 02:31:38 GMT
1 < Connection: close
{"timestamp":1775529098.767630600,"status":400,"error":"Bad Request","code":"VALIDATION_ERROR","message":"Validation failed: ecommerceId: ecommerce_id is required, externalOrderId: external_order_id is required, membershipDays: membership_days is required, totalSpent: total_spent is required, items: items array is required (min 1), customerId: customer_id is required","path":"/api/v1/engine/calculate"}

23:31:38.776 [pool-2-thread-1] DEBUG com.intuit.karate - response time in milliseconds: 23
1 < 400
1 < X-Correlation-Id: 71a8f2a7-b082-4034-bd0e-a6fb6ac0c438
1 < X-Content-Type-Options: nosniff
1 < X-XSS-Protection: 0
1 < Cache-Control: no-cache, no-store, max-age=0, must-revalidate
1 < Pragma: no-cache
1 < Expires: 0
1 < X-Frame-Options: DENY
1 < Content-Type: application/json
1 < Transfer-Encoding: chunked
1 < Date: Tue, 07 Apr 2026 02:31:38 GMT
1 < Connection: close
{"timestamp":1775529098.768628900,"status":400,"error":"Bad Request","code":"VALIDATION_ERROR","message":"Validation failed: membershipDays: membership_days is required, externalOrderId: external_order_id is required, orderCount: order_count is required, totalSpent: total_spent is required, items: items array is required (min 1), customerId: customer_id is required","path":"/api/v1/engine/calculate"}

23:31:38.778 [pool-2-thread-5] DEBUG com.intuit.karate - response time in milliseconds: 24
1 < 400
1 < X-Correlation-Id: b644d273-dcf8-4ddf-b9e4-d6d5836f3935
1 < X-Content-Type-Options: nosniff
1 < X-XSS-Protection: 0
1 < Cache-Control: no-cache, no-store, max-age=0, must-revalidate
1 < Pragma: no-cache
1 < Expires: 0
1 < X-Frame-Options: DENY
1 < Content-Type: application/json
1 < Transfer-Encoding: chunked
1 < Date: Tue, 07 Apr 2026 02:31:38 GMT
1 < Connection: close
{"timestamp":1775529098.771626900,"status":400,"error":"Bad Request","code":"VALIDATION_ERROR","message":"Validation failed: totalSpent: total_spent is required, customerId: customer_id is required, items: items array is required (min 1), orderCount: order_count must be >= 0, externalOrderId: external_order_id is required, membershipDays: membership_days is required","path":"/api/v1/engine/calculate"}

23:31:38.777 [pool-2-thread-2] DEBUG com.intuit.karate - response time in milliseconds: 24
1 < 400
1 < X-Correlation-Id: b8ae4244-54ff-42f0-bffe-d74985effffd
1 < X-Content-Type-Options: nosniff
1 < X-XSS-Protection: 0
1 < Cache-Control: no-cache, no-store, max-age=0, must-revalidate
1 < Pragma: no-cache
1 < Expires: 0
1 < X-Frame-Options: DENY
1 < Content-Type: application/json
1 < Transfer-Encoding: chunked
1 < Date: Tue, 07 Apr 2026 02:31:38 GMT
1 < Connection: close
{"timestamp":1775529098.769632300,"status":400,"error":"Bad Request","code":"VALIDATION_ERROR","message":"Validation failed: items: items array is required (min 1), orderCount: order_count is required, customerId: customer_id is required, externalOrderId: external_order_id is required, totalSpent: total_spent is required, membershipDays: membership_days is required","path":"/api/v1/engine/calculate"}

23:31:38.780 [pool-2-thread-4] DEBUG com.intuit.karate - response time in milliseconds: 26
1 < 400
1 < X-Correlation-Id: 92a70f97-b816-4efe-9f75-a07e7dbcf959
1 < X-Content-Type-Options: nosniff
1 < X-XSS-Protection: 0
1 < Cache-Control: no-cache, no-store, max-age=0, must-revalidate
1 < Pragma: no-cache
1 < Expires: 0
1 < X-Frame-Options: DENY
1 < Content-Type: application/json
1 < Transfer-Encoding: chunked
1 < Date: Tue, 07 Apr 2026 02:31:38 GMT
1 < Connection: close
{"timestamp":1775529098.771626900,"status":400,"error":"Bad Request","code":"VALIDATION_ERROR","message":"Validation failed: totalSpent: total_spent is required, items: items array is required (min 1), customerId: customer_id is required, externalOrderId: external_order_id is required, ecommerceId: ecommerce_id is required, orderCount: order_count is required, membershipDays: membership_days is required","path":"/api/v1/engine/calculate"}

23:31:38.785 [pool-2-thread-4] INFO  com.intuit.karate - karate.env: dev 
23:31:38.785 [pool-2-thread-2] INFO  com.intuit.karate - karate.env: dev 
23:31:38.785 [pool-2-thread-5] INFO  com.intuit.karate - karate.env: dev 
23:31:38.785 [pool-2-thread-3] INFO  com.intuit.karate - karate.env: dev 
23:31:38.785 [pool-2-thread-1] INFO  com.intuit.karate - karate.env: dev 
23:31:38.790 [pool-2-thread-2] INFO  com.intuit.karate - >> lock acquired, begin callonce: read('classpath:common/create-loyalty-user.feature')
23:31:38.790 [pool-2-thread-5] INFO  com.intuit.karate - >> lock acquired, begin callonce: read('classpath:common/common-utils.feature')
23:31:38.811 [pool-2-thread-2] DEBUG com.intuit.karate - request:
1 > POST http://localhost:8081/api/v1/auth/login
1 > Content-Type: application/json; charset=UTF-8
1 > Content-Length: 42
1 > Host: localhost:8081
1 > Connection: Keep-Alive
1 > User-Agent: Apache-HttpClient/4.5.14 (Java/21.0.9)
1 > Accept-Encoding: gzip,deflate
{"username":"admin","password":"admin123"}

23:31:38.816 [pool-2-thread-5] INFO  com.intuit.karate - << lock released, cached callonce: read('classpath:common/common-utils.feature')
23:31:38.816 [pool-2-thread-1] WARN  com.intuit.karate - this thread waited 25 milliseconds for callonce lock: read('classpath:common/common-utils.feature')
23:31:38.817 [pool-2-thread-3] WARN  com.intuit.karate - this thread waited 27 milliseconds for callonce lock: read('classpath:common/common-utils.feature')
23:31:38.819 [pool-2-thread-1] INFO  com.intuit.karate - >> lock acquired, begin callonce: read('classpath:common/create-loyalty-user.feature')
23:31:38.840 [pool-2-thread-1] DEBUG com.intuit.karate - request:
1 > POST http://localhost:8081/api/v1/auth/login
1 > Content-Type: application/json; charset=UTF-8
1 > Content-Length: 42
1 > Host: localhost:8081
1 > Connection: Keep-Alive
1 > User-Agent: Apache-HttpClient/4.5.14 (Java/21.0.9)
1 > Accept-Encoding: gzip,deflate
{"username":"admin","password":"admin123"}

23:31:38.965 [pool-2-thread-2] DEBUG com.intuit.karate - response time in milliseconds: 152
1 < 200
1 < X-Correlation-Id: 3fcead86-902f-478e-8d14-a00f0b541d65
1 < X-Content-Type-Options: nosniff
1 < X-XSS-Protection: 0
1 < Cache-Control: no-cache, no-store, max-age=0, must-revalidate
1 < Pragma: no-cache
1 < Expires: 0
1 < X-Frame-Options: DENY
1 < Content-Type: application/json
1 < Transfer-Encoding: chunked
1 < Date: Tue, 07 Apr 2026 02:31:38 GMT
1 < Keep-Alive: timeout=60
1 < Connection: keep-alive
{"token":"eyJhbGciOiJIUzM4NCJ9.eyJzdWIiOiJhZG1pbiIsInVzZXJJZCI6ImEyYTNkMTM4LThhMTYtNGRjYi04NTJhLTNlYTY0NjRhZWU4NSIsInJvbGUiOiJTVVBFUl9BRE1JTiIsImlhdCI6MTc3NTUyOTA5OCwiZXhwIjoxNzc1NjE1NDk4fQ.9udWsPFBXsA0vV1uCrzxnJG8-ibIzlbg6tZBPKG4JzwDvln3E1fVsE7O4NHXA1o9","tipo":"Bearer","username":"admin","role":"SUPER_ADMIN"}

23:31:38.970 [pool-2-thread-2] DEBUG c.intuit.karate.core.ScenarioEngine - over-writing existing variable 'prefix' with new value: typeof prefix != 'undefined' ? prefix : 'sa'
23:31:39.000 [pool-2-thread-1] DEBUG com.intuit.karate - response time in milliseconds: 158
1 < 200
1 < X-Correlation-Id: 1cf54872-9285-43d3-809b-31fe3fe992d9
1 < X-Content-Type-Options: nosniff
1 < X-XSS-Protection: 0
1 < Cache-Control: no-cache, no-store, max-age=0, must-revalidate
1 < Pragma: no-cache
1 < Expires: 0
1 < X-Frame-Options: DENY
1 < Content-Type: application/json
1 < Transfer-Encoding: chunked
1 < Date: Tue, 07 Apr 2026 02:31:38 GMT
1 < Keep-Alive: timeout=60
1 < Connection: keep-alive
{"token":"eyJhbGciOiJIUzM4NCJ9.eyJzdWIiOiJhZG1pbiIsInVzZXJJZCI6ImEyYTNkMTM4LThhMTYtNGRjYi04NTJhLTNlYTY0NjRhZWU4NSIsInJvbGUiOiJTVVBFUl9BRE1JTiIsImlhdCI6MTc3NTUyOTA5OCwiZXhwIjoxNzc1NjE1NDk4fQ.9udWsPFBXsA0vV1uCrzxnJG8-ibIzlbg6tZBPKG4JzwDvln3E1fVsE7O4NHXA1o9","tipo":"Bearer","username":"admin","role":"SUPER_ADMIN"}

23:31:39.003 [pool-2-thread-1] DEBUG c.intuit.karate.core.ScenarioEngine - over-writing existing variable 'prefix' with new value: typeof prefix != 'undefined' ? prefix : 'sa'
23:31:39.019 [pool-2-thread-2] DEBUG com.intuit.karate - request:
1 > POST http://localhost:8081/api/v1/users
1 > Authorization: Bearer eyJhbGciOiJIUzM4NCJ9.eyJzdWIiOiJhZG1pbiIsInVzZXJJZCI6ImEyYTNkMTM4LThhMTYtNGRjYi04NTJhLTNlYTY0NjRhZWU4NSIsInJvbGUiOiJTVVBFUl9BRE1JTiIsImlhdCI6MTc3NTUyOTA5OCwiZXhwIjoxNzc1NjE1NDk4fQ.9udWsPFBXsA0vV1uCrzxnJG8-ibIzlbg6tZBPKG4JzwDvln3E1fVsE7O4NHXA1o9
1 > Content-Type: application/json; charset=UTF-8
1 > Content-Length: 251
1 > Host: localhost:8081
1 > Connection: Keep-Alive
1 > User-Agent: Apache-HttpClient/4.5.14 (Java/21.0.9)
1 > Accept-Encoding: gzip,deflate
{"username":"loyalty.8def9d0f-6dcd-48ae-ba8d-6f07510b23e4","email":"loyalty.8def9d0f-6dcd-48ae-ba8d-6f07510b23e4@test.com","password":"Admin123456!@","roleId":"fa94e179-670c-484a-a8ae-5e55a400b724","ecommerceId":"550e8400-e29b-41d4-a716-446655440000"}

23:31:39.019 [pool-2-thread-1] DEBUG com.intuit.karate - request:
1 > POST http://localhost:8081/api/v1/users
1 > Authorization: Bearer eyJhbGciOiJIUzM4NCJ9.eyJzdWIiOiJhZG1pbiIsInVzZXJJZCI6ImEyYTNkMTM4LThhMTYtNGRjYi04NTJhLTNlYTY0NjRhZWU4NSIsInJvbGUiOiJTVVBFUl9BRE1JTiIsImlhdCI6MTc3NTUyOTA5OCwiZXhwIjoxNzc1NjE1NDk4fQ.9udWsPFBXsA0vV1uCrzxnJG8-ibIzlbg6tZBPKG4JzwDvln3E1fVsE7O4NHXA1o9
1 > Content-Type: application/json; charset=UTF-8
1 > Content-Length: 251
1 > Host: localhost:8081
1 > Connection: Keep-Alive
1 > User-Agent: Apache-HttpClient/4.5.14 (Java/21.0.9)
1 > Accept-Encoding: gzip,deflate
{"username":"loyalty.4ec687c1-e8af-4d82-8237-56c428a61e5c","email":"loyalty.4ec687c1-e8af-4d82-8237-56c428a61e5c@test.com","password":"Admin123456!@","roleId":"fa94e179-670c-484a-a8ae-5e55a400b724","ecommerceId":"550e8400-e29b-41d4-a716-446655440000"}

23:31:39.377 [pool-2-thread-2] DEBUG com.intuit.karate - response time in milliseconds: 357
1 < 201
1 < X-Correlation-Id: 837b248c-9607-47ab-878d-0353283b1f4f
1 < X-Content-Type-Options: nosniff
1 < X-XSS-Protection: 0
1 < Cache-Control: no-cache, no-store, max-age=0, must-revalidate
1 < Pragma: no-cache
1 < Expires: 0
1 < X-Frame-Options: DENY
1 < Content-Type: application/json
1 < Transfer-Encoding: chunked
1 < Date: Tue, 07 Apr 2026 02:31:39 GMT
1 < Keep-Alive: timeout=60
1 < Connection: keep-alive
{"uid":"d8ab00c2-296c-4066-a931-bcc42bbe1fec","username":"loyalty.8def9d0f-6dcd-48ae-ba8d-6f07510b23e4","roleId":"fa94e179-670c-484a-a8ae-5e55a400b724","roleName":"STORE_ADMIN","email":"loyalty.8def9d0f-6dcd-48ae-ba8d-6f07510b23e4@test.com","ecommerceId":"550e8400-e29b-41d4-a716-446655440000","isActive":true,"createdAt":"2026-04-07T02:31:39.357266Z","updatedAt":"2026-04-07T02:31:39.357266Z"}

23:31:39.378 [pool-2-thread-1] DEBUG com.intuit.karate - response time in milliseconds: 358
1 < 201
1 < X-Correlation-Id: 650ee8df-6fad-47a2-8c3e-3d29daf9c4e8
1 < X-Content-Type-Options: nosniff
1 < X-XSS-Protection: 0
1 < Cache-Control: no-cache, no-store, max-age=0, must-revalidate
1 < Pragma: no-cache
1 < Expires: 0
1 < X-Frame-Options: DENY
1 < Content-Type: application/json
1 < Transfer-Encoding: chunked
1 < Date: Tue, 07 Apr 2026 02:31:39 GMT
1 < Keep-Alive: timeout=60
1 < Connection: keep-alive
{"uid":"b31c428f-4051-430e-938b-accef7882089","username":"loyalty.4ec687c1-e8af-4d82-8237-56c428a61e5c","roleId":"fa94e179-670c-484a-a8ae-5e55a400b724","roleName":"STORE_ADMIN","email":"loyalty.4ec687c1-e8af-4d82-8237-56c428a61e5c@test.com","ecommerceId":"550e8400-e29b-41d4-a716-446655440000","isActive":true,"createdAt":"2026-04-07T02:31:39.364319400Z","updatedAt":"2026-04-07T02:31:39.364319400Z"}

23:31:39.379 [pool-2-thread-2] DEBUG c.intuit.karate.core.ScenarioEngine - over-writing existing variable 'username' with new value: response.username
23:31:39.379 [pool-2-thread-1] DEBUG c.intuit.karate.core.ScenarioEngine - over-writing existing variable 'username' with new value: response.username
23:31:39.390 [pool-2-thread-2] DEBUG com.intuit.karate - request:
1 > POST http://localhost:8081/api/v1/auth/login
1 > Content-Type: application/json; charset=UTF-8
1 > Content-Length: 86
1 > Host: localhost:8081
1 > Connection: Keep-Alive
1 > User-Agent: Apache-HttpClient/4.5.14 (Java/21.0.9)
1 > Accept-Encoding: gzip,deflate
{"username":"loyalty.8def9d0f-6dcd-48ae-ba8d-6f07510b23e4","password":"Admin123456!@"}

23:31:39.390 [pool-2-thread-1] DEBUG com.intuit.karate - request:
1 > POST http://localhost:8081/api/v1/auth/login
1 > Content-Type: application/json; charset=UTF-8
1 > Content-Length: 86
1 > Host: localhost:8081
1 > Connection: Keep-Alive
1 > User-Agent: Apache-HttpClient/4.5.14 (Java/21.0.9)
1 > Accept-Encoding: gzip,deflate
{"username":"loyalty.4ec687c1-e8af-4d82-8237-56c428a61e5c","password":"Admin123456!@"}

23:31:39.694 [pool-2-thread-2] DEBUG com.intuit.karate - response time in milliseconds: 303
1 < 200
1 < X-Correlation-Id: 0feac1db-65c5-4c76-9893-148a092c045b
1 < X-Content-Type-Options: nosniff
1 < X-XSS-Protection: 0
1 < Cache-Control: no-cache, no-store, max-age=0, must-revalidate
1 < Pragma: no-cache
1 < Expires: 0
1 < X-Frame-Options: DENY
1 < Content-Type: application/json
1 < Transfer-Encoding: chunked
1 < Date: Tue, 07 Apr 2026 02:31:39 GMT
1 < Keep-Alive: timeout=60
1 < Connection: keep-alive
{"token":"eyJhbGciOiJIUzM4NCJ9.eyJzdWIiOiJsb3lhbHR5LjhkZWY5ZDBmLTZkY2QtNDhhZS1iYThkLTZmMDc1MTBiMjNlNCIsInVzZXJJZCI6ImQ4YWIwMGMyLTI5NmMtNDA2Ni1hOTMxLWJjYzQyYmJlMWZlYyIsInJvbGUiOiJTVE9SRV9BRE1JTiIsImlhdCI6MTc3NTUyOTA5OSwiZXhwIjoxNzc1NjE1NDk5LCJlY29tbWVyY2VfaWQiOiI1NTBlODQwMC1lMjliLTQxZDQtYTcxNi00NDY2NTU0NDAwMDAifQ.W0kIoB1KPaW2Ad15lh-vJFXbx0gluxgyrpmrX0MDwQ0W3oC1SJNCVMGCMui961k-","tipo":"Bearer","username":"loyalty.8def9d0f-6dcd-48ae-ba8d-6f07510b23e4","role":"STORE_ADMIN"}

23:31:39.706 [pool-2-thread-1] DEBUG com.intuit.karate - response time in milliseconds: 315
1 < 200
1 < X-Correlation-Id: 9a3c07a7-97e3-4868-ae4c-30f6337bacb8
1 < X-Content-Type-Options: nosniff
1 < X-XSS-Protection: 0
1 < Cache-Control: no-cache, no-store, max-age=0, must-revalidate
1 < Pragma: no-cache
1 < Expires: 0
1 < X-Frame-Options: DENY
1 < Content-Type: application/json
1 < Transfer-Encoding: chunked
1 < Date: Tue, 07 Apr 2026 02:31:39 GMT
1 < Keep-Alive: timeout=60
1 < Connection: keep-alive
{"token":"eyJhbGciOiJIUzM4NCJ9.eyJzdWIiOiJsb3lhbHR5LjRlYzY4N2MxLWU4YWYtNGQ4Mi04MjM3LTU2YzQyOGE2MWU1YyIsInVzZXJJZCI6ImIzMWM0MjhmLTQwNTEtNDMwZS05MzhiLWFjY2VmNzg4MjA4OSIsInJvbGUiOiJTVE9SRV9BRE1JTiIsImlhdCI6MTc3NTUyOTA5OSwiZXhwIjoxNzc1NjE1NDk5LCJlY29tbWVyY2VfaWQiOiI1NTBlODQwMC1lMjliLTQxZDQtYTcxNi00NDY2NTU0NDAwMDAifQ.j0I5AsotFDIM8u2U1p4Xnzu_XR1XuaMPlSuBq1LptabmagEsxwsRx5QvsdAAscsU","tipo":"Bearer","username":"loyalty.4ec687c1-e8af-4d82-8237-56c428a61e5c","role":"STORE_ADMIN"}

23:31:39.708 [pool-2-thread-2] INFO  com.intuit.karate - << lock released, cached callonce: read('classpath:common/create-loyalty-user.feature')
23:31:39.709 [pool-2-thread-4] WARN  com.intuit.karate - this thread waited 918 milliseconds for callonce lock: read('classpath:common/create-loyalty-user.feature')
23:31:39.712 [pool-2-thread-1] INFO  com.intuit.karate - << lock released, cached callonce: read('classpath:common/create-loyalty-user.feature')
23:31:39.712 [pool-2-thread-3] WARN  com.intuit.karate - this thread waited 892 milliseconds for callonce lock: read('classpath:common/create-loyalty-user.feature')
23:31:39.713 [pool-2-thread-5] WARN  com.intuit.karate - this thread waited 893 milliseconds for callonce lock: read('classpath:common/create-loyalty-user.feature')
23:31:39.716 [pool-2-thread-2] DEBUG com.intuit.karate - request:
1 > POST http://localhost:8081/api/v1/rules
1 > Authorization: Bearer eyJhbGciOiJIUzM4NCJ9.eyJzdWIiOiJsb3lhbHR5LjhkZWY5ZDBmLTZkY2QtNDhhZS1iYThkLTZmMDc1MTBiMjNlNCIsInVzZXJJZCI6ImQ4YWIwMGMyLTI5NmMtNDA2Ni1hOTMxLWJjYzQyYmJlMWZlYyIsInJvbGUiOiJTVE9SRV9BRE1JTiIsImlhdCI6MTc3NTUyOTA5OSwiZXhwIjoxNzc1NjE1NDk5LCJlY29tbWVyY2VfaWQiOiI1NTBlODQwMC1lMjliLTQxZDQtYTcxNi00NDY2NTU0NDAwMDAifQ.W0kIoB1KPaW2Ad15lh-vJFXbx0gluxgyrpmrX0MDwQ0W3oC1SJNCVMGCMui961k-
1 > Content-Type: application/json; charset=UTF-8
1 > Content-Length: 216
1 > Host: localhost:8081
1 > Connection: Keep-Alive
1 > User-Agent: Apache-HttpClient/4.5.14 (Java/21.0.9)
1 > Accept-Encoding: gzip,deflate
{"name":"Black Friday 2026","description":"Descuento Black Friday","discountPercentage":20,"discountPriorityId":"550e8400-e29b-41d4-a716-446655440111","attributes":{"start_date":"2026-11-27","end_date":"2026-11-30"}}

23:31:39.743 [pool-2-thread-5] INFO  c.intuit.karate.core.FeatureRuntime - classpath:common/create-rule.feature - call by tag at line 5: create_rule
23:31:39.743 [pool-2-thread-4] INFO  c.intuit.karate.core.FeatureRuntime - classpath:common/create-rule.feature - call by tag at line 5: create_rule
23:31:39.743 [pool-2-thread-3] INFO  c.intuit.karate.core.FeatureRuntime - classpath:common/create-rule.feature - call by tag at line 5: create_rule
23:31:39.743 [pool-2-thread-1] INFO  c.intuit.karate.core.FeatureRuntime - classpath:common/create-rule.feature - call by tag at line 5: create_rule
23:31:39.752 [pool-2-thread-1] DEBUG com.intuit.karate - request:
1 > POST http://localhost:8081/api/v1/rules
1 > Authorization: Bearer eyJhbGciOiJIUzM4NCJ9.eyJzdWIiOiJsb3lhbHR5LjRlYzY4N2MxLWU4YWYtNGQ4Mi04MjM3LTU2YzQyOGE2MWU1YyIsInVzZXJJZCI6ImIzMWM0MjhmLTQwNTEtNDMwZS05MzhiLWFjY2VmNzg4MjA4OSIsInJvbGUiOiJTVE9SRV9BRE1JTiIsImlhdCI6MTc3NTUyOTA5OSwiZXhwIjoxNzc1NjE1NDk5LCJlY29tbWVyY2VfaWQiOiI1NTBlODQwMC1lMjliLTQxZDQtYTcxNi00NDY2NTU0NDAwMDAifQ.j0I5AsotFDIM8u2U1p4Xnzu_XR1XuaMPlSuBq1LptabmagEsxwsRx5QvsdAAscsU
1 > Content-Type: application/json; charset=UTF-8
1 > Content-Length: 259
1 > Host: localhost:8081
1 > Connection: Keep-Alive
1 > User-Agent: Apache-HttpClient/4.5.14 (Java/21.0.9)
1 > Accept-Encoding: gzip,deflate
{"name":"Product Rule - TIPO-ebc0d083-5002-474c-bbd0-75c9de785c72","description":"Regla de producto","discountPercentage":10,"discountPriorityId":"550e8400-e29b-41d4-a716-446655440112","attributes":{"product_type":"TIPO-ebc0d083-5002-474c-bbd0-75c9de785c72"}}

23:31:39.752 [pool-2-thread-5] DEBUG com.intuit.karate - request:
1 > POST http://localhost:8081/api/v1/rules
1 > Authorization: Bearer eyJhbGciOiJIUzM4NCJ9.eyJzdWIiOiJsb3lhbHR5LjRlYzY4N2MxLWU4YWYtNGQ4Mi04MjM3LTU2YzQyOGE2MWU1YyIsInVzZXJJZCI6ImIzMWM0MjhmLTQwNTEtNDMwZS05MzhiLWFjY2VmNzg4MjA4OSIsInJvbGUiOiJTVE9SRV9BRE1JTiIsImlhdCI6MTc3NTUyOTA5OSwiZXhwIjoxNzc1NjE1NDk5LCJlY29tbWVyY2VfaWQiOiI1NTBlODQwMC1lMjliLTQxZDQtYTcxNi00NDY2NTU0NDAwMDAifQ.j0I5AsotFDIM8u2U1p4Xnzu_XR1XuaMPlSuBq1LptabmagEsxwsRx5QvsdAAscsU
1 > Content-Type: application/json; charset=UTF-8
1 > Content-Length: 259
1 > Host: localhost:8081
1 > Connection: Keep-Alive
1 > User-Agent: Apache-HttpClient/4.5.14 (Java/21.0.9)
1 > Accept-Encoding: gzip,deflate
{"name":"Product Rule - TIPO-a8be1715-de33-4392-bf9f-bfaab5dfd3d8","description":"Regla de producto","discountPercentage":30,"discountPriorityId":"550e8400-e29b-41d4-a716-446655440112","attributes":{"product_type":"TIPO-a8be1715-de33-4392-bf9f-bfaab5dfd3d8"}}

23:31:39.755 [pool-2-thread-4] DEBUG com.intuit.karate - request:
1 > POST http://localhost:8081/api/v1/rules
1 > Authorization: Bearer eyJhbGciOiJIUzM4NCJ9.eyJzdWIiOiJsb3lhbHR5LjhkZWY5ZDBmLTZkY2QtNDhhZS1iYThkLTZmMDc1MTBiMjNlNCIsInVzZXJJZCI6ImQ4YWIwMGMyLTI5NmMtNDA2Ni1hOTMxLWJjYzQyYmJlMWZlYyIsInJvbGUiOiJTVE9SRV9BRE1JTiIsImlhdCI6MTc3NTUyOTA5OSwiZXhwIjoxNzc1NjE1NDk5LCJlY29tbWVyY2VfaWQiOiI1NTBlODQwMC1lMjliLTQxZDQtYTcxNi00NDY2NTU0NDAwMDAifQ.W0kIoB1KPaW2Ad15lh-vJFXbx0gluxgyrpmrX0MDwQ0W3oC1SJNCVMGCMui961k-
1 > Content-Type: application/json; charset=UTF-8
1 > Content-Length: 235
1 > Host: localhost:8081
1 > Connection: Keep-Alive
1 > User-Agent: Apache-HttpClient/4.5.14 (Java/21.0.9)
1 > Accept-Encoding: gzip,deflate
{"name":"Regla a actualizar TC-038","description":"Regla inicial para actualización","discountPercentage":10,"discountPriorityId":"550e8400-e29b-41d4-a716-446655440111","attributes":{"start_date":"2026-01-01","end_date":"2026-01-31"}}

23:31:39.755 [pool-2-thread-3] DEBUG com.intuit.karate - request:
1 > POST http://localhost:8081/api/v1/rules
1 > Authorization: Bearer eyJhbGciOiJIUzM4NCJ9.eyJzdWIiOiJsb3lhbHR5LjRlYzY4N2MxLWU4YWYtNGQ4Mi04MjM3LTU2YzQyOGE2MWU1YyIsInVzZXJJZCI6ImIzMWM0MjhmLTQwNTEtNDMwZS05MzhiLWFjY2VmNzg4MjA4OSIsInJvbGUiOiJTVE9SRV9BRE1JTiIsImlhdCI6MTc3NTUyOTA5OSwiZXhwIjoxNzc1NjE1NDk5LCJlY29tbWVyY2VfaWQiOiI1NTBlODQwMC1lMjliLTQxZDQtYTcxNi00NDY2NTU0NDAwMDAifQ.j0I5AsotFDIM8u2U1p4Xnzu_XR1XuaMPlSuBq1LptabmagEsxwsRx5QvsdAAscsU
1 > Content-Type: application/json; charset=UTF-8
1 > Content-Length: 259
1 > Host: localhost:8081
1 > Connection: Keep-Alive
1 > User-Agent: Apache-HttpClient/4.5.14 (Java/21.0.9)
1 > Accept-Encoding: gzip,deflate
{"name":"Product Rule - TIPO-af7a3da3-aa43-4fe2-9266-3f5c7c39de0f","description":"Regla de producto","discountPercentage":10,"discountPriorityId":"550e8400-e29b-41d4-a716-446655440112","attributes":{"product_type":"TIPO-af7a3da3-aa43-4fe2-9266-3f5c7c39de0f"}}

23:31:39.810 [pool-2-thread-2] DEBUG com.intuit.karate - response time in milliseconds: 93
1 < 201
1 < X-Correlation-Id: a62e1c31-fba4-4b5c-b3a1-03d6207b093d
1 < X-Content-Type-Options: nosniff
1 < X-XSS-Protection: 0
1 < Cache-Control: no-cache, no-store, max-age=0, must-revalidate
1 < Pragma: no-cache
1 < Expires: 0
1 < X-Frame-Options: DENY
1 < Content-Type: application/json
1 < Transfer-Encoding: chunked
1 < Date: Tue, 07 Apr 2026 02:31:39 GMT
1 < Keep-Alive: timeout=60
1 < Connection: keep-alive
{"id":"f3ac7688-f44e-4741-bc53-4b3bd9a3ef73","ecommerceId":"550e8400-e29b-41d4-a716-446655440000","discountPriorityId":"550e8400-e29b-41d4-a716-446655440111","name":"Black Friday 2026","description":"Descuento Black Friday","discountPercentage":20,"isActive":true,"attributes":[{"attributeId":"550e8400-e29b-41d4-a716-446655440300","attributeName":"start_date","value":"2026-11-27"},{"attributeId":"550e8400-e29b-41d4-a716-446655440301","attributeName":"end_date","value":"2026-11-30"}],"createdAt":"2026-04-07T02:31:39.758763200Z","updatedAt":"2026-04-07T02:31:39.758763200Z"}

23:31:39.823 [pool-2-thread-2] DEBUG com.intuit.karate - request:
2 > GET http://localhost:8081/api/v1/rules
2 > Authorization: Bearer eyJhbGciOiJIUzM4NCJ9.eyJzdWIiOiJsb3lhbHR5LjhkZWY5ZDBmLTZkY2QtNDhhZS1iYThkLTZmMDc1MTBiMjNlNCIsInVzZXJJZCI6ImQ4YWIwMGMyLTI5NmMtNDA2Ni1hOTMxLWJjYzQyYmJlMWZlYyIsInJvbGUiOiJTVE9SRV9BRE1JTiIsImlhdCI6MTc3NTUyOTA5OSwiZXhwIjoxNzc1NjE1NDk5LCJlY29tbWVyY2VfaWQiOiI1NTBlODQwMC1lMjliLTQxZDQtYTcxNi00NDY2NTU0NDAwMDAifQ.W0kIoB1KPaW2Ad15lh-vJFXbx0gluxgyrpmrX0MDwQ0W3oC1SJNCVMGCMui961k-
2 > Host: localhost:8081
2 > Connection: Keep-Alive
2 > User-Agent: Apache-HttpClient/4.5.14 (Java/21.0.9)
2 > Accept-Encoding: gzip,deflate


23:31:39.849 [pool-2-thread-4] DEBUG com.intuit.karate - response time in milliseconds: 94
1 < 201
1 < X-Correlation-Id: 41cb9bdf-7922-4737-b49f-c14e4ba490d9
1 < X-Content-Type-Options: nosniff
1 < X-XSS-Protection: 0
1 < Cache-Control: no-cache, no-store, max-age=0, must-revalidate
1 < Pragma: no-cache
1 < Expires: 0
1 < X-Frame-Options: DENY
1 < Content-Type: application/json
1 < Transfer-Encoding: chunked
1 < Date: Tue, 07 Apr 2026 02:31:39 GMT
1 < Keep-Alive: timeout=60
1 < Connection: keep-alive
{"id":"0782c556-2eda-41e0-ad41-de3a11e72f49","ecommerceId":"550e8400-e29b-41d4-a716-446655440000","discountPriorityId":"550e8400-e29b-41d4-a716-446655440111","name":"Regla a actualizar TC-038","description":"Regla inicial para actualización","discountPercentage":10,"isActive":true,"attributes":[{"attributeId":"550e8400-e29b-41d4-a716-446655440300","attributeName":"start_date","value":"2026-01-01"},{"attributeId":"550e8400-e29b-41d4-a716-446655440301","attributeName":"end_date","value":"2026-01-31"}],"createdAt":"2026-04-07T02:31:39.807885300Z","updatedAt":"2026-04-07T02:31:39.807885300Z"}

23:31:39.931 [pool-2-thread-2] DEBUG com.intuit.karate - response time in milliseconds: 106
2 < 200
2 < X-Correlation-Id: b0873fac-ed88-42b1-9158-7a8c086371a6
2 < X-Content-Type-Options: nosniff
2 < X-XSS-Protection: 0
2 < Cache-Control: no-cache, no-store, max-age=0, must-revalidate
2 < Pragma: no-cache
2 < Expires: 0
2 < X-Frame-Options: DENY
2 < Content-Type: application/json
2 < Transfer-Encoding: chunked
2 < Date: Tue, 07 Apr 2026 02:31:39 GMT
2 < Keep-Alive: timeout=60
2 < Connection: keep-alive
{"content":[{"id":"0782c556-2eda-41e0-ad41-de3a11e72f49","ecommerceId":"550e8400-e29b-41d4-a716-446655440000","discountPriorityId":"550e8400-e29b-41d4-a716-446655440111","name":"Regla a actualizar TC-038","description":"Regla inicial para actualización","discountPercentage":10.00,"isActive":true,"attributes":[{"attributeId":"550e8400-e29b-41d4-a716-446655440300","attributeName":"start_date","value":"2026-01-01"},{"attributeId":"550e8400-e29b-41d4-a716-446655440301","attributeName":"end_date","value":"2026-01-31"}],"createdAt":"2026-04-07T02:31:39.807885Z","updatedAt":"2026-04-07T02:31:39.807885Z"},{"id":"f3ac7688-f44e-4741-bc53-4b3bd9a3ef73","ecommerceId":"550e8400-e29b-41d4-a716-446655440000","discountPriorityId":"550e8400-e29b-41d4-a716-446655440111","name":"Black Friday 2026","description":"Descuento Black Friday","discountPercentage":20.00,"isActive":true,"attributes":[{"attributeId":"550e8400-e29b-41d4-a716-446655440300","attributeName":"start_date","value":"2026-11-27"},{"attributeId":"550e8400-e29b-41d4-a716-446655440301","attributeName":"end_date","value":"2026-11-30"}],"createdAt":"2026-04-07T02:31:39.758763Z","updatedAt":"2026-04-07T02:31:39.758763Z"},{"id":"ff446129-b850-4542-adb7-dfee54474a93","ecommerceId":"550e8400-e29b-41d4-a716-446655440000","discountPriorityId":"550e8400-e29b-41d4-a716-446655440111","name":"Verano Test 2026","description":"Descuento de verano","discountPercentage":15.00,"isActive":true,"attributes":[{"attributeId":"550e8400-e29b-41d4-a716-446655440300","attributeName":"start_date","value":"2026-07-01"},{"attributeId":"550e8400-e29b-41d4-a716-446655440301","attributeName":"end_date","value":"2026-07-31"}],"createdAt":"2026-04-07T02:31:13.910270Z","updatedAt":"2026-04-07T02:31:13.910270Z"},{"id":"eef858f0-d0f2-4cd7-8922-b694eeb2d83f","ecommerceId":"550e8400-e29b-41d4-a716-446655440000","discountPriorityId":"550e8400-e29b-41d4-a716-446655440111","name":"Regla a eliminar TC-039","description":"Regla para eliminación","discountPercentage":15.00,"isActive":false,"attributes":[{"attributeId":"550e8400-e29b-41d4-a716-446655440300","attributeName":"start_date","value":"2026-03-01"},{"attributeId":"550e8400-e29b-41d4-a716-446655440301","attributeName":"end_date","value":"2026-03-31"}],"createdAt":"2026-04-07T02:31:13.886919Z","updatedAt":"2026-04-07T02:31:13.954977Z"},{"id":"c07b71c4-1218-4f9d-a656-f62ad0724a60","ecommerceId":"550e8400-e29b-41d4-a716-446655440000","discountPriorityId":"550e8400-e29b-41d4-a716-446655440112","name":"Product Rule - TIPO-342dad9e-a268-4254-b260-11b554e5a493","description":"Regla de producto","discountPercentage":10.00,"isActive":true,"attributes":[{"attributeId":"550e8400-e29b-41d4-a716-446655440310","attributeName":"product_type","value":"TIPO-342dad9e-a268-4254-b260-11b554e5a493"}],"createdAt":"2026-04-07T02:31:13.796841Z","updatedAt":"2026-04-07T02:31:13.796841Z"},{"id":"6db57c60-bbfd-4bc2-9d1f-00e32f39a8de","ecommerceId":"550e8400-e29b-41d4-a716-446655440000","discountPriorityId":"550e8400-e29b-41d4-a716-446655440112","name":"Product Rule - TIPO-1c397ffa-7d55-4e33-b1b1-a20713c1c8a2","description":"Regla de producto","discountPercentage":10.00,"isActive":true,"attributes":[{"attributeId":"550e8400-e29b-41d4-a716-446655440310","attributeName":"product_type","value":"TIPO-1c397ffa-7d55-4e33-b1b1-a20713c1c8a2"}],"createdAt":"2026-04-07T02:31:13.796841Z","updatedAt":"2026-04-07T02:31:13.796841Z"},{"id":"c2ae23e4-d265-4523-99a3-62ceeb6c61ba","ecommerceId":"550e8400-e29b-41d4-a716-446655440000","discountPriorityId":"550e8400-e29b-41d4-a716-446655440112","name":"Product Rule - TIPO-d5b5c316-b9cd-4708-a4c7-c10c56ceb4a7","description":"Regla de producto","discountPercentage":30.00,"isActive":false,"attributes":[{"attributeId":"550e8400-e29b-41d4-a716-446655440310","attributeName":"product_type","value":"TIPO-d5b5c316-b9cd-4708-a4c7-c10c56ceb4a7"}],"createdAt":"2026-04-07T02:31:13.796841Z","updatedAt":"2026-04-07T02:31:13.849644Z"},{"id":"b173a5b9-461b-4406-95df-af55117d8329","ecommerceId":"550e8400-e29b-41d4-a716-446655440000","discountPriorityId":"550e8400-e29b-41d4-a716-446655440111","name":"Regla actualizada TC-038","description":"Regla actualizada a junio","discountPercentage":25.00,"isActive":true,"attributes":[{"attributeId":"550e8400-e29b-41d4-a716-446655440300","attributeName":"start_date","value":"2026-06-01"},{"attributeId":"550e8400-e29b-41d4-a716-446655440301","attributeName":"end_date","value":"2026-06-30"}],"createdAt":"2026-04-07T02:31:13.684063Z","updatedAt":"2026-04-07T02:31:13.849644Z"},{"id":"42d61452-cb24-44fa-b1ca-10f8bdb9a8bd","ecommerceId":"550e8400-e29b-41d4-a716-446655440000","discountPriorityId":"550e8400-e29b-41d4-a716-446655440111","name":"Black Friday 2026","description":"Descuento Black Friday","discountPercentage":20.00,"isActive":true,"attributes":[{"attributeId":"550e8400-e29b-41d4-a716-446655440300","attributeName":"start_date","value":"2026-11-27"},{"attributeId":"550e8400-e29b-41d4-a716-446655440301","attributeName":"end_date","value":"2026-11-30"}],"createdAt":"2026-04-07T02:31:13.670263Z","updatedAt":"2026-04-07T02:31:13.670263Z"},{"id":"005b7dd4-6e77-4e42-9be1-82e35f627f12","ecommerceId":"550e8400-e29b-41d4-a716-446655440000","discountPriorityId":"550e8400-e29b-41d4-a716-446655440111","name":"Verano Test 2026","description":"Descuento de verano","discountPercentage":15.00,"isActive":true,"attributes":[{"attributeId":"550e8400-e29b-41d4-a716-446655440300","attributeName":"start_date","value":"2026-07-01"},{"attributeId":"550e8400-e29b-41d4-a716-446655440301","attributeName":"end_date","value":"2026-07-31"}],"createdAt":"2026-04-07T02:15:30.217464Z","updatedAt":"2026-04-07T02:15:30.217464Z"},{"id":"968e33df-6717-49a6-8762-cec244458615","ecommerceId":"550e8400-e29b-41d4-a716-446655440000","discountPriorityId":"550e8400-e29b-41d4-a716-446655440111","name":"Regla a eliminar TC-039","description":"Regla para eliminación","discountPercentage":15.00,"isActive":false,"attributes":[{"attributeId":"550e8400-e29b-41d4-a716-446655440300","attributeName":"start_date","value":"2026-03-01"},{"attributeId":"550e8400-e29b-41d4-a716-446655440301","attributeName":"end_date","value":"2026-03-31"}],"createdAt":"2026-04-07T02:15:30.165706Z","updatedAt":"2026-04-07T02:15:30.329638Z"},{"id":"4fe786e0-02a7-4c3a-92a4-f3dfe9933b1c","ecommerceId":"550e8400-e29b-41d4-a716-446655440000","discountPriorityId":"550e8400-e29b-41d4-a716-446655440112","name":"Product Rule - TIPO-66b47fd7-8be1-442b-a5ba-7c1ba156ce10","description":"Regla de producto","discountPercentage":30.00,"isActive":false,"attributes":[{"attributeId":"550e8400-e29b-41d4-a716-446655440310","attributeName":"product_type","value":"TIPO-66b47fd7-8be1-442b-a5ba-7c1ba156ce10"}],"createdAt":"2026-04-07T02:15:29.803199Z","updatedAt":"2026-04-07T02:15:30.015604Z"},{"id":"01cf22c9-c398-459d-aa32-f7cf7f44313b","ecommerceId":"550e8400-e29b-41d4-a716-446655440000","discountPriorityId":"550e8400-e29b-41d4-a716-446655440112","name":"Product Rule - TIPO-594297bd-4b0b-46f4-ae31-afaf6f0faf7f","description":"Regla de producto","discountPercentage":10.00,"isActive":true,"attributes":[{"attributeId":"550e8400-e29b-41d4-a716-446655440310","attributeName":"product_type","value":"TIPO-594297bd-4b0b-46f4-ae31-afaf6f0faf7f"}],"createdAt":"2026-04-07T02:15:29.786887Z","updatedAt":"2026-04-07T02:15:29.786887Z"},{"id":"ed0ae4af-e3ac-4df5-a534-08499f5c3922","ecommerceId":"550e8400-e29b-41d4-a716-446655440000","discountPriorityId":"550e8400-e29b-41d4-a716-446655440112","name":"Product Rule - TIPO-5fb0a16d-2e10-49c3-be32-f2b196eebc47","description":"Regla de producto","discountPercentage":10.00,"isActive":true,"attributes":[{"attributeId":"550e8400-e29b-41d4-a716-446655440310","attributeName":"product_type","value":"TIPO-5fb0a16d-2e10-49c3-be32-f2b196eebc47"}],"createdAt":"2026-04-07T02:15:29.784877Z","updatedAt":"2026-04-07T02:15:29.784877Z"},{"id":"37eb3a1c-327f-4a95-a68a-90eccf6b1a81","ecommerceId":"550e8400-e29b-41d4-a716-446655440000","discountPriorityId":"550e8400-e29b-41d4-a716-446655440111","name":"Black Friday 2026","description":"Descuento Black Friday","discountPercentage":20.00,"isActive":true,"attributes":[{"attributeId":"550e8400-e29b-41d4-a716-446655440300","attributeName":"start_date","value":"2026-11-27"},{"attributeId":"550e8400-e29b-41d4-a716-446655440301","attributeName":"end_date","value":"2026-11-30"}],"createdAt":"2026-04-07T02:15:29.444440Z","updatedAt":"2026-04-07T02:15:29.444440Z"},{"id":"4646b6c3-99dc-4a15-80eb-b7a0ce9c1b1d","ecommerceId":"550e8400-e29b-41d4-a716-446655440000","discountPriorityId":"550e8400-e29b-41d4-a716-446655440111","name":"Regla actualizada TC-038","description":"Regla actualizada a junio","discountPercentage":25.00,"isActive":true,"attributes":[{"attributeId":"550e8400-e29b-41d4-a716-446655440300","attributeName":"start_date","value":"2026-06-01"},{"attributeId":"550e8400-e29b-41d4-a716-446655440301","attributeName":"end_date","value":"2026-06-30"}],"createdAt":"2026-04-07T02:15:29.444440Z","updatedAt":"2026-04-07T02:15:29.815957Z"},{"id":"32a4489a-6f6f-487d-97cc-d993d9fbc7f7","ecommerceId":"550e8400-e29b-41d4-a716-446655440000","discountPriorityId":"550e8400-e29b-41d4-a716-446655440111","name":"Regla a eliminar TC-039","description":"Regla para eliminación","discountPercentage":15.00,"isActive":false,"attributes":[{"attributeId":"550e8400-e29b-41d4-a716-446655440300","attributeName":"start_date","value":"2026-03-01"},{"attributeId":"550e8400-e29b-41d4-a716-446655440301","attributeName":"end_date","value":"2026-03-31"}],"createdAt":"2026-04-07T02:13:46.972931Z","updatedAt":"2026-04-07T02:13:47.133408Z"},{"id":"9472601e-5d32-49dd-9b56-66720400e466","ecommerceId":"550e8400-e29b-41d4-a716-446655440000","discountPriorityId":"550e8400-e29b-41d4-a716-446655440111","name":"Verano Test 2026","description":"Descuento de verano","discountPercentage":15.00,"isActive":true,"attributes":[{"attributeId":"550e8400-e29b-41d4-a716-446655440300","attributeName":"start_date","value":"2026-07-01"},{"attributeId":"550e8400-e29b-41d4-a716-446655440301","attributeName":"end_date","value":"2026-07-31"}],"createdAt":"2026-04-07T02:13:46.972931Z","updatedAt":"2026-04-07T02:13:46.972931Z"},{"id":"dd652d23-6bb1-4edc-99b3-a76f8135b7dc","ecommerceId":"550e8400-e29b-41d4-a716-446655440000","discountPriorityId":"550e8400-e29b-41d4-a716-446655440111","name":"Black Friday 2026","description":"Descuento Black Friday","discountPercentage":20.00,"isActive":true,"attributes":[{"attributeId":"550e8400-e29b-41d4-a716-446655440300","attributeName":"start_date","value":"2026-11-27"},{"attributeId":"550e8400-e29b-41d4-a716-446655440301","attributeName":"end_date","value":"2026-11-30"}],"createdAt":"2026-04-07T02:13:46.808218Z","updatedAt":"2026-04-07T02:13:46.808218Z"},{"id":"46e7a90c-c823-4c7d-b906-0fc3bfc9b293","ecommerceId":"550e8400-e29b-41d4-a716-446655440000","discountPriorityId":"550e8400-e29b-41d4-a716-446655440111","name":"Regla actualizada TC-038","description":"Regla actualizada a junio","discountPercentage":25.00,"isActive":true,"attributes":[{"attributeId":"550e8400-e29b-41d4-a716-446655440300","attributeName":"start_date","value":"2026-06-01"},{"attributeId":"550e8400-e29b-41d4-a716-446655440301","attributeName":"end_date","value":"2026-06-30"}],"createdAt":"2026-04-07T02:13:46.806061Z","updatedAt":"2026-04-07T02:13:47.154120Z"}],"pageable":{"pageNumber":0,"pageSize":20,"sort":{"empty":true,"sorted":false,"unsorted":true},"offset":0,"paged":true,"unpaged":false},"last":false,"totalElements":48,"totalPages":3,"first":true,"size":20,"number":0,"sort":{"empty":true,"sorted":false,"unsorted":true},"numberOfElements":20,"empty":false}

23:31:39.935 [pool-2-thread-4] DEBUG com.intuit.karate - request:
1 > PUT http://localhost:8081/api/v1/rules/0782c556-2eda-41e0-ad41-de3a11e72f49
1 > Authorization: Bearer eyJhbGciOiJIUzM4NCJ9.eyJzdWIiOiJsb3lhbHR5LjhkZWY5ZDBmLTZkY2QtNDhhZS1iYThkLTZmMDc1MTBiMjNlNCIsInVzZXJJZCI6ImQ4YWIwMGMyLTI5NmMtNDA2Ni1hOTMxLWJjYzQyYmJlMWZlYyIsInJvbGUiOiJTVE9SRV9BRE1JTiIsImlhdCI6MTc3NTUyOTA5OSwiZXhwIjoxNzc1NjE1NDk5LCJlY29tbWVyY2VfaWQiOiI1NTBlODQwMC1lMjliLTQxZDQtYTcxNi00NDY2NTU0NDAwMDAifQ.W0kIoB1KPaW2Ad15lh-vJFXbx0gluxgyrpmrX0MDwQ0W3oC1SJNCVMGCMui961k-
1 > Content-Type: application/json; charset=UTF-8
1 > Content-Length: 226
1 > Host: localhost:8081
1 > Connection: Keep-Alive
1 > User-Agent: Apache-HttpClient/4.5.14 (Java/21.0.9)
1 > Accept-Encoding: gzip,deflate
{"name":"Regla actualizada TC-038","description":"Regla actualizada a junio","discountPercentage":25,"discountPriorityId":"550e8400-e29b-41d4-a716-446655440111","attributes":{"start_date":"2026-06-01","end_date":"2026-06-30"}}

23:31:39.937 [pool-2-thread-2] INFO  com.intuit.karate - karate.env: dev 
23:31:39.946 [pool-2-thread-3] DEBUG com.intuit.karate - response time in milliseconds: 190
1 < 201
1 < X-Correlation-Id: 7e931498-a455-4d61-b716-5a7aef295528
1 < X-Content-Type-Options: nosniff
1 < X-XSS-Protection: 0
1 < Cache-Control: no-cache, no-store, max-age=0, must-revalidate
1 < Pragma: no-cache
1 < Expires: 0
1 < X-Frame-Options: DENY
1 < Content-Type: application/json
1 < Transfer-Encoding: chunked
1 < Date: Tue, 07 Apr 2026 02:31:39 GMT
1 < Keep-Alive: timeout=60
1 < Connection: keep-alive
{"id":"14da6873-5021-4b77-9c83-972ef4ec8f12","ecommerceId":"550e8400-e29b-41d4-a716-446655440000","discountPriorityId":"550e8400-e29b-41d4-a716-446655440112","name":"Product Rule - TIPO-af7a3da3-aa43-4fe2-9266-3f5c7c39de0f","description":"Regla de producto","discountPercentage":10,"isActive":true,"attributes":[{"attributeId":"550e8400-e29b-41d4-a716-446655440310","attributeName":"product_type","value":"TIPO-af7a3da3-aa43-4fe2-9266-3f5c7c39de0f"}],"createdAt":"2026-04-07T02:31:39.914880500Z","updatedAt":"2026-04-07T02:31:39.914880500Z"}

23:31:39.949 [pool-2-thread-1] DEBUG com.intuit.karate - response time in milliseconds: 193
1 < 201
1 < X-Correlation-Id: df73a4ec-29d0-4bd6-b777-acaf52539b10
1 < X-Content-Type-Options: nosniff
1 < X-XSS-Protection: 0
1 < Cache-Control: no-cache, no-store, max-age=0, must-revalidate
1 < Pragma: no-cache
1 < Expires: 0
1 < X-Frame-Options: DENY
1 < Content-Type: application/json
1 < Transfer-Encoding: chunked
1 < Date: Tue, 07 Apr 2026 02:31:39 GMT
1 < Keep-Alive: timeout=60
1 < Connection: keep-alive
{"id":"43106250-616b-45a9-871f-c0672d40fcdd","ecommerceId":"550e8400-e29b-41d4-a716-446655440000","discountPriorityId":"550e8400-e29b-41d4-a716-446655440112","name":"Product Rule - TIPO-ebc0d083-5002-474c-bbd0-75c9de785c72","description":"Regla de producto","discountPercentage":10,"isActive":true,"attributes":[{"attributeId":"550e8400-e29b-41d4-a716-446655440310","attributeName":"product_type","value":"TIPO-ebc0d083-5002-474c-bbd0-75c9de785c72"}],"createdAt":"2026-04-07T02:31:39.919871Z","updatedAt":"2026-04-07T02:31:39.919871Z"}

23:31:39.949 [pool-2-thread-5] DEBUG com.intuit.karate - response time in milliseconds: 194
1 < 201
1 < X-Correlation-Id: 0846e505-24d5-4a3b-bf16-77f243bb1dc6
1 < X-Content-Type-Options: nosniff
1 < X-XSS-Protection: 0
1 < Cache-Control: no-cache, no-store, max-age=0, must-revalidate
1 < Pragma: no-cache
1 < Expires: 0
1 < X-Frame-Options: DENY
1 < Content-Type: application/json
1 < Transfer-Encoding: chunked
1 < Date: Tue, 07 Apr 2026 02:31:39 GMT
1 < Keep-Alive: timeout=60
1 < Connection: keep-alive
{"id":"cd5c3b46-97ba-4351-935e-dff404cf2e04","ecommerceId":"550e8400-e29b-41d4-a716-446655440000","discountPriorityId":"550e8400-e29b-41d4-a716-446655440112","name":"Product Rule - TIPO-a8be1715-de33-4392-bf9f-bfaab5dfd3d8","description":"Regla de producto","discountPercentage":30,"isActive":true,"attributes":[{"attributeId":"550e8400-e29b-41d4-a716-446655440310","attributeName":"product_type","value":"TIPO-a8be1715-de33-4392-bf9f-bfaab5dfd3d8"}],"createdAt":"2026-04-07T02:31:39.917870600Z","updatedAt":"2026-04-07T02:31:39.917870600Z"}

23:31:39.952 [pool-2-thread-3] DEBUG com.intuit.karate - request:
1 > PUT http://localhost:8081/api/v1/rules/14da6873-5021-4b77-9c83-972ef4ec8f12
1 > Authorization: Bearer eyJhbGciOiJIUzM4NCJ9.eyJzdWIiOiJsb3lhbHR5LjRlYzY4N2MxLWU4YWYtNGQ4Mi04MjM3LTU2YzQyOGE2MWU1YyIsInVzZXJJZCI6ImIzMWM0MjhmLTQwNTEtNDMwZS05MzhiLWFjY2VmNzg4MjA4OSIsInJvbGUiOiJTVE9SRV9BRE1JTiIsImlhdCI6MTc3NTUyOTA5OSwiZXhwIjoxNzc1NjE1NDk5LCJlY29tbWVyY2VfaWQiOiI1NTBlODQwMC1lMjliLTQxZDQtYTcxNi00NDY2NTU0NDAwMDAifQ.j0I5AsotFDIM8u2U1p4Xnzu_XR1XuaMPlSuBq1LptabmagEsxwsRx5QvsdAAscsU
1 > Content-Type: application/json; charset=UTF-8
1 > Content-Length: 209
1 > Host: localhost:8081
1 > Connection: Keep-Alive
1 > User-Agent: Apache-HttpClient/4.5.14 (Java/21.0.9)
1 > Accept-Encoding: gzip,deflate
{"name":"Updated Rule","description":"Updated","discountPercentage":100.01,"discountPriorityId":"550e8400-e29b-41d4-a716-446655440112","attributes":{"product_type":"TIPO-af7a3da3-aa43-4fe2-9266-3f5c7c39de0f"}}

23:31:39.953 [pool-2-thread-1] DEBUG com.intuit.karate - request:
1 > GET http://localhost:8081/api/v1/rules/43106250-616b-45a9-871f-c0672d40fcdd
1 > Authorization: Bearer eyJhbGciOiJIUzM4NCJ9.eyJzdWIiOiJsb3lhbHR5LjRlYzY4N2MxLWU4YWYtNGQ4Mi04MjM3LTU2YzQyOGE2MWU1YyIsInVzZXJJZCI6ImIzMWM0MjhmLTQwNTEtNDMwZS05MzhiLWFjY2VmNzg4MjA4OSIsInJvbGUiOiJTVE9SRV9BRE1JTiIsImlhdCI6MTc3NTUyOTA5OSwiZXhwIjoxNzc1NjE1NDk5LCJlY29tbWVyY2VfaWQiOiI1NTBlODQwMC1lMjliLTQxZDQtYTcxNi00NDY2NTU0NDAwMDAifQ.j0I5AsotFDIM8u2U1p4Xnzu_XR1XuaMPlSuBq1LptabmagEsxwsRx5QvsdAAscsU
1 > Host: localhost:8081
1 > Connection: Keep-Alive
1 > User-Agent: Apache-HttpClient/4.5.14 (Java/21.0.9)
1 > Accept-Encoding: gzip,deflate


23:31:39.954 [pool-2-thread-5] DEBUG com.intuit.karate - request:
1 > DELETE http://localhost:8081/api/v1/rules/cd5c3b46-97ba-4351-935e-dff404cf2e04
1 > Authorization: Bearer eyJhbGciOiJIUzM4NCJ9.eyJzdWIiOiJsb3lhbHR5LjRlYzY4N2MxLWU4YWYtNGQ4Mi04MjM3LTU2YzQyOGE2MWU1YyIsInVzZXJJZCI6ImIzMWM0MjhmLTQwNTEtNDMwZS05MzhiLWFjY2VmNzg4MjA4OSIsInJvbGUiOiJTVE9SRV9BRE1JTiIsImlhdCI6MTc3NTUyOTA5OSwiZXhwIjoxNzc1NjE1NDk5LCJlY29tbWVyY2VfaWQiOiI1NTBlODQwMC1lMjliLTQxZDQtYTcxNi00NDY2NTU0NDAwMDAifQ.j0I5AsotFDIM8u2U1p4Xnzu_XR1XuaMPlSuBq1LptabmagEsxwsRx5QvsdAAscsU
1 > Host: localhost:8081
1 > Connection: Keep-Alive
1 > User-Agent: Apache-HttpClient/4.5.14 (Java/21.0.9)
1 > Accept-Encoding: gzip,deflate


23:31:39.958 [pool-2-thread-2] INFO  c.intuit.karate.core.FeatureRuntime - classpath:common/create-rule.feature - call by tag at line 5: create_rule
23:31:39.966 [pool-2-thread-2] DEBUG com.intuit.karate - request:
1 > POST http://localhost:8081/api/v1/rules
1 > Authorization: Bearer eyJhbGciOiJIUzM4NCJ9.eyJzdWIiOiJsb3lhbHR5LjhkZWY5ZDBmLTZkY2QtNDhhZS1iYThkLTZmMDc1MTBiMjNlNCIsInVzZXJJZCI6ImQ4YWIwMGMyLTI5NmMtNDA2Ni1hOTMxLWJjYzQyYmJlMWZlYyIsInJvbGUiOiJTVE9SRV9BRE1JTiIsImlhdCI6MTc3NTUyOTA5OSwiZXhwIjoxNzc1NjE1NDk5LCJlY29tbWVyY2VfaWQiOiI1NTBlODQwMC1lMjliLTQxZDQtYTcxNi00NDY2NTU0NDAwMDAifQ.W0kIoB1KPaW2Ad15lh-vJFXbx0gluxgyrpmrX0MDwQ0W3oC1SJNCVMGCMui961k-
1 > Content-Type: application/json; charset=UTF-8
1 > Content-Length: 223
1 > Host: localhost:8081
1 > Connection: Keep-Alive
1 > User-Agent: Apache-HttpClient/4.5.14 (Java/21.0.9)
1 > Accept-Encoding: gzip,deflate
[...]
1 < 200
1 < X-Correlation-Id: 0d8e291d-6b00-4cac-8ea5-0dbcfd8dd3de
1 < X-Content-Type-Options: nosniff
1 < X-XSS-Protection: 0
1 < Cache-Control: no-cache, no-store, max-age=0, must-revalidate
1 < Pragma: no-cache
1 < Expires: 0
1 < X-Frame-Options: DENY
1 < Content-Type: application/json
1 < Transfer-Encoding: chunked
1 < Date: Tue, 07 Apr 2026 02:31:43 GMT
1 < Keep-Alive: timeout=60
1 < Connection: keep-alive
{"token":"eyJhbGciOiJIUzM4NCJ9.eyJzdWIiOiJhZG1pbiIsInVzZXJJZCI6ImEyYTNkMTM4LThhMTYtNGRjYi04NTJhLTNlYTY0NjRhZWU4NSIsInJvbGUiOiJTVVBFUl9BRE1JTiIsImlhdCI6MTc3NTUyOTEwMywiZXhwIjoxNzc1NjE1NTAzfQ.IybRNoGAGXpg2i-o8L4YodwG_a3YAK7RUS_8uZYdro99iNFH_sZV0NKPeQ3fWREz","tipo":"Bearer","username":"admin","role":"SUPER_ADMIN"}

23:31:43.505 [pool-2-thread-5] DEBUG com.intuit.karate - request:
1 > POST http://localhost:8081/api/v1/users
1 > Authorization: Bearer eyJhbGciOiJIUzM4NCJ9.eyJzdWIiOiJhZG1pbiIsInVzZXJJZCI6ImEyYTNkMTM4LThhMTYtNGRjYi04NTJhLTNlYTY0NjRhZWU4NSIsInJvbGUiOiJTVVBFUl9BRE1JTiIsImlhdCI6MTc3NTUyOTEwMywiZXhwIjoxNzc1NjE1NTAzfQ.IybRNoGAGXpg2i-o8L4YodwG_a3YAK7RUS_8uZYdro99iNFH_sZV0NKPeQ3fWREz
1 > Content-Type: application/json; charset=UTF-8
1 > Content-Length: 247
1 > Host: localhost:8081
1 > Connection: Keep-Alive
1 > User-Agent: Apache-HttpClient/4.5.14 (Java/21.0.9)
1 > Accept-Encoding: gzip,deflate
{"username":"tc028.c9bc6944-58ef-4ca3-997f-e22d71fffdfc","email":"tc028.c9bc6944-58ef-4ca3-997f-e22d71fffdfc@test.com","password":"Admin123456!@","roleId":"8c23eacb-dbbd-4f31-9613-af9cda1d4cce","ecommerceId":"00000000-0000-0000-0000-000000000099"}

23:31:43.539 [pool-2-thread-2] DEBUG com.intuit.karate - response time in milliseconds: 222
1 < 200
1 < X-Correlation-Id: bc113ff8-e48c-4e8c-be67-d989bf16f503
1 < X-Content-Type-Options: nosniff
1 < X-XSS-Protection: 0
1 < Cache-Control: no-cache, no-store, max-age=0, must-revalidate
1 < Pragma: no-cache
1 < Expires: 0
1 < X-Frame-Options: DENY
1 < Content-Type: application/json
1 < Transfer-Encoding: chunked
1 < Date: Tue, 07 Apr 2026 02:31:43 GMT
1 < Keep-Alive: timeout=60
1 < Connection: keep-alive
{"token":"eyJhbGciOiJIUzM4NCJ9.eyJzdWIiOiJhZG1pbiIsInVzZXJJZCI6ImEyYTNkMTM4LThhMTYtNGRjYi04NTJhLTNlYTY0NjRhZWU4NSIsInJvbGUiOiJTVVBFUl9BRE1JTiIsImlhdCI6MTc3NTUyOTEwMywiZXhwIjoxNzc1NjE1NTAzfQ.IybRNoGAGXpg2i-o8L4YodwG_a3YAK7RUS_8uZYdro99iNFH_sZV0NKPeQ3fWREz","tipo":"Bearer","username":"admin","role":"SUPER_ADMIN"}

23:31:43.545 [pool-2-thread-2] DEBUG com.intuit.karate - request:
1 > POST http://localhost:8081/api/v1/users
1 > Authorization: Bearer eyJhbGciOiJIUzM4NCJ9.eyJzdWIiOiJhZG1pbiIsInVzZXJJZCI6ImEyYTNkMTM4LThhMTYtNGRjYi04NTJhLTNlYTY0NjRhZWU4NSIsInJvbGUiOiJTVVBFUl9BRE1JTiIsImlhdCI6MTc3NTUyOTEwMywiZXhwIjoxNzc1NjE1NTAzfQ.IybRNoGAGXpg2i-o8L4YodwG_a3YAK7RUS_8uZYdro99iNFH_sZV0NKPeQ3fWREz
1 > Content-Type: application/json; charset=UTF-8
1 > Content-Length: 243
1 > Host: localhost:8081
1 > Connection: Keep-Alive
1 > User-Agent: Apache-HttpClient/4.5.14 (Java/21.0.9)
1 > Accept-Encoding: gzip,deflate
{"username":"std.fb365a61-be66-4fb7-8bd0-c3de5ece88e8","email":"std.fb365a61-be66-4fb7-8bd0-c3de5ece88e8@test.com","password":"Admin123456!@","roleId":"8c23eacb-dbbd-4f31-9613-af9cda1d4cce","ecommerceId":"550e8400-e29b-41d4-a716-446655440000"}

23:31:43.547 [pool-2-thread-5] DEBUG com.intuit.karate - response time in milliseconds: 42
1 < 404
1 < X-Correlation-Id: ee29dbe8-f9ca-4007-8979-554746ebb7c6
1 < X-Content-Type-Options: nosniff
1 < X-XSS-Protection: 0
1 < Cache-Control: no-cache, no-store, max-age=0, must-revalidate
1 < Pragma: no-cache
1 < Expires: 0
1 < X-Frame-Options: DENY
1 < Content-Type: application/json
1 < Transfer-Encoding: chunked
1 < Date: Tue, 07 Apr 2026 02:31:43 GMT
1 < Keep-Alive: timeout=60
1 < Connection: keep-alive
{"timestamp":"2026-04-07T02:31:43.543327800Z","status":404,"error":"Not Found","code":"NOT_FOUND","message":"El ecommerce con uid '00000000-0000-0000-0000-000000000099' no existe.","path":"/api/v1/users"}

23:31:43.552 [pool-2-thread-5] INFO  com.intuit.karate - karate.env: dev 
23:31:43.858 [pool-2-thread-3] DEBUG com.intuit.karate - response time in milliseconds: 401
1 < 201
1 < X-Correlation-Id: 6989d724-f941-454e-96dc-369da16e6384
1 < X-Content-Type-Options: nosniff
1 < X-XSS-Protection: 0
1 < Cache-Control: no-cache, no-store, max-age=0, must-revalidate
1 < Pragma: no-cache
1 < Expires: 0
1 < X-Frame-Options: DENY
1 < Content-Type: application/json
1 < Transfer-Encoding: chunked
1 < Date: Tue, 07 Apr 2026 02:31:43 GMT
1 < Keep-Alive: timeout=60
1 < Connection: keep-alive
{"uid":"91799a5d-8744-401b-8045-f6ab9bb8fd23","username":"std.39e52ef5-216c-4e45-92e1-55f4d1b6b29c","roleId":"8c23eacb-dbbd-4f31-9613-af9cda1d4cce","roleName":"STORE_USER","email":"std.39e52ef5-216c-4e45-92e1-55f4d1b6b29c@test.com","ecommerceId":"550e8400-e29b-41d4-a716-446655440000","isActive":true,"createdAt":"2026-04-07T02:31:43.841160Z","updatedAt":"2026-04-07T02:31:43.841160Z"}

23:31:43.861 [pool-2-thread-3] DEBUG c.intuit.karate.core.ScenarioEngine - over-writing existing variable 'username' with new value: response.username
23:31:43.870 [pool-2-thread-4] DEBUG com.intuit.karate - response time in milliseconds: 387
1 < 201
1 < X-Correlation-Id: b0968c9c-b5f0-4d5f-91cc-9d9e03437f14
1 < X-Content-Type-Options: nosniff
1 < X-XSS-Protection: 0
1 < Cache-Control: no-cache, no-store, max-age=0, must-revalidate
1 < Pragma: no-cache
1 < Expires: 0
1 < X-Frame-Options: DENY
1 < Content-Type: application/json
1 < Transfer-Encoding: chunked
1 < Date: Tue, 07 Apr 2026 02:31:43 GMT
1 < Keep-Alive: timeout=60
1 < Connection: keep-alive
{"uid":"b65fd41f-216f-47e8-bb99-5d4be36096e8","username":"tc028.f5a2ac50-1a5d-4e7f-aa99-ea34ef1d642a","roleId":"8c23eacb-dbbd-4f31-9613-af9cda1d4cce","roleName":"STORE_USER","email":"tc028.f5a2ac50-1a5d-4e7f-aa99-ea34ef1d642a@test.com","ecommerceId":"550e8400-e29b-41d4-a716-446655440000","isActive":true,"createdAt":"2026-04-07T02:31:43.855160100Z","updatedAt":"2026-04-07T02:31:43.855160100Z"}

23:31:43.873 [pool-2-thread-3] DEBUG com.intuit.karate - request:
1 > POST http://localhost:8081/api/v1/auth/login
1 > Content-Type: application/json; charset=UTF-8
1 > Content-Length: 82
1 > Host: localhost:8081
1 > Connection: Keep-Alive
1 > User-Agent: Apache-HttpClient/4.5.14 (Java/21.0.9)
1 > Accept-Encoding: gzip,deflate
{"username":"std.39e52ef5-216c-4e45-92e1-55f4d1b6b29c","password":"Admin123456!@"}

23:31:43.932 [pool-2-thread-2] DEBUG com.intuit.karate - response time in milliseconds: 385
1 < 201
1 < X-Correlation-Id: efb8fa1a-3d85-40a4-beb4-40bb0343cd74
1 < X-Content-Type-Options: nosniff
1 < X-XSS-Protection: 0
1 < Cache-Control: no-cache, no-store, max-age=0, must-revalidate
1 < Pragma: no-cache
1 < Expires: 0
1 < X-Frame-Options: DENY
1 < Content-Type: application/json
1 < Transfer-Encoding: chunked
1 < Date: Tue, 07 Apr 2026 02:31:43 GMT
1 < Keep-Alive: timeout=60
1 < Connection: keep-alive
{"uid":"f2307a3d-78b5-4ea4-bb17-cacee2ad1676","username":"std.fb365a61-be66-4fb7-8bd0-c3de5ece88e8","roleId":"8c23eacb-dbbd-4f31-9613-af9cda1d4cce","roleName":"STORE_USER","email":"std.fb365a61-be66-4fb7-8bd0-c3de5ece88e8@test.com","ecommerceId":"550e8400-e29b-41d4-a716-446655440000","isActive":true,"createdAt":"2026-04-07T02:31:43.911070900Z","updatedAt":"2026-04-07T02:31:43.911070900Z"}

23:31:43.933 [pool-2-thread-2] DEBUG c.intuit.karate.core.ScenarioEngine - over-writing existing variable 'username' with new value: response.username
23:31:43.942 [pool-2-thread-2] DEBUG com.intuit.karate - request:
1 > POST http://localhost:8081/api/v1/auth/login
1 > Content-Type: application/json; charset=UTF-8
1 > Content-Length: 82
1 > Host: localhost:8081
1 > Connection: Keep-Alive
1 > User-Agent: Apache-HttpClient/4.5.14 (Java/21.0.9)
1 > Accept-Encoding: gzip,deflate
{"username":"std.fb365a61-be66-4fb7-8bd0-c3de5ece88e8","password":"Admin123456!@"}

23:31:44.211 [pool-2-thread-3] DEBUG com.intuit.karate - response time in milliseconds: 338
1 < 200
1 < X-Correlation-Id: 18aa99b2-d844-4566-bad1-4c4c3b04dd7d
1 < X-Content-Type-Options: nosniff
1 < X-XSS-Protection: 0
1 < Cache-Control: no-cache, no-store, max-age=0, must-revalidate
1 < Pragma: no-cache
1 < Expires: 0
1 < X-Frame-Options: DENY
1 < Content-Type: application/json
1 < Transfer-Encoding: chunked
1 < Date: Tue, 07 Apr 2026 02:31:44 GMT
1 < Keep-Alive: timeout=60
1 < Connection: keep-alive
{"token":"eyJhbGciOiJIUzM4NCJ9.eyJzdWIiOiJzdGQuMzllNTJlZjUtMjE2Yy00ZTQ1LTkyZTEtNTVmNGQxYjZiMjljIiwidXNlcklkIjoiOTE3OTlhNWQtODc0NC00MDFiLTgwNDUtZjZhYjliYjhmZDIzIiwicm9sZSI6IlNUT1JFX1VTRVIiLCJpYXQiOjE3NzU1MjkxMDQsImV4cCI6MTc3NTYxNTUwNCwiZWNvbW1lcmNlX2lkIjoiNTUwZTg0MDAtZTI5Yi00MWQ0LWE3MTYtNDQ2NjU1NDQwMDAwIn0.V4cOHyyC_VpmlTGIHGDykDERZkp4pQi8xeKxj9sIrzLGYsGtrPZ5GKHAxI6ZczMm","tipo":"Bearer","username":"std.39e52ef5-216c-4e45-92e1-55f4d1b6b29c","role":"STORE_USER"}

23:31:44.213 [pool-2-thread-3] DEBUG com.intuit.karate - request:
1 > DELETE http://localhost:8081/api/v1/users/91799a5d-8744-401b-8045-f6ab9bb8fd23
1 > Authorization: Bearer eyJhbGciOiJIUzM4NCJ9.eyJzdWIiOiJhZG1pbiIsInVzZXJJZCI6ImEyYTNkMTM4LThhMTYtNGRjYi04NTJhLTNlYTY0NjRhZWU4NSIsInJvbGUiOiJTVVBFUl9BRE1JTiIsImlhdCI6MTc3NTUyOTEwMiwiZXhwIjoxNzc1NjE1NTAyfQ.GOMfetdIDHrSUtsg5zbowMspMHpkvlvE--JdwmShNJDJtB73LZdGfKAlg7s9qNCG
1 > Host: localhost:8081
1 > Connection: Keep-Alive
1 > User-Agent: Apache-HttpClient/4.5.14 (Java/21.0.9)
1 > Accept-Encoding: gzip,deflate


23:31:44.265 [pool-2-thread-3] DEBUG com.intuit.karate - response time in milliseconds: 52
1 < 204
1 < X-Correlation-Id: 85155772-efe7-4ae3-a682-eb7efe76c9a0
1 < X-Content-Type-Options: nosniff
1 < X-XSS-Protection: 0
1 < Cache-Control: no-cache, no-store, max-age=0, must-revalidate
1 < Pragma: no-cache
1 < Expires: 0
1 < X-Frame-Options: DENY
1 < Date: Tue, 07 Apr 2026 02:31:44 GMT
1 < Keep-Alive: timeout=60
1 < Connection: keep-alive


23:31:44.268 [pool-2-thread-3] DEBUG com.intuit.karate - request:
2 > POST http://localhost:8081/api/v1/auth/login
2 > Content-Type: application/json; charset=UTF-8
2 > Content-Length: 82
2 > Host: localhost:8081
2 > Connection: Keep-Alive
2 > User-Agent: Apache-HttpClient/4.5.14 (Java/21.0.9)
2 > Accept-Encoding: gzip,deflate
{"username":"std.39e52ef5-216c-4e45-92e1-55f4d1b6b29c","password":"Admin123456!@"}

23:31:44.281 [pool-2-thread-3] DEBUG com.intuit.karate - response time in milliseconds: 11
2 < 401
2 < X-Correlation-Id: 93da3e16-541b-4257-b0dc-2025f196d940
2 < X-Content-Type-Options: nosniff
2 < X-XSS-Protection: 0
2 < Cache-Control: no-cache, no-store, max-age=0, must-revalidate
2 < Pragma: no-cache
2 < Expires: 0
2 < X-Frame-Options: DENY
2 < Content-Type: application/json
2 < Transfer-Encoding: chunked
2 < Date: Tue, 07 Apr 2026 02:31:44 GMT
2 < Keep-Alive: timeout=60
2 < Connection: keep-alive
{"timestamp":"2026-04-07T02:31:44.277485800Z","status":401,"error":"Unauthorized","code":"UNAUTHORIZED","message":"Credenciales inválidas","path":"/api/v1/auth/login"}

23:31:44.283 [pool-2-thread-2] DEBUG com.intuit.karate - response time in milliseconds: 339
1 < 200
1 < X-Correlation-Id: a3e3b57f-45c6-4a64-b369-6523b1979cfe
1 < X-Content-Type-Options: nosniff
1 < X-XSS-Protection: 0
1 < Cache-Control: no-cache, no-store, max-age=0, must-revalidate
1 < Pragma: no-cache
1 < Expires: 0
1 < X-Frame-Options: DENY
1 < Content-Type: application/json
1 < Transfer-Encoding: chunked
1 < Date: Tue, 07 Apr 2026 02:31:44 GMT
1 < Keep-Alive: timeout=60
1 < Connection: keep-alive
{"token":"eyJhbGciOiJIUzM4NCJ9.eyJzdWIiOiJzdGQuZmIzNjVhNjEtYmU2Ni00ZmI3LThiZDAtYzNkZTVlY2U4OGU4IiwidXNlcklkIjoiZjIzMDdhM2QtNzhiNS00ZWE0LWJiMTctY2FjZWUyYWQxNjc2Iiwicm9sZSI6IlNUT1JFX1VTRVIiLCJpYXQiOjE3NzU1MjkxMDQsImV4cCI6MTc3NTYxNTUwNCwiZWNvbW1lcmNlX2lkIjoiNTUwZTg0MDAtZTI5Yi00MWQ0LWE3MTYtNDQ2NjU1NDQwMDAwIn0.BgBrhm7-M-AsrQsDwRm5s7xzoKST_LPLjxBx8ITrPiskK8WXuYxemlWaKQgmeJ6T","tipo":"Bearer","username":"std.fb365a61-be66-4fb7-8bd0-c3de5ece88e8","role":"STORE_USER"}

23:31:44.284 [pool-2-thread-2] INFO  com.intuit.karate - << lock released, cached callonce: read('classpath:common/create-store-user.feature')
23:31:44.284 [pool-2-thread-5] WARN  com.intuit.karate - this thread waited 726 milliseconds for callonce lock: read('classpath:common/create-store-user.feature')
23:31:44.284 [pool-2-thread-1] WARN  com.intuit.karate - this thread waited 928 milliseconds for callonce lock: read('classpath:common/create-store-user.feature')
23:31:44.287 [pool-2-thread-2] DEBUG com.intuit.karate - request:
1 > GET http://localhost:8081/api/v1/auth/me
1 > Authorization: Bearer eyJhbGciOiJIUzM4NCJ9.eyJzdWIiOiJzdGQuZmIzNjVhNjEtYmU2Ni00ZmI3LThiZDAtYzNkZTVlY2U4OGU4IiwidXNlcklkIjoiZjIzMDdhM2QtNzhiNS00ZWE0LWJiMTctY2FjZWUyYWQxNjc2Iiwicm9sZSI6IlNUT1JFX1VTRVIiLCJpYXQiOjE3NzU1MjkxMDQsImV4cCI6MTc3NTYxNTUwNCwiZWNvbW1lcmNlX2lkIjoiNTUwZTg0MDAtZTI5Yi00MWQ0LWE3MTYtNDQ2NjU1NDQwMDAwIn0.BgBrhm7-M-AsrQsDwRm5s7xzoKST_LPLjxBx8ITrPiskK8WXuYxemlWaKQgmeJ6T
1 > Host: localhost:8081
1 > Connection: Keep-Alive
1 > User-Agent: Apache-HttpClient/4.5.14 (Java/21.0.9)
1 > Accept-Encoding: gzip,deflate


23:31:44.287 [pool-2-thread-1] DEBUG com.intuit.karate - request:
1 > POST http://localhost:8081/api/v1/users
1 > Authorization: Bearer eyJhbGciOiJIUzM4NCJ9.eyJzdWIiOiJzdGQuZmIzNjVhNjEtYmU2Ni00ZmI3LThiZDAtYzNkZTVlY2U4OGU4IiwidXNlcklkIjoiZjIzMDdhM2QtNzhiNS00ZWE0LWJiMTctY2FjZWUyYWQxNjc2Iiwicm9sZSI6IlNUT1JFX1VTRVIiLCJpYXQiOjE3NzU1MjkxMDQsImV4cCI6MTc3NTYxNTUwNCwiZWNvbW1lcmNlX2lkIjoiNTUwZTg0MDAtZTI5Yi00MWQ0LWE3MTYtNDQ2NjU1NDQwMDAwIn0.BgBrhm7-M-AsrQsDwRm5s7xzoKST_LPLjxBx8ITrPiskK8WXuYxemlWaKQgmeJ6T
1 > Content-Type: application/json; charset=UTF-8
1 > Content-Length: 168
1 > Host: localhost:8081
1 > Connection: Keep-Alive
1 > User-Agent: Apache-HttpClient/4.5.14 (Java/21.0.9)
1 > Accept-Encoding: gzip,deflate
{"username":"hack","email":"hack@x.com","password":"Admin123456!@","roleId":"8c23eacb-dbbd-4f31-9613-af9cda1d4cce","ecommerceId":"550e8400-e29b-41d4-a716-446655440000"}

23:31:44.291 [pool-2-thread-5] DEBUG com.intuit.karate - request:
1 > PUT http://localhost:8081/api/v1/users/me
1 > Authorization: Bearer eyJhbGciOiJIUzM4NCJ9.eyJzdWIiOiJzdGQuZmIzNjVhNjEtYmU2Ni00ZmI3LThiZDAtYzNkZTVlY2U4OGU4IiwidXNlcklkIjoiZjIzMDdhM2QtNzhiNS00ZWE0LWJiMTctY2FjZWUyYWQxNjc2Iiwicm9sZSI6IlNUT1JFX1VTRVIiLCJpYXQiOjE3NzU1MjkxMDQsImV4cCI6MTc3NTYxNTUwNCwiZWNvbW1lcmNlX2lkIjoiNTUwZTg0MDAtZTI5Yi00MWQ0LWE3MTYtNDQ2NjU1NDQwMDAwIn0.BgBrhm7-M-AsrQsDwRm5s7xzoKST_LPLjxBx8ITrPiskK8WXuYxemlWaKQgmeJ6T
1 > Content-Type: application/json; charset=UTF-8
1 > Content-Length: 63
1 > Host: localhost:8081
1 > Connection: Keep-Alive
1 > User-Agent: Apache-HttpClient/4.5.14 (Java/21.0.9)
1 > Accept-Encoding: gzip,deflate
{"email":"tc034.c69761b5-4d63-4c26-a01c-a36f6f68f0fc@test.com"}

23:31:44.336 [pool-2-thread-1] DEBUG com.intuit.karate - response time in milliseconds: 44
1 < 403
1 < X-Correlation-Id: 14b25aac-d3e8-4f94-99d2-262dfcbc19c6
1 < X-Content-Type-Options: nosniff
1 < X-XSS-Protection: 0
1 < Cache-Control: no-cache, no-store, max-age=0, must-revalidate
1 < Pragma: no-cache
1 < Expires: 0
1 < X-Frame-Options: DENY
1 < Content-Type: application/json
1 < Transfer-Encoding: chunked
1 < Date: Tue, 07 Apr 2026 02:31:44 GMT
1 < Keep-Alive: timeout=60
1 < Connection: keep-alive
{"timestamp":"2026-04-07T02:31:44.332544800Z","status":403,"error":"Forbidden","code":"FORBIDDEN","message":"Solo SUPER_ADMIN o STORE_ADMIN pueden crear usuarios","path":"/api/v1/users"}

23:31:44.346 [pool-2-thread-2] DEBUG com.intuit.karate - response time in milliseconds: 59
1 < 200
1 < X-Correlation-Id: 024d8c05-90c1-4706-b6dc-4dfe6dbf24bf
1 < X-Content-Type-Options: nosniff
1 < X-XSS-Protection: 0
1 < Cache-Control: no-cache, no-store, max-age=0, must-revalidate
1 < Pragma: no-cache
1 < Expires: 0
1 < X-Frame-Options: DENY
1 < Content-Type: application/json
1 < Transfer-Encoding: chunked
1 < Date: Tue, 07 Apr 2026 02:31:44 GMT
1 < Keep-Alive: timeout=60
1 < Connection: keep-alive
{"uid":"f2307a3d-78b5-4ea4-bb17-cacee2ad1676","username":"std.fb365a61-be66-4fb7-8bd0-c3de5ece88e8","roleId":"8c23eacb-dbbd-4f31-9613-af9cda1d4cce","roleName":"STORE_USER","email":"std.fb365a61-be66-4fb7-8bd0-c3de5ece88e8@test.com","ecommerceId":"550e8400-e29b-41d4-a716-446655440000","isActive":true,"createdAt":"2026-04-07T02:31:43.911071Z","updatedAt":"2026-04-07T02:31:43.911071Z"}

23:31:44.361 [pool-2-thread-5] DEBUG com.intuit.karate - response time in milliseconds: 67
1 < 200
1 < X-Correlation-Id: da44d09b-d227-423a-b25f-a132e552c50d
1 < X-Content-Type-Options: nosniff
1 < X-XSS-Protection: 0
1 < Cache-Control: no-cache, no-store, max-age=0, must-revalidate
1 < Pragma: no-cache
1 < Expires: 0
1 < X-Frame-Options: DENY
1 < Content-Type: application/json
1 < Transfer-Encoding: chunked
1 < Date: Tue, 07 Apr 2026 02:31:44 GMT
1 < Keep-Alive: timeout=60
1 < Connection: keep-alive
{"uid":"f2307a3d-78b5-4ea4-bb17-cacee2ad1676","username":"std.fb365a61-be66-4fb7-8bd0-c3de5ece88e8","roleId":"8c23eacb-dbbd-4f31-9613-af9cda1d4cce","roleName":"STORE_USER","email":"tc034.c69761b5-4d63-4c26-a01c-a36f6f68f0fc@test.com","ecommerceId":"550e8400-e29b-41d4-a716-446655440000","isActive":true,"createdAt":"2026-04-07T02:31:43.911071Z","updatedAt":"2026-04-07T02:31:43.911071Z"}

23:31:44.363 [pool-2-thread-5] DEBUG com.intuit.karate - request:
2 > GET http://localhost:8081/api/v1/auth/me
2 > Authorization: Bearer eyJhbGciOiJIUzM4NCJ9.eyJzdWIiOiJzdGQuZmIzNjVhNjEtYmU2Ni00ZmI3LThiZDAtYzNkZTVlY2U4OGU4IiwidXNlcklkIjoiZjIzMDdhM2QtNzhiNS00ZWE0LWJiMTctY2FjZWUyYWQxNjc2Iiwicm9sZSI6IlNUT1JFX1VTRVIiLCJpYXQiOjE3NzU1MjkxMDQsImV4cCI6MTc3NTYxNTUwNCwiZWNvbW1lcmNlX2lkIjoiNTUwZTg0MDAtZTI5Yi00MWQ0LWE3MTYtNDQ2NjU1NDQwMDAwIn0.BgBrhm7-M-AsrQsDwRm5s7xzoKST_LPLjxBx8ITrPiskK8WXuYxemlWaKQgmeJ6T
2 > Host: localhost:8081
2 > Connection: Keep-Alive
2 > User-Agent: Apache-HttpClient/4.5.14 (Java/21.0.9)
2 > Accept-Encoding: gzip,deflate


23:31:44.410 [pool-2-thread-5] DEBUG com.intuit.karate - response time in milliseconds: 45
2 < 200
2 < X-Correlation-Id: 226e86d3-c302-4193-a6a0-fafbff7bb54a
2 < X-Content-Type-Options: nosniff
2 < X-XSS-Protection: 0
2 < Cache-Control: no-cache, no-store, max-age=0, must-revalidate
2 < Pragma: no-cache
2 < Expires: 0
2 < X-Frame-Options: DENY
2 < Content-Type: application/json
2 < Transfer-Encoding: chunked
2 < Date: Tue, 07 Apr 2026 02:31:44 GMT
2 < Keep-Alive: timeout=60
2 < Connection: keep-alive
{"uid":"f2307a3d-78b5-4ea4-bb17-cacee2ad1676","username":"std.fb365a61-be66-4fb7-8bd0-c3de5ece88e8","roleId":"8c23eacb-dbbd-4f31-9613-af9cda1d4cce","roleName":"STORE_USER","email":"tc034.c69761b5-4d63-4c26-a01c-a36f6f68f0fc@test.com","ecommerceId":"550e8400-e29b-41d4-a716-446655440000","isActive":true,"createdAt":"2026-04-07T02:31:43.911071Z","updatedAt":"2026-04-07T02:31:44.337294Z"}

---------------------------------------------------------
feature: classpath:features/users/users.feature
scenarios:  8 | passed:  8 | failed:  0 | time: 7,6020
---------------------------------------------------------

23:31:44.662 [pool-3-thread-1] INFO  com.intuit.karate.Suite - <<pass>> feature 8 of 9 (1 remaining) classpath:features/users/users.feature
---------------------------------------------------------
feature: classpath:features/user_profile/user-profile.feature
scenarios:  3 | passed:  3 | failed:  0 | time: 2,8966
---------------------------------------------------------

23:31:44.844 [pool-3-thread-1] INFO  com.intuit.karate.Suite - <<pass>> feature 9 of 9 (0 remaining) classpath:features/user_profile/user-profile.feature
Karate version: 1.5.0
======================================================
elapsed:  12,39 | threads:    5 | thread time: 37,06 
features:     9 | skipped:    0 | efficiency: 0,60
scenarios:   41 | passed:    41 | failed: 0
======================================================

HTML report: (paste into browser to view) | Karate version: 1.5.0
file:///C:/Users/matia/Desktop/KarateLoyalty/target/karate-reports/karate-summary.html
===================================================================

]]></system-out>
  </testcase>
</testsuite>